[0.268s] DEBUG:colcon:Command line arguments: ['/usr/bin/colcon', 'build', '--packages-select', 'navigation', '--merge-install']
[0.269s] DEBUG:colcon:Parsed command line arguments: Namespace(log_base=None, log_level=None, verb_name='build', build_base='build', install_base='install', merge_install=True, symlink_install=False, test_result_base=None, continue_on_error=False, executor='parallel', parallel_workers=8, event_handlers=None, ignore_user_meta=False, metas=['./colcon.meta'], base_paths=['.'], packages_ignore=None, packages_ignore_regex=None, paths=None, packages_up_to=None, packages_up_to_regex=None, packages_above=None, packages_above_and_dependencies=None, packages_above_depth=None, packages_select_by_dep=None, packages_skip_by_dep=None, packages_skip_up_to=None, packages_select_build_failed=False, packages_skip_build_finished=False, packages_select_test_failures=False, packages_skip_test_passed=False, packages_select=['navigation'], packages_skip=None, packages_select_regex=None, packages_skip_regex=None, packages_start=None, packages_end=None, allow_overriding=[], cmake_args=None, cmake_target=None, cmake_target_skip_unavailable=False, cmake_clean_cache=False, cmake_clean_first=False, cmake_force_configure=False, ament_cmake_args=None, catkin_cmake_args=None, catkin_skip_building_tests=False, verb_parser=<colcon_defaults.argument_parser.defaults.DefaultArgumentsDecorator object at 0x7414f8bf4700>, verb_extension=<colcon_core.verb.build.BuildVerb object at 0x7414f8bf4130>, main=<bound method BuildVerb.main of <colcon_core.verb.build.BuildVerb object at 0x7414f8bf4130>>)
[0.677s] Level 1:colcon.colcon_core.package_discovery:discover_packages(colcon_meta) check parameters
[0.677s] Level 1:colcon.colcon_core.package_discovery:discover_packages(recursive) check parameters
[0.677s] Level 1:colcon.colcon_core.package_discovery:discover_packages(ignore) check parameters
[0.678s] Level 1:colcon.colcon_core.package_discovery:discover_packages(path) check parameters
[0.678s] Level 1:colcon.colcon_core.package_discovery:discover_packages(colcon_meta) discover
[0.678s] Level 1:colcon.colcon_core.package_discovery:discover_packages(recursive) discover
[0.678s] INFO:colcon.colcon_core.package_discovery:Crawling recursively for packages in '/home/mls/vrx_ws'
[0.678s] Level 1:colcon.colcon_core.package_identification:_identify(.) by extensions ['ignore', 'ignore_ament_install']
[0.678s] Level 1:colcon.colcon_core.package_identification:_identify(.) by extension 'ignore'
[0.678s] Level 1:colcon.colcon_core.package_identification:_identify(.) by extension 'ignore_ament_install'
[0.679s] Level 1:colcon.colcon_core.package_identification:_identify(.) by extensions ['colcon_pkg']
[0.679s] Level 1:colcon.colcon_core.package_identification:_identify(.) by extension 'colcon_pkg'
[0.679s] Level 1:colcon.colcon_core.package_identification:_identify(.) by extensions ['colcon_meta']
[0.679s] Level 1:colcon.colcon_core.package_identification:_identify(.) by extension 'colcon_meta'
[0.679s] Level 1:colcon.colcon_core.package_identification:_identify(.) by extensions ['ros']
[0.679s] Level 1:colcon.colcon_core.package_identification:_identify(.) by extension 'ros'
[0.704s] Level 1:colcon.colcon_core.package_identification:_identify(.) by extensions ['cmake', 'python']
[0.704s] Level 1:colcon.colcon_core.package_identification:_identify(.) by extension 'cmake'
[0.704s] Level 1:colcon.colcon_core.package_identification:_identify(.) by extension 'python'
[0.705s] Level 1:colcon.colcon_core.package_identification:_identify(.) by extensions ['python_setup_py']
[0.705s] Level 1:colcon.colcon_core.package_identification:_identify(.) by extension 'python_setup_py'
[0.705s] Level 1:colcon.colcon_core.package_identification:_identify(build) by extensions ['ignore', 'ignore_ament_install']
[0.705s] Level 1:colcon.colcon_core.package_identification:_identify(build) by extension 'ignore'
[0.705s] Level 1:colcon.colcon_core.package_identification:_identify(build) ignored
[0.706s] Level 1:colcon.colcon_core.package_identification:_identify(install) by extensions ['ignore', 'ignore_ament_install']
[0.706s] Level 1:colcon.colcon_core.package_identification:_identify(install) by extension 'ignore'
[0.706s] Level 1:colcon.colcon_core.package_identification:_identify(install) ignored
[0.706s] Level 1:colcon.colcon_core.package_identification:_identify(log) by extensions ['ignore', 'ignore_ament_install']
[0.707s] Level 1:colcon.colcon_core.package_identification:_identify(log) by extension 'ignore'
[0.707s] Level 1:colcon.colcon_core.package_identification:_identify(log) ignored
[0.707s] Level 1:colcon.colcon_core.package_identification:_identify(src) by extensions ['ignore', 'ignore_ament_install']
[0.707s] Level 1:colcon.colcon_core.package_identification:_identify(src) by extension 'ignore'
[0.707s] Level 1:colcon.colcon_core.package_identification:_identify(src) by extension 'ignore_ament_install'
[0.707s] Level 1:colcon.colcon_core.package_identification:_identify(src) by extensions ['colcon_pkg']
[0.707s] Level 1:colcon.colcon_core.package_identification:_identify(src) by extension 'colcon_pkg'
[0.707s] Level 1:colcon.colcon_core.package_identification:_identify(src) by extensions ['colcon_meta']
[0.708s] Level 1:colcon.colcon_core.package_identification:_identify(src) by extension 'colcon_meta'
[0.708s] Level 1:colcon.colcon_core.package_identification:_identify(src) by extensions ['ros']
[0.708s] Level 1:colcon.colcon_core.package_identification:_identify(src) by extension 'ros'
[0.708s] Level 1:colcon.colcon_core.package_identification:_identify(src) by extensions ['cmake', 'python']
[0.708s] Level 1:colcon.colcon_core.package_identification:_identify(src) by extension 'cmake'
[0.708s] Level 1:colcon.colcon_core.package_identification:_identify(src) by extension 'python'
[0.708s] Level 1:colcon.colcon_core.package_identification:_identify(src) by extensions ['python_setup_py']
[0.708s] Level 1:colcon.colcon_core.package_identification:_identify(src) by extension 'python_setup_py'
[0.708s] Level 1:colcon.colcon_core.package_identification:_identify(src/Aquabot) by extensions ['ignore', 'ignore_ament_install']
[0.709s] Level 1:colcon.colcon_core.package_identification:_identify(src/Aquabot) by extension 'ignore'
[0.709s] Level 1:colcon.colcon_core.package_identification:_identify(src/Aquabot) by extension 'ignore_ament_install'
[0.709s] Level 1:colcon.colcon_core.package_identification:_identify(src/Aquabot) by extensions ['colcon_pkg']
[0.709s] Level 1:colcon.colcon_core.package_identification:_identify(src/Aquabot) by extension 'colcon_pkg'
[0.709s] Level 1:colcon.colcon_core.package_identification:_identify(src/Aquabot) by extensions ['colcon_meta']
[0.709s] Level 1:colcon.colcon_core.package_identification:_identify(src/Aquabot) by extension 'colcon_meta'
[0.709s] Level 1:colcon.colcon_core.package_identification:_identify(src/Aquabot) by extensions ['ros']
[0.709s] Level 1:colcon.colcon_core.package_identification:_identify(src/Aquabot) by extension 'ros'
[0.710s] Level 1:colcon.colcon_core.package_identification:_identify(src/Aquabot) by extensions ['cmake', 'python']
[0.710s] Level 1:colcon.colcon_core.package_identification:_identify(src/Aquabot) by extension 'cmake'
[0.710s] Level 1:colcon.colcon_core.package_identification:_identify(src/Aquabot) by extension 'python'
[0.710s] Level 1:colcon.colcon_core.package_identification:_identify(src/Aquabot) by extensions ['python_setup_py']
[0.710s] Level 1:colcon.colcon_core.package_identification:_identify(src/Aquabot) by extension 'python_setup_py'
[0.710s] Level 1:colcon.colcon_core.package_identification:_identify(src/Aquabot/aquabot_gz) by extensions ['ignore', 'ignore_ament_install']
[0.711s] Level 1:colcon.colcon_core.package_identification:_identify(src/Aquabot/aquabot_gz) by extension 'ignore'
[0.711s] Level 1:colcon.colcon_core.package_identification:_identify(src/Aquabot/aquabot_gz) by extension 'ignore_ament_install'
[0.711s] Level 1:colcon.colcon_core.package_identification:_identify(src/Aquabot/aquabot_gz) by extensions ['colcon_pkg']
[0.711s] Level 1:colcon.colcon_core.package_identification:_identify(src/Aquabot/aquabot_gz) by extension 'colcon_pkg'
[0.711s] Level 1:colcon.colcon_core.package_identification:_identify(src/Aquabot/aquabot_gz) by extensions ['colcon_meta']
[0.711s] Level 1:colcon.colcon_core.package_identification:_identify(src/Aquabot/aquabot_gz) by extension 'colcon_meta'
[0.711s] Level 1:colcon.colcon_core.package_identification:_identify(src/Aquabot/aquabot_gz) by extensions ['ros']
[0.711s] Level 1:colcon.colcon_core.package_identification:_identify(src/Aquabot/aquabot_gz) by extension 'ros'
[0.717s] DEBUG:colcon.colcon_core.package_identification:Package 'src/Aquabot/aquabot_gz' with type 'ros.ament_cmake' and name 'aquabot_gz'
[0.718s] Level 1:colcon.colcon_core.package_identification:_identify(src/Aquabot/aquabot_python) by extensions ['ignore', 'ignore_ament_install']
[0.718s] Level 1:colcon.colcon_core.package_identification:_identify(src/Aquabot/aquabot_python) by extension 'ignore'
[0.718s] Level 1:colcon.colcon_core.package_identification:_identify(src/Aquabot/aquabot_python) by extension 'ignore_ament_install'
[0.718s] Level 1:colcon.colcon_core.package_identification:_identify(src/Aquabot/aquabot_python) by extensions ['colcon_pkg']
[0.718s] Level 1:colcon.colcon_core.package_identification:_identify(src/Aquabot/aquabot_python) by extension 'colcon_pkg'
[0.718s] Level 1:colcon.colcon_core.package_identification:_identify(src/Aquabot/aquabot_python) by extensions ['colcon_meta']
[0.718s] Level 1:colcon.colcon_core.package_identification:_identify(src/Aquabot/aquabot_python) by extension 'colcon_meta'
[0.719s] Level 1:colcon.colcon_core.package_identification:_identify(src/Aquabot/aquabot_python) by extensions ['ros']
[0.719s] Level 1:colcon.colcon_core.package_identification:_identify(src/Aquabot/aquabot_python) by extension 'ros'
[0.720s] DEBUG:colcon.colcon_core.package_identification:Package 'src/Aquabot/aquabot_python' with type 'ros.ament_cmake' and name 'aquabot_python'
[0.720s] Level 1:colcon.colcon_core.package_identification:_identify(src/Aquabot/aquabot_urdf) by extensions ['ignore', 'ignore_ament_install']
[0.720s] Level 1:colcon.colcon_core.package_identification:_identify(src/Aquabot/aquabot_urdf) by extension 'ignore'
[0.720s] Level 1:colcon.colcon_core.package_identification:_identify(src/Aquabot/aquabot_urdf) by extension 'ignore_ament_install'
[0.721s] Level 1:colcon.colcon_core.package_identification:_identify(src/Aquabot/aquabot_urdf) by extensions ['colcon_pkg']
[0.721s] Level 1:colcon.colcon_core.package_identification:_identify(src/Aquabot/aquabot_urdf) by extension 'colcon_pkg'
[0.721s] Level 1:colcon.colcon_core.package_identification:_identify(src/Aquabot/aquabot_urdf) by extensions ['colcon_meta']
[0.721s] Level 1:colcon.colcon_core.package_identification:_identify(src/Aquabot/aquabot_urdf) by extension 'colcon_meta'
[0.721s] Level 1:colcon.colcon_core.package_identification:_identify(src/Aquabot/aquabot_urdf) by extensions ['ros']
[0.721s] Level 1:colcon.colcon_core.package_identification:_identify(src/Aquabot/aquabot_urdf) by extension 'ros'
[0.721s] Level 1:colcon.colcon_core.package_identification:_identify(src/Aquabot/aquabot_urdf) by extensions ['cmake', 'python']
[0.721s] Level 1:colcon.colcon_core.package_identification:_identify(src/Aquabot/aquabot_urdf) by extension 'cmake'
[0.721s] Level 1:colcon.colcon_core.package_identification:_identify(src/Aquabot/aquabot_urdf) by extension 'python'
[0.721s] Level 1:colcon.colcon_core.package_identification:_identify(src/Aquabot/aquabot_urdf) by extensions ['python_setup_py']
[0.721s] Level 1:colcon.colcon_core.package_identification:_identify(src/Aquabot/aquabot_urdf) by extension 'python_setup_py'
[0.722s] Level 1:colcon.colcon_core.package_identification:_identify(src/Aquabot/aquabot_urdf/aquabot_description) by extensions ['ignore', 'ignore_ament_install']
[0.722s] Level 1:colcon.colcon_core.package_identification:_identify(src/Aquabot/aquabot_urdf/aquabot_description) by extension 'ignore'
[0.722s] Level 1:colcon.colcon_core.package_identification:_identify(src/Aquabot/aquabot_urdf/aquabot_description) by extension 'ignore_ament_install'
[0.722s] Level 1:colcon.colcon_core.package_identification:_identify(src/Aquabot/aquabot_urdf/aquabot_description) by extensions ['colcon_pkg']
[0.722s] Level 1:colcon.colcon_core.package_identification:_identify(src/Aquabot/aquabot_urdf/aquabot_description) by extension 'colcon_pkg'
[0.722s] Level 1:colcon.colcon_core.package_identification:_identify(src/Aquabot/aquabot_urdf/aquabot_description) by extensions ['colcon_meta']
[0.722s] Level 1:colcon.colcon_core.package_identification:_identify(src/Aquabot/aquabot_urdf/aquabot_description) by extension 'colcon_meta'
[0.722s] Level 1:colcon.colcon_core.package_identification:_identify(src/Aquabot/aquabot_urdf/aquabot_description) by extensions ['ros']
[0.722s] Level 1:colcon.colcon_core.package_identification:_identify(src/Aquabot/aquabot_urdf/aquabot_description) by extension 'ros'
[0.724s] DEBUG:colcon.colcon_core.package_identification:Package 'src/Aquabot/aquabot_urdf/aquabot_description' with type 'ros.ament_cmake' and name 'aquabot_description'
[0.724s] Level 1:colcon.colcon_core.package_identification:_identify(src/Aquabot-Competitor) by extensions ['ignore', 'ignore_ament_install']
[0.724s] Level 1:colcon.colcon_core.package_identification:_identify(src/Aquabot-Competitor) by extension 'ignore'
[0.724s] Level 1:colcon.colcon_core.package_identification:_identify(src/Aquabot-Competitor) by extension 'ignore_ament_install'
[0.724s] Level 1:colcon.colcon_core.package_identification:_identify(src/Aquabot-Competitor) by extensions ['colcon_pkg']
[0.724s] Level 1:colcon.colcon_core.package_identification:_identify(src/Aquabot-Competitor) by extension 'colcon_pkg'
[0.724s] Level 1:colcon.colcon_core.package_identification:_identify(src/Aquabot-Competitor) by extensions ['colcon_meta']
[0.724s] Level 1:colcon.colcon_core.package_identification:_identify(src/Aquabot-Competitor) by extension 'colcon_meta'
[0.724s] Level 1:colcon.colcon_core.package_identification:_identify(src/Aquabot-Competitor) by extensions ['ros']
[0.724s] Level 1:colcon.colcon_core.package_identification:_identify(src/Aquabot-Competitor) by extension 'ros'
[0.724s] Level 1:colcon.colcon_core.package_identification:_identify(src/Aquabot-Competitor) by extensions ['cmake', 'python']
[0.725s] Level 1:colcon.colcon_core.package_identification:_identify(src/Aquabot-Competitor) by extension 'cmake'
[0.725s] Level 1:colcon.colcon_core.package_identification:_identify(src/Aquabot-Competitor) by extension 'python'
[0.725s] Level 1:colcon.colcon_core.package_identification:_identify(src/Aquabot-Competitor) by extensions ['python_setup_py']
[0.725s] Level 1:colcon.colcon_core.package_identification:_identify(src/Aquabot-Competitor) by extension 'python_setup_py'
[0.725s] Level 1:colcon.colcon_core.package_identification:_identify(src/Aquabot-Competitor/aquabot_examples) by extensions ['ignore', 'ignore_ament_install']
[0.725s] Level 1:colcon.colcon_core.package_identification:_identify(src/Aquabot-Competitor/aquabot_examples) by extension 'ignore'
[0.725s] Level 1:colcon.colcon_core.package_identification:_identify(src/Aquabot-Competitor/aquabot_examples) by extension 'ignore_ament_install'
[0.726s] Level 1:colcon.colcon_core.package_identification:_identify(src/Aquabot-Competitor/aquabot_examples) by extensions ['colcon_pkg']
[0.726s] Level 1:colcon.colcon_core.package_identification:_identify(src/Aquabot-Competitor/aquabot_examples) by extension 'colcon_pkg'
[0.726s] Level 1:colcon.colcon_core.package_identification:_identify(src/Aquabot-Competitor/aquabot_examples) by extensions ['colcon_meta']
[0.726s] Level 1:colcon.colcon_core.package_identification:_identify(src/Aquabot-Competitor/aquabot_examples) by extension 'colcon_meta'
[0.726s] Level 1:colcon.colcon_core.package_identification:_identify(src/Aquabot-Competitor/aquabot_examples) by extensions ['ros']
[0.726s] Level 1:colcon.colcon_core.package_identification:_identify(src/Aquabot-Competitor/aquabot_examples) by extension 'ros'
[0.726s] Level 1:colcon.colcon_core.package_identification:_identify(src/Aquabot-Competitor/aquabot_examples) by extensions ['cmake', 'python']
[0.726s] Level 1:colcon.colcon_core.package_identification:_identify(src/Aquabot-Competitor/aquabot_examples) by extension 'cmake'
[0.726s] Level 1:colcon.colcon_core.package_identification:_identify(src/Aquabot-Competitor/aquabot_examples) by extension 'python'
[0.726s] Level 1:colcon.colcon_core.package_identification:_identify(src/Aquabot-Competitor/aquabot_examples) by extensions ['python_setup_py']
[0.726s] Level 1:colcon.colcon_core.package_identification:_identify(src/Aquabot-Competitor/aquabot_examples) by extension 'python_setup_py'
[0.727s] Level 1:colcon.colcon_core.package_identification:_identify(src/Aquabot-Competitor/aquabot_examples/aquabot_example) by extensions ['ignore', 'ignore_ament_install']
[0.727s] Level 1:colcon.colcon_core.package_identification:_identify(src/Aquabot-Competitor/aquabot_examples/aquabot_example) by extension 'ignore'
[0.727s] Level 1:colcon.colcon_core.package_identification:_identify(src/Aquabot-Competitor/aquabot_examples/aquabot_example) by extension 'ignore_ament_install'
[0.727s] Level 1:colcon.colcon_core.package_identification:_identify(src/Aquabot-Competitor/aquabot_examples/aquabot_example) by extensions ['colcon_pkg']
[0.727s] Level 1:colcon.colcon_core.package_identification:_identify(src/Aquabot-Competitor/aquabot_examples/aquabot_example) by extension 'colcon_pkg'
[0.727s] Level 1:colcon.colcon_core.package_identification:_identify(src/Aquabot-Competitor/aquabot_examples/aquabot_example) by extensions ['colcon_meta']
[0.727s] Level 1:colcon.colcon_core.package_identification:_identify(src/Aquabot-Competitor/aquabot_examples/aquabot_example) by extension 'colcon_meta'
[0.727s] Level 1:colcon.colcon_core.package_identification:_identify(src/Aquabot-Competitor/aquabot_examples/aquabot_example) by extensions ['ros']
[0.727s] Level 1:colcon.colcon_core.package_identification:_identify(src/Aquabot-Competitor/aquabot_examples/aquabot_example) by extension 'ros'
[0.728s] DEBUG:colcon.colcon_core.package_identification:Package 'src/Aquabot-Competitor/aquabot_examples/aquabot_example' with type 'ros.ament_cmake' and name 'aquabot_example'
[0.729s] Level 1:colcon.colcon_core.package_identification:_identify(src/Aquabot-Competitor/aquabot_examples/opencv_example) by extensions ['ignore', 'ignore_ament_install']
[0.729s] Level 1:colcon.colcon_core.package_identification:_identify(src/Aquabot-Competitor/aquabot_examples/opencv_example) by extension 'ignore'
[0.729s] Level 1:colcon.colcon_core.package_identification:_identify(src/Aquabot-Competitor/aquabot_examples/opencv_example) by extension 'ignore_ament_install'
[0.729s] Level 1:colcon.colcon_core.package_identification:_identify(src/Aquabot-Competitor/aquabot_examples/opencv_example) by extensions ['colcon_pkg']
[0.729s] Level 1:colcon.colcon_core.package_identification:_identify(src/Aquabot-Competitor/aquabot_examples/opencv_example) by extension 'colcon_pkg'
[0.729s] Level 1:colcon.colcon_core.package_identification:_identify(src/Aquabot-Competitor/aquabot_examples/opencv_example) by extensions ['colcon_meta']
[0.730s] Level 1:colcon.colcon_core.package_identification:_identify(src/Aquabot-Competitor/aquabot_examples/opencv_example) by extension 'colcon_meta'
[0.730s] Level 1:colcon.colcon_core.package_identification:_identify(src/Aquabot-Competitor/aquabot_examples/opencv_example) by extensions ['ros']
[0.730s] Level 1:colcon.colcon_core.package_identification:_identify(src/Aquabot-Competitor/aquabot_examples/opencv_example) by extension 'ros'
[0.732s] DEBUG:colcon.colcon_core.package_identification:Package 'src/Aquabot-Competitor/aquabot_examples/opencv_example' with type 'ros.ament_cmake' and name 'opencv_example'
[0.732s] Level 1:colcon.colcon_core.package_identification:_identify(src/Aquabot-Competitor/aquabot_examples/package_example) by extensions ['ignore', 'ignore_ament_install']
[0.732s] Level 1:colcon.colcon_core.package_identification:_identify(src/Aquabot-Competitor/aquabot_examples/package_example) by extension 'ignore'
[0.732s] Level 1:colcon.colcon_core.package_identification:_identify(src/Aquabot-Competitor/aquabot_examples/package_example) by extension 'ignore_ament_install'
[0.733s] Level 1:colcon.colcon_core.package_identification:_identify(src/Aquabot-Competitor/aquabot_examples/package_example) by extensions ['colcon_pkg']
[0.733s] Level 1:colcon.colcon_core.package_identification:_identify(src/Aquabot-Competitor/aquabot_examples/package_example) by extension 'colcon_pkg'
[0.733s] Level 1:colcon.colcon_core.package_identification:_identify(src/Aquabot-Competitor/aquabot_examples/package_example) by extensions ['colcon_meta']
[0.733s] Level 1:colcon.colcon_core.package_identification:_identify(src/Aquabot-Competitor/aquabot_examples/package_example) by extension 'colcon_meta'
[0.733s] Level 1:colcon.colcon_core.package_identification:_identify(src/Aquabot-Competitor/aquabot_examples/package_example) by extensions ['ros']
[0.733s] Level 1:colcon.colcon_core.package_identification:_identify(src/Aquabot-Competitor/aquabot_examples/package_example) by extension 'ros'
[0.735s] DEBUG:colcon.colcon_core.package_identification:Package 'src/Aquabot-Competitor/aquabot_examples/package_example' with type 'ros.ament_cmake' and name 'package_example'
[0.735s] Level 1:colcon.colcon_core.package_identification:_identify(src/navigation) by extensions ['ignore', 'ignore_ament_install']
[0.735s] Level 1:colcon.colcon_core.package_identification:_identify(src/navigation) by extension 'ignore'
[0.735s] Level 1:colcon.colcon_core.package_identification:_identify(src/navigation) by extension 'ignore_ament_install'
[0.735s] Level 1:colcon.colcon_core.package_identification:_identify(src/navigation) by extensions ['colcon_pkg']
[0.735s] Level 1:colcon.colcon_core.package_identification:_identify(src/navigation) by extension 'colcon_pkg'
[0.735s] Level 1:colcon.colcon_core.package_identification:_identify(src/navigation) by extensions ['colcon_meta']
[0.735s] Level 1:colcon.colcon_core.package_identification:_identify(src/navigation) by extension 'colcon_meta'
[0.736s] Level 1:colcon.colcon_core.package_identification:_identify(src/navigation) by extensions ['ros']
[0.736s] Level 1:colcon.colcon_core.package_identification:_identify(src/navigation) by extension 'ros'
[0.737s] DEBUG:colcon.colcon_core.package_identification:Package 'src/navigation' with type 'ros.ament_cmake' and name 'navigation'
[0.738s] Level 1:colcon.colcon_core.package_identification:_identify(src/vrx) by extensions ['ignore', 'ignore_ament_install']
[0.738s] Level 1:colcon.colcon_core.package_identification:_identify(src/vrx) by extension 'ignore'
[0.738s] Level 1:colcon.colcon_core.package_identification:_identify(src/vrx) by extension 'ignore_ament_install'
[0.739s] Level 1:colcon.colcon_core.package_identification:_identify(src/vrx) by extensions ['colcon_pkg']
[0.739s] Level 1:colcon.colcon_core.package_identification:_identify(src/vrx) by extension 'colcon_pkg'
[0.739s] Level 1:colcon.colcon_core.package_identification:_identify(src/vrx) by extensions ['colcon_meta']
[0.739s] Level 1:colcon.colcon_core.package_identification:_identify(src/vrx) by extension 'colcon_meta'
[0.739s] Level 1:colcon.colcon_core.package_identification:_identify(src/vrx) by extensions ['ros']
[0.739s] Level 1:colcon.colcon_core.package_identification:_identify(src/vrx) by extension 'ros'
[0.739s] Level 1:colcon.colcon_core.package_identification:_identify(src/vrx) by extensions ['cmake', 'python']
[0.740s] Level 1:colcon.colcon_core.package_identification:_identify(src/vrx) by extension 'cmake'
[0.740s] Level 1:colcon.colcon_core.package_identification:_identify(src/vrx) by extension 'python'
[0.740s] Level 1:colcon.colcon_core.package_identification:_identify(src/vrx) by extensions ['python_setup_py']
[0.740s] Level 1:colcon.colcon_core.package_identification:_identify(src/vrx) by extension 'python_setup_py'
[0.740s] Level 1:colcon.colcon_core.package_identification:_identify(src/vrx/images) by extensions ['ignore', 'ignore_ament_install']
[0.740s] Level 1:colcon.colcon_core.package_identification:_identify(src/vrx/images) by extension 'ignore'
[0.740s] Level 1:colcon.colcon_core.package_identification:_identify(src/vrx/images) by extension 'ignore_ament_install'
[0.741s] Level 1:colcon.colcon_core.package_identification:_identify(src/vrx/images) by extensions ['colcon_pkg']
[0.741s] Level 1:colcon.colcon_core.package_identification:_identify(src/vrx/images) by extension 'colcon_pkg'
[0.741s] Level 1:colcon.colcon_core.package_identification:_identify(src/vrx/images) by extensions ['colcon_meta']
[0.741s] Level 1:colcon.colcon_core.package_identification:_identify(src/vrx/images) by extension 'colcon_meta'
[0.741s] Level 1:colcon.colcon_core.package_identification:_identify(src/vrx/images) by extensions ['ros']
[0.741s] Level 1:colcon.colcon_core.package_identification:_identify(src/vrx/images) by extension 'ros'
[0.741s] Level 1:colcon.colcon_core.package_identification:_identify(src/vrx/images) by extensions ['cmake', 'python']
[0.741s] Level 1:colcon.colcon_core.package_identification:_identify(src/vrx/images) by extension 'cmake'
[0.741s] Level 1:colcon.colcon_core.package_identification:_identify(src/vrx/images) by extension 'python'
[0.742s] Level 1:colcon.colcon_core.package_identification:_identify(src/vrx/images) by extensions ['python_setup_py']
[0.742s] Level 1:colcon.colcon_core.package_identification:_identify(src/vrx/images) by extension 'python_setup_py'
[0.742s] Level 1:colcon.colcon_core.package_identification:_identify(src/vrx/vrx_gz) by extensions ['ignore', 'ignore_ament_install']
[0.742s] Level 1:colcon.colcon_core.package_identification:_identify(src/vrx/vrx_gz) by extension 'ignore'
[0.743s] Level 1:colcon.colcon_core.package_identification:_identify(src/vrx/vrx_gz) by extension 'ignore_ament_install'
[0.743s] Level 1:colcon.colcon_core.package_identification:_identify(src/vrx/vrx_gz) by extensions ['colcon_pkg']
[0.743s] Level 1:colcon.colcon_core.package_identification:_identify(src/vrx/vrx_gz) by extension 'colcon_pkg'
[0.743s] Level 1:colcon.colcon_core.package_identification:_identify(src/vrx/vrx_gz) by extensions ['colcon_meta']
[0.743s] Level 1:colcon.colcon_core.package_identification:_identify(src/vrx/vrx_gz) by extension 'colcon_meta'
[0.743s] Level 1:colcon.colcon_core.package_identification:_identify(src/vrx/vrx_gz) by extensions ['ros']
[0.744s] Level 1:colcon.colcon_core.package_identification:_identify(src/vrx/vrx_gz) by extension 'ros'
[0.746s] DEBUG:colcon.colcon_core.package_identification:Package 'src/vrx/vrx_gz' with type 'ros.ament_cmake' and name 'vrx_gz'
[0.746s] Level 1:colcon.colcon_core.package_identification:_identify(src/vrx/vrx_ros) by extensions ['ignore', 'ignore_ament_install']
[0.747s] Level 1:colcon.colcon_core.package_identification:_identify(src/vrx/vrx_ros) by extension 'ignore'
[0.747s] Level 1:colcon.colcon_core.package_identification:_identify(src/vrx/vrx_ros) by extension 'ignore_ament_install'
[0.747s] Level 1:colcon.colcon_core.package_identification:_identify(src/vrx/vrx_ros) by extensions ['colcon_pkg']
[0.747s] Level 1:colcon.colcon_core.package_identification:_identify(src/vrx/vrx_ros) by extension 'colcon_pkg'
[0.747s] Level 1:colcon.colcon_core.package_identification:_identify(src/vrx/vrx_ros) by extensions ['colcon_meta']
[0.747s] Level 1:colcon.colcon_core.package_identification:_identify(src/vrx/vrx_ros) by extension 'colcon_meta'
[0.748s] Level 1:colcon.colcon_core.package_identification:_identify(src/vrx/vrx_ros) by extensions ['ros']
[0.748s] Level 1:colcon.colcon_core.package_identification:_identify(src/vrx/vrx_ros) by extension 'ros'
[0.751s] DEBUG:colcon.colcon_core.package_identification:Package 'src/vrx/vrx_ros' with type 'ros.ament_cmake' and name 'vrx_ros'
[0.752s] Level 1:colcon.colcon_core.package_identification:_identify(src/vrx/vrx_urdf) by extensions ['ignore', 'ignore_ament_install']
[0.753s] Level 1:colcon.colcon_core.package_identification:_identify(src/vrx/vrx_urdf) by extension 'ignore'
[0.753s] Level 1:colcon.colcon_core.package_identification:_identify(src/vrx/vrx_urdf) by extension 'ignore_ament_install'
[0.753s] Level 1:colcon.colcon_core.package_identification:_identify(src/vrx/vrx_urdf) by extensions ['colcon_pkg']
[0.753s] Level 1:colcon.colcon_core.package_identification:_identify(src/vrx/vrx_urdf) by extension 'colcon_pkg'
[0.753s] Level 1:colcon.colcon_core.package_identification:_identify(src/vrx/vrx_urdf) by extensions ['colcon_meta']
[0.753s] Level 1:colcon.colcon_core.package_identification:_identify(src/vrx/vrx_urdf) by extension 'colcon_meta'
[0.753s] Level 1:colcon.colcon_core.package_identification:_identify(src/vrx/vrx_urdf) by extensions ['ros']
[0.753s] Level 1:colcon.colcon_core.package_identification:_identify(src/vrx/vrx_urdf) by extension 'ros'
[0.754s] Level 1:colcon.colcon_core.package_identification:_identify(src/vrx/vrx_urdf) by extensions ['cmake', 'python']
[0.754s] Level 1:colcon.colcon_core.package_identification:_identify(src/vrx/vrx_urdf) by extension 'cmake'
[0.754s] Level 1:colcon.colcon_core.package_identification:_identify(src/vrx/vrx_urdf) by extension 'python'
[0.754s] Level 1:colcon.colcon_core.package_identification:_identify(src/vrx/vrx_urdf) by extensions ['python_setup_py']
[0.754s] Level 1:colcon.colcon_core.package_identification:_identify(src/vrx/vrx_urdf) by extension 'python_setup_py'
[0.754s] Level 1:colcon.colcon_core.package_identification:_identify(src/vrx/vrx_urdf/vrx_gazebo) by extensions ['ignore', 'ignore_ament_install']
[0.755s] Level 1:colcon.colcon_core.package_identification:_identify(src/vrx/vrx_urdf/vrx_gazebo) by extension 'ignore'
[0.755s] Level 1:colcon.colcon_core.package_identification:_identify(src/vrx/vrx_urdf/vrx_gazebo) by extension 'ignore_ament_install'
[0.755s] Level 1:colcon.colcon_core.package_identification:_identify(src/vrx/vrx_urdf/vrx_gazebo) by extensions ['colcon_pkg']
[0.755s] Level 1:colcon.colcon_core.package_identification:_identify(src/vrx/vrx_urdf/vrx_gazebo) by extension 'colcon_pkg'
[0.755s] Level 1:colcon.colcon_core.package_identification:_identify(src/vrx/vrx_urdf/vrx_gazebo) by extensions ['colcon_meta']
[0.755s] Level 1:colcon.colcon_core.package_identification:_identify(src/vrx/vrx_urdf/vrx_gazebo) by extension 'colcon_meta'
[0.755s] Level 1:colcon.colcon_core.package_identification:_identify(src/vrx/vrx_urdf/vrx_gazebo) by extensions ['ros']
[0.755s] Level 1:colcon.colcon_core.package_identification:_identify(src/vrx/vrx_urdf/vrx_gazebo) by extension 'ros'
[0.757s] DEBUG:colcon.colcon_core.package_identification:Package 'src/vrx/vrx_urdf/vrx_gazebo' with type 'ros.ament_cmake' and name 'vrx_gazebo'
[0.758s] Level 1:colcon.colcon_core.package_identification:_identify(src/vrx/vrx_urdf/wamv_description) by extensions ['ignore', 'ignore_ament_install']
[0.758s] Level 1:colcon.colcon_core.package_identification:_identify(src/vrx/vrx_urdf/wamv_description) by extension 'ignore'
[0.758s] Level 1:colcon.colcon_core.package_identification:_identify(src/vrx/vrx_urdf/wamv_description) by extension 'ignore_ament_install'
[0.758s] Level 1:colcon.colcon_core.package_identification:_identify(src/vrx/vrx_urdf/wamv_description) by extensions ['colcon_pkg']
[0.758s] Level 1:colcon.colcon_core.package_identification:_identify(src/vrx/vrx_urdf/wamv_description) by extension 'colcon_pkg'
[0.758s] Level 1:colcon.colcon_core.package_identification:_identify(src/vrx/vrx_urdf/wamv_description) by extensions ['colcon_meta']
[0.758s] Level 1:colcon.colcon_core.package_identification:_identify(src/vrx/vrx_urdf/wamv_description) by extension 'colcon_meta'
[0.759s] Level 1:colcon.colcon_core.package_identification:_identify(src/vrx/vrx_urdf/wamv_description) by extensions ['ros']
[0.759s] Level 1:colcon.colcon_core.package_identification:_identify(src/vrx/vrx_urdf/wamv_description) by extension 'ros'
[0.761s] DEBUG:colcon.colcon_core.package_identification:Package 'src/vrx/vrx_urdf/wamv_description' with type 'ros.ament_cmake' and name 'wamv_description'
[0.761s] Level 1:colcon.colcon_core.package_identification:_identify(src/vrx/vrx_urdf/wamv_gazebo) by extensions ['ignore', 'ignore_ament_install']
[0.761s] Level 1:colcon.colcon_core.package_identification:_identify(src/vrx/vrx_urdf/wamv_gazebo) by extension 'ignore'
[0.761s] Level 1:colcon.colcon_core.package_identification:_identify(src/vrx/vrx_urdf/wamv_gazebo) by extension 'ignore_ament_install'
[0.761s] Level 1:colcon.colcon_core.package_identification:_identify(src/vrx/vrx_urdf/wamv_gazebo) by extensions ['colcon_pkg']
[0.761s] Level 1:colcon.colcon_core.package_identification:_identify(src/vrx/vrx_urdf/wamv_gazebo) by extension 'colcon_pkg'
[0.762s] Level 1:colcon.colcon_core.package_identification:_identify(src/vrx/vrx_urdf/wamv_gazebo) by extensions ['colcon_meta']
[0.762s] Level 1:colcon.colcon_core.package_identification:_identify(src/vrx/vrx_urdf/wamv_gazebo) by extension 'colcon_meta'
[0.762s] Level 1:colcon.colcon_core.package_identification:_identify(src/vrx/vrx_urdf/wamv_gazebo) by extensions ['ros']
[0.762s] Level 1:colcon.colcon_core.package_identification:_identify(src/vrx/vrx_urdf/wamv_gazebo) by extension 'ros'
[0.764s] DEBUG:colcon.colcon_core.package_identification:Package 'src/vrx/vrx_urdf/wamv_gazebo' with type 'ros.ament_cmake' and name 'wamv_gazebo'
[0.764s] Level 1:colcon.colcon_core.package_discovery:discover_packages(recursive) using defaults
[0.764s] Level 1:colcon.colcon_core.package_discovery:discover_packages(ignore) discover
[0.764s] Level 1:colcon.colcon_core.package_discovery:discover_packages(ignore) using defaults
[0.764s] Level 1:colcon.colcon_core.package_discovery:discover_packages(path) discover
[0.764s] Level 1:colcon.colcon_core.package_discovery:discover_packages(path) using defaults
[0.836s] INFO:colcon.colcon_core.package_selection:Skipping not selected package 'aquabot_example' in 'src/Aquabot-Competitor/aquabot_examples/aquabot_example'
[0.836s] INFO:colcon.colcon_core.package_selection:Skipping not selected package 'aquabot_python' in 'src/Aquabot/aquabot_python'
[0.836s] INFO:colcon.colcon_core.package_selection:Skipping not selected package 'opencv_example' in 'src/Aquabot-Competitor/aquabot_examples/opencv_example'
[0.836s] INFO:colcon.colcon_core.package_selection:Skipping not selected package 'package_example' in 'src/Aquabot-Competitor/aquabot_examples/package_example'
[0.836s] INFO:colcon.colcon_core.package_selection:Skipping not selected package 'vrx_gazebo' in 'src/vrx/vrx_urdf/vrx_gazebo'
[0.836s] INFO:colcon.colcon_core.package_selection:Skipping not selected package 'vrx_ros' in 'src/vrx/vrx_ros'
[0.836s] INFO:colcon.colcon_core.package_selection:Skipping not selected package 'aquabot_description' in 'src/Aquabot/aquabot_urdf/aquabot_description'
[0.836s] INFO:colcon.colcon_core.package_selection:Skipping not selected package 'vrx_gz' in 'src/vrx/vrx_gz'
[0.836s] INFO:colcon.colcon_core.package_selection:Skipping not selected package 'wamv_description' in 'src/vrx/vrx_urdf/wamv_description'
[0.836s] INFO:colcon.colcon_core.package_selection:Skipping not selected package 'aquabot_gz' in 'src/Aquabot/aquabot_gz'
[0.836s] INFO:colcon.colcon_core.package_selection:Skipping not selected package 'wamv_gazebo' in 'src/vrx/vrx_urdf/wamv_gazebo'
[0.837s] Level 1:colcon.colcon_core.package_discovery:discover_packages(prefix_path) check parameters
[0.837s] Level 1:colcon.colcon_core.package_discovery:discover_packages(prefix_path) discover
[0.844s] DEBUG:colcon.colcon_installed_package_information.package_discovery:Found 327 installed packages in /opt/ros/humble
[0.847s] Level 1:colcon.colcon_core.package_discovery:discover_packages(prefix_path) using defaults
[0.957s] Level 5:colcon.colcon_core.verb:set package 'navigation' build argument 'cmake_args' from command line to 'None'
[0.957s] Level 5:colcon.colcon_core.verb:set package 'navigation' build argument 'cmake_target' from command line to 'None'
[0.957s] Level 5:colcon.colcon_core.verb:set package 'navigation' build argument 'cmake_target_skip_unavailable' from command line to 'False'
[0.957s] Level 5:colcon.colcon_core.verb:set package 'navigation' build argument 'cmake_clean_cache' from command line to 'False'
[0.958s] Level 5:colcon.colcon_core.verb:set package 'navigation' build argument 'cmake_clean_first' from command line to 'False'
[0.958s] Level 5:colcon.colcon_core.verb:set package 'navigation' build argument 'cmake_force_configure' from command line to 'False'
[0.958s] Level 5:colcon.colcon_core.verb:set package 'navigation' build argument 'ament_cmake_args' from command line to 'None'
[0.958s] Level 5:colcon.colcon_core.verb:set package 'navigation' build argument 'catkin_cmake_args' from command line to 'None'
[0.958s] Level 5:colcon.colcon_core.verb:set package 'navigation' build argument 'catkin_skip_building_tests' from command line to 'False'
[0.958s] DEBUG:colcon.colcon_core.verb:Building package 'navigation' with the following arguments: {'ament_cmake_args': None, 'build_base': '/home/mls/vrx_ws/build/navigation', 'catkin_cmake_args': None, 'catkin_skip_building_tests': False, 'cmake_args': None, 'cmake_clean_cache': False, 'cmake_clean_first': False, 'cmake_force_configure': False, 'cmake_target': None, 'cmake_target_skip_unavailable': False, 'install_base': '/home/mls/vrx_ws/install', 'merge_install': True, 'path': '/home/mls/vrx_ws/src/navigation', 'symlink_install': False, 'test_result_base': None}
[0.958s] INFO:colcon.colcon_core.executor:Executing jobs using 'parallel' executor
[0.961s] DEBUG:colcon.colcon_parallel_executor.executor.parallel:run_until_complete
[0.961s] INFO:colcon.colcon_ros.task.ament_cmake.build:Building ROS package in '/home/mls/vrx_ws/src/navigation' with build type 'ament_cmake'
[0.961s] INFO:colcon.colcon_cmake.task.cmake.build:Building CMake package in '/home/mls/vrx_ws/src/navigation'
[0.966s] INFO:colcon.colcon_core.plugin_system:Skipping extension 'colcon_core.shell.bat': Not used on non-Windows systems
[0.966s] INFO:colcon.colcon_core.shell:Skip shell extension 'powershell' for command environment: Not usable outside of PowerShell
[0.966s] DEBUG:colcon.colcon_core.shell:Skip shell extension 'dsv' for command environment
[0.985s] DEBUG:colcon.colcon_core.event_handler.log_command:Invoking command in '/home/mls/vrx_ws/build/navigation': CMAKE_PREFIX_PATH=/opt/ros/humble /usr/bin/cmake --build /home/mls/vrx_ws/build/navigation -- -j8 -l8
[16.765s] DEBUG:colcon.colcon_core.event_handler.log_command:Invoked command in '/home/mls/vrx_ws/build/navigation' returned '2': CMAKE_PREFIX_PATH=/opt/ros/humble /usr/bin/cmake --build /home/mls/vrx_ws/build/navigation -- -j8 -l8
[16.823s] Level 1:colcon.colcon_core.environment:create_environment_scripts_only(navigation)
[16.828s] Level 1:colcon.colcon_core.environment:checking '/home/mls/vrx_ws/install' for CMake module files
[16.829s] Level 1:colcon.colcon_core.environment:checking '/home/mls/vrx_ws/install' for CMake config files
[16.830s] Level 1:colcon.colcon_core.shell:create_environment_hook('navigation', 'cmake_prefix_path')
[16.830s] INFO:colcon.colcon_core.shell:Creating environment hook '/home/mls/vrx_ws/install/share/navigation/hook/cmake_prefix_path.ps1'
[16.832s] INFO:colcon.colcon_core.shell:Creating environment descriptor '/home/mls/vrx_ws/install/share/navigation/hook/cmake_prefix_path.dsv'
[16.833s] INFO:colcon.colcon_core.shell:Creating environment hook '/home/mls/vrx_ws/install/share/navigation/hook/cmake_prefix_path.sh'
[16.835s] Level 1:colcon.colcon_core.environment:checking '/home/mls/vrx_ws/install/lib'
[16.835s] Level 1:colcon.colcon_core.shell:create_environment_hook('navigation', 'ld_library_path_lib')
[16.836s] INFO:colcon.colcon_core.shell:Creating environment hook '/home/mls/vrx_ws/install/share/navigation/hook/ld_library_path_lib.ps1'
[16.837s] INFO:colcon.colcon_core.shell:Creating environment descriptor '/home/mls/vrx_ws/install/share/navigation/hook/ld_library_path_lib.dsv'
[16.838s] INFO:colcon.colcon_core.shell:Creating environment hook '/home/mls/vrx_ws/install/share/navigation/hook/ld_library_path_lib.sh'
[16.839s] Level 1:colcon.colcon_core.environment:checking '/home/mls/vrx_ws/install/bin'
[16.839s] Level 1:colcon.colcon_core.environment:checking '/home/mls/vrx_ws/install/lib/pkgconfig/navigation.pc'
[16.840s] Level 1:colcon.colcon_core.environment:checking '/home/mls/vrx_ws/install/lib/python3.10/site-packages'
[16.841s] Level 1:colcon.colcon_core.environment:checking '/home/mls/vrx_ws/install/bin'
[16.841s] INFO:colcon.colcon_core.shell:Creating package script '/home/mls/vrx_ws/install/share/navigation/package.ps1'
[16.843s] INFO:colcon.colcon_core.shell:Creating package descriptor '/home/mls/vrx_ws/install/share/navigation/package.dsv'
[16.844s] INFO:colcon.colcon_core.shell:Creating package script '/home/mls/vrx_ws/install/share/navigation/package.sh'
[16.846s] INFO:colcon.colcon_core.shell:Creating package script '/home/mls/vrx_ws/install/share/navigation/package.bash'
[16.849s] INFO:colcon.colcon_core.shell:Creating package script '/home/mls/vrx_ws/install/share/navigation/package.zsh'
[16.850s] Level 1:colcon.colcon_core.environment:create_file_with_runtime_dependencies(/home/mls/vrx_ws/install/share/colcon-core/packages/navigation)
[16.861s] DEBUG:colcon.colcon_parallel_executor.executor.parallel:closing loop
[16.861s] DEBUG:colcon.colcon_parallel_executor.executor.parallel:loop closed
[16.862s] DEBUG:colcon.colcon_parallel_executor.executor.parallel:run_until_complete finished with '2'
[16.862s] DEBUG:colcon.colcon_core.event_reactor:joining thread
[16.878s] INFO:colcon.colcon_core.plugin_system:Skipping extension 'colcon_notification.desktop_notification.terminal_notifier': Not used on non-Darwin systems
[16.879s] INFO:colcon.colcon_core.plugin_system:Skipping extension 'colcon_notification.desktop_notification.win32': Not used on non-Windows systems
[16.879s] INFO:colcon.colcon_notification.desktop_notification:Sending desktop notification using 'notify2'
[16.905s] DEBUG:colcon.colcon_core.event_reactor:joined thread
[16.906s] INFO:colcon.colcon_core.shell:Creating prefix script '/home/mls/vrx_ws/install/local_setup.ps1'
[16.909s] INFO:colcon.colcon_core.shell:Creating prefix util module '/home/mls/vrx_ws/install/_local_setup_util_ps1.py'
[16.914s] INFO:colcon.colcon_core.shell:Creating prefix chain script '/home/mls/vrx_ws/install/setup.ps1'
[16.917s] INFO:colcon.colcon_core.shell:Creating prefix script '/home/mls/vrx_ws/install/local_setup.sh'
[16.919s] INFO:colcon.colcon_core.shell:Creating prefix util module '/home/mls/vrx_ws/install/_local_setup_util_sh.py'
[16.921s] INFO:colcon.colcon_core.shell:Creating prefix chain script '/home/mls/vrx_ws/install/setup.sh'
[16.924s] INFO:colcon.colcon_core.shell:Creating prefix script '/home/mls/vrx_ws/install/local_setup.bash'
[16.925s] INFO:colcon.colcon_core.shell:Creating prefix chain script '/home/mls/vrx_ws/install/setup.bash'
[16.928s] INFO:colcon.colcon_core.shell:Creating prefix script '/home/mls/vrx_ws/install/local_setup.zsh'
[16.930s] INFO:colcon.colcon_core.shell:Creating prefix chain script '/home/mls/vrx_ws/install/setup.zsh'
