Built target ament_cmake_python_copy_vrx_gazebo
Traceback (most recent call last):
  File "/home/mls/vrx_ws/build/vrx_gazebo/ament_cmake_python/vrx_gazebo/setup.py", line 4, in <module>
    setup(
  File "/usr/lib/python3/dist-packages/setuptools/__init__.py", line 152, in setup
    _install_setup_requires(attrs)
  File "/usr/lib/python3/dist-packages/setuptools/__init__.py", line 145, in _install_setup_requires
    dist.parse_config_files(ignore_option_errors=True)
  File "/usr/lib/python3/dist-packages/setuptools/dist.py", line 808, in parse_config_files
    self._finalize_license_files()
  File "/usr/lib/python3/dist-packages/setuptools/dist.py", line 607, in _finalize_license_files
    self.metadata.license_files = list(
  File "/usr/lib/python3/dist-packages/setuptools/_vendor/more_itertools/recipes.py", line 410, in unique_everseen
    for element in iterable:
  File "/usr/lib/python3/dist-packages/setuptools/dist.py", line 622, in <genexpr>
    for path in sorted(iglob(pattern))
  File "/usr/lib/python3.10/glob.py", line 69, in _iglob
    yield from _glob1(root_dir, basename, dir_fd, dironly)
  File "/usr/lib/python3.10/glob.py", line 97, in _glob1
    return fnmatch.filter(names, pattern)
  File "/usr/lib/python3.10/fnmatch.py", line 58, in filter
    match = _compile_pattern(pat)
  File "/usr/lib/python3.10/fnmatch.py", line 51, in _compile_pattern
    res = translate(pat)
  File "/usr/lib/python3.10/fnmatch.py", line 138, in translate
    stuff = re.sub(r'([&~|])', r'\\\1', stuff)
  File "/usr/lib/python3.10/re.py", line 209, in sub
    return _compile(pattern, flags).sub(repl, string, count)
  File "/usr/lib/python3.10/re.py", line 304, in _compile
    if not (flags & DEBUG):
  File "/usr/lib/python3.10/enum.py", line 987, in __and__
    if not isinstance(other, (self.__class__, int)):
KeyboardInterrupt
gmake[2]: *** [CMakeFiles/ament_cmake_python_build_vrx_gazebo_egg.dir/build.make:70: CMakeFiles/ament_cmake_python_build_vrx_gazebo_egg] Interrupt
gmake[1]: *** [CMakeFiles/Makefile2:164: CMakeFiles/ament_cmake_python_build_vrx_gazebo_egg.dir/all] Interrupt
gmake: *** [Makefile:146: all] Interrupt
