[0.087s] Invoking command in '/home/mls/vrx_ws/build/vrx_gazebo': CMAKE_PREFIX_PATH=/opt/ros/humble /usr/bin/cmake --build /home/mls/vrx_ws/build/vrx_gazebo -- -j8 -l8
[0.309s] Built target ament_cmake_python_copy_vrx_gazebo
[1.800s] Traceback (most recent call last):
[1.800s]   File "/home/mls/vrx_ws/build/vrx_gazebo/ament_cmake_python/vrx_gazebo/setup.py", line 4, in <module>
[1.801s]     setup(
[1.801s]   File "/usr/lib/python3/dist-packages/setuptools/__init__.py", line 152, in setup
[1.809s]     _install_setup_requires(attrs)
[1.809s]   File "/usr/lib/python3/dist-packages/setuptools/__init__.py", line 145, in _install_setup_requires
[1.810s]     dist.parse_config_files(ignore_option_errors=True)
[1.810s]   File "/usr/lib/python3/dist-packages/setuptools/dist.py", line 808, in parse_config_files
[1.961s]     self._finalize_license_files()
[1.961s]   File "/usr/lib/python3/dist-packages/setuptools/dist.py", line 607, in _finalize_license_files
[1.962s]     self.metadata.license_files = list(
[1.962s]   File "/usr/lib/python3/dist-packages/setuptools/_vendor/more_itertools/recipes.py", line 410, in unique_everseen
[1.968s]     for element in iterable:
[1.968s]   File "/usr/lib/python3/dist-packages/setuptools/dist.py", line 622, in <genexpr>
[1.968s]     for path in sorted(iglob(pattern))
[1.968s]   File "/usr/lib/python3.10/glob.py", line 69, in _iglob
[1.977s]     yield from _glob1(root_dir, basename, dir_fd, dironly)
[1.977s]   File "/usr/lib/python3.10/glob.py", line 97, in _glob1
[1.977s]     return fnmatch.filter(names, pattern)
[1.977s]   File "/usr/lib/python3.10/fnmatch.py", line 58, in filter
[1.980s]     match = _compile_pattern(pat)
[1.980s]   File "/usr/lib/python3.10/fnmatch.py", line 51, in _compile_pattern
[1.981s]     res = translate(pat)
[1.981s]   File "/usr/lib/python3.10/fnmatch.py", line 138, in translate
[1.981s]     stuff = re.sub(r'([&~|])', r'\\\1', stuff)
[1.981s]   File "/usr/lib/python3.10/re.py", line 209, in sub
[1.981s]     return _compile(pattern, flags).sub(repl, string, count)
[1.981s]   File "/usr/lib/python3.10/re.py", line 304, in _compile
[1.981s]     if not (flags & DEBUG):
[1.981s]   File "/usr/lib/python3.10/enum.py", line 987, in __and__
[1.998s]     if not isinstance(other, (self.__class__, int)):
[1.998s] KeyboardInterrupt
[2.050s] gmake[2]: *** [CMakeFiles/ament_cmake_python_build_vrx_gazebo_egg.dir/build.make:70: CMakeFiles/ament_cmake_python_build_vrx_gazebo_egg] Interrupt
[2.050s] gmake[1]: *** [CMakeFiles/Makefile2:164: CMakeFiles/ament_cmake_python_build_vrx_gazebo_egg.dir/all] Interrupt
[2.051s] gmake: *** [Makefile:146: all] Interrupt
