[0.131s] Invoking command in '/home/mls/vrx_ws/build/aquabot_python': CMAKE_PREFIX_PATH=/opt/ros/humble /usr/bin/cmake --build /home/mls/vrx_ws/build/aquabot_python -- -j8 -l8
[0.362s] Built target ament_cmake_python_copy_aquabot_python_setup
[0.389s] Built target ament_cmake_python_copy_aquabot_python
[1.322s] running egg_info
[1.324s] writing aquabot_python.egg-info/PKG-INFO
[1.325s] writing dependency_links to aquabot_python.egg-info/dependency_links.txt
[1.327s] writing top-level names to aquabot_python.egg-info/top_level.txt
[1.354s] reading manifest file 'aquabot_python.egg-info/SOURCES.txt'
[1.373s] writing manifest file 'aquabot_python.egg-info/SOURCES.txt'
[1.520s] Built target ament_cmake_python_build_aquabot_python_egg
[1.602s] Invoked command in '/home/mls/vrx_ws/build/aquabot_python' returned '0': CMAKE_PREFIX_PATH=/opt/ros/humble /usr/bin/cmake --build /home/mls/vrx_ws/build/aquabot_python -- -j8 -l8
[1.742s] Invoking command in '/home/mls/vrx_ws/build/aquabot_python': CMAKE_PREFIX_PATH=/opt/ros/humble /usr/bin/cmake --install /home/mls/vrx_ws/build/aquabot_python
[1.768s] -- Install configuration: ""
[1.769s] -- Up-to-date: /home/mls/vrx_ws/install/lib/aquabot_python/teleop_keyboard.py
[1.769s] -- Up-to-date: /home/mls/vrx_ws/install/lib/aquabot_python/generate_scenario.py
[1.769s] -- Up-to-date: /home/mls/vrx_ws/install/lib/aquabot_python/reopen_scenario.py
[1.769s] -- Up-to-date: /home/mls/vrx_ws/install/lib/aquabot_python/regenerate_scenario_file.py
[1.778s] -- Up-to-date: /home/mls/vrx_ws/install/lib/aquabot_python/plot_log_file.py
[1.778s] -- Up-to-date: /home/mls/vrx_ws/install/lib/aquabot_python/qrcode_generator.py
[1.779s] -- Up-to-date: /home/mls/vrx_ws/install/lib/aquabot_python/generate_competition_worlds.py
[1.779s] -- Up-to-date: /home/mls/vrx_ws/install/share/aquabot_python/environment/pythonpath.sh
[1.779s] -- Up-to-date: /home/mls/vrx_ws/install/share/aquabot_python/environment/pythonpath.dsv
[1.780s] -- Up-to-date: /home/mls/vrx_ws/install/local/lib/python3.10/dist-packages/aquabot_python-0.6.0-py3.10.egg-info
[1.780s] -- Installing: /home/mls/vrx_ws/install/local/lib/python3.10/dist-packages/aquabot_python-0.6.0-py3.10.egg-info/top_level.txt
[1.780s] -- Installing: /home/mls/vrx_ws/install/local/lib/python3.10/dist-packages/aquabot_python-0.6.0-py3.10.egg-info/PKG-INFO
[1.780s] -- Installing: /home/mls/vrx_ws/install/local/lib/python3.10/dist-packages/aquabot_python-0.6.0-py3.10.egg-info/dependency_links.txt
[1.780s] -- Installing: /home/mls/vrx_ws/install/local/lib/python3.10/dist-packages/aquabot_python-0.6.0-py3.10.egg-info/SOURCES.txt
[1.784s] -- Up-to-date: /home/mls/vrx_ws/install/local/lib/python3.10/dist-packages/aquabot_python
[1.784s] -- Up-to-date: /home/mls/vrx_ws/install/local/lib/python3.10/dist-packages/aquabot_python/__init__.py
[1.785s] -- Up-to-date: /home/mls/vrx_ws/install/local/lib/python3.10/dist-packages/aquabot_python/scenario_container.py
[1.785s] -- Up-to-date: /home/mls/vrx_ws/install/local/lib/python3.10/dist-packages/aquabot_python/scenario_parser.py
[1.785s] -- Up-to-date: /home/mls/vrx_ws/install/local/lib/python3.10/dist-packages/aquabot_python/scenario_pyplot.py
[1.785s] -- Up-to-date: /home/mls/vrx_ws/install/local/lib/python3.10/dist-packages/aquabot_python/scenario_generator.py
[1.785s] -- Up-to-date: /home/mls/vrx_ws/install/local/lib/python3.10/dist-packages/aquabot_python/replay_container.py
[1.785s] -- Up-to-date: /home/mls/vrx_ws/install/local/lib/python3.10/dist-packages/aquabot_python/environnement_container.py
[1.786s] -- Up-to-date: /home/mls/vrx_ws/install/local/lib/python3.10/dist-packages/aquabot_python/generator_methods.py
[1.786s] -- Up-to-date: /home/mls/vrx_ws/install/local/lib/python3.10/dist-packages/aquabot_python/log_parser.py
[1.934s] Listing '/home/mls/vrx_ws/install/local/lib/python3.10/dist-packages/aquabot_python'...
[1.954s] -- Up-to-date: /home/mls/vrx_ws/install/share/aquabot_python/images
[1.981s] -- Up-to-date: /home/mls/vrx_ws/install/share/aquabot_python/images/map_400.png
[1.982s] -- Up-to-date: /home/mls/vrx_ws/install/share/aquabot_python/images/map_300.png
[1.982s] -- Up-to-date: /home/mls/vrx_ws/install/share/aquabot_python/images/map_no_obstacles_400.png
[1.983s] -- Up-to-date: /home/mls/vrx_ws/install/share/aquabot_python/images/map_no_obstacles_300.png
[1.983s] -- Up-to-date: /home/mls/vrx_ws/install/share/ament_index/resource_index/package_run_dependencies/aquabot_python
[1.985s] -- Up-to-date: /home/mls/vrx_ws/install/share/ament_index/resource_index/parent_prefix_path/aquabot_python
[1.986s] -- Up-to-date: /home/mls/vrx_ws/install/share/aquabot_python/environment/ament_prefix_path.sh
[1.986s] -- Up-to-date: /home/mls/vrx_ws/install/share/aquabot_python/environment/ament_prefix_path.dsv
[1.987s] -- Up-to-date: /home/mls/vrx_ws/install/share/aquabot_python/environment/path.sh
[1.987s] -- Up-to-date: /home/mls/vrx_ws/install/share/aquabot_python/environment/path.dsv
[1.987s] -- Up-to-date: /home/mls/vrx_ws/install/share/aquabot_python/local_setup.bash
[1.987s] -- Up-to-date: /home/mls/vrx_ws/install/share/aquabot_python/local_setup.sh
[1.988s] -- Up-to-date: /home/mls/vrx_ws/install/share/aquabot_python/local_setup.zsh
[1.988s] -- Up-to-date: /home/mls/vrx_ws/install/share/aquabot_python/local_setup.dsv
[1.988s] -- Installing: /home/mls/vrx_ws/install/share/aquabot_python/package.dsv
[1.989s] -- Up-to-date: /home/mls/vrx_ws/install/share/ament_index/resource_index/packages/aquabot_python
[1.989s] -- Up-to-date: /home/mls/vrx_ws/install/share/aquabot_python/cmake/aquabot_pythonConfig.cmake
[1.989s] -- Up-to-date: /home/mls/vrx_ws/install/share/aquabot_python/cmake/aquabot_pythonConfig-version.cmake
[1.990s] -- Up-to-date: /home/mls/vrx_ws/install/share/aquabot_python/package.xml
[1.993s] Invoked command in '/home/mls/vrx_ws/build/aquabot_python' returned '0': CMAKE_PREFIX_PATH=/opt/ros/humble /usr/bin/cmake --install /home/mls/vrx_ws/build/aquabot_python
