[0.089s] Invoking command in '/home/mls/vrx_ws/build/wamv_description': AMENT_PREFIX_PATH=/home/mls/vrx_ws/install:${AMENT_PREFIX_PATH} CMAKE_PREFIX_PATH=/home/mls/vrx_ws/install:/opt/ros/humble GZ_SIM_RESOURCE_PATH=/home/mls/vrx_ws/install/share/vrx_gazebo/models:/home/mls/vrx_ws/install/share LD_LIBRARY_PATH=/home/mls/vrx_ws/install/lib:${LD_LIBRARY_PATH} PYTHONPATH=/home/mls/vrx_ws/install/local/lib/python3.10/dist-packages:${PYTHONPATH} /usr/bin/cmake --build /home/mls/vrx_ws/build/wamv_description -- -j8 -l8
[0.270s] [100%] Built target wamv_description__xacro_auto_generate
[0.310s] Invoked command in '/home/mls/vrx_ws/build/wamv_description' returned '0': AMENT_PREFIX_PATH=/home/mls/vrx_ws/install:${AMENT_PREFIX_PATH} CMAKE_PREFIX_PATH=/home/mls/vrx_ws/install:/opt/ros/humble GZ_SIM_RESOURCE_PATH=/home/mls/vrx_ws/install/share/vrx_gazebo/models:/home/mls/vrx_ws/install/share LD_LIBRARY_PATH=/home/mls/vrx_ws/install/lib:${LD_LIBRARY_PATH} PYTHONPATH=/home/mls/vrx_ws/install/local/lib/python3.10/dist-packages:${PYTHONPATH} /usr/bin/cmake --build /home/mls/vrx_ws/build/wamv_description -- -j8 -l8
[0.389s] Invoking command in '/home/mls/vrx_ws/build/wamv_description': AMENT_PREFIX_PATH=/home/mls/vrx_ws/install:${AMENT_PREFIX_PATH} CMAKE_PREFIX_PATH=/home/mls/vrx_ws/install:/opt/ros/humble GZ_SIM_RESOURCE_PATH=/home/mls/vrx_ws/install/share/vrx_gazebo/models:/home/mls/vrx_ws/install/share LD_LIBRARY_PATH=/home/mls/vrx_ws/install/lib:${LD_LIBRARY_PATH} PYTHONPATH=/home/mls/vrx_ws/install/local/lib/python3.10/dist-packages:${PYTHONPATH} /usr/bin/cmake --install /home/mls/vrx_ws/build/wamv_description
[0.404s] -- Install configuration: ""
[0.405s] -- Up-to-date: /home/mls/vrx_ws/install/share/wamv_description/environment/resource_paths.dsv
[0.406s] -- Up-to-date: /home/mls/vrx_ws/install/share/wamv_description/environment/resource_paths.sh
[0.409s] -- Up-to-date: /home/mls/vrx_ws/install/share/wamv_description/urdf/wamv_base.urdf
[0.413s] -- Up-to-date: /home/mls/vrx_ws/install/share/wamv_description/models
[0.413s] -- Up-to-date: /home/mls/vrx_ws/install/share/wamv_description/models/WAM-V-Base
[0.414s] -- Up-to-date: /home/mls/vrx_ws/install/share/wamv_description/models/WAM-V-Base/mesh
[0.414s] -- Up-to-date: /home/mls/vrx_ws/install/share/wamv_description/models/WAM-V-Base/mesh/WAM-V_Metalness.png
[0.415s] -- Up-to-date: /home/mls/vrx_ws/install/share/wamv_description/models/WAM-V-Base/mesh/WAM-V-Base.dae
[0.416s] -- Up-to-date: /home/mls/vrx_ws/install/share/wamv_description/models/WAM-V-Base/mesh/WAM-V_Roughness.png
[0.416s] -- Up-to-date: /home/mls/vrx_ws/install/share/wamv_description/models/WAM-V-Base/mesh/WAM-V_Albedo.png
[0.417s] -- Up-to-date: /home/mls/vrx_ws/install/share/wamv_description/models/WAM-V-Base/mesh/WAM-V_Normal.png
[0.419s] -- Up-to-date: /home/mls/vrx_ws/install/share/wamv_description/models/WAM-V-Base/mesh/WamV.png
[0.419s] -- Up-to-date: /home/mls/vrx_ws/install/share/wamv_description/models/WAM-V-Base/model.config
[0.420s] -- Up-to-date: /home/mls/vrx_ws/install/share/wamv_description/models/propeller
[0.420s] -- Up-to-date: /home/mls/vrx_ws/install/share/wamv_description/models/propeller/mesh
[0.420s] -- Up-to-date: /home/mls/vrx_ws/install/share/wamv_description/models/propeller/mesh/propeller.dae
[0.420s] -- Up-to-date: /home/mls/vrx_ws/install/share/wamv_description/models/propeller/model.config
[0.420s] -- Up-to-date: /home/mls/vrx_ws/install/share/wamv_description/models/engine
[0.421s] -- Up-to-date: /home/mls/vrx_ws/install/share/wamv_description/models/engine/mesh
[0.421s] -- Up-to-date: /home/mls/vrx_ws/install/share/wamv_description/models/engine/mesh/engine.dae
[0.421s] -- Up-to-date: /home/mls/vrx_ws/install/share/wamv_description/models/engine/model.config
[0.421s] -- Up-to-date: /home/mls/vrx_ws/install/share/wamv_description/urdf
[0.422s] -- Up-to-date: /home/mls/vrx_ws/install/share/wamv_description/urdf/battery.xacro
[0.422s] -- Up-to-date: /home/mls/vrx_ws/install/share/wamv_description/urdf/wamv_base.urdf.xacro
[0.422s] -- Up-to-date: /home/mls/vrx_ws/install/share/wamv_description/urdf/thrusters
[0.422s] -- Up-to-date: /home/mls/vrx_ws/install/share/wamv_description/urdf/thrusters/engine.xacro
[0.422s] -- Up-to-date: /home/mls/vrx_ws/install/share/wamv_description/urdf/cpu_cases.xacro
[0.423s] -- Up-to-date: /home/mls/vrx_ws/install/share/ament_index/resource_index/package_run_dependencies/wamv_description
[0.423s] -- Up-to-date: /home/mls/vrx_ws/install/share/ament_index/resource_index/parent_prefix_path/wamv_description
[0.423s] -- Up-to-date: /home/mls/vrx_ws/install/share/wamv_description/environment/ament_prefix_path.sh
[0.423s] -- Up-to-date: /home/mls/vrx_ws/install/share/wamv_description/environment/ament_prefix_path.dsv
[0.423s] -- Up-to-date: /home/mls/vrx_ws/install/share/wamv_description/environment/path.sh
[0.424s] -- Up-to-date: /home/mls/vrx_ws/install/share/wamv_description/environment/path.dsv
[0.424s] -- Up-to-date: /home/mls/vrx_ws/install/share/wamv_description/local_setup.bash
[0.424s] -- Up-to-date: /home/mls/vrx_ws/install/share/wamv_description/local_setup.sh
[0.424s] -- Up-to-date: /home/mls/vrx_ws/install/share/wamv_description/local_setup.zsh
[0.424s] -- Up-to-date: /home/mls/vrx_ws/install/share/wamv_description/local_setup.dsv
[0.425s] -- Up-to-date: /home/mls/vrx_ws/install/share/wamv_description/package.dsv
[0.425s] -- Up-to-date: /home/mls/vrx_ws/install/share/ament_index/resource_index/packages/wamv_description
[0.425s] -- Up-to-date: /home/mls/vrx_ws/install/share/wamv_description/cmake/wamv_descriptionConfig.cmake
[0.425s] -- Up-to-date: /home/mls/vrx_ws/install/share/wamv_description/cmake/wamv_descriptionConfig-version.cmake
[0.425s] -- Up-to-date: /home/mls/vrx_ws/install/share/wamv_description/package.xml
[0.426s] Invoked command in '/home/mls/vrx_ws/build/wamv_description' returned '0': AMENT_PREFIX_PATH=/home/mls/vrx_ws/install:${AMENT_PREFIX_PATH} CMAKE_PREFIX_PATH=/home/mls/vrx_ws/install:/opt/ros/humble GZ_SIM_RESOURCE_PATH=/home/mls/vrx_ws/install/share/vrx_gazebo/models:/home/mls/vrx_ws/install/share LD_LIBRARY_PATH=/home/mls/vrx_ws/install/lib:${LD_LIBRARY_PATH} PYTHONPATH=/home/mls/vrx_ws/install/local/lib/python3.10/dist-packages:${PYTHONPATH} /usr/bin/cmake --install /home/mls/vrx_ws/build/wamv_description
