[0.020s] Invoking command in '/home/mls/vrx_ws/build/navigation': CMAKE_PREFIX_PATH=${CMAKE_PREFIX_PATH}:/opt/ros/humble /usr/bin/cmake --build /home/mls/vrx_ws/build/navigation -- -j8 -l8
[0.096s] -- Found ament_cmake: 1.3.10 (/opt/ros/humble/share/ament_cmake/cmake)
[0.397s] -- Found rclcpp: 16.0.10 (/opt/ros/humble/share/rclcpp/cmake)
[0.510s] -- Found rosidl_generator_c: 3.1.5 (/opt/ros/humble/share/rosidl_generator_c/cmake)
[0.518s] -- Found rosidl_adapter: 3.1.5 (/opt/ros/humble/share/rosidl_adapter/cmake)
[0.535s] -- Found rosidl_generator_cpp: 3.1.5 (/opt/ros/humble/share/rosidl_generator_cpp/cmake)
[0.558s] -- Using all available rosidl_typesupport_c: rosidl_typesupport_fastrtps_c;rosidl_typesupport_introspection_c
[0.587s] -- Using all available rosidl_typesupport_cpp: rosidl_typesupport_fastrtps_cpp;rosidl_typesupport_introspection_cpp
[0.779s] -- Found rmw_implementation_cmake: 6.1.2 (/opt/ros/humble/share/rmw_implementation_cmake/cmake)
[0.804s] -- Found rmw_fastrtps_cpp: 6.2.7 (/opt/ros/humble/share/rmw_fastrtps_cpp/cmake)
[1.152s] -- Using RMW implementation 'rmw_fastrtps_cpp' as default
[1.363s] -- Found sensor_msgs: 4.2.4 (/opt/ros/humble/share/sensor_msgs/cmake)
[1.492s] -- Found tf2: 0.25.8 (/opt/ros/humble/share/tf2/cmake)
[1.679s] -- Configuring done
[1.727s] -- Generating done
[1.730s] -- Build files have been written to: /home/mls/vrx_ws/build/navigation
[1.787s] [35m[1mConsolidate compiler generated dependencies of target navigation[0m
[1.832s] [ 66%] [32mBuilding CXX object CMakeFiles/navigation.dir/src/navigation.cpp.o[0m
[1.832s] [ 66%] [32mBuilding CXX object CMakeFiles/navigation.dir/src/aqua_utils.cpp.o[0m
[2.290s] [01m[K/home/mls/vrx_ws/src/navigation/src/aqua_utils.cpp:[m[K In function ‘[01m[Kstd::vector<double> Quaternion2RPY(const tf2::Quaternion&)[m[K’:
[2.290s] [01m[K/home/mls/vrx_ws/src/navigation/src/aqua_utils.cpp:32:24:[m[K [01;31m[Kerror: [m[K‘[01m[Kmsg[m[K’ was not declared in this scope
[2.290s]    32 |   tf2::Quaternion qImu([01;31m[Kmsg[m[K.orientation.x, msg.orientation.y, msg.orientation.z,
[2.290s]       |                        [01;31m[K^~~[m[K
[2.290s] [01m[K/home/mls/vrx_ws/src/navigation/src/aqua_utils.cpp:31:59:[m[K [01;35m[Kwarning: [m[Kunused parameter ‘[01m[Kq[m[K’ [[01;35m[K]8;;https://gcc.gnu.org/onlinedocs/gcc/Warning-Options.html#index-Wunused-parameter-Wunused-parameter]8;;[m[K]
[2.290s]    31 | std::vector<double> Quaternion2RPY([01;35m[Kconst tf2::Quaternion &q[m[K) {
[2.290s]       |                                    [01;35m[K~~~~~~~~~~~~~~~~~~~~~~~^[m[K
[2.395s] gmake[2]: *** [CMakeFiles/navigation.dir/build.make:90: CMakeFiles/navigation.dir/src/aqua_utils.cpp.o] Error 1
[2.395s] gmake[2]: *** Waiting for unfinished jobs....
[25.877s] gmake[1]: *** [CMakeFiles/Makefile2:137: CMakeFiles/navigation.dir/all] Error 2
[25.878s] gmake: *** [Makefile:146: all] Error 2
[25.881s] Invoked command in '/home/mls/vrx_ws/build/navigation' returned '2': CMAKE_PREFIX_PATH=${CMAKE_PREFIX_PATH}:/opt/ros/humble /usr/bin/cmake --build /home/mls/vrx_ws/build/navigation -- -j8 -l8
