[0.041s] Invoking command in '/home/mls/vrx_ws/build/navigation': CMAKE_PREFIX_PATH=/opt/ros/humble /usr/bin/cmake --build /home/mls/vrx_ws/build/navigation -- -j8 -l8
[0.132s] [35m[1mConsolidate compiler generated dependencies of target navigation[0m
[0.168s] [100%] Built target navigation
[0.193s] Invoked command in '/home/mls/vrx_ws/build/navigation' returned '0': CMAKE_PREFIX_PATH=/opt/ros/humble /usr/bin/cmake --build /home/mls/vrx_ws/build/navigation -- -j8 -l8
[0.260s] Invoking command in '/home/mls/vrx_ws/build/navigation': CMAKE_PREFIX_PATH=/opt/ros/humble /usr/bin/cmake --install /home/mls/vrx_ws/build/navigation
[1.454s] -- Install configuration: ""
[1.454s] -- Up-to-date: /home/mls/vrx_ws/install/lib/navigation/navigation
[1.454s] -- Up-to-date: /home/mls/vrx_ws/install/share/ament_index/resource_index/package_run_dependencies/navigation
[1.454s] -- Up-to-date: /home/mls/vrx_ws/install/share/ament_index/resource_index/parent_prefix_path/navigation
[1.454s] -- Up-to-date: /home/mls/vrx_ws/install/share/navigation/environment/ament_prefix_path.sh
[1.454s] -- Up-to-date: /home/mls/vrx_ws/install/share/navigation/environment/ament_prefix_path.dsv
[1.454s] -- Up-to-date: /home/mls/vrx_ws/install/share/navigation/environment/path.sh
[1.454s] -- Up-to-date: /home/mls/vrx_ws/install/share/navigation/environment/path.dsv
[1.454s] -- Up-to-date: /home/mls/vrx_ws/install/share/navigation/local_setup.bash
[1.454s] -- Up-to-date: /home/mls/vrx_ws/install/share/navigation/local_setup.sh
[1.455s] -- Up-to-date: /home/mls/vrx_ws/install/share/navigation/local_setup.zsh
[1.455s] -- Up-to-date: /home/mls/vrx_ws/install/share/navigation/local_setup.dsv
[1.455s] -- Installing: /home/mls/vrx_ws/install/share/navigation/package.dsv
[1.456s] -- Up-to-date: /home/mls/vrx_ws/install/share/ament_index/resource_index/packages/navigation
[1.457s] -- Up-to-date: /home/mls/vrx_ws/install/share/navigation/cmake/navigationConfig.cmake
[1.458s] -- Up-to-date: /home/mls/vrx_ws/install/share/navigation/cmake/navigationConfig-version.cmake
[1.460s] -- Up-to-date: /home/mls/vrx_ws/install/share/navigation/package.xml
[1.462s] Invoked command in '/home/mls/vrx_ws/build/navigation' returned '0': CMAKE_PREFIX_PATH=/opt/ros/humble /usr/bin/cmake --install /home/mls/vrx_ws/build/navigation
