[0.021s] Invoking command in '/home/mls/vrx_ws/build/aquabot_gz': AMENT_PREFIX_PATH=/home/mls/vrx_ws/install:${AMENT_PREFIX_PATH} CMAKE_PREFIX_PATH=/home/mls/vrx_ws/install:/opt/ros/humble GZ_SIM_RESOURCE_PATH=/home/mls/vrx_ws/install/share/vrx_gz/models/tmp:/home/mls/vrx_ws/install/share/vrx_gz/models:/home/mls/vrx_ws/install/share/vrx_gz/worlds/2023_practice:/home/mls/vrx_ws/install/share/vrx_gz/worlds GZ_SIM_SYSTEM_PLUGIN_PATH=/home/mls/vrx_ws/install/lib LD_LIBRARY_PATH=/home/mls/vrx_ws/install/lib:${LD_LIBRARY_PATH} PYTHONPATH=/home/mls/vrx_ws/install/local/lib/python3.10/dist-packages:${PYTHONPATH} /usr/bin/cmake --build /home/mls/vrx_ws/build/aquabot_gz -- -j8 -l8
[0.117s] [35m[1mConsolidate compiler generated dependencies of target WindturbinesInspectionScoringPlugin[0m
[0.120s] [35m[1mConsolidate compiler generated dependencies of target PatrolAndFollowScoringPlugin[0m
[0.157s] [  0%] Built target ament_cmake_python_copy_aquabot_gz
[0.176s] [ 50%] Built target PatrolAndFollowScoringPlugin
[0.178s] [100%] Built target WindturbinesInspectionScoringPlugin
[0.771s] running egg_info
[0.773s] writing aquabot_gz.egg-info/PKG-INFO
[0.774s] writing dependency_links to aquabot_gz.egg-info/dependency_links.txt
[0.774s] writing top-level names to aquabot_gz.egg-info/top_level.txt
[0.779s] reading manifest file 'aquabot_gz.egg-info/SOURCES.txt'
[0.780s] writing manifest file 'aquabot_gz.egg-info/SOURCES.txt'
[0.851s] [100%] Built target ament_cmake_python_build_aquabot_gz_egg
[0.873s] Invoked command in '/home/mls/vrx_ws/build/aquabot_gz' returned '0': AMENT_PREFIX_PATH=/home/mls/vrx_ws/install:${AMENT_PREFIX_PATH} CMAKE_PREFIX_PATH=/home/mls/vrx_ws/install:/opt/ros/humble GZ_SIM_RESOURCE_PATH=/home/mls/vrx_ws/install/share/vrx_gz/models/tmp:/home/mls/vrx_ws/install/share/vrx_gz/models:/home/mls/vrx_ws/install/share/vrx_gz/worlds/2023_practice:/home/mls/vrx_ws/install/share/vrx_gz/worlds GZ_SIM_SYSTEM_PLUGIN_PATH=/home/mls/vrx_ws/install/lib LD_LIBRARY_PATH=/home/mls/vrx_ws/install/lib:${LD_LIBRARY_PATH} PYTHONPATH=/home/mls/vrx_ws/install/local/lib/python3.10/dist-packages:${PYTHONPATH} /usr/bin/cmake --build /home/mls/vrx_ws/build/aquabot_gz -- -j8 -l8
[0.945s] Invoking command in '/home/mls/vrx_ws/build/aquabot_gz': AMENT_PREFIX_PATH=/home/mls/vrx_ws/install:${AMENT_PREFIX_PATH} CMAKE_PREFIX_PATH=/home/mls/vrx_ws/install:/opt/ros/humble GZ_SIM_RESOURCE_PATH=/home/mls/vrx_ws/install/share/vrx_gz/models/tmp:/home/mls/vrx_ws/install/share/vrx_gz/models:/home/mls/vrx_ws/install/share/vrx_gz/worlds/2023_practice:/home/mls/vrx_ws/install/share/vrx_gz/worlds GZ_SIM_SYSTEM_PLUGIN_PATH=/home/mls/vrx_ws/install/lib LD_LIBRARY_PATH=/home/mls/vrx_ws/install/lib:${LD_LIBRARY_PATH} PYTHONPATH=/home/mls/vrx_ws/install/local/lib/python3.10/dist-packages:${PYTHONPATH} /usr/bin/cmake --install /home/mls/vrx_ws/build/aquabot_gz
[0.960s] -- Install configuration: ""
[0.960s] -- Up-to-date: /home/mls/vrx_ws/install/share/aquabot_gz/environment/resource_paths.dsv
[0.960s] -- Up-to-date: /home/mls/vrx_ws/install/share/aquabot_gz/environment/resource_paths.sh
[0.960s] -- Up-to-date: /home/mls/vrx_ws/install/lib/libPatrolAndFollowScoringPlugin.so
[0.961s] -- Up-to-date: /home/mls/vrx_ws/install/lib/libWindturbinesInspectionScoringPlugin.so
[0.961s] -- Up-to-date: /home/mls/vrx_ws/install/share/aquabot_gz/environment/pythonpath.sh
[0.962s] -- Up-to-date: /home/mls/vrx_ws/install/share/aquabot_gz/environment/pythonpath.dsv
[0.962s] -- Up-to-date: /home/mls/vrx_ws/install/local/lib/python3.10/dist-packages/aquabot_gz-0.6.0-py3.10.egg-info
[0.962s] -- Installing: /home/mls/vrx_ws/install/local/lib/python3.10/dist-packages/aquabot_gz-0.6.0-py3.10.egg-info/top_level.txt
[0.962s] -- Installing: /home/mls/vrx_ws/install/local/lib/python3.10/dist-packages/aquabot_gz-0.6.0-py3.10.egg-info/PKG-INFO
[0.963s] -- Installing: /home/mls/vrx_ws/install/local/lib/python3.10/dist-packages/aquabot_gz-0.6.0-py3.10.egg-info/dependency_links.txt
[0.963s] -- Installing: /home/mls/vrx_ws/install/local/lib/python3.10/dist-packages/aquabot_gz-0.6.0-py3.10.egg-info/SOURCES.txt
[0.963s] -- Up-to-date: /home/mls/vrx_ws/install/local/lib/python3.10/dist-packages/aquabot_gz
[0.963s] -- Up-to-date: /home/mls/vrx_ws/install/local/lib/python3.10/dist-packages/aquabot_gz/__init__.py
[0.963s] -- Up-to-date: /home/mls/vrx_ws/install/local/lib/python3.10/dist-packages/aquabot_gz/launch.py
[0.964s] -- Up-to-date: /home/mls/vrx_ws/install/local/lib/python3.10/dist-packages/aquabot_gz/bridges.py
[1.035s] Listing '/home/mls/vrx_ws/install/local/lib/python3.10/dist-packages/aquabot_gz'...
[1.053s] -- Up-to-date: /home/mls/vrx_ws/install/share/aquabot_gz/launch
[1.053s] -- Up-to-date: /home/mls/vrx_ws/install/share/aquabot_gz/launch/competition.launch.py
[1.053s] -- Up-to-date: /home/mls/vrx_ws/install/share/aquabot_gz/launch/rviz.launch.py
[1.053s] -- Up-to-date: /home/mls/vrx_ws/install/share/aquabot_gz/models
[1.054s] -- Up-to-date: /home/mls/vrx_ws/install/share/aquabot_gz/models/aquabot_regatta_no_obstacles_world
[1.054s] -- Up-to-date: /home/mls/vrx_ws/install/share/aquabot_gz/models/aquabot_regatta_no_obstacles_world/model.sdf
[1.054s] -- Up-to-date: /home/mls/vrx_ws/install/share/aquabot_gz/models/aquabot_regatta_no_obstacles_world/model.config
[1.055s] -- Up-to-date: /home/mls/vrx_ws/install/share/aquabot_gz/models/aquabot_marker_4_KO
[1.055s] -- Up-to-date: /home/mls/vrx_ws/install/share/aquabot_gz/models/aquabot_marker_4_KO/materials
[1.056s] -- Up-to-date: /home/mls/vrx_ws/install/share/aquabot_gz/models/aquabot_marker_4_KO/materials/textures
[1.056s] -- Up-to-date: /home/mls/vrx_ws/install/share/aquabot_gz/models/aquabot_marker_4_KO/materials/textures/Marker0.png
[1.057s] -- Up-to-date: /home/mls/vrx_ws/install/share/aquabot_gz/models/aquabot_marker_4_KO/materials/textures/aquabot_marker_4_KO.png
[1.057s] -- Up-to-date: /home/mls/vrx_ws/install/share/aquabot_gz/models/aquabot_marker_4_KO/model.sdf
[1.057s] -- Up-to-date: /home/mls/vrx_ws/install/share/aquabot_gz/models/aquabot_marker_4_KO/meshes
[1.058s] -- Up-to-date: /home/mls/vrx_ws/install/share/aquabot_gz/models/aquabot_marker_4_KO/meshes/Marker0.dae
[1.059s] -- Up-to-date: /home/mls/vrx_ws/install/share/aquabot_gz/models/aquabot_marker_4_KO/model.config
[1.060s] -- Up-to-date: /home/mls/vrx_ws/install/share/aquabot_gz/models/aquabot_island
[1.060s] -- Up-to-date: /home/mls/vrx_ws/install/share/aquabot_gz/models/aquabot_island/model.sdf
[1.061s] -- Up-to-date: /home/mls/vrx_ws/install/share/aquabot_gz/models/aquabot_island/model.config
[1.061s] -- Up-to-date: /home/mls/vrx_ws/install/share/aquabot_gz/models/aquabot_windturbine_main
[1.061s] -- Up-to-date: /home/mls/vrx_ws/install/share/aquabot_gz/models/aquabot_windturbine_main/model.sdf
[1.061s] -- Up-to-date: /home/mls/vrx_ws/install/share/aquabot_gz/models/aquabot_windturbine_main/mesh
[1.062s] -- Up-to-date: /home/mls/vrx_ws/install/share/aquabot_gz/models/aquabot_windturbine_main/mesh/main.dae
[1.062s] -- Up-to-date: /home/mls/vrx_ws/install/share/aquabot_gz/models/aquabot_windturbine_main/model.config
[1.062s] -- Up-to-date: /home/mls/vrx_ws/install/share/aquabot_gz/models/aquabot_sonar_buoy
[1.062s] -- Up-to-date: /home/mls/vrx_ws/install/share/aquabot_gz/models/aquabot_sonar_buoy/model.sdf
[1.063s] -- Up-to-date: /home/mls/vrx_ws/install/share/aquabot_gz/models/aquabot_sonar_buoy/mesh
[1.063s] -- Up-to-date: /home/mls/vrx_ws/install/share/aquabot_gz/models/aquabot_sonar_buoy/mesh/sonar_buoy.dae
[1.063s] -- Up-to-date: /home/mls/vrx_ws/install/share/aquabot_gz/models/aquabot_sonar_buoy/model.config
[1.063s] -- Up-to-date: /home/mls/vrx_ws/install/share/aquabot_gz/models/aquabot_marker_6_KO
[1.064s] -- Up-to-date: /home/mls/vrx_ws/install/share/aquabot_gz/models/aquabot_marker_6_KO/materials
[1.064s] -- Up-to-date: /home/mls/vrx_ws/install/share/aquabot_gz/models/aquabot_marker_6_KO/materials/textures
[1.064s] -- Up-to-date: /home/mls/vrx_ws/install/share/aquabot_gz/models/aquabot_marker_6_KO/materials/textures/Marker0.png
[1.065s] -- Up-to-date: /home/mls/vrx_ws/install/share/aquabot_gz/models/aquabot_marker_6_KO/materials/textures/aquabot_marker_6_KO.png
[1.065s] -- Up-to-date: /home/mls/vrx_ws/install/share/aquabot_gz/models/aquabot_marker_6_KO/model.sdf
[1.065s] -- Up-to-date: /home/mls/vrx_ws/install/share/aquabot_gz/models/aquabot_marker_6_KO/meshes
[1.065s] -- Up-to-date: /home/mls/vrx_ws/install/share/aquabot_gz/models/aquabot_marker_6_KO/meshes/Marker0.dae
[1.066s] -- Up-to-date: /home/mls/vrx_ws/install/share/aquabot_gz/models/aquabot_marker_6_KO/model.config
[1.066s] -- Up-to-date: /home/mls/vrx_ws/install/share/aquabot_gz/models/aquabot_marker_1_KO
[1.066s] -- Up-to-date: /home/mls/vrx_ws/install/share/aquabot_gz/models/aquabot_marker_1_KO/materials
[1.066s] -- Up-to-date: /home/mls/vrx_ws/install/share/aquabot_gz/models/aquabot_marker_1_KO/materials/textures
[1.067s] -- Up-to-date: /home/mls/vrx_ws/install/share/aquabot_gz/models/aquabot_marker_1_KO/materials/textures/Marker0.png
[1.067s] -- Up-to-date: /home/mls/vrx_ws/install/share/aquabot_gz/models/aquabot_marker_1_KO/materials/textures/aquabot_marker_1_KO.png
[1.067s] -- Up-to-date: /home/mls/vrx_ws/install/share/aquabot_gz/models/aquabot_marker_1_KO/model.sdf
[1.068s] -- Up-to-date: /home/mls/vrx_ws/install/share/aquabot_gz/models/aquabot_marker_1_KO/meshes
[1.068s] -- Up-to-date: /home/mls/vrx_ws/install/share/aquabot_gz/models/aquabot_marker_1_KO/meshes/Marker0.dae
[1.068s] -- Up-to-date: /home/mls/vrx_ws/install/share/aquabot_gz/models/aquabot_marker_1_KO/model.config
[1.068s] -- Up-to-date: /home/mls/vrx_ws/install/share/aquabot_gz/models/aquabot_lighthouse
[1.068s] -- Up-to-date: /home/mls/vrx_ws/install/share/aquabot_gz/models/aquabot_lighthouse/model.sdf
[1.069s] -- Up-to-date: /home/mls/vrx_ws/install/share/aquabot_gz/models/aquabot_lighthouse/mesh
[1.069s] -- Up-to-date: /home/mls/vrx_ws/install/share/aquabot_gz/models/aquabot_lighthouse/mesh/lighthouse.dae
[1.069s] -- Up-to-date: /home/mls/vrx_ws/install/share/aquabot_gz/models/aquabot_lighthouse/model.config
[1.069s] -- Up-to-date: /home/mls/vrx_ws/install/share/aquabot_gz/models/aquabot_marker_1_OK
[1.069s] -- Up-to-date: /home/mls/vrx_ws/install/share/aquabot_gz/models/aquabot_marker_1_OK/materials
[1.069s] -- Up-to-date: /home/mls/vrx_ws/install/share/aquabot_gz/models/aquabot_marker_1_OK/materials/textures
[1.070s] -- Up-to-date: /home/mls/vrx_ws/install/share/aquabot_gz/models/aquabot_marker_1_OK/materials/textures/Marker0.png
[1.070s] -- Up-to-date: /home/mls/vrx_ws/install/share/aquabot_gz/models/aquabot_marker_1_OK/materials/textures/aquabot_marker_1_OK.png
[1.070s] -- Up-to-date: /home/mls/vrx_ws/install/share/aquabot_gz/models/aquabot_marker_1_OK/model.sdf
[1.070s] -- Up-to-date: /home/mls/vrx_ws/install/share/aquabot_gz/models/aquabot_marker_1_OK/meshes
[1.070s] -- Up-to-date: /home/mls/vrx_ws/install/share/aquabot_gz/models/aquabot_marker_1_OK/meshes/Marker0.dae
[1.071s] -- Up-to-date: /home/mls/vrx_ws/install/share/aquabot_gz/models/aquabot_marker_1_OK/model.config
[1.071s] -- Up-to-date: /home/mls/vrx_ws/install/share/aquabot_gz/models/aquabot_lighthouse_island
[1.071s] -- Up-to-date: /home/mls/vrx_ws/install/share/aquabot_gz/models/aquabot_lighthouse_island/model.sdf
[1.071s] -- Up-to-date: /home/mls/vrx_ws/install/share/aquabot_gz/models/aquabot_lighthouse_island/model.config
[1.071s] -- Up-to-date: /home/mls/vrx_ws/install/share/aquabot_gz/models/aquabot_rock
[1.071s] -- Up-to-date: /home/mls/vrx_ws/install/share/aquabot_gz/models/aquabot_rock/model.sdf
[1.072s] -- Up-to-date: /home/mls/vrx_ws/install/share/aquabot_gz/models/aquabot_rock/mesh
[1.072s] -- Up-to-date: /home/mls/vrx_ws/install/share/aquabot_gz/models/aquabot_rock/mesh/rock.dae
[1.072s] -- Up-to-date: /home/mls/vrx_ws/install/share/aquabot_gz/models/aquabot_rock/model.config
[1.072s] -- Up-to-date: /home/mls/vrx_ws/install/share/aquabot_gz/models/aquabot_marker_6_OK
[1.073s] -- Up-to-date: /home/mls/vrx_ws/install/share/aquabot_gz/models/aquabot_marker_6_OK/materials
[1.073s] -- Up-to-date: /home/mls/vrx_ws/install/share/aquabot_gz/models/aquabot_marker_6_OK/materials/textures
[1.074s] -- Up-to-date: /home/mls/vrx_ws/install/share/aquabot_gz/models/aquabot_marker_6_OK/materials/textures/Marker0.png
[1.076s] -- Up-to-date: /home/mls/vrx_ws/install/share/aquabot_gz/models/aquabot_marker_6_OK/materials/textures/aquabot_marker_6_OK.png
[1.076s] -- Up-to-date: /home/mls/vrx_ws/install/share/aquabot_gz/models/aquabot_marker_6_OK/model.sdf
[1.077s] -- Up-to-date: /home/mls/vrx_ws/install/share/aquabot_gz/models/aquabot_marker_6_OK/meshes
[1.078s] -- Up-to-date: /home/mls/vrx_ws/install/share/aquabot_gz/models/aquabot_marker_6_OK/meshes/Marker0.dae
[1.078s] -- Up-to-date: /home/mls/vrx_ws/install/share/aquabot_gz/models/aquabot_marker_6_OK/model.config
[1.078s] -- Up-to-date: /home/mls/vrx_ws/install/share/aquabot_gz/models/aquabot_marker_2_OK
[1.079s] -- Up-to-date: /home/mls/vrx_ws/install/share/aquabot_gz/models/aquabot_marker_2_OK/materials
[1.079s] -- Up-to-date: /home/mls/vrx_ws/install/share/aquabot_gz/models/aquabot_marker_2_OK/materials/textures
[1.079s] -- Up-to-date: /home/mls/vrx_ws/install/share/aquabot_gz/models/aquabot_marker_2_OK/materials/textures/Marker0.png
[1.079s] -- Up-to-date: /home/mls/vrx_ws/install/share/aquabot_gz/models/aquabot_marker_2_OK/materials/textures/aquabot_marker_2_OK.png
[1.079s] -- Up-to-date: /home/mls/vrx_ws/install/share/aquabot_gz/models/aquabot_marker_2_OK/model.sdf
[1.080s] -- Up-to-date: /home/mls/vrx_ws/install/share/aquabot_gz/models/aquabot_marker_2_OK/meshes
[1.080s] -- Up-to-date: /home/mls/vrx_ws/install/share/aquabot_gz/models/aquabot_marker_2_OK/meshes/Marker0.dae
[1.080s] -- Up-to-date: /home/mls/vrx_ws/install/share/aquabot_gz/models/aquabot_marker_2_OK/model.config
[1.080s] -- Up-to-date: /home/mls/vrx_ws/install/share/aquabot_gz/models/aquabot_marker_7_OK
[1.081s] -- Up-to-date: /home/mls/vrx_ws/install/share/aquabot_gz/models/aquabot_marker_7_OK/materials
[1.081s] -- Up-to-date: /home/mls/vrx_ws/install/share/aquabot_gz/models/aquabot_marker_7_OK/materials/textures
[1.081s] -- Up-to-date: /home/mls/vrx_ws/install/share/aquabot_gz/models/aquabot_marker_7_OK/materials/textures/Marker0.png
[1.081s] -- Up-to-date: /home/mls/vrx_ws/install/share/aquabot_gz/models/aquabot_marker_7_OK/materials/textures/aquabot_marker_7_OK.png
[1.082s] -- Up-to-date: /home/mls/vrx_ws/install/share/aquabot_gz/models/aquabot_marker_7_OK/model.sdf
[1.082s] -- Up-to-date: /home/mls/vrx_ws/install/share/aquabot_gz/models/aquabot_marker_7_OK/meshes
[1.082s] -- Up-to-date: /home/mls/vrx_ws/install/share/aquabot_gz/models/aquabot_marker_7_OK/meshes/Marker0.dae
[1.082s] -- Up-to-date: /home/mls/vrx_ws/install/share/aquabot_gz/models/aquabot_marker_7_OK/model.config
[1.083s] -- Up-to-date: /home/mls/vrx_ws/install/share/aquabot_gz/models/aquabot_marker_3_OK
[1.083s] -- Up-to-date: /home/mls/vrx_ws/install/share/aquabot_gz/models/aquabot_marker_3_OK/materials
[1.083s] -- Up-to-date: /home/mls/vrx_ws/install/share/aquabot_gz/models/aquabot_marker_3_OK/materials/textures
[1.084s] -- Up-to-date: /home/mls/vrx_ws/install/share/aquabot_gz/models/aquabot_marker_3_OK/materials/textures/aquabot_marker_3_OK.png
[1.088s] -- Up-to-date: /home/mls/vrx_ws/install/share/aquabot_gz/models/aquabot_marker_3_OK/materials/textures/Marker0.png
[1.088s] -- Up-to-date: /home/mls/vrx_ws/install/share/aquabot_gz/models/aquabot_marker_3_OK/model.sdf
[1.088s] -- Up-to-date: /home/mls/vrx_ws/install/share/aquabot_gz/models/aquabot_marker_3_OK/meshes
[1.089s] -- Up-to-date: /home/mls/vrx_ws/install/share/aquabot_gz/models/aquabot_marker_3_OK/meshes/Marker0.dae
[1.089s] -- Up-to-date: /home/mls/vrx_ws/install/share/aquabot_gz/models/aquabot_marker_3_OK/model.config
[1.090s] -- Up-to-date: /home/mls/vrx_ws/install/share/aquabot_gz/models/aquabot_marker_9_OK
[1.090s] -- Up-to-date: /home/mls/vrx_ws/install/share/aquabot_gz/models/aquabot_marker_9_OK/materials
[1.090s] -- Up-to-date: /home/mls/vrx_ws/install/share/aquabot_gz/models/aquabot_marker_9_OK/materials/textures
[1.090s] -- Up-to-date: /home/mls/vrx_ws/install/share/aquabot_gz/models/aquabot_marker_9_OK/materials/textures/aquabot_marker_9_OK.png
[1.090s] -- Up-to-date: /home/mls/vrx_ws/install/share/aquabot_gz/models/aquabot_marker_9_OK/materials/textures/Marker0.png
[1.090s] -- Up-to-date: /home/mls/vrx_ws/install/share/aquabot_gz/models/aquabot_marker_9_OK/model.sdf
[1.090s] -- Up-to-date: /home/mls/vrx_ws/install/share/aquabot_gz/models/aquabot_marker_9_OK/meshes
[1.090s] -- Up-to-date: /home/mls/vrx_ws/install/share/aquabot_gz/models/aquabot_marker_9_OK/meshes/Marker0.dae
[1.090s] -- Up-to-date: /home/mls/vrx_ws/install/share/aquabot_gz/models/aquabot_marker_9_OK/model.config
[1.091s] -- Up-to-date: /home/mls/vrx_ws/install/share/aquabot_gz/models/aquabot_redboat
[1.091s] -- Up-to-date: /home/mls/vrx_ws/install/share/aquabot_gz/models/aquabot_redboat/model.sdf
[1.091s] -- Up-to-date: /home/mls/vrx_ws/install/share/aquabot_gz/models/aquabot_redboat/mesh
[1.091s] -- Up-to-date: /home/mls/vrx_ws/install/share/aquabot_gz/models/aquabot_redboat/mesh/redboat.dae
[1.092s] -- Up-to-date: /home/mls/vrx_ws/install/share/aquabot_gz/models/aquabot_redboat/model.config
[1.092s] -- Up-to-date: /home/mls/vrx_ws/install/share/aquabot_gz/models/aquabot_marker_0_KO
[1.092s] -- Up-to-date: /home/mls/vrx_ws/install/share/aquabot_gz/models/aquabot_marker_0_KO/materials
[1.092s] -- Up-to-date: /home/mls/vrx_ws/install/share/aquabot_gz/models/aquabot_marker_0_KO/materials/textures
[1.092s] -- Up-to-date: /home/mls/vrx_ws/install/share/aquabot_gz/models/aquabot_marker_0_KO/materials/textures/Marker0.png
[1.092s] -- Up-to-date: /home/mls/vrx_ws/install/share/aquabot_gz/models/aquabot_marker_0_KO/materials/textures/aquabot_marker_0_KO.png
[1.092s] -- Up-to-date: /home/mls/vrx_ws/install/share/aquabot_gz/models/aquabot_marker_0_KO/model.sdf
[1.092s] -- Up-to-date: /home/mls/vrx_ws/install/share/aquabot_gz/models/aquabot_marker_0_KO/meshes
[1.092s] -- Up-to-date: /home/mls/vrx_ws/install/share/aquabot_gz/models/aquabot_marker_0_KO/meshes/Marker0.dae
[1.093s] -- Up-to-date: /home/mls/vrx_ws/install/share/aquabot_gz/models/aquabot_marker_0_KO/model.config
[1.093s] -- Up-to-date: /home/mls/vrx_ws/install/share/aquabot_gz/models/aquabot_marker_8_OK
[1.094s] -- Up-to-date: /home/mls/vrx_ws/install/share/aquabot_gz/models/aquabot_marker_8_OK/materials
[1.094s] -- Up-to-date: /home/mls/vrx_ws/install/share/aquabot_gz/models/aquabot_marker_8_OK/materials/textures
[1.095s] -- Up-to-date: /home/mls/vrx_ws/install/share/aquabot_gz/models/aquabot_marker_8_OK/materials/textures/Marker0.png
[1.095s] -- Up-to-date: /home/mls/vrx_ws/install/share/aquabot_gz/models/aquabot_marker_8_OK/materials/textures/aquabot_marker_8_OK.png
[1.095s] -- Up-to-date: /home/mls/vrx_ws/install/share/aquabot_gz/models/aquabot_marker_8_OK/model.sdf
[1.095s] -- Up-to-date: /home/mls/vrx_ws/install/share/aquabot_gz/models/aquabot_marker_8_OK/meshes
[1.096s] -- Up-to-date: /home/mls/vrx_ws/install/share/aquabot_gz/models/aquabot_marker_8_OK/meshes/Marker0.dae
[1.096s] -- Up-to-date: /home/mls/vrx_ws/install/share/aquabot_gz/models/aquabot_marker_8_OK/model.config
[1.096s] -- Up-to-date: /home/mls/vrx_ws/install/share/aquabot_gz/models/aquabot_sapling
[1.096s] -- Up-to-date: /home/mls/vrx_ws/install/share/aquabot_gz/models/aquabot_sapling/model.sdf
[1.097s] -- Up-to-date: /home/mls/vrx_ws/install/share/aquabot_gz/models/aquabot_sapling/mesh
[1.097s] -- Up-to-date: /home/mls/vrx_ws/install/share/aquabot_gz/models/aquabot_sapling/mesh/sapling.dae
[1.097s] -- Up-to-date: /home/mls/vrx_ws/install/share/aquabot_gz/models/aquabot_sapling/model.config
[1.097s] -- Up-to-date: /home/mls/vrx_ws/install/share/aquabot_gz/models/aquabot_rock_island_1
[1.097s] -- Up-to-date: /home/mls/vrx_ws/install/share/aquabot_gz/models/aquabot_rock_island_1/model.sdf
[1.098s] -- Up-to-date: /home/mls/vrx_ws/install/share/aquabot_gz/models/aquabot_rock_island_1/model.config
[1.098s] -- Up-to-date: /home/mls/vrx_ws/install/share/aquabot_gz/models/aquabot_marker_8_KO
[1.098s] -- Up-to-date: /home/mls/vrx_ws/install/share/aquabot_gz/models/aquabot_marker_8_KO/materials
[1.098s] -- Up-to-date: /home/mls/vrx_ws/install/share/aquabot_gz/models/aquabot_marker_8_KO/materials/textures
[1.099s] -- Up-to-date: /home/mls/vrx_ws/install/share/aquabot_gz/models/aquabot_marker_8_KO/materials/textures/Marker0.png
[1.099s] -- Up-to-date: /home/mls/vrx_ws/install/share/aquabot_gz/models/aquabot_marker_8_KO/materials/textures/aquabot_marker_8_KO.png
[1.099s] -- Up-to-date: /home/mls/vrx_ws/install/share/aquabot_gz/models/aquabot_marker_8_KO/model.sdf
[1.100s] -- Up-to-date: /home/mls/vrx_ws/install/share/aquabot_gz/models/aquabot_marker_8_KO/meshes
[1.100s] -- Up-to-date: /home/mls/vrx_ws/install/share/aquabot_gz/models/aquabot_marker_8_KO/meshes/Marker0.dae
[1.100s] -- Up-to-date: /home/mls/vrx_ws/install/share/aquabot_gz/models/aquabot_marker_8_KO/model.config
[1.100s] -- Up-to-date: /home/mls/vrx_ws/install/share/aquabot_gz/models/aquabot_marker_4_OK
[1.100s] -- Up-to-date: /home/mls/vrx_ws/install/share/aquabot_gz/models/aquabot_marker_4_OK/materials
[1.100s] -- Up-to-date: /home/mls/vrx_ws/install/share/aquabot_gz/models/aquabot_marker_4_OK/materials/textures
[1.101s] -- Up-to-date: /home/mls/vrx_ws/install/share/aquabot_gz/models/aquabot_marker_4_OK/materials/textures/Marker0.png
[1.101s] -- Up-to-date: /home/mls/vrx_ws/install/share/aquabot_gz/models/aquabot_marker_4_OK/materials/textures/aquabot_marker_4_OK.png
[1.102s] -- Up-to-date: /home/mls/vrx_ws/install/share/aquabot_gz/models/aquabot_marker_4_OK/model.sdf
[1.102s] -- Up-to-date: /home/mls/vrx_ws/install/share/aquabot_gz/models/aquabot_marker_4_OK/meshes
[1.102s] -- Up-to-date: /home/mls/vrx_ws/install/share/aquabot_gz/models/aquabot_marker_4_OK/meshes/Marker0.dae
[1.102s] -- Up-to-date: /home/mls/vrx_ws/install/share/aquabot_gz/models/aquabot_marker_4_OK/model.config
[1.103s] -- Up-to-date: /home/mls/vrx_ws/install/share/aquabot_gz/models/aquabot_marker_0_OK
[1.103s] -- Up-to-date: /home/mls/vrx_ws/install/share/aquabot_gz/models/aquabot_marker_0_OK/materials
[1.103s] -- Up-to-date: /home/mls/vrx_ws/install/share/aquabot_gz/models/aquabot_marker_0_OK/materials/textures
[1.103s] -- Up-to-date: /home/mls/vrx_ws/install/share/aquabot_gz/models/aquabot_marker_0_OK/materials/textures/aquabot_marker_0_OK.png
[1.103s] -- Up-to-date: /home/mls/vrx_ws/install/share/aquabot_gz/models/aquabot_marker_0_OK/materials/textures/Marker0.png
[1.104s] -- Up-to-date: /home/mls/vrx_ws/install/share/aquabot_gz/models/aquabot_marker_0_OK/model.sdf
[1.105s] -- Up-to-date: /home/mls/vrx_ws/install/share/aquabot_gz/models/aquabot_marker_0_OK/meshes
[1.109s] -- Up-to-date: /home/mls/vrx_ws/install/share/aquabot_gz/models/aquabot_marker_0_OK/meshes/Marker0.dae
[1.109s] -- Up-to-date: /home/mls/vrx_ws/install/share/aquabot_gz/models/aquabot_marker_0_OK/model.config
[1.110s] -- Up-to-date: /home/mls/vrx_ws/install/share/aquabot_gz/models/aquabot_marker_5_OK
[1.110s] -- Up-to-date: /home/mls/vrx_ws/install/share/aquabot_gz/models/aquabot_marker_5_OK/materials
[1.110s] -- Up-to-date: /home/mls/vrx_ws/install/share/aquabot_gz/models/aquabot_marker_5_OK/materials/textures
[1.111s] -- Up-to-date: /home/mls/vrx_ws/install/share/aquabot_gz/models/aquabot_marker_5_OK/materials/textures/Marker0.png
[1.111s] -- Up-to-date: /home/mls/vrx_ws/install/share/aquabot_gz/models/aquabot_marker_5_OK/materials/textures/aquabot_marker_5_OK.png
[1.112s] -- Up-to-date: /home/mls/vrx_ws/install/share/aquabot_gz/models/aquabot_marker_5_OK/model.sdf
[1.112s] -- Up-to-date: /home/mls/vrx_ws/install/share/aquabot_gz/models/aquabot_marker_5_OK/meshes
[1.112s] -- Up-to-date: /home/mls/vrx_ws/install/share/aquabot_gz/models/aquabot_marker_5_OK/meshes/Marker0.dae
[1.112s] -- Up-to-date: /home/mls/vrx_ws/install/share/aquabot_gz/models/aquabot_marker_5_OK/model.config
[1.113s] -- Up-to-date: /home/mls/vrx_ws/install/share/aquabot_gz/models/aquabot_grass
[1.113s] -- Up-to-date: /home/mls/vrx_ws/install/share/aquabot_gz/models/aquabot_grass/model.sdf
[1.113s] -- Up-to-date: /home/mls/vrx_ws/install/share/aquabot_gz/models/aquabot_grass/mesh
[1.113s] -- Up-to-date: /home/mls/vrx_ws/install/share/aquabot_gz/models/aquabot_grass/mesh/grass.dae
[1.114s] -- Up-to-date: /home/mls/vrx_ws/install/share/aquabot_gz/models/aquabot_grass/model.config
[1.114s] -- Up-to-date: /home/mls/vrx_ws/install/share/aquabot_gz/models/aquabot_marker_2_KO
[1.115s] -- Up-to-date: /home/mls/vrx_ws/install/share/aquabot_gz/models/aquabot_marker_2_KO/materials
[1.115s] -- Up-to-date: /home/mls/vrx_ws/install/share/aquabot_gz/models/aquabot_marker_2_KO/materials/textures
[1.115s] -- Up-to-date: /home/mls/vrx_ws/install/share/aquabot_gz/models/aquabot_marker_2_KO/materials/textures/Marker0.png
[1.116s] -- Up-to-date: /home/mls/vrx_ws/install/share/aquabot_gz/models/aquabot_marker_2_KO/materials/textures/aquabot_marker_2_KO.png
[1.116s] -- Up-to-date: /home/mls/vrx_ws/install/share/aquabot_gz/models/aquabot_marker_2_KO/model.sdf
[1.116s] -- Up-to-date: /home/mls/vrx_ws/install/share/aquabot_gz/models/aquabot_marker_2_KO/meshes
[1.116s] -- Up-to-date: /home/mls/vrx_ws/install/share/aquabot_gz/models/aquabot_marker_2_KO/meshes/Marker0.dae
[1.117s] -- Up-to-date: /home/mls/vrx_ws/install/share/aquabot_gz/models/aquabot_marker_2_KO/model.config
[1.118s] -- Up-to-date: /home/mls/vrx_ws/install/share/aquabot_gz/models/aquabot_marker_3_KO
[1.118s] -- Up-to-date: /home/mls/vrx_ws/install/share/aquabot_gz/models/aquabot_marker_3_KO/materials
[1.118s] -- Up-to-date: /home/mls/vrx_ws/install/share/aquabot_gz/models/aquabot_marker_3_KO/materials/textures
[1.118s] -- Up-to-date: /home/mls/vrx_ws/install/share/aquabot_gz/models/aquabot_marker_3_KO/materials/textures/Marker0.png
[1.119s] -- Up-to-date: /home/mls/vrx_ws/install/share/aquabot_gz/models/aquabot_marker_3_KO/materials/textures/aquabot_marker_3_KO.png
[1.119s] -- Up-to-date: /home/mls/vrx_ws/install/share/aquabot_gz/models/aquabot_marker_3_KO/model.sdf
[1.119s] -- Up-to-date: /home/mls/vrx_ws/install/share/aquabot_gz/models/aquabot_marker_3_KO/meshes
[1.119s] -- Up-to-date: /home/mls/vrx_ws/install/share/aquabot_gz/models/aquabot_marker_3_KO/meshes/Marker0.dae
[1.120s] -- Up-to-date: /home/mls/vrx_ws/install/share/aquabot_gz/models/aquabot_marker_3_KO/model.config
[1.121s] -- Up-to-date: /home/mls/vrx_ws/install/share/aquabot_gz/models/aquabot_regatta_world
[1.121s] -- Up-to-date: /home/mls/vrx_ws/install/share/aquabot_gz/models/aquabot_regatta_world/model.sdf
[1.121s] -- Up-to-date: /home/mls/vrx_ws/install/share/aquabot_gz/models/aquabot_regatta_world/model.config
[1.121s] -- Up-to-date: /home/mls/vrx_ws/install/share/aquabot_gz/models/aquabot_tree
[1.122s] -- Up-to-date: /home/mls/vrx_ws/install/share/aquabot_gz/models/aquabot_tree/model.sdf
[1.122s] -- Up-to-date: /home/mls/vrx_ws/install/share/aquabot_gz/models/aquabot_tree/mesh
[1.122s] -- Up-to-date: /home/mls/vrx_ws/install/share/aquabot_gz/models/aquabot_tree/mesh/tree.dae
[1.122s] -- Up-to-date: /home/mls/vrx_ws/install/share/aquabot_gz/models/aquabot_tree/model.config
[1.122s] -- Up-to-date: /home/mls/vrx_ws/install/share/aquabot_gz/models/aquabot_marker_5_KO
[1.122s] -- Up-to-date: /home/mls/vrx_ws/install/share/aquabot_gz/models/aquabot_marker_5_KO/materials
[1.122s] -- Up-to-date: /home/mls/vrx_ws/install/share/aquabot_gz/models/aquabot_marker_5_KO/materials/textures
[1.122s] -- Up-to-date: /home/mls/vrx_ws/install/share/aquabot_gz/models/aquabot_marker_5_KO/materials/textures/Marker0.png
[1.123s] -- Up-to-date: /home/mls/vrx_ws/install/share/aquabot_gz/models/aquabot_marker_5_KO/materials/textures/aquabot_marker_5_KO.png
[1.123s] -- Up-to-date: /home/mls/vrx_ws/install/share/aquabot_gz/models/aquabot_marker_5_KO/model.sdf
[1.123s] -- Up-to-date: /home/mls/vrx_ws/install/share/aquabot_gz/models/aquabot_marker_5_KO/meshes
[1.123s] -- Up-to-date: /home/mls/vrx_ws/install/share/aquabot_gz/models/aquabot_marker_5_KO/meshes/Marker0.dae
[1.123s] -- Up-to-date: /home/mls/vrx_ws/install/share/aquabot_gz/models/aquabot_marker_5_KO/model.config
[1.123s] -- Up-to-date: /home/mls/vrx_ws/install/share/aquabot_gz/models/aquabot_windturbine_rotor
[1.123s] -- Up-to-date: /home/mls/vrx_ws/install/share/aquabot_gz/models/aquabot_windturbine_rotor/model.sdf
[1.124s] -- Up-to-date: /home/mls/vrx_ws/install/share/aquabot_gz/models/aquabot_windturbine_rotor/mesh
[1.124s] -- Up-to-date: /home/mls/vrx_ws/install/share/aquabot_gz/models/aquabot_windturbine_rotor/mesh/rotor.dae
[1.124s] -- Up-to-date: /home/mls/vrx_ws/install/share/aquabot_gz/models/aquabot_windturbine_rotor/model.config
[1.124s] -- Up-to-date: /home/mls/vrx_ws/install/share/aquabot_gz/models/aquabot_marker_7_KO
[1.124s] -- Up-to-date: /home/mls/vrx_ws/install/share/aquabot_gz/models/aquabot_marker_7_KO/materials
[1.125s] -- Up-to-date: /home/mls/vrx_ws/install/share/aquabot_gz/models/aquabot_marker_7_KO/materials/textures
[1.125s] -- Up-to-date: /home/mls/vrx_ws/install/share/aquabot_gz/models/aquabot_marker_7_KO/materials/textures/Marker0.png
[1.125s] -- Up-to-date: /home/mls/vrx_ws/install/share/aquabot_gz/models/aquabot_marker_7_KO/materials/textures/aquabot_marker_7_KO.png
[1.125s] -- Up-to-date: /home/mls/vrx_ws/install/share/aquabot_gz/models/aquabot_marker_7_KO/model.sdf
[1.125s] -- Up-to-date: /home/mls/vrx_ws/install/share/aquabot_gz/models/aquabot_marker_7_KO/meshes
[1.125s] -- Up-to-date: /home/mls/vrx_ws/install/share/aquabot_gz/models/aquabot_marker_7_KO/meshes/Marker0.dae
[1.125s] -- Up-to-date: /home/mls/vrx_ws/install/share/aquabot_gz/models/aquabot_marker_7_KO/model.config
[1.126s] -- Up-to-date: /home/mls/vrx_ws/install/share/aquabot_gz/models/aquabot_marker_9_KO
[1.126s] -- Up-to-date: /home/mls/vrx_ws/install/share/aquabot_gz/models/aquabot_marker_9_KO/materials
[1.127s] -- Up-to-date: /home/mls/vrx_ws/install/share/aquabot_gz/models/aquabot_marker_9_KO/materials/textures
[1.127s] -- Up-to-date: /home/mls/vrx_ws/install/share/aquabot_gz/models/aquabot_marker_9_KO/materials/textures/Marker0.png
[1.127s] -- Up-to-date: /home/mls/vrx_ws/install/share/aquabot_gz/models/aquabot_marker_9_KO/materials/textures/aquabot_marker_9_KO.png
[1.127s] -- Up-to-date: /home/mls/vrx_ws/install/share/aquabot_gz/models/aquabot_marker_9_KO/model.sdf
[1.127s] -- Up-to-date: /home/mls/vrx_ws/install/share/aquabot_gz/models/aquabot_marker_9_KO/meshes
[1.128s] -- Up-to-date: /home/mls/vrx_ws/install/share/aquabot_gz/models/aquabot_marker_9_KO/meshes/Marker0.dae
[1.128s] -- Up-to-date: /home/mls/vrx_ws/install/share/aquabot_gz/models/aquabot_marker_9_KO/model.config
[1.128s] -- Up-to-date: /home/mls/vrx_ws/install/share/aquabot_gz/models/aquabot_greenboat
[1.128s] -- Up-to-date: /home/mls/vrx_ws/install/share/aquabot_gz/models/aquabot_greenboat/model.sdf
[1.128s] -- Up-to-date: /home/mls/vrx_ws/install/share/aquabot_gz/models/aquabot_greenboat/mesh
[1.129s] -- Up-to-date: /home/mls/vrx_ws/install/share/aquabot_gz/models/aquabot_greenboat/mesh/greenboat.dae
[1.129s] -- Up-to-date: /home/mls/vrx_ws/install/share/aquabot_gz/models/aquabot_greenboat/model.config
[1.129s] -- Up-to-date: /home/mls/vrx_ws/install/share/aquabot_gz/worlds
[1.129s] -- Up-to-date: /home/mls/vrx_ws/install/share/aquabot_gz/worlds/aquabot_windturbines_hard.sdf
[1.129s] -- Up-to-date: /home/mls/vrx_ws/install/share/aquabot_gz/worlds/aquabot_patrolandfollow_hard.sdf
[1.130s] -- Up-to-date: /home/mls/vrx_ws/install/share/aquabot_gz/worlds/aquabot_patrolandfollow_easy.sdf
[1.130s] -- Up-to-date: /home/mls/vrx_ws/install/share/aquabot_gz/worlds/images
[1.131s] -- Up-to-date: /home/mls/vrx_ws/install/share/aquabot_gz/worlds/images/easy.png
[1.131s] -- Up-to-date: /home/mls/vrx_ws/install/share/aquabot_gz/worlds/images/medium.png
[1.131s] -- Up-to-date: /home/mls/vrx_ws/install/share/aquabot_gz/worlds/images/hard.png
[1.132s] -- Up-to-date: /home/mls/vrx_ws/install/share/aquabot_gz/worlds/aquabot_windturbines_medium.sdf
[1.133s] -- Up-to-date: /home/mls/vrx_ws/install/share/aquabot_gz/worlds/aquabot_windturbines_easy.sdf
[1.133s] -- Up-to-date: /home/mls/vrx_ws/install/share/aquabot_gz/worlds/aquabot_regatta.sdf
[1.133s] -- Up-to-date: /home/mls/vrx_ws/install/share/aquabot_gz/worlds/aquabot_patrolandfollow_medium.sdf
[1.134s] -- Up-to-date: /home/mls/vrx_ws/install/share/aquabot_gz/config
[1.134s] -- Up-to-date: /home/mls/vrx_ws/install/share/aquabot_gz/config/rviz_aquabot.rviz
[1.134s] -- Up-to-date: /home/mls/vrx_ws/install/share/ament_index/resource_index/package_run_dependencies/aquabot_gz
[1.135s] -- Up-to-date: /home/mls/vrx_ws/install/share/ament_index/resource_index/parent_prefix_path/aquabot_gz
[1.135s] -- Up-to-date: /home/mls/vrx_ws/install/share/aquabot_gz/environment/ament_prefix_path.sh
[1.136s] -- Up-to-date: /home/mls/vrx_ws/install/share/aquabot_gz/environment/ament_prefix_path.dsv
[1.136s] -- Up-to-date: /home/mls/vrx_ws/install/share/aquabot_gz/environment/path.sh
[1.136s] -- Up-to-date: /home/mls/vrx_ws/install/share/aquabot_gz/environment/path.dsv
[1.136s] -- Up-to-date: /home/mls/vrx_ws/install/share/aquabot_gz/local_setup.bash
[1.136s] -- Up-to-date: /home/mls/vrx_ws/install/share/aquabot_gz/local_setup.sh
[1.136s] -- Up-to-date: /home/mls/vrx_ws/install/share/aquabot_gz/local_setup.zsh
[1.136s] -- Up-to-date: /home/mls/vrx_ws/install/share/aquabot_gz/local_setup.dsv
[1.136s] -- Installing: /home/mls/vrx_ws/install/share/aquabot_gz/package.dsv
[1.137s] -- Up-to-date: /home/mls/vrx_ws/install/share/ament_index/resource_index/packages/aquabot_gz
[1.137s] -- Up-to-date: /home/mls/vrx_ws/install/share/aquabot_gz/cmake/aquabot_gzConfig.cmake
[1.137s] -- Up-to-date: /home/mls/vrx_ws/install/share/aquabot_gz/cmake/aquabot_gzConfig-version.cmake
[1.137s] -- Up-to-date: /home/mls/vrx_ws/install/share/aquabot_gz/package.xml
[1.137s] Invoked command in '/home/mls/vrx_ws/build/aquabot_gz' returned '0': AMENT_PREFIX_PATH=/home/mls/vrx_ws/install:${AMENT_PREFIX_PATH} CMAKE_PREFIX_PATH=/home/mls/vrx_ws/install:/opt/ros/humble GZ_SIM_RESOURCE_PATH=/home/mls/vrx_ws/install/share/vrx_gz/models/tmp:/home/mls/vrx_ws/install/share/vrx_gz/models:/home/mls/vrx_ws/install/share/vrx_gz/worlds/2023_practice:/home/mls/vrx_ws/install/share/vrx_gz/worlds GZ_SIM_SYSTEM_PLUGIN_PATH=/home/mls/vrx_ws/install/lib LD_LIBRARY_PATH=/home/mls/vrx_ws/install/lib:${LD_LIBRARY_PATH} PYTHONPATH=/home/mls/vrx_ws/install/local/lib/python3.10/dist-packages:${PYTHONPATH} /usr/bin/cmake --install /home/mls/vrx_ws/build/aquabot_gz
