[0.047s] Invoking command in '/home/mls/vrx_ws/build/wamv_gazebo': AMENT_PREFIX_PATH=/home/mls/vrx_ws/install:${AMENT_PREFIX_PATH} CMAKE_PREFIX_PATH=/home/mls/vrx_ws/install:/opt/ros/humble GZ_SIM_RESOURCE_PATH=/home/mls/vrx_ws/install/share/wamv_description/models:/home/mls/vrx_ws/install/share/vrx_gazebo/models:/home/mls/vrx_ws/install/share LD_LIBRARY_PATH=/home/mls/vrx_ws/install/lib:${LD_LIBRARY_PATH} PYTHONPATH=/home/mls/vrx_ws/install/local/lib/python3.10/dist-packages:${PYTHONPATH} /usr/bin/cmake --build /home/mls/vrx_ws/build/wamv_gazebo -- -j8 -l8
[0.193s] Invoked command in '/home/mls/vrx_ws/build/wamv_gazebo' returned '0': AMENT_PREFIX_PATH=/home/mls/vrx_ws/install:${AMENT_PREFIX_PATH} CMAKE_PREFIX_PATH=/home/mls/vrx_ws/install:/opt/ros/humble GZ_SIM_RESOURCE_PATH=/home/mls/vrx_ws/install/share/wamv_description/models:/home/mls/vrx_ws/install/share/vrx_gazebo/models:/home/mls/vrx_ws/install/share LD_LIBRARY_PATH=/home/mls/vrx_ws/install/lib:${LD_LIBRARY_PATH} PYTHONPATH=/home/mls/vrx_ws/install/local/lib/python3.10/dist-packages:${PYTHONPATH} /usr/bin/cmake --build /home/mls/vrx_ws/build/wamv_gazebo -- -j8 -l8
[0.281s] Invoking command in '/home/mls/vrx_ws/build/wamv_gazebo': AMENT_PREFIX_PATH=/home/mls/vrx_ws/install:${AMENT_PREFIX_PATH} CMAKE_PREFIX_PATH=/home/mls/vrx_ws/install:/opt/ros/humble GZ_SIM_RESOURCE_PATH=/home/mls/vrx_ws/install/share/wamv_description/models:/home/mls/vrx_ws/install/share/vrx_gazebo/models:/home/mls/vrx_ws/install/share LD_LIBRARY_PATH=/home/mls/vrx_ws/install/lib:${LD_LIBRARY_PATH} PYTHONPATH=/home/mls/vrx_ws/install/local/lib/python3.10/dist-packages:${PYTHONPATH} /usr/bin/cmake --install /home/mls/vrx_ws/build/wamv_gazebo
[0.284s] -- Install configuration: ""
[0.284s] -- Up-to-date: /home/mls/vrx_ws/install/share/wamv_gazebo/models
[0.284s] -- Up-to-date: /home/mls/vrx_ws/install/share/wamv_gazebo/models/gps
[0.284s] -- Up-to-date: /home/mls/vrx_ws/install/share/wamv_gazebo/models/gps/mesh
[0.285s] -- Up-to-date: /home/mls/vrx_ws/install/share/wamv_gazebo/models/gps/mesh/gps.dae
[0.285s] -- Up-to-date: /home/mls/vrx_ws/install/share/wamv_gazebo/models/gps/mesh/gps.png
[0.285s] -- Up-to-date: /home/mls/vrx_ws/install/share/wamv_gazebo/models/gps/model.config
[0.286s] -- Up-to-date: /home/mls/vrx_ws/install/share/wamv_gazebo/urdf
[0.286s] -- Up-to-date: /home/mls/vrx_ws/install/share/wamv_gazebo/urdf/wamv_gazebo.xacro
[0.286s] -- Up-to-date: /home/mls/vrx_ws/install/share/wamv_gazebo/urdf/wamv_gazebo.urdf.xacro
[0.286s] -- Up-to-date: /home/mls/vrx_ws/install/share/wamv_gazebo/urdf/dynamics
[0.286s] -- Up-to-date: /home/mls/vrx_ws/install/share/wamv_gazebo/urdf/dynamics/wamv_gazebo_dynamics_plugin.xacro
[0.287s] -- Up-to-date: /home/mls/vrx_ws/install/share/wamv_gazebo/urdf/thruster_layouts
[0.287s] -- Up-to-date: /home/mls/vrx_ws/install/share/wamv_gazebo/urdf/thruster_layouts/wamv_gazebo_thruster_config.xacro
[0.288s] -- Up-to-date: /home/mls/vrx_ws/install/share/wamv_gazebo/urdf/thruster_layouts/wamv_x_thrusters.xacro
[0.288s] -- Up-to-date: /home/mls/vrx_ws/install/share/wamv_gazebo/urdf/thruster_layouts/wamv_t_thrusters.xacro
[0.288s] -- Up-to-date: /home/mls/vrx_ws/install/share/wamv_gazebo/urdf/thruster_layouts/wamv_aft_thrusters.xacro
[0.288s] -- Up-to-date: /home/mls/vrx_ws/install/share/wamv_gazebo/urdf/components
[0.288s] -- Up-to-date: /home/mls/vrx_ws/install/share/wamv_gazebo/urdf/components/wamv_3d_lidar.xacro
[0.288s] -- Up-to-date: /home/mls/vrx_ws/install/share/wamv_gazebo/urdf/components/wamv_p3d.xacro
[0.289s] -- Up-to-date: /home/mls/vrx_ws/install/share/wamv_gazebo/urdf/components/wamv_planar_lidar.xacro
[0.293s] -- Up-to-date: /home/mls/vrx_ws/install/share/wamv_gazebo/urdf/components/lidar.xacro
[0.294s] -- Up-to-date: /home/mls/vrx_ws/install/share/wamv_gazebo/urdf/components/wamv_camera.xacro
[0.295s] -- Up-to-date: /home/mls/vrx_ws/install/share/wamv_gazebo/urdf/components/wamv_imu.xacro
[0.295s] -- Up-to-date: /home/mls/vrx_ws/install/share/wamv_gazebo/urdf/components/wamv_pinger.xacro
[0.295s] -- Up-to-date: /home/mls/vrx_ws/install/share/wamv_gazebo/urdf/components/ball_shooter.xacro
[0.295s] -- Up-to-date: /home/mls/vrx_ws/install/share/wamv_gazebo/urdf/components/wamv_gps.xacro
[0.296s] -- Up-to-date: /home/mls/vrx_ws/install/share/wamv_gazebo/urdf/macros.xacro
[0.296s] -- Up-to-date: /home/mls/vrx_ws/install/share/ament_index/resource_index/package_run_dependencies/wamv_gazebo
[0.297s] -- Up-to-date: /home/mls/vrx_ws/install/share/ament_index/resource_index/parent_prefix_path/wamv_gazebo
[0.297s] -- Up-to-date: /home/mls/vrx_ws/install/share/wamv_gazebo/environment/ament_prefix_path.sh
[0.297s] -- Up-to-date: /home/mls/vrx_ws/install/share/wamv_gazebo/environment/ament_prefix_path.dsv
[0.297s] -- Up-to-date: /home/mls/vrx_ws/install/share/wamv_gazebo/environment/path.sh
[0.297s] -- Up-to-date: /home/mls/vrx_ws/install/share/wamv_gazebo/environment/path.dsv
[0.298s] -- Up-to-date: /home/mls/vrx_ws/install/share/wamv_gazebo/local_setup.bash
[0.298s] -- Up-to-date: /home/mls/vrx_ws/install/share/wamv_gazebo/local_setup.sh
[0.298s] -- Up-to-date: /home/mls/vrx_ws/install/share/wamv_gazebo/local_setup.zsh
[0.298s] -- Up-to-date: /home/mls/vrx_ws/install/share/wamv_gazebo/local_setup.dsv
[0.298s] -- Up-to-date: /home/mls/vrx_ws/install/share/wamv_gazebo/package.dsv
[0.298s] -- Up-to-date: /home/mls/vrx_ws/install/share/ament_index/resource_index/packages/wamv_gazebo
[0.299s] -- Up-to-date: /home/mls/vrx_ws/install/share/wamv_gazebo/cmake/wamv_gazeboConfig.cmake
[0.299s] -- Up-to-date: /home/mls/vrx_ws/install/share/wamv_gazebo/cmake/wamv_gazeboConfig-version.cmake
[0.299s] -- Up-to-date: /home/mls/vrx_ws/install/share/wamv_gazebo/package.xml
[0.299s] Invoked command in '/home/mls/vrx_ws/build/wamv_gazebo' returned '0': AMENT_PREFIX_PATH=/home/mls/vrx_ws/install:${AMENT_PREFIX_PATH} CMAKE_PREFIX_PATH=/home/mls/vrx_ws/install:/opt/ros/humble GZ_SIM_RESOURCE_PATH=/home/mls/vrx_ws/install/share/wamv_description/models:/home/mls/vrx_ws/install/share/vrx_gazebo/models:/home/mls/vrx_ws/install/share LD_LIBRARY_PATH=/home/mls/vrx_ws/install/lib:${LD_LIBRARY_PATH} PYTHONPATH=/home/mls/vrx_ws/install/local/lib/python3.10/dist-packages:${PYTHONPATH} /usr/bin/cmake --install /home/mls/vrx_ws/build/wamv_gazebo
