[0.021s] Invoking command in '/home/mls/vrx_ws/build/navigation': CMAKE_PREFIX_PATH=${CMAKE_PREFIX_PATH}:/opt/ros/humble /usr/bin/cmake --build /home/mls/vrx_ws/build/navigation -- -j8 -l8
[0.088s] [35m[1mConsolidate compiler generated dependencies of target navigation[0m
[0.118s] [ 50%] [32mBuilding CXX object CMakeFiles/navigation.dir/src/navigation.cpp.o[0m
[18.813s] [100%] [32m[1mLinking CXX executable navigation[0m
[20.569s] [100%] Built target navigation
[20.586s] Invoked command in '/home/mls/vrx_ws/build/navigation' returned '0': CMAKE_PREFIX_PATH=${CMAKE_PREFIX_PATH}:/opt/ros/humble /usr/bin/cmake --build /home/mls/vrx_ws/build/navigation -- -j8 -l8
[20.643s] Invoking command in '/home/mls/vrx_ws/build/navigation': CMAKE_PREFIX_PATH=${CMAKE_PREFIX_PATH}:/opt/ros/humble /usr/bin/cmake --install /home/mls/vrx_ws/build/navigation
[20.655s] -- Install configuration: ""
[20.655s] -- Installing: /home/mls/vrx_ws/install/lib/navigation/navigation
[20.663s] -- Set runtime path of "/home/mls/vrx_ws/install/lib/navigation/navigation" to ""
[20.663s] -- Installing: /home/mls/vrx_ws/install/share/ament_index/resource_index/package_run_dependencies/navigation
[20.663s] -- Installing: /home/mls/vrx_ws/install/share/ament_index/resource_index/parent_prefix_path/navigation
[20.664s] -- Installing: /home/mls/vrx_ws/install/share/navigation/environment/ament_prefix_path.sh
[20.664s] -- Installing: /home/mls/vrx_ws/install/share/navigation/environment/ament_prefix_path.dsv
[20.664s] -- Installing: /home/mls/vrx_ws/install/share/navigation/environment/path.sh
[20.664s] -- Installing: /home/mls/vrx_ws/install/share/navigation/environment/path.dsv
[20.665s] -- Installing: /home/mls/vrx_ws/install/share/navigation/local_setup.bash
[20.665s] -- Installing: /home/mls/vrx_ws/install/share/navigation/local_setup.sh
[20.665s] -- Installing: /home/mls/vrx_ws/install/share/navigation/local_setup.zsh
[20.665s] -- Installing: /home/mls/vrx_ws/install/share/navigation/local_setup.dsv
[20.665s] -- Installing: /home/mls/vrx_ws/install/share/navigation/package.dsv
[20.666s] -- Installing: /home/mls/vrx_ws/install/share/ament_index/resource_index/packages/navigation
[20.666s] -- Installing: /home/mls/vrx_ws/install/share/navigation/cmake/navigationConfig.cmake
[20.666s] -- Installing: /home/mls/vrx_ws/install/share/navigation/cmake/navigationConfig-version.cmake
[20.666s] -- Installing: /home/mls/vrx_ws/install/share/navigation/package.xml
[20.669s] Invoked command in '/home/mls/vrx_ws/build/navigation' returned '0': CMAKE_PREFIX_PATH=${CMAKE_PREFIX_PATH}:/opt/ros/humble /usr/bin/cmake --install /home/mls/vrx_ws/build/navigation
