[0.080s] Invoking command in '/home/mls/vrx_ws/build/vrx_gz': AMENT_PREFIX_PATH=/home/mls/vrx_ws/install:${AMENT_PREFIX_PATH} CMAKE_PREFIX_PATH=/home/mls/vrx_ws/install:/opt/ros/humble LD_LIBRARY_PATH=/home/mls/vrx_ws/install/lib:${LD_LIBRARY_PATH} /usr/bin/cmake --build /home/mls/vrx_ws/build/vrx_gz -- -j8 -l8
[0.331s] [35m[1mConsolidate compiler generated dependencies of target Waves[0m
[0.375s] [  0%] Built target ament_cmake_python_copy_vrx_gz
[0.383s] [35m[1mConsolidate compiler generated dependencies of target ScoringPlugin[0m
[0.413s] [  4%] Built target Waves
[0.468s] [  8%] Built target ScoringPlugin
[0.531s] [35m[1mConsolidate compiler generated dependencies of target WayfindingScoringPlugin[0m
[0.536s] [35m[1mConsolidate compiler generated dependencies of target PolyhedraBuoyancyDrag[0m
[0.547s] [35m[1mConsolidate compiler generated dependencies of target StationkeepingScoringPlugin[0m
[0.550s] [35m[1mConsolidate compiler generated dependencies of target BallShooterPlugin[0m
[0.551s] [35m[1mConsolidate compiler generated dependencies of target AcousticPerceptionScoringPlugin[0m
[0.555s] [35m[1mConsolidate compiler generated dependencies of target AcousticTrackingScoringPlugin[0m
[0.556s] [35m[1mConsolidate compiler generated dependencies of target AcousticPingerPlugin[0m
[0.663s] [ 12%] Built target AcousticPingerPlugin
[0.668s] [ 18%] Built target WayfindingScoringPlugin
[0.675s] [ 22%] Built target BallShooterPlugin
[0.688s] [ 29%] Built target AcousticPerceptionScoringPlugin
[0.696s] [ 35%] Built target AcousticTrackingScoringPlugin
[0.703s] [ 43%] Built target PolyhedraBuoyancyDrag
[0.710s] [ 50%] Built target StationkeepingScoringPlugin
[0.715s] [35m[1mConsolidate compiler generated dependencies of target LightBuoyPlugin[0m
[0.732s] [35m[1mConsolidate compiler generated dependencies of target NavigationScoringPlugin[0m
[0.753s] [35m[1mConsolidate compiler generated dependencies of target GymkhanaScoringPlugin[0m
[0.758s] [35m[1mConsolidate compiler generated dependencies of target PlacardPlugin[0m
[0.759s] [35m[1mConsolidate compiler generated dependencies of target PerceptionScoringPlugin[0m
[0.763s] [35m[1mConsolidate compiler generated dependencies of target PublisherPlugin[0m
[0.787s] [35m[1mConsolidate compiler generated dependencies of target ScanDockScoringPlugin[0m
[0.804s] [ 54%] Built target LightBuoyPlugin
[0.852s] [ 58%] Built target PlacardPlugin
[0.857s] [ 62%] Built target PerceptionScoringPlugin
[0.867s] [ 66%] Built target GymkhanaScoringPlugin
[0.867s] [ 70%] Built target PublisherPlugin
[0.901s] [35m[1mConsolidate compiler generated dependencies of target SimpleHydrodynamics[0m
[0.905s] [ 75%] Built target ScanDockScoringPlugin
[0.914s] [ 79%] Built target NavigationScoringPlugin
[0.915s] [35m[1mConsolidate compiler generated dependencies of target WaveVisual[0m
[0.938s] [35m[1mConsolidate compiler generated dependencies of target USVWind[0m
[0.938s] [35m[1mConsolidate compiler generated dependencies of target WildlifeScoringPlugin[0m
[0.955s] [35m[1mConsolidate compiler generated dependencies of target Surface[0m
[0.961s] [ 83%] Built target SimpleHydrodynamics
[0.995s] [ 87%] Built target WaveVisual
[1.036s] [ 95%] Built target Surface
[1.036s] [ 95%] Built target USVWind
[1.041s] [100%] Built target WildlifeScoringPlugin
[1.425s] running egg_info
[1.425s] writing vrx_gz.egg-info/PKG-INFO
[1.425s] writing dependency_links to vrx_gz.egg-info/dependency_links.txt
[1.426s] writing top-level names to vrx_gz.egg-info/top_level.txt
[1.430s] reading manifest file 'vrx_gz.egg-info/SOURCES.txt'
[1.440s] writing manifest file 'vrx_gz.egg-info/SOURCES.txt'
[1.557s] [100%] Built target ament_cmake_python_build_vrx_gz_egg
[1.626s] Invoked command in '/home/mls/vrx_ws/build/vrx_gz' returned '0': AMENT_PREFIX_PATH=/home/mls/vrx_ws/install:${AMENT_PREFIX_PATH} CMAKE_PREFIX_PATH=/home/mls/vrx_ws/install:/opt/ros/humble LD_LIBRARY_PATH=/home/mls/vrx_ws/install/lib:${LD_LIBRARY_PATH} /usr/bin/cmake --build /home/mls/vrx_ws/build/vrx_gz -- -j8 -l8
[1.893s] Invoking command in '/home/mls/vrx_ws/build/vrx_gz': AMENT_PREFIX_PATH=/home/mls/vrx_ws/install:${AMENT_PREFIX_PATH} CMAKE_PREFIX_PATH=/home/mls/vrx_ws/install:/opt/ros/humble LD_LIBRARY_PATH=/home/mls/vrx_ws/install/lib:${LD_LIBRARY_PATH} /usr/bin/cmake --install /home/mls/vrx_ws/build/vrx_gz
[1.919s] -- Install configuration: ""
[1.920s] -- Up-to-date: /home/mls/vrx_ws/install/share/vrx_gz/environment/resource_paths.dsv
[1.920s] -- Up-to-date: /home/mls/vrx_ws/install/share/vrx_gz/environment/resource_paths.sh
[1.923s] -- Up-to-date: /home/mls/vrx_ws/install/lib/libWaves.so
[1.923s] -- Up-to-date: /home/mls/vrx_ws/install/lib/libPolyhedraBuoyancyDrag.so
[1.924s] -- Up-to-date: /home/mls/vrx_ws/install/lib/libScoringPlugin.so
[1.924s] -- Up-to-date: /home/mls/vrx_ws/install/lib/libStationkeepingScoringPlugin.so
[1.924s] -- Up-to-date: /home/mls/vrx_ws/install/lib/libWayfindingScoringPlugin.so
[1.924s] -- Up-to-date: /home/mls/vrx_ws/install/lib/libAcousticPerceptionScoringPlugin.so
[1.924s] -- Up-to-date: /home/mls/vrx_ws/install/lib/libAcousticTrackingScoringPlugin.so
[1.924s] -- Up-to-date: /home/mls/vrx_ws/install/lib/libAcousticPingerPlugin.so
[1.925s] -- Up-to-date: /home/mls/vrx_ws/install/lib/libBallShooterPlugin.so
[1.925s] -- Up-to-date: /home/mls/vrx_ws/install/lib/libLightBuoyPlugin.so
[1.925s] -- Up-to-date: /home/mls/vrx_ws/install/lib/libNavigationScoringPlugin.so
[1.925s] -- Up-to-date: /home/mls/vrx_ws/install/lib/libGymkhanaScoringPlugin.so
[1.925s] -- Up-to-date: /home/mls/vrx_ws/install/lib/libPerceptionScoringPlugin.so
[1.926s] -- Up-to-date: /home/mls/vrx_ws/install/lib/libPlacardPlugin.so
[1.927s] -- Up-to-date: /home/mls/vrx_ws/install/lib/libPublisherPlugin.so
[1.927s] -- Up-to-date: /home/mls/vrx_ws/install/lib/libScanDockScoringPlugin.so
[1.929s] -- Up-to-date: /home/mls/vrx_ws/install/lib/libSimpleHydrodynamics.so
[1.930s] -- Up-to-date: /home/mls/vrx_ws/install/lib/libSurface.so
[1.931s] -- Up-to-date: /home/mls/vrx_ws/install/lib/libUSVWind.so
[1.932s] -- Up-to-date: /home/mls/vrx_ws/install/lib/libWaveVisual.so
[1.933s] -- Up-to-date: /home/mls/vrx_ws/install/lib/libWildlifeScoringPlugin.so
[1.933s] -- Up-to-date: /home/mls/vrx_ws/install/share/vrx_gz/environment/pythonpath.sh
[1.934s] -- Up-to-date: /home/mls/vrx_ws/install/share/vrx_gz/environment/pythonpath.dsv
[1.934s] -- Up-to-date: /home/mls/vrx_ws/install/local/lib/python3.10/dist-packages/vrx_gz-0.0.0-py3.10.egg-info
[1.934s] -- Installing: /home/mls/vrx_ws/install/local/lib/python3.10/dist-packages/vrx_gz-0.0.0-py3.10.egg-info/top_level.txt
[1.934s] -- Installing: /home/mls/vrx_ws/install/local/lib/python3.10/dist-packages/vrx_gz-0.0.0-py3.10.egg-info/PKG-INFO
[1.935s] -- Installing: /home/mls/vrx_ws/install/local/lib/python3.10/dist-packages/vrx_gz-0.0.0-py3.10.egg-info/dependency_links.txt
[1.936s] -- Installing: /home/mls/vrx_ws/install/local/lib/python3.10/dist-packages/vrx_gz-0.0.0-py3.10.egg-info/SOURCES.txt
[1.936s] -- Up-to-date: /home/mls/vrx_ws/install/local/lib/python3.10/dist-packages/vrx_gz
[1.936s] -- Up-to-date: /home/mls/vrx_ws/install/local/lib/python3.10/dist-packages/vrx_gz/__init__.py
[1.936s] -- Up-to-date: /home/mls/vrx_ws/install/local/lib/python3.10/dist-packages/vrx_gz/payload_bridges.py
[1.937s] -- Up-to-date: /home/mls/vrx_ws/install/local/lib/python3.10/dist-packages/vrx_gz/launch.py
[1.937s] -- Up-to-date: /home/mls/vrx_ws/install/local/lib/python3.10/dist-packages/vrx_gz/bridge.py
[1.937s] -- Up-to-date: /home/mls/vrx_ws/install/local/lib/python3.10/dist-packages/vrx_gz/model.py
[1.937s] -- Up-to-date: /home/mls/vrx_ws/install/local/lib/python3.10/dist-packages/vrx_gz/bridges.py
[2.029s] Listing '/home/mls/vrx_ws/install/local/lib/python3.10/dist-packages/vrx_gz'...
[2.042s] -- Up-to-date: /home/mls/vrx_ws/install/share/vrx_gz/config
[2.044s] -- Up-to-date: /home/mls/vrx_ws/install/share/vrx_gz/config/wamv.yaml
[2.044s] -- Up-to-date: /home/mls/vrx_ws/install/share/vrx_gz/config/roboboat.yaml
[2.044s] -- Up-to-date: /home/mls/vrx_ws/install/share/vrx_gz/launch
[2.045s] -- Up-to-date: /home/mls/vrx_ws/install/share/vrx_gz/launch/spawn_config.launch.py
[2.047s] -- Up-to-date: /home/mls/vrx_ws/install/share/vrx_gz/launch/competition.launch.py
[2.049s] -- Up-to-date: /home/mls/vrx_ws/install/share/vrx_gz/launch/spawn.launch.py
[2.052s] -- Up-to-date: /home/mls/vrx_ws/install/share/vrx_gz/launch/usv_joy_teleop.py
[2.052s] -- Up-to-date: /home/mls/vrx_ws/install/share/vrx_gz/launch/vrx_environment.launch.py
[2.052s] -- Up-to-date: /home/mls/vrx_ws/install/share/vrx_gz/models
[2.052s] -- Up-to-date: /home/mls/vrx_ws/install/share/vrx_gz/models/short_navigation_course_5
[2.052s] -- Up-to-date: /home/mls/vrx_ws/install/share/vrx_gz/models/short_navigation_course_5/model.sdf
[2.052s] -- Up-to-date: /home/mls/vrx_ws/install/share/vrx_gz/models/short_navigation_course_5/model.config
[2.053s] -- Up-to-date: /home/mls/vrx_ws/install/share/vrx_gz/models/dock_2022
[2.053s] -- Up-to-date: /home/mls/vrx_ws/install/share/vrx_gz/models/dock_2022/model.sdf
[2.053s] -- Up-to-date: /home/mls/vrx_ws/install/share/vrx_gz/models/dock_2022/model.config
[2.053s] -- Up-to-date: /home/mls/vrx_ws/install/share/vrx_gz/models/robotx_light_buoy_rbg
[2.053s] -- Up-to-date: /home/mls/vrx_ws/install/share/vrx_gz/models/robotx_light_buoy_rbg/model.sdf
[2.053s] -- Up-to-date: /home/mls/vrx_ws/install/share/vrx_gz/models/robotx_light_buoy_rbg/model.config
[2.054s] -- Up-to-date: /home/mls/vrx_ws/install/share/vrx_gz/models/dock_block_4x4
[2.055s] -- Up-to-date: /home/mls/vrx_ws/install/share/vrx_gz/models/dock_block_4x4/model.sdf
[2.055s] -- Up-to-date: /home/mls/vrx_ws/install/share/vrx_gz/models/dock_block_4x4/mesh
[2.055s] -- Up-to-date: /home/mls/vrx_ws/install/share/vrx_gz/models/dock_block_4x4/mesh/DockCubes_Albedo.png
[2.056s] -- Up-to-date: /home/mls/vrx_ws/install/share/vrx_gz/models/dock_block_4x4/mesh/DockCubes_Roughness.png
[2.056s] -- Up-to-date: /home/mls/vrx_ws/install/share/vrx_gz/models/dock_block_4x4/mesh/DockCubes_Metalness.png
[2.056s] -- Up-to-date: /home/mls/vrx_ws/install/share/vrx_gz/models/dock_block_4x4/mesh/DockCubes_Normal.png
[2.057s] -- Up-to-date: /home/mls/vrx_ws/install/share/vrx_gz/models/dock_block_4x4/mesh/dock_block_4x4.dae
[2.057s] -- Up-to-date: /home/mls/vrx_ws/install/share/vrx_gz/models/dock_block_4x4/model.config
[2.057s] -- Up-to-date: /home/mls/vrx_ws/install/share/vrx_gz/models/robotx_light_buoy_bgr
[2.057s] -- Up-to-date: /home/mls/vrx_ws/install/share/vrx_gz/models/robotx_light_buoy_bgr/model.sdf
[2.057s] -- Up-to-date: /home/mls/vrx_ws/install/share/vrx_gz/models/robotx_light_buoy_bgr/model.config
[2.057s] -- Up-to-date: /home/mls/vrx_ws/install/share/vrx_gz/models/robotx_light_buoy_ybr
[2.058s] -- Up-to-date: /home/mls/vrx_ws/install/share/vrx_gz/models/robotx_light_buoy_ybr/model.sdf
[2.058s] -- Up-to-date: /home/mls/vrx_ws/install/share/vrx_gz/models/robotx_light_buoy_ybr/model.config
[2.059s] -- Up-to-date: /home/mls/vrx_ws/install/share/vrx_gz/models/obstacle_course
[2.060s] -- Up-to-date: /home/mls/vrx_ws/install/share/vrx_gz/models/obstacle_course/model.sdf
[2.060s] -- Up-to-date: /home/mls/vrx_ws/install/share/vrx_gz/models/obstacle_course/model.config
[2.062s] -- Up-to-date: /home/mls/vrx_ws/install/share/vrx_gz/models/coast_waves
[2.063s] -- Up-to-date: /home/mls/vrx_ws/install/share/vrx_gz/models/coast_waves/materials
[2.063s] -- Up-to-date: /home/mls/vrx_ws/install/share/vrx_gz/models/coast_waves/materials/textures
[2.064s] -- Up-to-date: /home/mls/vrx_ws/install/share/vrx_gz/models/coast_waves/materials/textures/wave_normals.dds
[2.064s] -- Up-to-date: /home/mls/vrx_ws/install/share/vrx_gz/models/coast_waves/materials/textures/skybox_lowres.dds
[2.064s] -- Up-to-date: /home/mls/vrx_ws/install/share/vrx_gz/models/coast_waves/materials/programs
[2.064s] -- Up-to-date: /home/mls/vrx_ws/install/share/vrx_gz/models/coast_waves/materials/programs/GerstnerWaves_vs_330.glsl
[2.064s] -- Up-to-date: /home/mls/vrx_ws/install/share/vrx_gz/models/coast_waves/materials/programs/GerstnerWaves_fs_330.glsl
[2.064s] -- Up-to-date: /home/mls/vrx_ws/install/share/vrx_gz/models/coast_waves/model.sdf
[2.065s] -- Up-to-date: /home/mls/vrx_ws/install/share/vrx_gz/models/coast_waves/meshes
[2.065s] -- Up-to-date: /home/mls/vrx_ws/install/share/vrx_gz/models/coast_waves/meshes/waterlow.dae
[2.066s] -- Up-to-date: /home/mls/vrx_ws/install/share/vrx_gz/models/coast_waves/model.config
[2.067s] -- Up-to-date: /home/mls/vrx_ws/install/share/vrx_gz/models/symbol_triangle
[2.067s] -- Up-to-date: /home/mls/vrx_ws/install/share/vrx_gz/models/symbol_triangle/model.sdf
[2.067s] -- Up-to-date: /home/mls/vrx_ws/install/share/vrx_gz/models/symbol_triangle/mesh
[2.072s] -- Up-to-date: /home/mls/vrx_ws/install/share/vrx_gz/models/symbol_triangle/mesh/triangle.dae
[2.073s] -- Up-to-date: /home/mls/vrx_ws/install/share/vrx_gz/models/symbol_triangle/model.config
[2.074s] -- Up-to-date: /home/mls/vrx_ws/install/share/vrx_gz/models/roboboat01
[2.074s] -- Up-to-date: /home/mls/vrx_ws/install/share/vrx_gz/models/roboboat01/materials
[2.074s] -- Up-to-date: /home/mls/vrx_ws/install/share/vrx_gz/models/roboboat01/materials/textures
[2.075s] -- Up-to-date: /home/mls/vrx_ws/install/share/vrx_gz/models/roboboat01/materials/textures/Thruster_Roughness.png
[2.077s] -- Up-to-date: /home/mls/vrx_ws/install/share/vrx_gz/models/roboboat01/materials/textures/Thruster_Albedo.png
[2.078s] -- Up-to-date: /home/mls/vrx_ws/install/share/vrx_gz/models/roboboat01/materials/textures/Boat01_Normal.png
[2.078s] -- Up-to-date: /home/mls/vrx_ws/install/share/vrx_gz/models/roboboat01/materials/textures/Boat01_Roughness.png
[2.079s] -- Up-to-date: /home/mls/vrx_ws/install/share/vrx_gz/models/roboboat01/materials/textures/Boat01_Albedo.png
[2.079s] -- Up-to-date: /home/mls/vrx_ws/install/share/vrx_gz/models/roboboat01/materials/textures/Boat01_Metallic.png
[2.080s] -- Up-to-date: /home/mls/vrx_ws/install/share/vrx_gz/models/roboboat01/materials/scripts
[2.080s] -- Up-to-date: /home/mls/vrx_ws/install/share/vrx_gz/models/roboboat01/materials/scripts/model.material
[2.080s] -- Up-to-date: /home/mls/vrx_ws/install/share/vrx_gz/models/roboboat01/model.sdf
[2.080s] -- Up-to-date: /home/mls/vrx_ws/install/share/vrx_gz/models/roboboat01/meshes
[2.080s] -- Up-to-date: /home/mls/vrx_ws/install/share/vrx_gz/models/roboboat01/meshes/roboboat01.dae
[2.081s] -- Up-to-date: /home/mls/vrx_ws/install/share/vrx_gz/models/roboboat01/meshes/mount.dae
[2.081s] -- Up-to-date: /home/mls/vrx_ws/install/share/vrx_gz/models/roboboat01/meshes/prop.dae
[2.081s] -- Up-to-date: /home/mls/vrx_ws/install/share/vrx_gz/models/roboboat01/meshes/housing.dae
[2.081s] -- Up-to-date: /home/mls/vrx_ws/install/share/vrx_gz/models/roboboat01/model.config
[2.081s] -- Up-to-date: /home/mls/vrx_ws/install/share/vrx_gz/models/short_course_2023_phase3_2
[2.081s] -- Up-to-date: /home/mls/vrx_ws/install/share/vrx_gz/models/short_course_2023_phase3_2/model.sdf
[2.082s] -- Up-to-date: /home/mls/vrx_ws/install/share/vrx_gz/models/short_course_2023_phase3_2/model.config
[2.084s] -- Up-to-date: /home/mls/vrx_ws/install/share/vrx_gz/models/placard_2022
[2.084s] -- Up-to-date: /home/mls/vrx_ws/install/share/vrx_gz/models/placard_2022/materials
[2.085s] -- Up-to-date: /home/mls/vrx_ws/install/share/vrx_gz/models/placard_2022/materials/textures
[2.085s] -- Up-to-date: /home/mls/vrx_ws/install/share/vrx_gz/models/placard_2022/materials/textures/Placard.png
[2.090s] -- Up-to-date: /home/mls/vrx_ws/install/share/vrx_gz/models/placard_2022/model.sdf
[2.090s] -- Up-to-date: /home/mls/vrx_ws/install/share/vrx_gz/models/placard_2022/meshes
[2.091s] -- Up-to-date: /home/mls/vrx_ws/install/share/vrx_gz/models/placard_2022/meshes/placard_2022.dae
[2.091s] -- Up-to-date: /home/mls/vrx_ws/install/share/vrx_gz/models/placard_2022/model.config
[2.092s] -- Up-to-date: /home/mls/vrx_ws/install/share/vrx_gz/models/dock_2022_base
[2.092s] -- Up-to-date: /home/mls/vrx_ws/install/share/vrx_gz/models/dock_2022_base/model.sdf
[2.092s] -- Up-to-date: /home/mls/vrx_ws/install/share/vrx_gz/models/dock_2022_base/model.config
[2.093s] -- Up-to-date: /home/mls/vrx_ws/install/share/vrx_gz/models/short_navigation_course_2
[2.093s] -- Up-to-date: /home/mls/vrx_ws/install/share/vrx_gz/models/short_navigation_course_2/model.sdf
[2.095s] -- Up-to-date: /home/mls/vrx_ws/install/share/vrx_gz/models/short_navigation_course_2/model.config
[2.098s] -- Up-to-date: /home/mls/vrx_ws/install/share/vrx_gz/models/roboboat_cpubox
[2.098s] -- Up-to-date: /home/mls/vrx_ws/install/share/vrx_gz/models/roboboat_cpubox/materials
[2.098s] -- Up-to-date: /home/mls/vrx_ws/install/share/vrx_gz/models/roboboat_cpubox/materials/textures
[2.098s] -- Up-to-date: /home/mls/vrx_ws/install/share/vrx_gz/models/roboboat_cpubox/materials/textures/DryBox_Roughness.png
[2.099s] -- Up-to-date: /home/mls/vrx_ws/install/share/vrx_gz/models/roboboat_cpubox/materials/textures/DryBox_Albedo.png
[2.099s] -- Up-to-date: /home/mls/vrx_ws/install/share/vrx_gz/models/roboboat_cpubox/model.sdf
[2.100s] -- Up-to-date: /home/mls/vrx_ws/install/share/vrx_gz/models/roboboat_cpubox/meshes
[2.100s] -- Up-to-date: /home/mls/vrx_ws/install/share/vrx_gz/models/roboboat_cpubox/meshes/drybox.dae
[2.100s] -- Up-to-date: /home/mls/vrx_ws/install/share/vrx_gz/models/roboboat_cpubox/model.config
[2.100s] -- Up-to-date: /home/mls/vrx_ws/install/share/vrx_gz/models/roboboat02
[2.101s] -- Up-to-date: /home/mls/vrx_ws/install/share/vrx_gz/models/roboboat02/materials
[2.101s] -- Up-to-date: /home/mls/vrx_ws/install/share/vrx_gz/models/roboboat02/materials/textures
[2.101s] -- Up-to-date: /home/mls/vrx_ws/install/share/vrx_gz/models/roboboat02/materials/textures/Boat02_Albedo.png
[2.101s] -- Up-to-date: /home/mls/vrx_ws/install/share/vrx_gz/models/roboboat02/materials/textures/Boat02_Roughness.png
[2.101s] -- Up-to-date: /home/mls/vrx_ws/install/share/vrx_gz/models/roboboat02/materials/textures/Boat02_Normal.png
[2.101s] -- Up-to-date: /home/mls/vrx_ws/install/share/vrx_gz/models/roboboat02/materials/textures/Boat02_Metallic.png
[2.102s] -- Up-to-date: /home/mls/vrx_ws/install/share/vrx_gz/models/roboboat02/materials/scripts
[2.102s] -- Up-to-date: /home/mls/vrx_ws/install/share/vrx_gz/models/roboboat02/materials/scripts/model.material
[2.102s] -- Up-to-date: /home/mls/vrx_ws/install/share/vrx_gz/models/roboboat02/model.sdf
[2.102s] -- Up-to-date: /home/mls/vrx_ws/install/share/vrx_gz/models/roboboat02/meshes
[2.102s] -- Up-to-date: /home/mls/vrx_ws/install/share/vrx_gz/models/roboboat02/meshes/roboboat02.dae
[2.102s] -- Up-to-date: /home/mls/vrx_ws/install/share/vrx_gz/models/roboboat02/model.config
[2.103s] -- Up-to-date: /home/mls/vrx_ws/install/share/vrx_gz/models/robotx_light_buoy_yrg
[2.103s] -- Up-to-date: /home/mls/vrx_ws/install/share/vrx_gz/models/robotx_light_buoy_yrg/model.sdf
[2.103s] -- Up-to-date: /home/mls/vrx_ws/install/share/vrx_gz/models/robotx_light_buoy_yrg/model.config
[2.105s] -- Up-to-date: /home/mls/vrx_ws/install/share/vrx_gz/models/entrance_exit
[2.106s] -- Up-to-date: /home/mls/vrx_ws/install/share/vrx_gz/models/entrance_exit/model.sdf
[2.112s] -- Up-to-date: /home/mls/vrx_ws/install/share/vrx_gz/models/entrance_exit/model.config
[2.112s] -- Up-to-date: /home/mls/vrx_ws/install/share/vrx_gz/models/platform
[2.113s] -- Up-to-date: /home/mls/vrx_ws/install/share/vrx_gz/models/platform/model.sdf
[2.113s] -- Up-to-date: /home/mls/vrx_ws/install/share/vrx_gz/models/platform/model.config
[2.113s] -- Up-to-date: /home/mls/vrx_ws/install/share/vrx_gz/models/short_navigation_course_0
[2.113s] -- Up-to-date: /home/mls/vrx_ws/install/share/vrx_gz/models/short_navigation_course_0/model.sdf
[2.113s] -- Up-to-date: /home/mls/vrx_ws/install/share/vrx_gz/models/short_navigation_course_0/model.config
[2.114s] -- Up-to-date: /home/mls/vrx_ws/install/share/vrx_gz/models/short_navigation_course_3
[2.114s] -- Up-to-date: /home/mls/vrx_ws/install/share/vrx_gz/models/short_navigation_course_3/model.sdf
[2.114s] -- Up-to-date: /home/mls/vrx_ws/install/share/vrx_gz/models/short_navigation_course_3/model.config
[2.115s] -- Up-to-date: /home/mls/vrx_ws/install/share/vrx_gz/models/articulated_platform
[2.115s] -- Up-to-date: /home/mls/vrx_ws/install/share/vrx_gz/models/articulated_platform/model.sdf
[2.116s] -- Up-to-date: /home/mls/vrx_ws/install/share/vrx_gz/models/articulated_platform/model.config
[2.117s] -- Up-to-date: /home/mls/vrx_ws/install/share/vrx_gz/models/robotx_light_buoy_bgy
[2.118s] -- Up-to-date: /home/mls/vrx_ws/install/share/vrx_gz/models/robotx_light_buoy_bgy/model.sdf
[2.119s] -- Up-to-date: /home/mls/vrx_ws/install/share/vrx_gz/models/robotx_light_buoy_bgy/model.config
[2.121s] -- Up-to-date: /home/mls/vrx_ws/install/share/vrx_gz/models/robotx_light_buoy_rgy
[2.121s] -- Up-to-date: /home/mls/vrx_ws/install/share/vrx_gz/models/robotx_light_buoy_rgy/model.sdf
[2.122s] -- Up-to-date: /home/mls/vrx_ws/install/share/vrx_gz/models/robotx_light_buoy_rgy/model.config
[2.122s] -- Up-to-date: /home/mls/vrx_ws/install/share/vrx_gz/models/short_navigation_course_1
[2.123s] -- Up-to-date: /home/mls/vrx_ws/install/share/vrx_gz/models/short_navigation_course_1/model.sdf
[2.123s] -- Up-to-date: /home/mls/vrx_ws/install/share/vrx_gz/models/short_navigation_course_1/model.config
[2.123s] -- Up-to-date: /home/mls/vrx_ws/install/share/vrx_gz/models/short_navigation_course_4
[2.124s] -- Up-to-date: /home/mls/vrx_ws/install/share/vrx_gz/models/short_navigation_course_4/model.sdf
[2.124s] -- Up-to-date: /home/mls/vrx_ws/install/share/vrx_gz/models/short_navigation_course_4/model.config
[2.125s] -- Up-to-date: /home/mls/vrx_ws/install/share/vrx_gz/models/robotx_light_buoy_gbr
[2.125s] -- Up-to-date: /home/mls/vrx_ws/install/share/vrx_gz/models/robotx_light_buoy_gbr/model.sdf
[2.125s] -- Up-to-date: /home/mls/vrx_ws/install/share/vrx_gz/models/robotx_light_buoy_gbr/model.config
[2.125s] -- Up-to-date: /home/mls/vrx_ws/install/share/vrx_gz/models/robotx_light_buoy_ygb
[2.125s] -- Up-to-date: /home/mls/vrx_ws/install/share/vrx_gz/models/robotx_light_buoy_ygb/model.sdf
[2.126s] -- Up-to-date: /home/mls/vrx_ws/install/share/vrx_gz/models/robotx_light_buoy_ygb/model.config
[2.126s] -- Up-to-date: /home/mls/vrx_ws/install/share/vrx_gz/models/robotx_light_buoy_rgb
[2.126s] -- Up-to-date: /home/mls/vrx_ws/install/share/vrx_gz/models/robotx_light_buoy_rgb/model.sdf
[2.127s] -- Up-to-date: /home/mls/vrx_ws/install/share/vrx_gz/models/robotx_light_buoy_rgb/mesh
[2.127s] -- Up-to-date: /home/mls/vrx_ws/install/share/vrx_gz/models/robotx_light_buoy_rgb/mesh/LightTower_Normal.png
[2.127s] -- Up-to-date: /home/mls/vrx_ws/install/share/vrx_gz/models/robotx_light_buoy_rgb/mesh/robotx_light_buoy.dae
[2.127s] -- Up-to-date: /home/mls/vrx_ws/install/share/vrx_gz/models/robotx_light_buoy_rgb/mesh/LightTower_Albedo.png
[2.128s] -- Up-to-date: /home/mls/vrx_ws/install/share/vrx_gz/models/robotx_light_buoy_rgb/mesh/LightTower_Roughness.png
[2.128s] -- Up-to-date: /home/mls/vrx_ws/install/share/vrx_gz/models/robotx_light_buoy_rgb/mesh/LightTower_Opacity.png
[2.128s] -- Up-to-date: /home/mls/vrx_ws/install/share/vrx_gz/models/robotx_light_buoy_rgb/mesh/LightTower_Metalness.png
[2.128s] -- Up-to-date: /home/mls/vrx_ws/install/share/vrx_gz/models/robotx_light_buoy_rgb/model.config
[2.128s] -- Up-to-date: /home/mls/vrx_ws/install/share/vrx_gz/models/short_course_2023_phase3_1
[2.128s] -- Up-to-date: /home/mls/vrx_ws/install/share/vrx_gz/models/short_course_2023_phase3_1/model.sdf
[2.130s] -- Up-to-date: /home/mls/vrx_ws/install/share/vrx_gz/models/short_course_2023_phase3_1/model.config
[2.131s] -- Up-to-date: /home/mls/vrx_ws/install/share/vrx_gz/worlds
[2.134s] -- Up-to-date: /home/mls/vrx_ws/install/share/vrx_gz/worlds/wayfinding_task.sdf
[2.135s] -- Up-to-date: /home/mls/vrx_ws/install/share/vrx_gz/worlds/scan_dock_deliver_task.sdf
[2.139s] -- Up-to-date: /home/mls/vrx_ws/install/share/vrx_gz/worlds/acoustic_perception_task.sdf
[2.140s] -- Up-to-date: /home/mls/vrx_ws/install/share/vrx_gz/worlds/stationkeeping_task.sdf
[2.140s] -- Up-to-date: /home/mls/vrx_ws/install/share/vrx_gz/worlds/perception_task.sdf
[2.140s] -- Up-to-date: /home/mls/vrx_ws/install/share/vrx_gz/worlds/nbpark.sdf
[2.140s] -- Up-to-date: /home/mls/vrx_ws/install/share/vrx_gz/worlds/acoustic_tracking_task.sdf
[2.141s] -- Up-to-date: /home/mls/vrx_ws/install/share/vrx_gz/worlds/navigation_task.sdf
[2.141s] -- Up-to-date: /home/mls/vrx_ws/install/share/vrx_gz/worlds/wildlife_task.sdf
[2.141s] -- Up-to-date: /home/mls/vrx_ws/install/share/vrx_gz/worlds/gymkhana_task.sdf
[2.141s] -- Up-to-date: /home/mls/vrx_ws/install/share/vrx_gz/worlds/2023_practice
[2.141s] -- Up-to-date: /home/mls/vrx_ws/install/share/vrx_gz/worlds/2023_practice/practice_2023_follow_path1_task.sdf
[2.141s] -- Up-to-date: /home/mls/vrx_ws/install/share/vrx_gz/worlds/2023_practice/practice_2023_acoustic_tracking0_task.sdf
[2.142s] -- Up-to-date: /home/mls/vrx_ws/install/share/vrx_gz/worlds/2023_practice/practice_2023_wildlife0_task.sdf
[2.143s] -- Up-to-date: /home/mls/vrx_ws/install/share/vrx_gz/worlds/2023_practice/practice_2023_scan_dock_deliver2_task.sdf
[2.143s] -- Up-to-date: /home/mls/vrx_ws/install/share/vrx_gz/worlds/2023_practice/practice_2023_wildlife1_task.sdf
[2.143s] -- Up-to-date: /home/mls/vrx_ws/install/share/vrx_gz/worlds/2023_practice/practice_2023_follow_path0_task.sdf
[2.143s] -- Up-to-date: /home/mls/vrx_ws/install/share/vrx_gz/worlds/2023_practice/practice_2023_stationkeeping0_task.sdf
[2.144s] -- Up-to-date: /home/mls/vrx_ws/install/share/vrx_gz/worlds/2023_practice/practice_2023_acoustic_perception0_task.sdf
[2.144s] -- Up-to-date: /home/mls/vrx_ws/install/share/vrx_gz/worlds/2023_practice/practice_2023_perception0_task.sdf
[2.144s] -- Up-to-date: /home/mls/vrx_ws/install/share/vrx_gz/worlds/2023_practice/practice_2023_acoustic_tracking2_task.sdf
[2.144s] -- Up-to-date: /home/mls/vrx_ws/install/share/vrx_gz/worlds/2023_practice/practice_2023_perception1_task.sdf
[2.145s] -- Up-to-date: /home/mls/vrx_ws/install/share/vrx_gz/worlds/2023_practice/practice_2023_acoustic_perception2_task.sdf
[2.145s] -- Up-to-date: /home/mls/vrx_ws/install/share/vrx_gz/worlds/2023_practice/practice_2023_wildlife2_task.sdf
[2.145s] -- Up-to-date: /home/mls/vrx_ws/install/share/vrx_gz/worlds/2023_practice/practice_2023_wayfinding1_task.sdf
[2.145s] -- Up-to-date: /home/mls/vrx_ws/install/share/vrx_gz/worlds/2023_practice/practice_2023_scan_dock_deliver0_task.sdf
[2.145s] -- Up-to-date: /home/mls/vrx_ws/install/share/vrx_gz/worlds/2023_practice/practice_2023_acoustic_perception1_task.sdf
[2.146s] -- Up-to-date: /home/mls/vrx_ws/install/share/vrx_gz/worlds/2023_practice/practice_2023_stationkeeping2_task.sdf
[2.146s] -- Up-to-date: /home/mls/vrx_ws/install/share/vrx_gz/worlds/2023_practice/practice_2023_stationkeeping1_task.sdf
[2.146s] -- Up-to-date: /home/mls/vrx_ws/install/share/vrx_gz/worlds/2023_practice/practice_2023_perception2_task.sdf
[2.146s] -- Up-to-date: /home/mls/vrx_ws/install/share/vrx_gz/worlds/2023_practice/practice_2023_acoustic_tracking1_task.sdf
[2.146s] -- Up-to-date: /home/mls/vrx_ws/install/share/vrx_gz/worlds/2023_practice/practice_2023_follow_path2_task.sdf
[2.147s] -- Up-to-date: /home/mls/vrx_ws/install/share/vrx_gz/worlds/2023_practice/practice_2023_wayfinding2_task.sdf
[2.147s] -- Up-to-date: /home/mls/vrx_ws/install/share/vrx_gz/worlds/2023_practice/practice_2023_wayfinding0_task.sdf
[2.147s] -- Up-to-date: /home/mls/vrx_ws/install/share/vrx_gz/worlds/2023_practice/practice_2023_scan_dock_deliver1_task.sdf
[2.147s] -- Up-to-date: /home/mls/vrx_ws/install/share/vrx_gz/worlds/sydney_regatta.sdf
[2.147s] -- Up-to-date: /home/mls/vrx_ws/install/share/vrx_gz/worlds/follow_path_task.sdf
[2.148s] -- Up-to-date: /home/mls/vrx_ws/install/share/ament_index/resource_index/package_run_dependencies/vrx_gz
[2.148s] -- Up-to-date: /home/mls/vrx_ws/install/share/ament_index/resource_index/parent_prefix_path/vrx_gz
[2.148s] -- Up-to-date: /home/mls/vrx_ws/install/share/vrx_gz/environment/ament_prefix_path.sh
[2.148s] -- Up-to-date: /home/mls/vrx_ws/install/share/vrx_gz/environment/ament_prefix_path.dsv
[2.148s] -- Up-to-date: /home/mls/vrx_ws/install/share/vrx_gz/environment/path.sh
[2.149s] -- Up-to-date: /home/mls/vrx_ws/install/share/vrx_gz/environment/path.dsv
[2.150s] -- Up-to-date: /home/mls/vrx_ws/install/share/vrx_gz/local_setup.bash
[2.151s] -- Up-to-date: /home/mls/vrx_ws/install/share/vrx_gz/local_setup.sh
[2.152s] -- Up-to-date: /home/mls/vrx_ws/install/share/vrx_gz/local_setup.zsh
[2.152s] -- Up-to-date: /home/mls/vrx_ws/install/share/vrx_gz/local_setup.dsv
[2.153s] -- Installing: /home/mls/vrx_ws/install/share/vrx_gz/package.dsv
[2.153s] -- Up-to-date: /home/mls/vrx_ws/install/share/ament_index/resource_index/packages/vrx_gz
[2.154s] -- Up-to-date: /home/mls/vrx_ws/install/share/vrx_gz/cmake/vrx_gzConfig.cmake
[2.154s] -- Up-to-date: /home/mls/vrx_ws/install/share/vrx_gz/cmake/vrx_gzConfig-version.cmake
[2.154s] -- Up-to-date: /home/mls/vrx_ws/install/share/vrx_gz/package.xml
[2.155s] Invoked command in '/home/mls/vrx_ws/build/vrx_gz' returned '0': AMENT_PREFIX_PATH=/home/mls/vrx_ws/install:${AMENT_PREFIX_PATH} CMAKE_PREFIX_PATH=/home/mls/vrx_ws/install:/opt/ros/humble LD_LIBRARY_PATH=/home/mls/vrx_ws/install/lib:${LD_LIBRARY_PATH} /usr/bin/cmake --install /home/mls/vrx_ws/build/vrx_gz
