[0.037s] Invoking command in '/home/mls/vrx_ws/build/vrx_ros': CMAKE_PREFIX_PATH=/opt/ros/humble /usr/bin/cmake /home/mls/vrx_ws/src/vrx/vrx_ros -DCMAKE_INSTALL_PREFIX=/home/mls/vrx_ws/install
[0.161s] -- The C compiler identification is GNU 11.4.0
[0.298s] -- The CXX compiler identification is GNU 11.4.0
[0.315s] -- Detecting C compiler ABI info
[0.455s] -- Detecting C compiler ABI info - done
[0.477s] -- Check for working C compiler: /usr/bin/cc - skipped
[0.478s] -- Detecting C compile features
[0.478s] -- Detecting C compile features - done
[0.483s] -- Detecting CXX compiler ABI info
[0.653s] -- Detecting CXX compiler ABI info - done
[0.673s] -- Check for working CXX compiler: /usr/bin/c++ - skipped
[0.673s] -- Detecting CXX compile features
[0.675s] -- Detecting CXX compile features - done
[0.680s] -- Found ament_cmake: 1.3.10 (/opt/ros/humble/share/ament_cmake/cmake)
[1.017s] -- Found Python3: /usr/bin/python3 (found version "3.10.12") found components: Interpreter 
[1.157s] -- Found geometry_msgs: 4.2.4 (/opt/ros/humble/share/geometry_msgs/cmake)
[1.230s] -- Found rosidl_generator_c: 3.1.5 (/opt/ros/humble/share/rosidl_generator_c/cmake)
[1.242s] -- Found rosidl_adapter: 3.1.5 (/opt/ros/humble/share/rosidl_adapter/cmake)
[1.264s] -- Found rosidl_generator_cpp: 3.1.5 (/opt/ros/humble/share/rosidl_generator_cpp/cmake)
[1.296s] -- Using all available rosidl_typesupport_c: rosidl_typesupport_fastrtps_c;rosidl_typesupport_introspection_c
[1.337s] -- Using all available rosidl_typesupport_cpp: rosidl_typesupport_fastrtps_cpp;rosidl_typesupport_introspection_cpp
[1.488s] -- Looking for gz-msgs9 -- found version 9.5.0
[1.567s] -- Searching for dependencies of gz-msgs9
[2.074s] -- Found Protobuf: /usr/lib/x86_64-linux-gnu/libprotobuf.so (found version "3.12.4") 
[2.117s] -- Looking for gz-math7 -- found version 7.5.1
[2.117s] -- Searching for dependencies of gz-math7
[2.138s] -- Looking for gz-utils2 -- found version 2.2.0
[2.139s] -- Searching for dependencies of gz-utils2
[2.196s] -- Checking for module 'tinyxml2'
[2.234s] --   Found tinyxml2, version 9.0.0
[2.361s] -- Looking for gz-transport12 -- found version 12.2.1
[2.362s] -- Searching for dependencies of gz-transport12
[2.425s] -- Config-file not installed for ZeroMQ -- checking for pkg-config
[2.433s] -- Checking for module 'libzmq >= 4'
[2.708s] --   Found libzmq , version 4.3.4
[2.783s] -- Found ZeroMQ: TRUE (Required is at least version "4") 
[2.818s] -- Checking for module 'uuid'
[2.860s] --   Found uuid, version 2.37.2
[2.922s] -- Found UUID: TRUE  
[2.923s] -- Looking for gz-utils2 -- found version 2.2.0
[2.924s] -- Searching for dependencies of gz-utils2
[2.924s] -- Searching for <gz-utils2> component [cli]
[2.930s] -- Looking for gz-utils2-cli -- found version 2.2.0
[2.931s] -- Searching for dependencies of gz-utils2-cli
[2.934s] -- Looking for gz-msgs9 -- found version 9.5.0
[2.956s] -- Found rclcpp: 16.0.10 (/opt/ros/humble/share/rclcpp/cmake)
[3.030s] -- Found rmw_implementation_cmake: 6.1.2 (/opt/ros/humble/share/rmw_implementation_cmake/cmake)
[3.036s] -- Found rmw_fastrtps_cpp: 6.2.7 (/opt/ros/humble/share/rmw_fastrtps_cpp/cmake)
[3.229s] -- Found OpenSSL: /usr/lib/x86_64-linux-gnu/libcrypto.so (found version "3.0.2")  
[3.297s] -- Found FastRTPS: /opt/ros/humble/include  
[3.401s] -- Using RMW implementation 'rmw_fastrtps_cpp' as default
[3.423s] -- Found Threads: TRUE  
[3.511s] -- Found ros_gz_interfaces: 0.244.11 (/opt/ros/humble/share/ros_gz_interfaces/cmake)
[3.574s] -- Found sensor_msgs: 4.2.4 (/opt/ros/humble/share/sensor_msgs/cmake)
[3.630s] -- Found tf2: 0.25.8 (/opt/ros/humble/share/tf2/cmake)
[3.656s] -- Found tf2_msgs: 0.25.8 (/opt/ros/humble/share/tf2_msgs/cmake)
[3.751s] -- Found tf2_ros: 0.25.8 (/opt/ros/humble/share/tf2_ros/cmake)
[3.957s] -- Configuring done
[3.997s] -- Generating done
[4.002s] -- Build files have been written to: /home/mls/vrx_ws/build/vrx_ros
[4.036s] Invoked command in '/home/mls/vrx_ws/build/vrx_ros' returned '0': CMAKE_PREFIX_PATH=/opt/ros/humble /usr/bin/cmake /home/mls/vrx_ws/src/vrx/vrx_ros -DCMAKE_INSTALL_PREFIX=/home/mls/vrx_ws/install
[4.039s] Invoking command in '/home/mls/vrx_ws/build/vrx_ros': CMAKE_PREFIX_PATH=/opt/ros/humble /usr/bin/cmake --build /home/mls/vrx_ws/build/vrx_ros -- -j8 -l8
[4.125s] [ 25%] [32mBuilding CXX object CMakeFiles/pose_tf_broadcaster.dir/src/pose_tf_broadcaster.cc.o[0m
[4.129s] [ 50%] [32mBuilding CXX object CMakeFiles/optical_frame_publisher.dir/src/optical_frame_publisher.cc.o[0m
[18.087s] [ 75%] [32m[1mLinking CXX executable pose_tf_broadcaster[0m
[18.723s] [ 75%] Built target pose_tf_broadcaster
[25.086s] [100%] [32m[1mLinking CXX executable optical_frame_publisher[0m
[25.952s] [100%] Built target optical_frame_publisher
[25.968s] Invoked command in '/home/mls/vrx_ws/build/vrx_ros' returned '0': CMAKE_PREFIX_PATH=/opt/ros/humble /usr/bin/cmake --build /home/mls/vrx_ws/build/vrx_ros -- -j8 -l8
[26.010s] Invoking command in '/home/mls/vrx_ws/build/vrx_ros': CMAKE_PREFIX_PATH=/opt/ros/humble /usr/bin/cmake --install /home/mls/vrx_ws/build/vrx_ros
[26.021s] -- Install configuration: ""
[26.021s] -- Installing: /home/mls/vrx_ws/install/lib/vrx_ros/optical_frame_publisher
[26.028s] -- Set runtime path of "/home/mls/vrx_ws/install/lib/vrx_ros/optical_frame_publisher" to ""
[26.028s] -- Installing: /home/mls/vrx_ws/install/lib/vrx_ros/pose_tf_broadcaster
[26.033s] -- Set runtime path of "/home/mls/vrx_ws/install/lib/vrx_ros/pose_tf_broadcaster" to ""
[26.033s] -- Installing: /home/mls/vrx_ws/install/share/vrx_ros/launch
[26.033s] -- Installing: /home/mls/vrx_ws/install/share/vrx_ros/launch/monitor_sim.py
[26.033s] -- Installing: /home/mls/vrx_ws/install/share/ament_index/resource_index/package_run_dependencies/vrx_ros
[26.034s] -- Installing: /home/mls/vrx_ws/install/share/ament_index/resource_index/parent_prefix_path/vrx_ros
[26.034s] -- Installing: /home/mls/vrx_ws/install/share/vrx_ros/environment/ament_prefix_path.sh
[26.034s] -- Installing: /home/mls/vrx_ws/install/share/vrx_ros/environment/ament_prefix_path.dsv
[26.034s] -- Installing: /home/mls/vrx_ws/install/share/vrx_ros/environment/path.sh
[26.034s] -- Installing: /home/mls/vrx_ws/install/share/vrx_ros/environment/path.dsv
[26.034s] -- Installing: /home/mls/vrx_ws/install/share/vrx_ros/local_setup.bash
[26.035s] -- Installing: /home/mls/vrx_ws/install/share/vrx_ros/local_setup.sh
[26.035s] -- Installing: /home/mls/vrx_ws/install/share/vrx_ros/local_setup.zsh
[26.035s] -- Installing: /home/mls/vrx_ws/install/share/vrx_ros/local_setup.dsv
[26.035s] -- Installing: /home/mls/vrx_ws/install/share/vrx_ros/package.dsv
[26.035s] -- Installing: /home/mls/vrx_ws/install/share/ament_index/resource_index/packages/vrx_ros
[26.036s] -- Installing: /home/mls/vrx_ws/install/share/vrx_ros/cmake/vrx_rosConfig.cmake
[26.036s] -- Installing: /home/mls/vrx_ws/install/share/vrx_ros/cmake/vrx_rosConfig-version.cmake
[26.036s] -- Installing: /home/mls/vrx_ws/install/share/vrx_ros/package.xml
[26.039s] Invoked command in '/home/mls/vrx_ws/build/vrx_ros' returned '0': CMAKE_PREFIX_PATH=/opt/ros/humble /usr/bin/cmake --install /home/mls/vrx_ws/build/vrx_ros
