[35m[1mConsolidate compiler generated dependencies of target navigation[0m
[ 50%] [32mBuilding CXX object CMakeFiles/navigation.dir/src/navigation.cpp.o[0m
In file included from [01m[K/home/mls/vrx_ws/src/navigation/src/navigation.cpp:7[m[K:
[01m[K/home/mls/vrx_ws/src/navigation/src/aqua_utils.h:13:52:[m[K [01;31m[Kerror: [m[Kexpected ‘[01m[K)[m[K’ before ‘[01m[K;[m[K’ token
   13 |                            const tf2::Quaternion &q[01;31m[K;[m[K
      |                                                    [01;31m[K^[m[K
      |                                                    [32m[K)[m[K
[01m[K/home/mls/vrx_ws/src/navigation/src/aqua_utils.h:12:26:[m[K [01;36m[Knote: [m[Kto match this ‘[01m[K([m[K’
   12 | calculateFreeAcceleration[01;36m[K([m[Kconst std::vector<double> &accImu,
      |                          [01;36m[K^[m[K
[01m[K/home/mls/vrx_ws/src/navigation/src/navigation.cpp:[m[K In member function ‘[01m[Kvoid Navigation::imu_callback(const Imu&) const[m[K’:
[01m[K/home/mls/vrx_ws/src/navigation/src/navigation.cpp:38:57:[m[K [01;31m[Kerror: [m[Kcannot convert ‘[01m[Ktf2::Quaternion[m[K’ to ‘[01m[Kconst tf2::Matrix3x3&[m[K’
   38 |     auto freeAccImu = calculateFreeAcceleration(accImu, [01;31m[KqImu[m[K);
      |                                                         [01;31m[K^~~~[m[K
      |                                                         [01;31m[K|[m[K
      |                                                         [01;31m[Ktf2::Quaternion[m[K
[01m[K/home/mls/vrx_ws/src/navigation/src/navigation.cpp:51:51:[m[K [01;36m[Knote: [m[K  initializing argument 2 of ‘[01m[Kstd::vector<double, std::allocator<double> > Navigation::calculateFreeAcceleration(const std::vector<double, std::allocator<double> >&, const tf2::Matrix3x3&) const[m[K’
   51 |                             [01;36m[Kconst tf2::Matrix3x3 &rotation_matrix[m[K) const {
      |                             [01;36m[K~~~~~~~~~~~~~~~~~~~~~~^~~~~~~~~~~~~~~[m[K
gmake[2]: *** [CMakeFiles/navigation.dir/build.make:76: CMakeFiles/navigation.dir/src/navigation.cpp.o] Interrupt
gmake[1]: *** [CMakeFiles/Makefile2:137: CMakeFiles/navigation.dir/all] Interrupt
gmake: *** [Makefile:146: all] Interrupt
