[0.022s] Invoking command in '/home/mls/vrx_ws/build/navigation': CMAKE_PREFIX_PATH=${CMAKE_PREFIX_PATH}:/opt/ros/humble /usr/bin/cmake --build /home/mls/vrx_ws/build/navigation -- -j8 -l8
[0.103s] [35m[1mConsolidate compiler generated dependencies of target navigation[0m
[0.151s] [ 50%] [32mBuilding CXX object CMakeFiles/navigation.dir/src/navigation.cpp.o[0m
[6.043s] In file included from [01m[K/home/mls/vrx_ws/src/navigation/src/navigation.cpp:7[m[K:
[6.043s] [01m[K/home/mls/vrx_ws/src/navigation/src/aqua_utils.h:13:52:[m[K [01;31m[Kerror: [m[Kexpected ‘[01m[K)[m[K’ before ‘[01m[K;[m[K’ token
[6.043s]    13 |                            const tf2::Quaternion &q[01;31m[K;[m[K
[6.043s]       |                                                    [01;31m[K^[m[K
[6.044s]       |                                                    [32m[K)[m[K
[6.044s] [01m[K/home/mls/vrx_ws/src/navigation/src/aqua_utils.h:12:26:[m[K [01;36m[Knote: [m[Kto match this ‘[01m[K([m[K’
[6.044s]    12 | calculateFreeAcceleration[01;36m[K([m[Kconst std::vector<double> &accImu,
[6.044s]       |                          [01;36m[K^[m[K
[6.261s] [01m[K/home/mls/vrx_ws/src/navigation/src/navigation.cpp:[m[K In member function ‘[01m[Kvoid Navigation::imu_callback(const Imu&) const[m[K’:
[6.261s] [01m[K/home/mls/vrx_ws/src/navigation/src/navigation.cpp:38:57:[m[K [01;31m[Kerror: [m[Kcannot convert ‘[01m[Ktf2::Quaternion[m[K’ to ‘[01m[Kconst tf2::Matrix3x3&[m[K’
[6.262s]    38 |     auto freeAccImu = calculateFreeAcceleration(accImu, [01;31m[KqImu[m[K);
[6.262s]       |                                                         [01;31m[K^~~~[m[K
[6.262s]       |                                                         [01;31m[K|[m[K
[6.262s]       |                                                         [01;31m[Ktf2::Quaternion[m[K
[6.262s] [01m[K/home/mls/vrx_ws/src/navigation/src/navigation.cpp:51:51:[m[K [01;36m[Knote: [m[K  initializing argument 2 of ‘[01m[Kstd::vector<double, std::allocator<double> > Navigation::calculateFreeAcceleration(const std::vector<double, std::allocator<double> >&, const tf2::Matrix3x3&) const[m[K’
[6.262s]    51 |                             [01;36m[Kconst tf2::Matrix3x3 &rotation_matrix[m[K) const {
[6.263s]       |                             [01;36m[K~~~~~~~~~~~~~~~~~~~~~~^~~~~~~~~~~~~~~[m[K
[9.254s] gmake[2]: *** [CMakeFiles/navigation.dir/build.make:76: CMakeFiles/navigation.dir/src/navigation.cpp.o] Interrupt
[9.255s] gmake[1]: *** [CMakeFiles/Makefile2:137: CMakeFiles/navigation.dir/all] Interrupt
[9.255s] gmake: *** [Makefile:146: all] Interrupt
[9.314s] Invoked command in '/home/mls/vrx_ws/build/navigation' returned '-2': CMAKE_PREFIX_PATH=${CMAKE_PREFIX_PATH}:/opt/ros/humble /usr/bin/cmake --build /home/mls/vrx_ws/build/navigation -- -j8 -l8
