[0.025s] Invoking command in '/home/mls/vrx_ws/build/navigation': CMAKE_PREFIX_PATH=${CMAKE_PREFIX_PATH}:/opt/ros/humble /usr/bin/cmake --build /home/mls/vrx_ws/build/navigation -- -j8 -l8
[0.131s] [ 33%] [32mBuilding CXX object CMakeFiles/navigation.dir/src/navigation.cpp.o[0m
[28.521s] [ 66%] [32m[1mLinking CXX executable navigation[0m
[30.244s] [100%] Built target navigation
[30.264s] Invoked command in '/home/mls/vrx_ws/build/navigation' returned '0': CMAKE_PREFIX_PATH=${CMAKE_PREFIX_PATH}:/opt/ros/humble /usr/bin/cmake --build /home/mls/vrx_ws/build/navigation -- -j8 -l8
[30.363s] Invoking command in '/home/mls/vrx_ws/build/navigation': CMAKE_PREFIX_PATH=${CMAKE_PREFIX_PATH}:/opt/ros/humble /usr/bin/cmake --install /home/mls/vrx_ws/build/navigation
[30.429s] -- Install configuration: ""
[30.429s] -- Installing: /home/mls/vrx_ws/install/lib/navigation/navigation
[30.483s] -- Set runtime path of "/home/mls/vrx_ws/install/lib/navigation/navigation" to ""
[30.483s] -- Up-to-date: /home/mls/vrx_ws/install/share/ament_index/resource_index/package_run_dependencies/navigation
[30.484s] -- Up-to-date: /home/mls/vrx_ws/install/share/ament_index/resource_index/parent_prefix_path/navigation
[30.484s] -- Up-to-date: /home/mls/vrx_ws/install/share/navigation/environment/ament_prefix_path.sh
[30.484s] -- Up-to-date: /home/mls/vrx_ws/install/share/navigation/environment/ament_prefix_path.dsv
[30.484s] -- Up-to-date: /home/mls/vrx_ws/install/share/navigation/environment/path.sh
[30.484s] -- Up-to-date: /home/mls/vrx_ws/install/share/navigation/environment/path.dsv
[30.485s] -- Up-to-date: /home/mls/vrx_ws/install/share/navigation/local_setup.bash
[30.485s] -- Up-to-date: /home/mls/vrx_ws/install/share/navigation/local_setup.sh
[30.485s] -- Up-to-date: /home/mls/vrx_ws/install/share/navigation/local_setup.zsh
[30.485s] -- Up-to-date: /home/mls/vrx_ws/install/share/navigation/local_setup.dsv
[30.485s] -- Installing: /home/mls/vrx_ws/install/share/navigation/package.dsv
[30.486s] -- Up-to-date: /home/mls/vrx_ws/install/share/ament_index/resource_index/packages/navigation
[30.486s] -- Up-to-date: /home/mls/vrx_ws/install/share/navigation/cmake/navigationConfig.cmake
[30.486s] -- Up-to-date: /home/mls/vrx_ws/install/share/navigation/cmake/navigationConfig-version.cmake
[30.486s] -- Up-to-date: /home/mls/vrx_ws/install/share/navigation/package.xml
[30.490s] Invoked command in '/home/mls/vrx_ws/build/navigation' returned '0': CMAKE_PREFIX_PATH=${CMAKE_PREFIX_PATH}:/opt/ros/humble /usr/bin/cmake --install /home/mls/vrx_ws/build/navigation
