[0.250s] DEBUG:colcon:Command line arguments: ['/usr/bin/colcon', 'build', '--packages-select', 'navigation', '--merge-install']
[0.250s] DEBUG:colcon:Parsed command line arguments: Namespace(log_base=None, log_level=None, verb_name='build', build_base='build', install_base='install', merge_install=True, symlink_install=False, test_result_base=None, continue_on_error=False, executor='parallel', parallel_workers=8, event_handlers=None, ignore_user_meta=False, metas=['./colcon.meta'], base_paths=['.'], packages_ignore=None, packages_ignore_regex=None, paths=None, packages_up_to=None, packages_up_to_regex=None, packages_above=None, packages_above_and_dependencies=None, packages_above_depth=None, packages_select_by_dep=None, packages_skip_by_dep=None, packages_skip_up_to=None, packages_select_build_failed=False, packages_skip_build_finished=False, packages_select_test_failures=False, packages_skip_test_passed=False, packages_select=['navigation'], packages_skip=None, packages_select_regex=None, packages_skip_regex=None, packages_start=None, packages_end=None, allow_overriding=[], cmake_args=None, cmake_target=None, cmake_target_skip_unavailable=False, cmake_clean_cache=False, cmake_clean_first=False, cmake_force_configure=False, ament_cmake_args=None, catkin_cmake_args=None, catkin_skip_building_tests=False, verb_parser=<colcon_defaults.argument_parser.defaults.DefaultArgumentsDecorator object at 0x7ab6ce44c700>, verb_extension=<colcon_core.verb.build.BuildVerb object at 0x7ab6ce44c130>, main=<bound method BuildVerb.main of <colcon_core.verb.build.BuildVerb object at 0x7ab6ce44c130>>)
[0.648s] Level 1:colcon.colcon_core.package_discovery:discover_packages(colcon_meta) check parameters
[0.648s] Level 1:colcon.colcon_core.package_discovery:discover_packages(recursive) check parameters
[0.648s] Level 1:colcon.colcon_core.package_discovery:discover_packages(ignore) check parameters
[0.649s] Level 1:colcon.colcon_core.package_discovery:discover_packages(path) check parameters
[0.649s] Level 1:colcon.colcon_core.package_discovery:discover_packages(colcon_meta) discover
[0.649s] Level 1:colcon.colcon_core.package_discovery:discover_packages(recursive) discover
[0.649s] INFO:colcon.colcon_core.package_discovery:Crawling recursively for packages in '/home/mls/vrx_ws'
[0.649s] Level 1:colcon.colcon_core.package_identification:_identify(.) by extensions ['ignore', 'ignore_ament_install']
[0.649s] Level 1:colcon.colcon_core.package_identification:_identify(.) by extension 'ignore'
[0.649s] Level 1:colcon.colcon_core.package_identification:_identify(.) by extension 'ignore_ament_install'
[0.650s] Level 1:colcon.colcon_core.package_identification:_identify(.) by extensions ['colcon_pkg']
[0.650s] Level 1:colcon.colcon_core.package_identification:_identify(.) by extension 'colcon_pkg'
[0.650s] Level 1:colcon.colcon_core.package_identification:_identify(.) by extensions ['colcon_meta']
[0.650s] Level 1:colcon.colcon_core.package_identification:_identify(.) by extension 'colcon_meta'
[0.650s] Level 1:colcon.colcon_core.package_identification:_identify(.) by extensions ['ros']
[0.650s] Level 1:colcon.colcon_core.package_identification:_identify(.) by extension 'ros'
[0.679s] Level 1:colcon.colcon_core.package_identification:_identify(.) by extensions ['cmake', 'python']
[0.679s] Level 1:colcon.colcon_core.package_identification:_identify(.) by extension 'cmake'
[0.679s] Level 1:colcon.colcon_core.package_identification:_identify(.) by extension 'python'
[0.679s] Level 1:colcon.colcon_core.package_identification:_identify(.) by extensions ['python_setup_py']
[0.679s] Level 1:colcon.colcon_core.package_identification:_identify(.) by extension 'python_setup_py'
[0.679s] Level 1:colcon.colcon_core.package_identification:_identify(build) by extensions ['ignore', 'ignore_ament_install']
[0.680s] Level 1:colcon.colcon_core.package_identification:_identify(build) by extension 'ignore'
[0.680s] Level 1:colcon.colcon_core.package_identification:_identify(build) ignored
[0.680s] Level 1:colcon.colcon_core.package_identification:_identify(install) by extensions ['ignore', 'ignore_ament_install']
[0.680s] Level 1:colcon.colcon_core.package_identification:_identify(install) by extension 'ignore'
[0.680s] Level 1:colcon.colcon_core.package_identification:_identify(install) ignored
[0.681s] Level 1:colcon.colcon_core.package_identification:_identify(log) by extensions ['ignore', 'ignore_ament_install']
[0.681s] Level 1:colcon.colcon_core.package_identification:_identify(log) by extension 'ignore'
[0.681s] Level 1:colcon.colcon_core.package_identification:_identify(log) ignored
[0.681s] Level 1:colcon.colcon_core.package_identification:_identify(src) by extensions ['ignore', 'ignore_ament_install']
[0.682s] Level 1:colcon.colcon_core.package_identification:_identify(src) by extension 'ignore'
[0.682s] Level 1:colcon.colcon_core.package_identification:_identify(src) by extension 'ignore_ament_install'
[0.682s] Level 1:colcon.colcon_core.package_identification:_identify(src) by extensions ['colcon_pkg']
[0.682s] Level 1:colcon.colcon_core.package_identification:_identify(src) by extension 'colcon_pkg'
[0.682s] Level 1:colcon.colcon_core.package_identification:_identify(src) by extensions ['colcon_meta']
[0.682s] Level 1:colcon.colcon_core.package_identification:_identify(src) by extension 'colcon_meta'
[0.682s] Level 1:colcon.colcon_core.package_identification:_identify(src) by extensions ['ros']
[0.682s] Level 1:colcon.colcon_core.package_identification:_identify(src) by extension 'ros'
[0.682s] Level 1:colcon.colcon_core.package_identification:_identify(src) by extensions ['cmake', 'python']
[0.683s] Level 1:colcon.colcon_core.package_identification:_identify(src) by extension 'cmake'
[0.683s] Level 1:colcon.colcon_core.package_identification:_identify(src) by extension 'python'
[0.683s] Level 1:colcon.colcon_core.package_identification:_identify(src) by extensions ['python_setup_py']
[0.683s] Level 1:colcon.colcon_core.package_identification:_identify(src) by extension 'python_setup_py'
[0.683s] Level 1:colcon.colcon_core.package_identification:_identify(src/Aquabot) by extensions ['ignore', 'ignore_ament_install']
[0.683s] Level 1:colcon.colcon_core.package_identification:_identify(src/Aquabot) by extension 'ignore'
[0.683s] Level 1:colcon.colcon_core.package_identification:_identify(src/Aquabot) by extension 'ignore_ament_install'
[0.684s] Level 1:colcon.colcon_core.package_identification:_identify(src/Aquabot) by extensions ['colcon_pkg']
[0.684s] Level 1:colcon.colcon_core.package_identification:_identify(src/Aquabot) by extension 'colcon_pkg'
[0.684s] Level 1:colcon.colcon_core.package_identification:_identify(src/Aquabot) by extensions ['colcon_meta']
[0.684s] Level 1:colcon.colcon_core.package_identification:_identify(src/Aquabot) by extension 'colcon_meta'
[0.684s] Level 1:colcon.colcon_core.package_identification:_identify(src/Aquabot) by extensions ['ros']
[0.684s] Level 1:colcon.colcon_core.package_identification:_identify(src/Aquabot) by extension 'ros'
[0.684s] Level 1:colcon.colcon_core.package_identification:_identify(src/Aquabot) by extensions ['cmake', 'python']
[0.684s] Level 1:colcon.colcon_core.package_identification:_identify(src/Aquabot) by extension 'cmake'
[0.684s] Level 1:colcon.colcon_core.package_identification:_identify(src/Aquabot) by extension 'python'
[0.684s] Level 1:colcon.colcon_core.package_identification:_identify(src/Aquabot) by extensions ['python_setup_py']
[0.685s] Level 1:colcon.colcon_core.package_identification:_identify(src/Aquabot) by extension 'python_setup_py'
[0.685s] Level 1:colcon.colcon_core.package_identification:_identify(src/Aquabot/aquabot_gz) by extensions ['ignore', 'ignore_ament_install']
[0.685s] Level 1:colcon.colcon_core.package_identification:_identify(src/Aquabot/aquabot_gz) by extension 'ignore'
[0.685s] Level 1:colcon.colcon_core.package_identification:_identify(src/Aquabot/aquabot_gz) by extension 'ignore_ament_install'
[0.685s] Level 1:colcon.colcon_core.package_identification:_identify(src/Aquabot/aquabot_gz) by extensions ['colcon_pkg']
[0.685s] Level 1:colcon.colcon_core.package_identification:_identify(src/Aquabot/aquabot_gz) by extension 'colcon_pkg'
[0.685s] Level 1:colcon.colcon_core.package_identification:_identify(src/Aquabot/aquabot_gz) by extensions ['colcon_meta']
[0.686s] Level 1:colcon.colcon_core.package_identification:_identify(src/Aquabot/aquabot_gz) by extension 'colcon_meta'
[0.686s] Level 1:colcon.colcon_core.package_identification:_identify(src/Aquabot/aquabot_gz) by extensions ['ros']
[0.686s] Level 1:colcon.colcon_core.package_identification:_identify(src/Aquabot/aquabot_gz) by extension 'ros'
[0.692s] DEBUG:colcon.colcon_core.package_identification:Package 'src/Aquabot/aquabot_gz' with type 'ros.ament_cmake' and name 'aquabot_gz'
[0.692s] Level 1:colcon.colcon_core.package_identification:_identify(src/Aquabot/aquabot_python) by extensions ['ignore', 'ignore_ament_install']
[0.693s] Level 1:colcon.colcon_core.package_identification:_identify(src/Aquabot/aquabot_python) by extension 'ignore'
[0.693s] Level 1:colcon.colcon_core.package_identification:_identify(src/Aquabot/aquabot_python) by extension 'ignore_ament_install'
[0.693s] Level 1:colcon.colcon_core.package_identification:_identify(src/Aquabot/aquabot_python) by extensions ['colcon_pkg']
[0.693s] Level 1:colcon.colcon_core.package_identification:_identify(src/Aquabot/aquabot_python) by extension 'colcon_pkg'
[0.693s] Level 1:colcon.colcon_core.package_identification:_identify(src/Aquabot/aquabot_python) by extensions ['colcon_meta']
[0.693s] Level 1:colcon.colcon_core.package_identification:_identify(src/Aquabot/aquabot_python) by extension 'colcon_meta'
[0.693s] Level 1:colcon.colcon_core.package_identification:_identify(src/Aquabot/aquabot_python) by extensions ['ros']
[0.693s] Level 1:colcon.colcon_core.package_identification:_identify(src/Aquabot/aquabot_python) by extension 'ros'
[0.694s] DEBUG:colcon.colcon_core.package_identification:Package 'src/Aquabot/aquabot_python' with type 'ros.ament_cmake' and name 'aquabot_python'
[0.694s] Level 1:colcon.colcon_core.package_identification:_identify(src/Aquabot/aquabot_urdf) by extensions ['ignore', 'ignore_ament_install']
[0.694s] Level 1:colcon.colcon_core.package_identification:_identify(src/Aquabot/aquabot_urdf) by extension 'ignore'
[0.694s] Level 1:colcon.colcon_core.package_identification:_identify(src/Aquabot/aquabot_urdf) by extension 'ignore_ament_install'
[0.695s] Level 1:colcon.colcon_core.package_identification:_identify(src/Aquabot/aquabot_urdf) by extensions ['colcon_pkg']
[0.695s] Level 1:colcon.colcon_core.package_identification:_identify(src/Aquabot/aquabot_urdf) by extension 'colcon_pkg'
[0.695s] Level 1:colcon.colcon_core.package_identification:_identify(src/Aquabot/aquabot_urdf) by extensions ['colcon_meta']
[0.695s] Level 1:colcon.colcon_core.package_identification:_identify(src/Aquabot/aquabot_urdf) by extension 'colcon_meta'
[0.695s] Level 1:colcon.colcon_core.package_identification:_identify(src/Aquabot/aquabot_urdf) by extensions ['ros']
[0.695s] Level 1:colcon.colcon_core.package_identification:_identify(src/Aquabot/aquabot_urdf) by extension 'ros'
[0.695s] Level 1:colcon.colcon_core.package_identification:_identify(src/Aquabot/aquabot_urdf) by extensions ['cmake', 'python']
[0.695s] Level 1:colcon.colcon_core.package_identification:_identify(src/Aquabot/aquabot_urdf) by extension 'cmake'
[0.695s] Level 1:colcon.colcon_core.package_identification:_identify(src/Aquabot/aquabot_urdf) by extension 'python'
[0.695s] Level 1:colcon.colcon_core.package_identification:_identify(src/Aquabot/aquabot_urdf) by extensions ['python_setup_py']
[0.695s] Level 1:colcon.colcon_core.package_identification:_identify(src/Aquabot/aquabot_urdf) by extension 'python_setup_py'
[0.696s] Level 1:colcon.colcon_core.package_identification:_identify(src/Aquabot/aquabot_urdf/aquabot_description) by extensions ['ignore', 'ignore_ament_install']
[0.696s] Level 1:colcon.colcon_core.package_identification:_identify(src/Aquabot/aquabot_urdf/aquabot_description) by extension 'ignore'
[0.696s] Level 1:colcon.colcon_core.package_identification:_identify(src/Aquabot/aquabot_urdf/aquabot_description) by extension 'ignore_ament_install'
[0.696s] Level 1:colcon.colcon_core.package_identification:_identify(src/Aquabot/aquabot_urdf/aquabot_description) by extensions ['colcon_pkg']
[0.696s] Level 1:colcon.colcon_core.package_identification:_identify(src/Aquabot/aquabot_urdf/aquabot_description) by extension 'colcon_pkg'
[0.696s] Level 1:colcon.colcon_core.package_identification:_identify(src/Aquabot/aquabot_urdf/aquabot_description) by extensions ['colcon_meta']
[0.696s] Level 1:colcon.colcon_core.package_identification:_identify(src/Aquabot/aquabot_urdf/aquabot_description) by extension 'colcon_meta'
[0.696s] Level 1:colcon.colcon_core.package_identification:_identify(src/Aquabot/aquabot_urdf/aquabot_description) by extensions ['ros']
[0.696s] Level 1:colcon.colcon_core.package_identification:_identify(src/Aquabot/aquabot_urdf/aquabot_description) by extension 'ros'
[0.698s] DEBUG:colcon.colcon_core.package_identification:Package 'src/Aquabot/aquabot_urdf/aquabot_description' with type 'ros.ament_cmake' and name 'aquabot_description'
[0.698s] Level 1:colcon.colcon_core.package_identification:_identify(src/Aquabot-Competitor) by extensions ['ignore', 'ignore_ament_install']
[0.698s] Level 1:colcon.colcon_core.package_identification:_identify(src/Aquabot-Competitor) by extension 'ignore'
[0.699s] Level 1:colcon.colcon_core.package_identification:_identify(src/Aquabot-Competitor) by extension 'ignore_ament_install'
[0.699s] Level 1:colcon.colcon_core.package_identification:_identify(src/Aquabot-Competitor) by extensions ['colcon_pkg']
[0.699s] Level 1:colcon.colcon_core.package_identification:_identify(src/Aquabot-Competitor) by extension 'colcon_pkg'
[0.699s] Level 1:colcon.colcon_core.package_identification:_identify(src/Aquabot-Competitor) by extensions ['colcon_meta']
[0.699s] Level 1:colcon.colcon_core.package_identification:_identify(src/Aquabot-Competitor) by extension 'colcon_meta'
[0.699s] Level 1:colcon.colcon_core.package_identification:_identify(src/Aquabot-Competitor) by extensions ['ros']
[0.699s] Level 1:colcon.colcon_core.package_identification:_identify(src/Aquabot-Competitor) by extension 'ros'
[0.699s] Level 1:colcon.colcon_core.package_identification:_identify(src/Aquabot-Competitor) by extensions ['cmake', 'python']
[0.700s] Level 1:colcon.colcon_core.package_identification:_identify(src/Aquabot-Competitor) by extension 'cmake'
[0.700s] Level 1:colcon.colcon_core.package_identification:_identify(src/Aquabot-Competitor) by extension 'python'
[0.700s] Level 1:colcon.colcon_core.package_identification:_identify(src/Aquabot-Competitor) by extensions ['python_setup_py']
[0.700s] Level 1:colcon.colcon_core.package_identification:_identify(src/Aquabot-Competitor) by extension 'python_setup_py'
[0.700s] Level 1:colcon.colcon_core.package_identification:_identify(src/Aquabot-Competitor/aquabot_examples) by extensions ['ignore', 'ignore_ament_install']
[0.700s] Level 1:colcon.colcon_core.package_identification:_identify(src/Aquabot-Competitor/aquabot_examples) by extension 'ignore'
[0.700s] Level 1:colcon.colcon_core.package_identification:_identify(src/Aquabot-Competitor/aquabot_examples) by extension 'ignore_ament_install'
[0.701s] Level 1:colcon.colcon_core.package_identification:_identify(src/Aquabot-Competitor/aquabot_examples) by extensions ['colcon_pkg']
[0.701s] Level 1:colcon.colcon_core.package_identification:_identify(src/Aquabot-Competitor/aquabot_examples) by extension 'colcon_pkg'
[0.701s] Level 1:colcon.colcon_core.package_identification:_identify(src/Aquabot-Competitor/aquabot_examples) by extensions ['colcon_meta']
[0.701s] Level 1:colcon.colcon_core.package_identification:_identify(src/Aquabot-Competitor/aquabot_examples) by extension 'colcon_meta'
[0.701s] Level 1:colcon.colcon_core.package_identification:_identify(src/Aquabot-Competitor/aquabot_examples) by extensions ['ros']
[0.701s] Level 1:colcon.colcon_core.package_identification:_identify(src/Aquabot-Competitor/aquabot_examples) by extension 'ros'
[0.701s] Level 1:colcon.colcon_core.package_identification:_identify(src/Aquabot-Competitor/aquabot_examples) by extensions ['cmake', 'python']
[0.701s] Level 1:colcon.colcon_core.package_identification:_identify(src/Aquabot-Competitor/aquabot_examples) by extension 'cmake'
[0.701s] Level 1:colcon.colcon_core.package_identification:_identify(src/Aquabot-Competitor/aquabot_examples) by extension 'python'
[0.702s] Level 1:colcon.colcon_core.package_identification:_identify(src/Aquabot-Competitor/aquabot_examples) by extensions ['python_setup_py']
[0.702s] Level 1:colcon.colcon_core.package_identification:_identify(src/Aquabot-Competitor/aquabot_examples) by extension 'python_setup_py'
[0.702s] Level 1:colcon.colcon_core.package_identification:_identify(src/Aquabot-Competitor/aquabot_examples/aquabot_example) by extensions ['ignore', 'ignore_ament_install']
[0.702s] Level 1:colcon.colcon_core.package_identification:_identify(src/Aquabot-Competitor/aquabot_examples/aquabot_example) by extension 'ignore'
[0.702s] Level 1:colcon.colcon_core.package_identification:_identify(src/Aquabot-Competitor/aquabot_examples/aquabot_example) by extension 'ignore_ament_install'
[0.702s] Level 1:colcon.colcon_core.package_identification:_identify(src/Aquabot-Competitor/aquabot_examples/aquabot_example) by extensions ['colcon_pkg']
[0.702s] Level 1:colcon.colcon_core.package_identification:_identify(src/Aquabot-Competitor/aquabot_examples/aquabot_example) by extension 'colcon_pkg'
[0.702s] Level 1:colcon.colcon_core.package_identification:_identify(src/Aquabot-Competitor/aquabot_examples/aquabot_example) by extensions ['colcon_meta']
[0.703s] Level 1:colcon.colcon_core.package_identification:_identify(src/Aquabot-Competitor/aquabot_examples/aquabot_example) by extension 'colcon_meta'
[0.703s] Level 1:colcon.colcon_core.package_identification:_identify(src/Aquabot-Competitor/aquabot_examples/aquabot_example) by extensions ['ros']
[0.703s] Level 1:colcon.colcon_core.package_identification:_identify(src/Aquabot-Competitor/aquabot_examples/aquabot_example) by extension 'ros'
[0.705s] DEBUG:colcon.colcon_core.package_identification:Package 'src/Aquabot-Competitor/aquabot_examples/aquabot_example' with type 'ros.ament_cmake' and name 'aquabot_example'
[0.706s] Level 1:colcon.colcon_core.package_identification:_identify(src/Aquabot-Competitor/aquabot_examples/opencv_example) by extensions ['ignore', 'ignore_ament_install']
[0.706s] Level 1:colcon.colcon_core.package_identification:_identify(src/Aquabot-Competitor/aquabot_examples/opencv_example) by extension 'ignore'
[0.706s] Level 1:colcon.colcon_core.package_identification:_identify(src/Aquabot-Competitor/aquabot_examples/opencv_example) by extension 'ignore_ament_install'
[0.706s] Level 1:colcon.colcon_core.package_identification:_identify(src/Aquabot-Competitor/aquabot_examples/opencv_example) by extensions ['colcon_pkg']
[0.706s] Level 1:colcon.colcon_core.package_identification:_identify(src/Aquabot-Competitor/aquabot_examples/opencv_example) by extension 'colcon_pkg'
[0.706s] Level 1:colcon.colcon_core.package_identification:_identify(src/Aquabot-Competitor/aquabot_examples/opencv_example) by extensions ['colcon_meta']
[0.706s] Level 1:colcon.colcon_core.package_identification:_identify(src/Aquabot-Competitor/aquabot_examples/opencv_example) by extension 'colcon_meta'
[0.707s] Level 1:colcon.colcon_core.package_identification:_identify(src/Aquabot-Competitor/aquabot_examples/opencv_example) by extensions ['ros']
[0.707s] Level 1:colcon.colcon_core.package_identification:_identify(src/Aquabot-Competitor/aquabot_examples/opencv_example) by extension 'ros'
[0.709s] DEBUG:colcon.colcon_core.package_identification:Package 'src/Aquabot-Competitor/aquabot_examples/opencv_example' with type 'ros.ament_cmake' and name 'opencv_example'
[0.709s] Level 1:colcon.colcon_core.package_identification:_identify(src/Aquabot-Competitor/aquabot_examples/package_example) by extensions ['ignore', 'ignore_ament_install']
[0.710s] Level 1:colcon.colcon_core.package_identification:_identify(src/Aquabot-Competitor/aquabot_examples/package_example) by extension 'ignore'
[0.710s] Level 1:colcon.colcon_core.package_identification:_identify(src/Aquabot-Competitor/aquabot_examples/package_example) by extension 'ignore_ament_install'
[0.710s] Level 1:colcon.colcon_core.package_identification:_identify(src/Aquabot-Competitor/aquabot_examples/package_example) by extensions ['colcon_pkg']
[0.710s] Level 1:colcon.colcon_core.package_identification:_identify(src/Aquabot-Competitor/aquabot_examples/package_example) by extension 'colcon_pkg'
[0.710s] Level 1:colcon.colcon_core.package_identification:_identify(src/Aquabot-Competitor/aquabot_examples/package_example) by extensions ['colcon_meta']
[0.710s] Level 1:colcon.colcon_core.package_identification:_identify(src/Aquabot-Competitor/aquabot_examples/package_example) by extension 'colcon_meta'
[0.711s] Level 1:colcon.colcon_core.package_identification:_identify(src/Aquabot-Competitor/aquabot_examples/package_example) by extensions ['ros']
[0.711s] Level 1:colcon.colcon_core.package_identification:_identify(src/Aquabot-Competitor/aquabot_examples/package_example) by extension 'ros'
[0.713s] DEBUG:colcon.colcon_core.package_identification:Package 'src/Aquabot-Competitor/aquabot_examples/package_example' with type 'ros.ament_cmake' and name 'package_example'
[0.713s] Level 1:colcon.colcon_core.package_identification:_identify(src/navigation) by extensions ['ignore', 'ignore_ament_install']
[0.713s] Level 1:colcon.colcon_core.package_identification:_identify(src/navigation) by extension 'ignore'
[0.714s] Level 1:colcon.colcon_core.package_identification:_identify(src/navigation) by extension 'ignore_ament_install'
[0.714s] Level 1:colcon.colcon_core.package_identification:_identify(src/navigation) by extensions ['colcon_pkg']
[0.714s] Level 1:colcon.colcon_core.package_identification:_identify(src/navigation) by extension 'colcon_pkg'
[0.714s] Level 1:colcon.colcon_core.package_identification:_identify(src/navigation) by extensions ['colcon_meta']
[0.714s] Level 1:colcon.colcon_core.package_identification:_identify(src/navigation) by extension 'colcon_meta'
[0.714s] Level 1:colcon.colcon_core.package_identification:_identify(src/navigation) by extensions ['ros']
[0.715s] Level 1:colcon.colcon_core.package_identification:_identify(src/navigation) by extension 'ros'
[0.716s] DEBUG:colcon.colcon_core.package_identification:Package 'src/navigation' with type 'ros.ament_cmake' and name 'navigation'
[0.716s] Level 1:colcon.colcon_core.package_identification:_identify(src/vrx) by extensions ['ignore', 'ignore_ament_install']
[0.716s] Level 1:colcon.colcon_core.package_identification:_identify(src/vrx) by extension 'ignore'
[0.716s] Level 1:colcon.colcon_core.package_identification:_identify(src/vrx) by extension 'ignore_ament_install'
[0.716s] Level 1:colcon.colcon_core.package_identification:_identify(src/vrx) by extensions ['colcon_pkg']
[0.716s] Level 1:colcon.colcon_core.package_identification:_identify(src/vrx) by extension 'colcon_pkg'
[0.717s] Level 1:colcon.colcon_core.package_identification:_identify(src/vrx) by extensions ['colcon_meta']
[0.717s] Level 1:colcon.colcon_core.package_identification:_identify(src/vrx) by extension 'colcon_meta'
[0.717s] Level 1:colcon.colcon_core.package_identification:_identify(src/vrx) by extensions ['ros']
[0.717s] Level 1:colcon.colcon_core.package_identification:_identify(src/vrx) by extension 'ros'
[0.717s] Level 1:colcon.colcon_core.package_identification:_identify(src/vrx) by extensions ['cmake', 'python']
[0.717s] Level 1:colcon.colcon_core.package_identification:_identify(src/vrx) by extension 'cmake'
[0.717s] Level 1:colcon.colcon_core.package_identification:_identify(src/vrx) by extension 'python'
[0.717s] Level 1:colcon.colcon_core.package_identification:_identify(src/vrx) by extensions ['python_setup_py']
[0.718s] Level 1:colcon.colcon_core.package_identification:_identify(src/vrx) by extension 'python_setup_py'
[0.718s] Level 1:colcon.colcon_core.package_identification:_identify(src/vrx/images) by extensions ['ignore', 'ignore_ament_install']
[0.718s] Level 1:colcon.colcon_core.package_identification:_identify(src/vrx/images) by extension 'ignore'
[0.718s] Level 1:colcon.colcon_core.package_identification:_identify(src/vrx/images) by extension 'ignore_ament_install'
[0.718s] Level 1:colcon.colcon_core.package_identification:_identify(src/vrx/images) by extensions ['colcon_pkg']
[0.718s] Level 1:colcon.colcon_core.package_identification:_identify(src/vrx/images) by extension 'colcon_pkg'
[0.718s] Level 1:colcon.colcon_core.package_identification:_identify(src/vrx/images) by extensions ['colcon_meta']
[0.719s] Level 1:colcon.colcon_core.package_identification:_identify(src/vrx/images) by extension 'colcon_meta'
[0.719s] Level 1:colcon.colcon_core.package_identification:_identify(src/vrx/images) by extensions ['ros']
[0.719s] Level 1:colcon.colcon_core.package_identification:_identify(src/vrx/images) by extension 'ros'
[0.719s] Level 1:colcon.colcon_core.package_identification:_identify(src/vrx/images) by extensions ['cmake', 'python']
[0.719s] Level 1:colcon.colcon_core.package_identification:_identify(src/vrx/images) by extension 'cmake'
[0.719s] Level 1:colcon.colcon_core.package_identification:_identify(src/vrx/images) by extension 'python'
[0.719s] Level 1:colcon.colcon_core.package_identification:_identify(src/vrx/images) by extensions ['python_setup_py']
[0.719s] Level 1:colcon.colcon_core.package_identification:_identify(src/vrx/images) by extension 'python_setup_py'
[0.720s] Level 1:colcon.colcon_core.package_identification:_identify(src/vrx/vrx_gz) by extensions ['ignore', 'ignore_ament_install']
[0.720s] Level 1:colcon.colcon_core.package_identification:_identify(src/vrx/vrx_gz) by extension 'ignore'
[0.720s] Level 1:colcon.colcon_core.package_identification:_identify(src/vrx/vrx_gz) by extension 'ignore_ament_install'
[0.720s] Level 1:colcon.colcon_core.package_identification:_identify(src/vrx/vrx_gz) by extensions ['colcon_pkg']
[0.720s] Level 1:colcon.colcon_core.package_identification:_identify(src/vrx/vrx_gz) by extension 'colcon_pkg'
[0.720s] Level 1:colcon.colcon_core.package_identification:_identify(src/vrx/vrx_gz) by extensions ['colcon_meta']
[0.720s] Level 1:colcon.colcon_core.package_identification:_identify(src/vrx/vrx_gz) by extension 'colcon_meta'
[0.720s] Level 1:colcon.colcon_core.package_identification:_identify(src/vrx/vrx_gz) by extensions ['ros']
[0.720s] Level 1:colcon.colcon_core.package_identification:_identify(src/vrx/vrx_gz) by extension 'ros'
[0.723s] DEBUG:colcon.colcon_core.package_identification:Package 'src/vrx/vrx_gz' with type 'ros.ament_cmake' and name 'vrx_gz'
[0.723s] Level 1:colcon.colcon_core.package_identification:_identify(src/vrx/vrx_ros) by extensions ['ignore', 'ignore_ament_install']
[0.723s] Level 1:colcon.colcon_core.package_identification:_identify(src/vrx/vrx_ros) by extension 'ignore'
[0.723s] Level 1:colcon.colcon_core.package_identification:_identify(src/vrx/vrx_ros) by extension 'ignore_ament_install'
[0.723s] Level 1:colcon.colcon_core.package_identification:_identify(src/vrx/vrx_ros) by extensions ['colcon_pkg']
[0.723s] Level 1:colcon.colcon_core.package_identification:_identify(src/vrx/vrx_ros) by extension 'colcon_pkg'
[0.723s] Level 1:colcon.colcon_core.package_identification:_identify(src/vrx/vrx_ros) by extensions ['colcon_meta']
[0.723s] Level 1:colcon.colcon_core.package_identification:_identify(src/vrx/vrx_ros) by extension 'colcon_meta'
[0.723s] Level 1:colcon.colcon_core.package_identification:_identify(src/vrx/vrx_ros) by extensions ['ros']
[0.723s] Level 1:colcon.colcon_core.package_identification:_identify(src/vrx/vrx_ros) by extension 'ros'
[0.726s] DEBUG:colcon.colcon_core.package_identification:Package 'src/vrx/vrx_ros' with type 'ros.ament_cmake' and name 'vrx_ros'
[0.727s] Level 1:colcon.colcon_core.package_identification:_identify(src/vrx/vrx_urdf) by extensions ['ignore', 'ignore_ament_install']
[0.727s] Level 1:colcon.colcon_core.package_identification:_identify(src/vrx/vrx_urdf) by extension 'ignore'
[0.727s] Level 1:colcon.colcon_core.package_identification:_identify(src/vrx/vrx_urdf) by extension 'ignore_ament_install'
[0.727s] Level 1:colcon.colcon_core.package_identification:_identify(src/vrx/vrx_urdf) by extensions ['colcon_pkg']
[0.727s] Level 1:colcon.colcon_core.package_identification:_identify(src/vrx/vrx_urdf) by extension 'colcon_pkg'
[0.727s] Level 1:colcon.colcon_core.package_identification:_identify(src/vrx/vrx_urdf) by extensions ['colcon_meta']
[0.727s] Level 1:colcon.colcon_core.package_identification:_identify(src/vrx/vrx_urdf) by extension 'colcon_meta'
[0.728s] Level 1:colcon.colcon_core.package_identification:_identify(src/vrx/vrx_urdf) by extensions ['ros']
[0.728s] Level 1:colcon.colcon_core.package_identification:_identify(src/vrx/vrx_urdf) by extension 'ros'
[0.728s] Level 1:colcon.colcon_core.package_identification:_identify(src/vrx/vrx_urdf) by extensions ['cmake', 'python']
[0.728s] Level 1:colcon.colcon_core.package_identification:_identify(src/vrx/vrx_urdf) by extension 'cmake'
[0.728s] Level 1:colcon.colcon_core.package_identification:_identify(src/vrx/vrx_urdf) by extension 'python'
[0.728s] Level 1:colcon.colcon_core.package_identification:_identify(src/vrx/vrx_urdf) by extensions ['python_setup_py']
[0.728s] Level 1:colcon.colcon_core.package_identification:_identify(src/vrx/vrx_urdf) by extension 'python_setup_py'
[0.728s] Level 1:colcon.colcon_core.package_identification:_identify(src/vrx/vrx_urdf/vrx_gazebo) by extensions ['ignore', 'ignore_ament_install']
[0.728s] Level 1:colcon.colcon_core.package_identification:_identify(src/vrx/vrx_urdf/vrx_gazebo) by extension 'ignore'
[0.728s] Level 1:colcon.colcon_core.package_identification:_identify(src/vrx/vrx_urdf/vrx_gazebo) by extension 'ignore_ament_install'
[0.728s] Level 1:colcon.colcon_core.package_identification:_identify(src/vrx/vrx_urdf/vrx_gazebo) by extensions ['colcon_pkg']
[0.729s] Level 1:colcon.colcon_core.package_identification:_identify(src/vrx/vrx_urdf/vrx_gazebo) by extension 'colcon_pkg'
[0.729s] Level 1:colcon.colcon_core.package_identification:_identify(src/vrx/vrx_urdf/vrx_gazebo) by extensions ['colcon_meta']
[0.729s] Level 1:colcon.colcon_core.package_identification:_identify(src/vrx/vrx_urdf/vrx_gazebo) by extension 'colcon_meta'
[0.729s] Level 1:colcon.colcon_core.package_identification:_identify(src/vrx/vrx_urdf/vrx_gazebo) by extensions ['ros']
[0.729s] Level 1:colcon.colcon_core.package_identification:_identify(src/vrx/vrx_urdf/vrx_gazebo) by extension 'ros'
[0.730s] DEBUG:colcon.colcon_core.package_identification:Package 'src/vrx/vrx_urdf/vrx_gazebo' with type 'ros.ament_cmake' and name 'vrx_gazebo'
[0.730s] Level 1:colcon.colcon_core.package_identification:_identify(src/vrx/vrx_urdf/wamv_description) by extensions ['ignore', 'ignore_ament_install']
[0.731s] Level 1:colcon.colcon_core.package_identification:_identify(src/vrx/vrx_urdf/wamv_description) by extension 'ignore'
[0.731s] Level 1:colcon.colcon_core.package_identification:_identify(src/vrx/vrx_urdf/wamv_description) by extension 'ignore_ament_install'
[0.731s] Level 1:colcon.colcon_core.package_identification:_identify(src/vrx/vrx_urdf/wamv_description) by extensions ['colcon_pkg']
[0.731s] Level 1:colcon.colcon_core.package_identification:_identify(src/vrx/vrx_urdf/wamv_description) by extension 'colcon_pkg'
[0.731s] Level 1:colcon.colcon_core.package_identification:_identify(src/vrx/vrx_urdf/wamv_description) by extensions ['colcon_meta']
[0.731s] Level 1:colcon.colcon_core.package_identification:_identify(src/vrx/vrx_urdf/wamv_description) by extension 'colcon_meta'
[0.731s] Level 1:colcon.colcon_core.package_identification:_identify(src/vrx/vrx_urdf/wamv_description) by extensions ['ros']
[0.731s] Level 1:colcon.colcon_core.package_identification:_identify(src/vrx/vrx_urdf/wamv_description) by extension 'ros'
[0.734s] DEBUG:colcon.colcon_core.package_identification:Package 'src/vrx/vrx_urdf/wamv_description' with type 'ros.ament_cmake' and name 'wamv_description'
[0.734s] Level 1:colcon.colcon_core.package_identification:_identify(src/vrx/vrx_urdf/wamv_gazebo) by extensions ['ignore', 'ignore_ament_install']
[0.734s] Level 1:colcon.colcon_core.package_identification:_identify(src/vrx/vrx_urdf/wamv_gazebo) by extension 'ignore'
[0.734s] Level 1:colcon.colcon_core.package_identification:_identify(src/vrx/vrx_urdf/wamv_gazebo) by extension 'ignore_ament_install'
[0.735s] Level 1:colcon.colcon_core.package_identification:_identify(src/vrx/vrx_urdf/wamv_gazebo) by extensions ['colcon_pkg']
[0.735s] Level 1:colcon.colcon_core.package_identification:_identify(src/vrx/vrx_urdf/wamv_gazebo) by extension 'colcon_pkg'
[0.735s] Level 1:colcon.colcon_core.package_identification:_identify(src/vrx/vrx_urdf/wamv_gazebo) by extensions ['colcon_meta']
[0.735s] Level 1:colcon.colcon_core.package_identification:_identify(src/vrx/vrx_urdf/wamv_gazebo) by extension 'colcon_meta'
[0.735s] Level 1:colcon.colcon_core.package_identification:_identify(src/vrx/vrx_urdf/wamv_gazebo) by extensions ['ros']
[0.735s] Level 1:colcon.colcon_core.package_identification:_identify(src/vrx/vrx_urdf/wamv_gazebo) by extension 'ros'
[0.737s] DEBUG:colcon.colcon_core.package_identification:Package 'src/vrx/vrx_urdf/wamv_gazebo' with type 'ros.ament_cmake' and name 'wamv_gazebo'
[0.737s] Level 1:colcon.colcon_core.package_discovery:discover_packages(recursive) using defaults
[0.737s] Level 1:colcon.colcon_core.package_discovery:discover_packages(ignore) discover
[0.737s] Level 1:colcon.colcon_core.package_discovery:discover_packages(ignore) using defaults
[0.737s] Level 1:colcon.colcon_core.package_discovery:discover_packages(path) discover
[0.737s] Level 1:colcon.colcon_core.package_discovery:discover_packages(path) using defaults
[0.803s] INFO:colcon.colcon_core.package_selection:Skipping not selected package 'aquabot_example' in 'src/Aquabot-Competitor/aquabot_examples/aquabot_example'
[0.803s] INFO:colcon.colcon_core.package_selection:Skipping not selected package 'aquabot_python' in 'src/Aquabot/aquabot_python'
[0.803s] INFO:colcon.colcon_core.package_selection:Skipping not selected package 'opencv_example' in 'src/Aquabot-Competitor/aquabot_examples/opencv_example'
[0.804s] INFO:colcon.colcon_core.package_selection:Skipping not selected package 'package_example' in 'src/Aquabot-Competitor/aquabot_examples/package_example'
[0.804s] INFO:colcon.colcon_core.package_selection:Skipping not selected package 'vrx_gazebo' in 'src/vrx/vrx_urdf/vrx_gazebo'
[0.804s] INFO:colcon.colcon_core.package_selection:Skipping not selected package 'vrx_ros' in 'src/vrx/vrx_ros'
[0.804s] INFO:colcon.colcon_core.package_selection:Skipping not selected package 'aquabot_description' in 'src/Aquabot/aquabot_urdf/aquabot_description'
[0.804s] INFO:colcon.colcon_core.package_selection:Skipping not selected package 'vrx_gz' in 'src/vrx/vrx_gz'
[0.804s] INFO:colcon.colcon_core.package_selection:Skipping not selected package 'wamv_description' in 'src/vrx/vrx_urdf/wamv_description'
[0.804s] INFO:colcon.colcon_core.package_selection:Skipping not selected package 'aquabot_gz' in 'src/Aquabot/aquabot_gz'
[0.804s] INFO:colcon.colcon_core.package_selection:Skipping not selected package 'wamv_gazebo' in 'src/vrx/vrx_urdf/wamv_gazebo'
[0.806s] Level 1:colcon.colcon_core.package_discovery:discover_packages(prefix_path) check parameters
[0.806s] Level 1:colcon.colcon_core.package_discovery:discover_packages(prefix_path) discover
[0.812s] DEBUG:colcon.colcon_installed_package_information.package_discovery:Found 327 installed packages in /opt/ros/humble
[0.816s] Level 1:colcon.colcon_core.package_discovery:discover_packages(prefix_path) using defaults
[0.923s] Level 5:colcon.colcon_core.verb:set package 'navigation' build argument 'cmake_args' from command line to 'None'
[0.924s] Level 5:colcon.colcon_core.verb:set package 'navigation' build argument 'cmake_target' from command line to 'None'
[0.924s] Level 5:colcon.colcon_core.verb:set package 'navigation' build argument 'cmake_target_skip_unavailable' from command line to 'False'
[0.924s] Level 5:colcon.colcon_core.verb:set package 'navigation' build argument 'cmake_clean_cache' from command line to 'False'
[0.924s] Level 5:colcon.colcon_core.verb:set package 'navigation' build argument 'cmake_clean_first' from command line to 'False'
[0.924s] Level 5:colcon.colcon_core.verb:set package 'navigation' build argument 'cmake_force_configure' from command line to 'False'
[0.924s] Level 5:colcon.colcon_core.verb:set package 'navigation' build argument 'ament_cmake_args' from command line to 'None'
[0.924s] Level 5:colcon.colcon_core.verb:set package 'navigation' build argument 'catkin_cmake_args' from command line to 'None'
[0.924s] Level 5:colcon.colcon_core.verb:set package 'navigation' build argument 'catkin_skip_building_tests' from command line to 'False'
[0.924s] DEBUG:colcon.colcon_core.verb:Building package 'navigation' with the following arguments: {'ament_cmake_args': None, 'build_base': '/home/mls/vrx_ws/build/navigation', 'catkin_cmake_args': None, 'catkin_skip_building_tests': False, 'cmake_args': None, 'cmake_clean_cache': False, 'cmake_clean_first': False, 'cmake_force_configure': False, 'cmake_target': None, 'cmake_target_skip_unavailable': False, 'install_base': '/home/mls/vrx_ws/install', 'merge_install': True, 'path': '/home/mls/vrx_ws/src/navigation', 'symlink_install': False, 'test_result_base': None}
[0.925s] INFO:colcon.colcon_core.executor:Executing jobs using 'parallel' executor
[0.926s] DEBUG:colcon.colcon_parallel_executor.executor.parallel:run_until_complete
[0.926s] INFO:colcon.colcon_ros.task.ament_cmake.build:Building ROS package in '/home/mls/vrx_ws/src/navigation' with build type 'ament_cmake'
[0.926s] INFO:colcon.colcon_cmake.task.cmake.build:Building CMake package in '/home/mls/vrx_ws/src/navigation'
[0.931s] INFO:colcon.colcon_core.plugin_system:Skipping extension 'colcon_core.shell.bat': Not used on non-Windows systems
[0.931s] INFO:colcon.colcon_core.shell:Skip shell extension 'powershell' for command environment: Not usable outside of PowerShell
[0.932s] DEBUG:colcon.colcon_core.shell:Skip shell extension 'dsv' for command environment
[0.952s] DEBUG:colcon.colcon_core.event_handler.log_command:Invoking command in '/home/mls/vrx_ws/build/navigation': CMAKE_PREFIX_PATH=/opt/ros/humble /usr/bin/cmake --build /home/mls/vrx_ws/build/navigation -- -j8 -l8
[14.282s] DEBUG:colcon.colcon_core.event_handler.log_command:Invoked command in '/home/mls/vrx_ws/build/navigation' returned '2': CMAKE_PREFIX_PATH=/opt/ros/humble /usr/bin/cmake --build /home/mls/vrx_ws/build/navigation -- -j8 -l8
[14.332s] Level 1:colcon.colcon_core.environment:create_environment_scripts_only(navigation)
[14.338s] Level 1:colcon.colcon_core.environment:checking '/home/mls/vrx_ws/install' for CMake module files
[14.339s] Level 1:colcon.colcon_core.environment:checking '/home/mls/vrx_ws/install' for CMake config files
[14.339s] Level 1:colcon.colcon_core.shell:create_environment_hook('navigation', 'cmake_prefix_path')
[14.340s] INFO:colcon.colcon_core.shell:Creating environment hook '/home/mls/vrx_ws/install/share/navigation/hook/cmake_prefix_path.ps1'
[14.342s] INFO:colcon.colcon_core.shell:Creating environment descriptor '/home/mls/vrx_ws/install/share/navigation/hook/cmake_prefix_path.dsv'
[14.343s] INFO:colcon.colcon_core.shell:Creating environment hook '/home/mls/vrx_ws/install/share/navigation/hook/cmake_prefix_path.sh'
[14.344s] Level 1:colcon.colcon_core.environment:checking '/home/mls/vrx_ws/install/lib'
[14.344s] Level 1:colcon.colcon_core.shell:create_environment_hook('navigation', 'ld_library_path_lib')
[14.345s] INFO:colcon.colcon_core.shell:Creating environment hook '/home/mls/vrx_ws/install/share/navigation/hook/ld_library_path_lib.ps1'
[14.346s] INFO:colcon.colcon_core.shell:Creating environment descriptor '/home/mls/vrx_ws/install/share/navigation/hook/ld_library_path_lib.dsv'
[14.347s] INFO:colcon.colcon_core.shell:Creating environment hook '/home/mls/vrx_ws/install/share/navigation/hook/ld_library_path_lib.sh'
[14.348s] Level 1:colcon.colcon_core.environment:checking '/home/mls/vrx_ws/install/bin'
[14.348s] Level 1:colcon.colcon_core.environment:checking '/home/mls/vrx_ws/install/lib/pkgconfig/navigation.pc'
[14.349s] Level 1:colcon.colcon_core.environment:checking '/home/mls/vrx_ws/install/lib/python3.10/site-packages'
[14.349s] Level 1:colcon.colcon_core.environment:checking '/home/mls/vrx_ws/install/bin'
[14.350s] INFO:colcon.colcon_core.shell:Creating package script '/home/mls/vrx_ws/install/share/navigation/package.ps1'
[14.353s] INFO:colcon.colcon_core.shell:Creating package descriptor '/home/mls/vrx_ws/install/share/navigation/package.dsv'
[14.355s] INFO:colcon.colcon_core.shell:Creating package script '/home/mls/vrx_ws/install/share/navigation/package.sh'
[14.358s] INFO:colcon.colcon_core.shell:Creating package script '/home/mls/vrx_ws/install/share/navigation/package.bash'
[14.360s] INFO:colcon.colcon_core.shell:Creating package script '/home/mls/vrx_ws/install/share/navigation/package.zsh'
[14.362s] Level 1:colcon.colcon_core.environment:create_file_with_runtime_dependencies(/home/mls/vrx_ws/install/share/colcon-core/packages/navigation)
[14.373s] DEBUG:colcon.colcon_parallel_executor.executor.parallel:closing loop
[14.373s] DEBUG:colcon.colcon_parallel_executor.executor.parallel:loop closed
[14.373s] DEBUG:colcon.colcon_parallel_executor.executor.parallel:run_until_complete finished with '2'
[14.373s] DEBUG:colcon.colcon_core.event_reactor:joining thread
[14.385s] INFO:colcon.colcon_core.plugin_system:Skipping extension 'colcon_notification.desktop_notification.terminal_notifier': Not used on non-Darwin systems
[14.385s] INFO:colcon.colcon_core.plugin_system:Skipping extension 'colcon_notification.desktop_notification.win32': Not used on non-Windows systems
[14.386s] INFO:colcon.colcon_notification.desktop_notification:Sending desktop notification using 'notify2'
[14.408s] DEBUG:colcon.colcon_core.event_reactor:joined thread
[14.409s] INFO:colcon.colcon_core.shell:Creating prefix script '/home/mls/vrx_ws/install/local_setup.ps1'
[14.412s] INFO:colcon.colcon_core.shell:Creating prefix util module '/home/mls/vrx_ws/install/_local_setup_util_ps1.py'
[14.416s] INFO:colcon.colcon_core.shell:Creating prefix chain script '/home/mls/vrx_ws/install/setup.ps1'
[14.419s] INFO:colcon.colcon_core.shell:Creating prefix script '/home/mls/vrx_ws/install/local_setup.sh'
[14.421s] INFO:colcon.colcon_core.shell:Creating prefix util module '/home/mls/vrx_ws/install/_local_setup_util_sh.py'
[14.423s] INFO:colcon.colcon_core.shell:Creating prefix chain script '/home/mls/vrx_ws/install/setup.sh'
[14.426s] INFO:colcon.colcon_core.shell:Creating prefix script '/home/mls/vrx_ws/install/local_setup.bash'
[14.427s] INFO:colcon.colcon_core.shell:Creating prefix chain script '/home/mls/vrx_ws/install/setup.bash'
[14.430s] INFO:colcon.colcon_core.shell:Creating prefix script '/home/mls/vrx_ws/install/local_setup.zsh'
[14.432s] INFO:colcon.colcon_core.shell:Creating prefix chain script '/home/mls/vrx_ws/install/setup.zsh'
