[0.038s] Invoking command in '/home/mls/vrx_ws/build/aquabot_python': CMAKE_PREFIX_PATH=/opt/ros/humble /usr/bin/cmake /home/mls/vrx_ws/src/Aquabot/aquabot_python -DCMAKE_INSTALL_PREFIX=/home/mls/vrx_ws/install
[0.155s] -- The C compiler identification is GNU 11.4.0
[0.297s] -- The CXX compiler identification is GNU 11.4.0
[0.306s] -- Detecting C compiler ABI info
[0.436s] -- Detecting C compiler ABI info - done
[0.462s] -- Check for working C compiler: /usr/bin/cc - skipped
[0.462s] -- Detecting C compile features
[0.462s] -- Detecting C compile features - done
[0.468s] -- Detecting CXX compiler ABI info
[0.635s] -- Detecting CXX compiler ABI info - done
[0.656s] -- Check for working CXX compiler: /usr/bin/c++ - skipped
[0.657s] -- Detecting CXX compile features
[0.658s] -- Detecting CXX compile features - done
[0.663s] -- Found ament_cmake: 1.3.10 (/opt/ros/humble/share/ament_cmake/cmake)
[0.952s] -- Found Python3: /usr/bin/python3 (found version "3.10.12") found components: Interpreter 
[1.479s] -- Configuring done
[1.489s] -- Generating done
[1.490s] -- Build files have been written to: /home/mls/vrx_ws/build/aquabot_python
[1.498s] Invoked command in '/home/mls/vrx_ws/build/aquabot_python' returned '0': CMAKE_PREFIX_PATH=/opt/ros/humble /usr/bin/cmake /home/mls/vrx_ws/src/Aquabot/aquabot_python -DCMAKE_INSTALL_PREFIX=/home/mls/vrx_ws/install
[1.501s] Invoking command in '/home/mls/vrx_ws/build/aquabot_python': CMAKE_PREFIX_PATH=/opt/ros/humble /usr/bin/cmake --build /home/mls/vrx_ws/build/aquabot_python -- -j8 -l8
[1.617s] Built target ament_cmake_python_copy_aquabot_python
[1.617s] Built target ament_cmake_python_copy_aquabot_python_setup
[2.305s] running egg_info
[2.307s] creating aquabot_python.egg-info
[2.307s] writing aquabot_python.egg-info/PKG-INFO
[2.307s] writing dependency_links to aquabot_python.egg-info/dependency_links.txt
[2.308s] writing top-level names to aquabot_python.egg-info/top_level.txt
[2.309s] writing manifest file 'aquabot_python.egg-info/SOURCES.txt'
[2.324s] reading manifest file 'aquabot_python.egg-info/SOURCES.txt'
[2.325s] writing manifest file 'aquabot_python.egg-info/SOURCES.txt'
[2.380s] Built target ament_cmake_python_build_aquabot_python_egg
[2.398s] Invoked command in '/home/mls/vrx_ws/build/aquabot_python' returned '0': CMAKE_PREFIX_PATH=/opt/ros/humble /usr/bin/cmake --build /home/mls/vrx_ws/build/aquabot_python -- -j8 -l8
[2.438s] Invoking command in '/home/mls/vrx_ws/build/aquabot_python': CMAKE_PREFIX_PATH=/opt/ros/humble /usr/bin/cmake --install /home/mls/vrx_ws/build/aquabot_python
[2.451s] -- Install configuration: ""
[2.451s] -- Installing: /home/mls/vrx_ws/install/lib/aquabot_python/teleop_keyboard.py
[2.451s] -- Installing: /home/mls/vrx_ws/install/lib/aquabot_python/generate_scenario.py
[2.452s] -- Installing: /home/mls/vrx_ws/install/lib/aquabot_python/reopen_scenario.py
[2.452s] -- Installing: /home/mls/vrx_ws/install/lib/aquabot_python/regenerate_scenario_file.py
[2.452s] -- Installing: /home/mls/vrx_ws/install/lib/aquabot_python/plot_log_file.py
[2.452s] -- Installing: /home/mls/vrx_ws/install/lib/aquabot_python/qrcode_generator.py
[2.453s] -- Installing: /home/mls/vrx_ws/install/lib/aquabot_python/generate_competition_worlds.py
[2.453s] -- Installing: /home/mls/vrx_ws/install/share/aquabot_python/environment/pythonpath.sh
[2.453s] -- Installing: /home/mls/vrx_ws/install/share/aquabot_python/environment/pythonpath.dsv
[2.454s] -- Installing: /home/mls/vrx_ws/install/local/lib/python3.10/dist-packages/aquabot_python-0.6.0-py3.10.egg-info
[2.454s] -- Installing: /home/mls/vrx_ws/install/local/lib/python3.10/dist-packages/aquabot_python-0.6.0-py3.10.egg-info/top_level.txt
[2.454s] -- Installing: /home/mls/vrx_ws/install/local/lib/python3.10/dist-packages/aquabot_python-0.6.0-py3.10.egg-info/PKG-INFO
[2.455s] -- Installing: /home/mls/vrx_ws/install/local/lib/python3.10/dist-packages/aquabot_python-0.6.0-py3.10.egg-info/dependency_links.txt
[2.455s] -- Installing: /home/mls/vrx_ws/install/local/lib/python3.10/dist-packages/aquabot_python-0.6.0-py3.10.egg-info/SOURCES.txt
[2.455s] -- Installing: /home/mls/vrx_ws/install/local/lib/python3.10/dist-packages/aquabot_python
[2.455s] -- Installing: /home/mls/vrx_ws/install/local/lib/python3.10/dist-packages/aquabot_python/__init__.py
[2.455s] -- Installing: /home/mls/vrx_ws/install/local/lib/python3.10/dist-packages/aquabot_python/scenario_container.py
[2.455s] -- Installing: /home/mls/vrx_ws/install/local/lib/python3.10/dist-packages/aquabot_python/scenario_parser.py
[2.456s] -- Installing: /home/mls/vrx_ws/install/local/lib/python3.10/dist-packages/aquabot_python/scenario_pyplot.py
[2.456s] -- Installing: /home/mls/vrx_ws/install/local/lib/python3.10/dist-packages/aquabot_python/scenario_generator.py
[2.456s] -- Installing: /home/mls/vrx_ws/install/local/lib/python3.10/dist-packages/aquabot_python/replay_container.py
[2.456s] -- Installing: /home/mls/vrx_ws/install/local/lib/python3.10/dist-packages/aquabot_python/environnement_container.py
[2.456s] -- Installing: /home/mls/vrx_ws/install/local/lib/python3.10/dist-packages/aquabot_python/generator_methods.py
[2.457s] -- Installing: /home/mls/vrx_ws/install/local/lib/python3.10/dist-packages/aquabot_python/log_parser.py
[2.619s] Listing '/home/mls/vrx_ws/install/local/lib/python3.10/dist-packages/aquabot_python'...
[2.619s] Compiling '/home/mls/vrx_ws/install/local/lib/python3.10/dist-packages/aquabot_python/__init__.py'...
[2.619s] Compiling '/home/mls/vrx_ws/install/local/lib/python3.10/dist-packages/aquabot_python/environnement_container.py'...
[2.619s] Compiling '/home/mls/vrx_ws/install/local/lib/python3.10/dist-packages/aquabot_python/generator_methods.py'...
[2.619s] Compiling '/home/mls/vrx_ws/install/local/lib/python3.10/dist-packages/aquabot_python/log_parser.py'...
[2.619s] Compiling '/home/mls/vrx_ws/install/local/lib/python3.10/dist-packages/aquabot_python/replay_container.py'...
[2.620s] Compiling '/home/mls/vrx_ws/install/local/lib/python3.10/dist-packages/aquabot_python/scenario_container.py'...
[2.620s] Compiling '/home/mls/vrx_ws/install/local/lib/python3.10/dist-packages/aquabot_python/scenario_generator.py'...
[2.620s] Compiling '/home/mls/vrx_ws/install/local/lib/python3.10/dist-packages/aquabot_python/scenario_parser.py'...
[2.620s] Compiling '/home/mls/vrx_ws/install/local/lib/python3.10/dist-packages/aquabot_python/scenario_pyplot.py'...
[2.632s] -- Installing: /home/mls/vrx_ws/install/share/aquabot_python/images
[2.633s] -- Installing: /home/mls/vrx_ws/install/share/aquabot_python/images/map_400.png
[2.633s] -- Installing: /home/mls/vrx_ws/install/share/aquabot_python/images/map_300.png
[2.633s] -- Installing: /home/mls/vrx_ws/install/share/aquabot_python/images/map_no_obstacles_400.png
[2.634s] -- Installing: /home/mls/vrx_ws/install/share/aquabot_python/images/map_no_obstacles_300.png
[2.636s] -- Installing: /home/mls/vrx_ws/install/share/ament_index/resource_index/package_run_dependencies/aquabot_python
[2.637s] -- Installing: /home/mls/vrx_ws/install/share/ament_index/resource_index/parent_prefix_path/aquabot_python
[2.637s] -- Installing: /home/mls/vrx_ws/install/share/aquabot_python/environment/ament_prefix_path.sh
[2.638s] -- Installing: /home/mls/vrx_ws/install/share/aquabot_python/environment/ament_prefix_path.dsv
[2.638s] -- Installing: /home/mls/vrx_ws/install/share/aquabot_python/environment/path.sh
[2.638s] -- Installing: /home/mls/vrx_ws/install/share/aquabot_python/environment/path.dsv
[2.638s] -- Installing: /home/mls/vrx_ws/install/share/aquabot_python/local_setup.bash
[2.638s] -- Installing: /home/mls/vrx_ws/install/share/aquabot_python/local_setup.sh
[2.639s] -- Installing: /home/mls/vrx_ws/install/share/aquabot_python/local_setup.zsh
[2.639s] -- Installing: /home/mls/vrx_ws/install/share/aquabot_python/local_setup.dsv
[2.639s] -- Installing: /home/mls/vrx_ws/install/share/aquabot_python/package.dsv
[2.639s] -- Installing: /home/mls/vrx_ws/install/share/ament_index/resource_index/packages/aquabot_python
[2.639s] -- Installing: /home/mls/vrx_ws/install/share/aquabot_python/cmake/aquabot_pythonConfig.cmake
[2.640s] -- Installing: /home/mls/vrx_ws/install/share/aquabot_python/cmake/aquabot_pythonConfig-version.cmake
[2.640s] -- Installing: /home/mls/vrx_ws/install/share/aquabot_python/package.xml
[2.650s] Invoked command in '/home/mls/vrx_ws/build/aquabot_python' returned '0': CMAKE_PREFIX_PATH=/opt/ros/humble /usr/bin/cmake --install /home/mls/vrx_ws/build/aquabot_python
