[0.047s] Invoking command in '/home/mls/vrx_ws/build/package_example': CMAKE_PREFIX_PATH=/opt/ros/humble /usr/bin/cmake /home/mls/vrx_ws/src/Aquabot-Competitor/aquabot_examples/package_example -DCMAKE_INSTALL_PREFIX=/home/mls/vrx_ws/install
[0.179s] -- The C compiler identification is GNU 11.4.0
[0.302s] -- The CXX compiler identification is GNU 11.4.0
[0.319s] -- Detecting C compiler ABI info
[0.450s] -- Detecting C compiler ABI info - done
[0.476s] -- Check for working C compiler: /usr/bin/cc - skipped
[0.477s] -- Detecting C compile features
[0.478s] -- Detecting C compile features - done
[0.487s] -- Detecting CXX compiler ABI info
[0.660s] -- Detecting CXX compiler ABI info - done
[0.681s] -- Check for working CXX compiler: /usr/bin/c++ - skipped
[0.682s] -- Detecting CXX compile features
[0.682s] -- Detecting CXX compile features - done
[0.687s] -- Found ament_cmake: 1.3.10 (/opt/ros/humble/share/ament_cmake/cmake)
[1.035s] -- Found Python3: /usr/bin/python3 (found version "3.10.12") found components: Interpreter 
[1.240s] -- Found rclcpp: 16.0.10 (/opt/ros/humble/share/rclcpp/cmake)
[1.341s] -- Found rosidl_generator_c: 3.1.5 (/opt/ros/humble/share/rosidl_generator_c/cmake)
[1.353s] -- Found rosidl_adapter: 3.1.5 (/opt/ros/humble/share/rosidl_adapter/cmake)
[1.374s] -- Found rosidl_generator_cpp: 3.1.5 (/opt/ros/humble/share/rosidl_generator_cpp/cmake)
[1.406s] -- Using all available rosidl_typesupport_c: rosidl_typesupport_fastrtps_c;rosidl_typesupport_introspection_c
[1.453s] -- Using all available rosidl_typesupport_cpp: rosidl_typesupport_fastrtps_cpp;rosidl_typesupport_introspection_cpp
[1.577s] -- Found rmw_implementation_cmake: 6.1.2 (/opt/ros/humble/share/rmw_implementation_cmake/cmake)
[1.584s] -- Found rmw_fastrtps_cpp: 6.2.7 (/opt/ros/humble/share/rmw_fastrtps_cpp/cmake)
[1.754s] -- Found OpenSSL: /usr/lib/x86_64-linux-gnu/libcrypto.so (found version "3.0.2")  
[1.825s] -- Found FastRTPS: /opt/ros/humble/include  
[1.908s] -- Using RMW implementation 'rmw_fastrtps_cpp' as default
[1.921s] -- Looking for pthread.h
[2.049s] -- Looking for pthread.h - found
[2.049s] -- Performing Test CMAKE_HAVE_LIBC_PTHREAD
[2.162s] -- Performing Test CMAKE_HAVE_LIBC_PTHREAD - Success
[2.164s] -- Found Threads: TRUE  
[2.496s] -- Configuring done
[2.513s] -- Generating done
[2.515s] -- Build files have been written to: /home/mls/vrx_ws/build/package_example
[2.529s] Invoked command in '/home/mls/vrx_ws/build/package_example' returned '0': CMAKE_PREFIX_PATH=/opt/ros/humble /usr/bin/cmake /home/mls/vrx_ws/src/Aquabot-Competitor/aquabot_examples/package_example -DCMAKE_INSTALL_PREFIX=/home/mls/vrx_ws/install
[2.532s] Invoking command in '/home/mls/vrx_ws/build/package_example': CMAKE_PREFIX_PATH=/opt/ros/humble /usr/bin/cmake --build /home/mls/vrx_ws/build/package_example -- -j8 -l8
[2.618s] [ 50%] [32mBuilding CXX object CMakeFiles/example_node_cpp.dir/src/example_node.cpp.o[0m
[2.627s] [ 50%] Built target ament_cmake_python_copy_package_example
[3.198s] running egg_info
[3.199s] creating package_example.egg-info
[3.200s] writing package_example.egg-info/PKG-INFO
[3.200s] writing dependency_links to package_example.egg-info/dependency_links.txt
[3.200s] writing top-level names to package_example.egg-info/top_level.txt
[3.201s] writing manifest file 'package_example.egg-info/SOURCES.txt'
[3.204s] reading manifest file 'package_example.egg-info/SOURCES.txt'
[3.205s] writing manifest file 'package_example.egg-info/SOURCES.txt'
[3.266s] [ 50%] Built target ament_cmake_python_build_package_example_egg
[12.913s] [100%] [32m[1mLinking CXX executable example_node_cpp[0m
[13.516s] [100%] Built target example_node_cpp
[13.534s] Invoked command in '/home/mls/vrx_ws/build/package_example' returned '0': CMAKE_PREFIX_PATH=/opt/ros/humble /usr/bin/cmake --build /home/mls/vrx_ws/build/package_example -- -j8 -l8
[13.629s] Invoking command in '/home/mls/vrx_ws/build/package_example': CMAKE_PREFIX_PATH=/opt/ros/humble /usr/bin/cmake --install /home/mls/vrx_ws/build/package_example
[13.645s] -- Install configuration: ""
[13.646s] -- Installing: /home/mls/vrx_ws/install/lib/package_example/example_node_cpp
[13.648s] -- Set runtime path of "/home/mls/vrx_ws/install/lib/package_example/example_node_cpp" to ""
[13.648s] -- Installing: /home/mls/vrx_ws/install/lib/package_example/example_node.py
[13.648s] -- Installing: /home/mls/vrx_ws/install/share/package_example/environment/pythonpath.sh
[13.649s] -- Installing: /home/mls/vrx_ws/install/share/package_example/environment/pythonpath.dsv
[13.649s] -- Installing: /home/mls/vrx_ws/install/local/lib/python3.10/dist-packages/package_example-0.3.0-py3.10.egg-info
[13.649s] -- Installing: /home/mls/vrx_ws/install/local/lib/python3.10/dist-packages/package_example-0.3.0-py3.10.egg-info/top_level.txt
[13.649s] -- Installing: /home/mls/vrx_ws/install/local/lib/python3.10/dist-packages/package_example-0.3.0-py3.10.egg-info/PKG-INFO
[13.650s] -- Installing: /home/mls/vrx_ws/install/local/lib/python3.10/dist-packages/package_example-0.3.0-py3.10.egg-info/dependency_links.txt
[13.650s] -- Installing: /home/mls/vrx_ws/install/local/lib/python3.10/dist-packages/package_example-0.3.0-py3.10.egg-info/SOURCES.txt
[13.686s] -- Installing: /home/mls/vrx_ws/install/local/lib/python3.10/dist-packages/package_example
[13.687s] -- Installing: /home/mls/vrx_ws/install/local/lib/python3.10/dist-packages/package_example/__init__.py
[13.687s] -- Installing: /home/mls/vrx_ws/install/local/lib/python3.10/dist-packages/package_example/node.py
[13.808s] Listing '/home/mls/vrx_ws/install/local/lib/python3.10/dist-packages/package_example'...
[13.808s] Compiling '/home/mls/vrx_ws/install/local/lib/python3.10/dist-packages/package_example/__init__.py'...
[13.808s] Compiling '/home/mls/vrx_ws/install/local/lib/python3.10/dist-packages/package_example/node.py'...
[13.818s] -- Installing: /home/mls/vrx_ws/install/share/ament_index/resource_index/package_run_dependencies/package_example
[13.819s] -- Installing: /home/mls/vrx_ws/install/share/ament_index/resource_index/parent_prefix_path/package_example
[13.819s] -- Installing: /home/mls/vrx_ws/install/share/package_example/environment/ament_prefix_path.sh
[13.819s] -- Installing: /home/mls/vrx_ws/install/share/package_example/environment/ament_prefix_path.dsv
[13.819s] -- Installing: /home/mls/vrx_ws/install/share/package_example/environment/path.sh
[13.820s] -- Installing: /home/mls/vrx_ws/install/share/package_example/environment/path.dsv
[13.820s] -- Installing: /home/mls/vrx_ws/install/share/package_example/local_setup.bash
[13.821s] -- Installing: /home/mls/vrx_ws/install/share/package_example/local_setup.sh
[13.821s] -- Installing: /home/mls/vrx_ws/install/share/package_example/local_setup.zsh
[13.821s] -- Installing: /home/mls/vrx_ws/install/share/package_example/local_setup.dsv
[13.822s] -- Installing: /home/mls/vrx_ws/install/share/package_example/package.dsv
[13.822s] -- Installing: /home/mls/vrx_ws/install/share/ament_index/resource_index/packages/package_example
[13.822s] -- Installing: /home/mls/vrx_ws/install/share/package_example/cmake/package_exampleConfig.cmake
[13.822s] -- Installing: /home/mls/vrx_ws/install/share/package_example/cmake/package_exampleConfig-version.cmake
[13.823s] -- Installing: /home/mls/vrx_ws/install/share/package_example/package.xml
[13.827s] Invoked command in '/home/mls/vrx_ws/build/package_example' returned '0': CMAKE_PREFIX_PATH=/opt/ros/humble /usr/bin/cmake --install /home/mls/vrx_ws/build/package_example
