[0.056s] Invoking command in '/home/mls/vrx_ws/build/navigation': CMAKE_PREFIX_PATH=${CMAKE_PREFIX_PATH}:/opt/ros/humble /usr/bin/cmake --build /home/mls/vrx_ws/build/navigation -- -j8 -l8
[0.608s] [ 50%] [32mBuilding CXX object CMakeFiles/navigation.dir/src/navigation.cpp.o[0m
[25.146s] [100%] [32m[1mLinking CXX executable navigation[0m
[26.800s] [100%] Built target navigation
[26.822s] Invoked command in '/home/mls/vrx_ws/build/navigation' returned '0': CMAKE_PREFIX_PATH=${CMAKE_PREFIX_PATH}:/opt/ros/humble /usr/bin/cmake --build /home/mls/vrx_ws/build/navigation -- -j8 -l8
[26.900s] Invoking command in '/home/mls/vrx_ws/build/navigation': CMAKE_PREFIX_PATH=${CMAKE_PREFIX_PATH}:/opt/ros/humble /usr/bin/cmake --install /home/mls/vrx_ws/build/navigation
[26.917s] -- Install configuration: ""
[26.927s] -- Installing: /home/mls/vrx_ws/install/lib/navigation/navigation
[26.936s] -- Set runtime path of "/home/mls/vrx_ws/install/lib/navigation/navigation" to ""
[26.937s] -- Up-to-date: /home/mls/vrx_ws/install/share/ament_index/resource_index/package_run_dependencies/navigation
[26.937s] -- Up-to-date: /home/mls/vrx_ws/install/share/ament_index/resource_index/parent_prefix_path/navigation
[26.937s] -- Up-to-date: /home/mls/vrx_ws/install/share/navigation/environment/ament_prefix_path.sh
[26.937s] -- Up-to-date: /home/mls/vrx_ws/install/share/navigation/environment/ament_prefix_path.dsv
[26.938s] -- Up-to-date: /home/mls/vrx_ws/install/share/navigation/environment/path.sh
[26.938s] -- Up-to-date: /home/mls/vrx_ws/install/share/navigation/environment/path.dsv
[26.938s] -- Up-to-date: /home/mls/vrx_ws/install/share/navigation/local_setup.bash
[26.938s] -- Up-to-date: /home/mls/vrx_ws/install/share/navigation/local_setup.sh
[26.938s] -- Up-to-date: /home/mls/vrx_ws/install/share/navigation/local_setup.zsh
[26.939s] -- Up-to-date: /home/mls/vrx_ws/install/share/navigation/local_setup.dsv
[26.939s] -- Installing: /home/mls/vrx_ws/install/share/navigation/package.dsv
[26.939s] -- Up-to-date: /home/mls/vrx_ws/install/share/ament_index/resource_index/packages/navigation
[26.947s] -- Up-to-date: /home/mls/vrx_ws/install/share/navigation/cmake/navigationConfig.cmake
[26.947s] -- Up-to-date: /home/mls/vrx_ws/install/share/navigation/cmake/navigationConfig-version.cmake
[26.947s] -- Up-to-date: /home/mls/vrx_ws/install/share/navigation/package.xml
[26.952s] Invoked command in '/home/mls/vrx_ws/build/navigation' returned '0': CMAKE_PREFIX_PATH=${CMAKE_PREFIX_PATH}:/opt/ros/humble /usr/bin/cmake --install /home/mls/vrx_ws/build/navigation
