[0.120s] Invoking command in '/home/mls/vrx_ws/build/vrx_ros': CMAKE_PREFIX_PATH=/opt/ros/humble /usr/bin/cmake --build /home/mls/vrx_ws/build/vrx_ros -- -j8 -l8
[0.292s] [35m[1mConsolidate compiler generated dependencies of target optical_frame_publisher[0m
[0.337s] [ 50%] Built target optical_frame_publisher
[0.368s] [35m[1mConsolidate compiler generated dependencies of target pose_tf_broadcaster[0m
[0.422s] [100%] Built target pose_tf_broadcaster
[0.462s] Invoked command in '/home/mls/vrx_ws/build/vrx_ros' returned '0': CMAKE_PREFIX_PATH=/opt/ros/humble /usr/bin/cmake --build /home/mls/vrx_ws/build/vrx_ros -- -j8 -l8
[0.587s] Invoking command in '/home/mls/vrx_ws/build/vrx_ros': CMAKE_PREFIX_PATH=/opt/ros/humble /usr/bin/cmake --install /home/mls/vrx_ws/build/vrx_ros
[0.612s] -- Install configuration: ""
[0.619s] -- Up-to-date: /home/mls/vrx_ws/install/lib/vrx_ros/optical_frame_publisher
[0.648s] -- Up-to-date: /home/mls/vrx_ws/install/lib/vrx_ros/pose_tf_broadcaster
[0.648s] -- Up-to-date: /home/mls/vrx_ws/install/share/vrx_ros/launch
[0.650s] -- Up-to-date: /home/mls/vrx_ws/install/share/vrx_ros/launch/monitor_sim.py
[0.650s] -- Up-to-date: /home/mls/vrx_ws/install/share/ament_index/resource_index/package_run_dependencies/vrx_ros
[0.650s] -- Up-to-date: /home/mls/vrx_ws/install/share/ament_index/resource_index/parent_prefix_path/vrx_ros
[0.650s] -- Up-to-date: /home/mls/vrx_ws/install/share/vrx_ros/environment/ament_prefix_path.sh
[0.652s] -- Up-to-date: /home/mls/vrx_ws/install/share/vrx_ros/environment/ament_prefix_path.dsv
[0.654s] -- Up-to-date: /home/mls/vrx_ws/install/share/vrx_ros/environment/path.sh
[0.654s] -- Up-to-date: /home/mls/vrx_ws/install/share/vrx_ros/environment/path.dsv
[0.655s] -- Up-to-date: /home/mls/vrx_ws/install/share/vrx_ros/local_setup.bash
[0.655s] -- Up-to-date: /home/mls/vrx_ws/install/share/vrx_ros/local_setup.sh
[0.655s] -- Up-to-date: /home/mls/vrx_ws/install/share/vrx_ros/local_setup.zsh
[0.656s] -- Up-to-date: /home/mls/vrx_ws/install/share/vrx_ros/local_setup.dsv
[0.656s] -- Installing: /home/mls/vrx_ws/install/share/vrx_ros/package.dsv
[0.664s] -- Up-to-date: /home/mls/vrx_ws/install/share/ament_index/resource_index/packages/vrx_ros
[0.664s] -- Up-to-date: /home/mls/vrx_ws/install/share/vrx_ros/cmake/vrx_rosConfig.cmake
[0.666s] -- Up-to-date: /home/mls/vrx_ws/install/share/vrx_ros/cmake/vrx_rosConfig-version.cmake
[0.666s] -- Up-to-date: /home/mls/vrx_ws/install/share/vrx_ros/package.xml
[0.673s] Invoked command in '/home/mls/vrx_ws/build/vrx_ros' returned '0': CMAKE_PREFIX_PATH=/opt/ros/humble /usr/bin/cmake --install /home/mls/vrx_ws/build/vrx_ros
