[0.665s] DEBUG:colcon:Command line arguments: ['/usr/bin/colcon', 'build', '--packages-select', 'navigation', '--merge-install']
[0.665s] DEBUG:colcon:Parsed command line arguments: Namespace(log_base=None, log_level=None, verb_name='build', build_base='build', install_base='install', merge_install=True, symlink_install=False, test_result_base=None, continue_on_error=False, executor='parallel', parallel_workers=8, event_handlers=None, ignore_user_meta=False, metas=['./colcon.meta'], base_paths=['.'], packages_ignore=None, packages_ignore_regex=None, paths=None, packages_up_to=None, packages_up_to_regex=None, packages_above=None, packages_above_and_dependencies=None, packages_above_depth=None, packages_select_by_dep=None, packages_skip_by_dep=None, packages_skip_up_to=None, packages_select_build_failed=False, packages_skip_build_finished=False, packages_select_test_failures=False, packages_skip_test_passed=False, packages_select=['navigation'], packages_skip=None, packages_select_regex=None, packages_skip_regex=None, packages_start=None, packages_end=None, allow_overriding=[], cmake_args=None, cmake_target=None, cmake_target_skip_unavailable=False, cmake_clean_cache=False, cmake_clean_first=False, cmake_force_configure=False, ament_cmake_args=None, catkin_cmake_args=None, catkin_skip_building_tests=False, verb_parser=<colcon_defaults.argument_parser.defaults.DefaultArgumentsDecorator object at 0x79230a654a30>, verb_extension=<colcon_core.verb.build.BuildVerb object at 0x79230a654250>, main=<bound method BuildVerb.main of <colcon_core.verb.build.BuildVerb object at 0x79230a654250>>)
[1.160s] Level 1:colcon.colcon_core.package_discovery:discover_packages(colcon_meta) check parameters
[1.160s] Level 1:colcon.colcon_core.package_discovery:discover_packages(recursive) check parameters
[1.160s] Level 1:colcon.colcon_core.package_discovery:discover_packages(ignore) check parameters
[1.160s] Level 1:colcon.colcon_core.package_discovery:discover_packages(path) check parameters
[1.160s] Level 1:colcon.colcon_core.package_discovery:discover_packages(colcon_meta) discover
[1.160s] Level 1:colcon.colcon_core.package_discovery:discover_packages(recursive) discover
[1.161s] INFO:colcon.colcon_core.package_discovery:Crawling recursively for packages in '/home/mls/vrx_ws'
[1.161s] Level 1:colcon.colcon_core.package_identification:_identify(.) by extensions ['ignore', 'ignore_ament_install']
[1.161s] Level 1:colcon.colcon_core.package_identification:_identify(.) by extension 'ignore'
[1.161s] Level 1:colcon.colcon_core.package_identification:_identify(.) by extension 'ignore_ament_install'
[1.161s] Level 1:colcon.colcon_core.package_identification:_identify(.) by extensions ['colcon_pkg']
[1.161s] Level 1:colcon.colcon_core.package_identification:_identify(.) by extension 'colcon_pkg'
[1.161s] Level 1:colcon.colcon_core.package_identification:_identify(.) by extensions ['colcon_meta']
[1.162s] Level 1:colcon.colcon_core.package_identification:_identify(.) by extension 'colcon_meta'
[1.162s] Level 1:colcon.colcon_core.package_identification:_identify(.) by extensions ['ros']
[1.162s] Level 1:colcon.colcon_core.package_identification:_identify(.) by extension 'ros'
[1.186s] Level 1:colcon.colcon_core.package_identification:_identify(.) by extensions ['cmake', 'python']
[1.186s] Level 1:colcon.colcon_core.package_identification:_identify(.) by extension 'cmake'
[1.186s] Level 1:colcon.colcon_core.package_identification:_identify(.) by extension 'python'
[1.186s] Level 1:colcon.colcon_core.package_identification:_identify(.) by extensions ['python_setup_py']
[1.186s] Level 1:colcon.colcon_core.package_identification:_identify(.) by extension 'python_setup_py'
[1.187s] Level 1:colcon.colcon_core.package_identification:_identify(build) by extensions ['ignore', 'ignore_ament_install']
[1.187s] Level 1:colcon.colcon_core.package_identification:_identify(build) by extension 'ignore'
[1.187s] Level 1:colcon.colcon_core.package_identification:_identify(build) ignored
[1.187s] Level 1:colcon.colcon_core.package_identification:_identify(install) by extensions ['ignore', 'ignore_ament_install']
[1.187s] Level 1:colcon.colcon_core.package_identification:_identify(install) by extension 'ignore'
[1.188s] Level 1:colcon.colcon_core.package_identification:_identify(install) ignored
[1.188s] Level 1:colcon.colcon_core.package_identification:_identify(log) by extensions ['ignore', 'ignore_ament_install']
[1.188s] Level 1:colcon.colcon_core.package_identification:_identify(log) by extension 'ignore'
[1.188s] Level 1:colcon.colcon_core.package_identification:_identify(log) ignored
[1.188s] Level 1:colcon.colcon_core.package_identification:_identify(src) by extensions ['ignore', 'ignore_ament_install']
[1.188s] Level 1:colcon.colcon_core.package_identification:_identify(src) by extension 'ignore'
[1.189s] Level 1:colcon.colcon_core.package_identification:_identify(src) by extension 'ignore_ament_install'
[1.189s] Level 1:colcon.colcon_core.package_identification:_identify(src) by extensions ['colcon_pkg']
[1.189s] Level 1:colcon.colcon_core.package_identification:_identify(src) by extension 'colcon_pkg'
[1.189s] Level 1:colcon.colcon_core.package_identification:_identify(src) by extensions ['colcon_meta']
[1.189s] Level 1:colcon.colcon_core.package_identification:_identify(src) by extension 'colcon_meta'
[1.189s] Level 1:colcon.colcon_core.package_identification:_identify(src) by extensions ['ros']
[1.189s] Level 1:colcon.colcon_core.package_identification:_identify(src) by extension 'ros'
[1.189s] Level 1:colcon.colcon_core.package_identification:_identify(src) by extensions ['cmake', 'python']
[1.189s] Level 1:colcon.colcon_core.package_identification:_identify(src) by extension 'cmake'
[1.189s] Level 1:colcon.colcon_core.package_identification:_identify(src) by extension 'python'
[1.190s] Level 1:colcon.colcon_core.package_identification:_identify(src) by extensions ['python_setup_py']
[1.190s] Level 1:colcon.colcon_core.package_identification:_identify(src) by extension 'python_setup_py'
[1.190s] Level 1:colcon.colcon_core.package_identification:_identify(src/Aquabot) by extensions ['ignore', 'ignore_ament_install']
[1.190s] Level 1:colcon.colcon_core.package_identification:_identify(src/Aquabot) by extension 'ignore'
[1.190s] Level 1:colcon.colcon_core.package_identification:_identify(src/Aquabot) by extension 'ignore_ament_install'
[1.190s] Level 1:colcon.colcon_core.package_identification:_identify(src/Aquabot) by extensions ['colcon_pkg']
[1.190s] Level 1:colcon.colcon_core.package_identification:_identify(src/Aquabot) by extension 'colcon_pkg'
[1.190s] Level 1:colcon.colcon_core.package_identification:_identify(src/Aquabot) by extensions ['colcon_meta']
[1.190s] Level 1:colcon.colcon_core.package_identification:_identify(src/Aquabot) by extension 'colcon_meta'
[1.190s] Level 1:colcon.colcon_core.package_identification:_identify(src/Aquabot) by extensions ['ros']
[1.190s] Level 1:colcon.colcon_core.package_identification:_identify(src/Aquabot) by extension 'ros'
[1.191s] Level 1:colcon.colcon_core.package_identification:_identify(src/Aquabot) by extensions ['cmake', 'python']
[1.191s] Level 1:colcon.colcon_core.package_identification:_identify(src/Aquabot) by extension 'cmake'
[1.191s] Level 1:colcon.colcon_core.package_identification:_identify(src/Aquabot) by extension 'python'
[1.191s] Level 1:colcon.colcon_core.package_identification:_identify(src/Aquabot) by extensions ['python_setup_py']
[1.191s] Level 1:colcon.colcon_core.package_identification:_identify(src/Aquabot) by extension 'python_setup_py'
[1.191s] Level 1:colcon.colcon_core.package_identification:_identify(src/Aquabot/aquabot_gz) by extensions ['ignore', 'ignore_ament_install']
[1.191s] Level 1:colcon.colcon_core.package_identification:_identify(src/Aquabot/aquabot_gz) by extension 'ignore'
[1.191s] Level 1:colcon.colcon_core.package_identification:_identify(src/Aquabot/aquabot_gz) by extension 'ignore_ament_install'
[1.191s] Level 1:colcon.colcon_core.package_identification:_identify(src/Aquabot/aquabot_gz) by extensions ['colcon_pkg']
[1.192s] Level 1:colcon.colcon_core.package_identification:_identify(src/Aquabot/aquabot_gz) by extension 'colcon_pkg'
[1.192s] Level 1:colcon.colcon_core.package_identification:_identify(src/Aquabot/aquabot_gz) by extensions ['colcon_meta']
[1.192s] Level 1:colcon.colcon_core.package_identification:_identify(src/Aquabot/aquabot_gz) by extension 'colcon_meta'
[1.192s] Level 1:colcon.colcon_core.package_identification:_identify(src/Aquabot/aquabot_gz) by extensions ['ros']
[1.192s] Level 1:colcon.colcon_core.package_identification:_identify(src/Aquabot/aquabot_gz) by extension 'ros'
[1.197s] DEBUG:colcon.colcon_core.package_identification:Package 'src/Aquabot/aquabot_gz' with type 'ros.ament_cmake' and name 'aquabot_gz'
[1.203s] Level 1:colcon.colcon_core.package_identification:_identify(src/Aquabot/aquabot_python) by extensions ['ignore', 'ignore_ament_install']
[1.203s] Level 1:colcon.colcon_core.package_identification:_identify(src/Aquabot/aquabot_python) by extension 'ignore'
[1.203s] Level 1:colcon.colcon_core.package_identification:_identify(src/Aquabot/aquabot_python) by extension 'ignore_ament_install'
[1.204s] Level 1:colcon.colcon_core.package_identification:_identify(src/Aquabot/aquabot_python) by extensions ['colcon_pkg']
[1.204s] Level 1:colcon.colcon_core.package_identification:_identify(src/Aquabot/aquabot_python) by extension 'colcon_pkg'
[1.204s] Level 1:colcon.colcon_core.package_identification:_identify(src/Aquabot/aquabot_python) by extensions ['colcon_meta']
[1.204s] Level 1:colcon.colcon_core.package_identification:_identify(src/Aquabot/aquabot_python) by extension 'colcon_meta'
[1.204s] Level 1:colcon.colcon_core.package_identification:_identify(src/Aquabot/aquabot_python) by extensions ['ros']
[1.204s] Level 1:colcon.colcon_core.package_identification:_identify(src/Aquabot/aquabot_python) by extension 'ros'
[1.215s] DEBUG:colcon.colcon_core.package_identification:Package 'src/Aquabot/aquabot_python' with type 'ros.ament_cmake' and name 'aquabot_python'
[1.216s] Level 1:colcon.colcon_core.package_identification:_identify(src/Aquabot/aquabot_urdf) by extensions ['ignore', 'ignore_ament_install']
[1.217s] Level 1:colcon.colcon_core.package_identification:_identify(src/Aquabot/aquabot_urdf) by extension 'ignore'
[1.217s] Level 1:colcon.colcon_core.package_identification:_identify(src/Aquabot/aquabot_urdf) by extension 'ignore_ament_install'
[1.218s] Level 1:colcon.colcon_core.package_identification:_identify(src/Aquabot/aquabot_urdf) by extensions ['colcon_pkg']
[1.218s] Level 1:colcon.colcon_core.package_identification:_identify(src/Aquabot/aquabot_urdf) by extension 'colcon_pkg'
[1.218s] Level 1:colcon.colcon_core.package_identification:_identify(src/Aquabot/aquabot_urdf) by extensions ['colcon_meta']
[1.218s] Level 1:colcon.colcon_core.package_identification:_identify(src/Aquabot/aquabot_urdf) by extension 'colcon_meta'
[1.218s] Level 1:colcon.colcon_core.package_identification:_identify(src/Aquabot/aquabot_urdf) by extensions ['ros']
[1.218s] Level 1:colcon.colcon_core.package_identification:_identify(src/Aquabot/aquabot_urdf) by extension 'ros'
[1.218s] Level 1:colcon.colcon_core.package_identification:_identify(src/Aquabot/aquabot_urdf) by extensions ['cmake', 'python']
[1.218s] Level 1:colcon.colcon_core.package_identification:_identify(src/Aquabot/aquabot_urdf) by extension 'cmake'
[1.218s] Level 1:colcon.colcon_core.package_identification:_identify(src/Aquabot/aquabot_urdf) by extension 'python'
[1.218s] Level 1:colcon.colcon_core.package_identification:_identify(src/Aquabot/aquabot_urdf) by extensions ['python_setup_py']
[1.219s] Level 1:colcon.colcon_core.package_identification:_identify(src/Aquabot/aquabot_urdf) by extension 'python_setup_py'
[1.219s] Level 1:colcon.colcon_core.package_identification:_identify(src/Aquabot/aquabot_urdf/aquabot_description) by extensions ['ignore', 'ignore_ament_install']
[1.219s] Level 1:colcon.colcon_core.package_identification:_identify(src/Aquabot/aquabot_urdf/aquabot_description) by extension 'ignore'
[1.220s] Level 1:colcon.colcon_core.package_identification:_identify(src/Aquabot/aquabot_urdf/aquabot_description) by extension 'ignore_ament_install'
[1.220s] Level 1:colcon.colcon_core.package_identification:_identify(src/Aquabot/aquabot_urdf/aquabot_description) by extensions ['colcon_pkg']
[1.220s] Level 1:colcon.colcon_core.package_identification:_identify(src/Aquabot/aquabot_urdf/aquabot_description) by extension 'colcon_pkg'
[1.220s] Level 1:colcon.colcon_core.package_identification:_identify(src/Aquabot/aquabot_urdf/aquabot_description) by extensions ['colcon_meta']
[1.220s] Level 1:colcon.colcon_core.package_identification:_identify(src/Aquabot/aquabot_urdf/aquabot_description) by extension 'colcon_meta'
[1.220s] Level 1:colcon.colcon_core.package_identification:_identify(src/Aquabot/aquabot_urdf/aquabot_description) by extensions ['ros']
[1.220s] Level 1:colcon.colcon_core.package_identification:_identify(src/Aquabot/aquabot_urdf/aquabot_description) by extension 'ros'
[1.222s] DEBUG:colcon.colcon_core.package_identification:Package 'src/Aquabot/aquabot_urdf/aquabot_description' with type 'ros.ament_cmake' and name 'aquabot_description'
[1.231s] Level 1:colcon.colcon_core.package_identification:_identify(src/Aquabot-Competitor) by extensions ['ignore', 'ignore_ament_install']
[1.232s] Level 1:colcon.colcon_core.package_identification:_identify(src/Aquabot-Competitor) by extension 'ignore'
[1.232s] Level 1:colcon.colcon_core.package_identification:_identify(src/Aquabot-Competitor) by extension 'ignore_ament_install'
[1.232s] Level 1:colcon.colcon_core.package_identification:_identify(src/Aquabot-Competitor) by extensions ['colcon_pkg']
[1.232s] Level 1:colcon.colcon_core.package_identification:_identify(src/Aquabot-Competitor) by extension 'colcon_pkg'
[1.232s] Level 1:colcon.colcon_core.package_identification:_identify(src/Aquabot-Competitor) by extensions ['colcon_meta']
[1.232s] Level 1:colcon.colcon_core.package_identification:_identify(src/Aquabot-Competitor) by extension 'colcon_meta'
[1.232s] Level 1:colcon.colcon_core.package_identification:_identify(src/Aquabot-Competitor) by extensions ['ros']
[1.232s] Level 1:colcon.colcon_core.package_identification:_identify(src/Aquabot-Competitor) by extension 'ros'
[1.233s] Level 1:colcon.colcon_core.package_identification:_identify(src/Aquabot-Competitor) by extensions ['cmake', 'python']
[1.233s] Level 1:colcon.colcon_core.package_identification:_identify(src/Aquabot-Competitor) by extension 'cmake'
[1.233s] Level 1:colcon.colcon_core.package_identification:_identify(src/Aquabot-Competitor) by extension 'python'
[1.233s] Level 1:colcon.colcon_core.package_identification:_identify(src/Aquabot-Competitor) by extensions ['python_setup_py']
[1.233s] Level 1:colcon.colcon_core.package_identification:_identify(src/Aquabot-Competitor) by extension 'python_setup_py'
[1.237s] Level 1:colcon.colcon_core.package_identification:_identify(src/Aquabot-Competitor/aquabot_examples) by extensions ['ignore', 'ignore_ament_install']
[1.237s] Level 1:colcon.colcon_core.package_identification:_identify(src/Aquabot-Competitor/aquabot_examples) by extension 'ignore'
[1.237s] Level 1:colcon.colcon_core.package_identification:_identify(src/Aquabot-Competitor/aquabot_examples) by extension 'ignore_ament_install'
[1.238s] Level 1:colcon.colcon_core.package_identification:_identify(src/Aquabot-Competitor/aquabot_examples) by extensions ['colcon_pkg']
[1.238s] Level 1:colcon.colcon_core.package_identification:_identify(src/Aquabot-Competitor/aquabot_examples) by extension 'colcon_pkg'
[1.238s] Level 1:colcon.colcon_core.package_identification:_identify(src/Aquabot-Competitor/aquabot_examples) by extensions ['colcon_meta']
[1.238s] Level 1:colcon.colcon_core.package_identification:_identify(src/Aquabot-Competitor/aquabot_examples) by extension 'colcon_meta'
[1.238s] Level 1:colcon.colcon_core.package_identification:_identify(src/Aquabot-Competitor/aquabot_examples) by extensions ['ros']
[1.238s] Level 1:colcon.colcon_core.package_identification:_identify(src/Aquabot-Competitor/aquabot_examples) by extension 'ros'
[1.238s] Level 1:colcon.colcon_core.package_identification:_identify(src/Aquabot-Competitor/aquabot_examples) by extensions ['cmake', 'python']
[1.238s] Level 1:colcon.colcon_core.package_identification:_identify(src/Aquabot-Competitor/aquabot_examples) by extension 'cmake'
[1.238s] Level 1:colcon.colcon_core.package_identification:_identify(src/Aquabot-Competitor/aquabot_examples) by extension 'python'
[1.238s] Level 1:colcon.colcon_core.package_identification:_identify(src/Aquabot-Competitor/aquabot_examples) by extensions ['python_setup_py']
[1.238s] Level 1:colcon.colcon_core.package_identification:_identify(src/Aquabot-Competitor/aquabot_examples) by extension 'python_setup_py'
[1.239s] Level 1:colcon.colcon_core.package_identification:_identify(src/Aquabot-Competitor/aquabot_examples/aquabot_example) by extensions ['ignore', 'ignore_ament_install']
[1.239s] Level 1:colcon.colcon_core.package_identification:_identify(src/Aquabot-Competitor/aquabot_examples/aquabot_example) by extension 'ignore'
[1.240s] Level 1:colcon.colcon_core.package_identification:_identify(src/Aquabot-Competitor/aquabot_examples/aquabot_example) by extension 'ignore_ament_install'
[1.240s] Level 1:colcon.colcon_core.package_identification:_identify(src/Aquabot-Competitor/aquabot_examples/aquabot_example) by extensions ['colcon_pkg']
[1.240s] Level 1:colcon.colcon_core.package_identification:_identify(src/Aquabot-Competitor/aquabot_examples/aquabot_example) by extension 'colcon_pkg'
[1.240s] Level 1:colcon.colcon_core.package_identification:_identify(src/Aquabot-Competitor/aquabot_examples/aquabot_example) by extensions ['colcon_meta']
[1.240s] Level 1:colcon.colcon_core.package_identification:_identify(src/Aquabot-Competitor/aquabot_examples/aquabot_example) by extension 'colcon_meta'
[1.240s] Level 1:colcon.colcon_core.package_identification:_identify(src/Aquabot-Competitor/aquabot_examples/aquabot_example) by extensions ['ros']
[1.240s] Level 1:colcon.colcon_core.package_identification:_identify(src/Aquabot-Competitor/aquabot_examples/aquabot_example) by extension 'ros'
[1.257s] DEBUG:colcon.colcon_core.package_identification:Package 'src/Aquabot-Competitor/aquabot_examples/aquabot_example' with type 'ros.ament_cmake' and name 'aquabot_example'
[1.270s] Level 1:colcon.colcon_core.package_identification:_identify(src/Aquabot-Competitor/aquabot_examples/opencv_example) by extensions ['ignore', 'ignore_ament_install']
[1.271s] Level 1:colcon.colcon_core.package_identification:_identify(src/Aquabot-Competitor/aquabot_examples/opencv_example) by extension 'ignore'
[1.271s] Level 1:colcon.colcon_core.package_identification:_identify(src/Aquabot-Competitor/aquabot_examples/opencv_example) by extension 'ignore_ament_install'
[1.271s] Level 1:colcon.colcon_core.package_identification:_identify(src/Aquabot-Competitor/aquabot_examples/opencv_example) by extensions ['colcon_pkg']
[1.271s] Level 1:colcon.colcon_core.package_identification:_identify(src/Aquabot-Competitor/aquabot_examples/opencv_example) by extension 'colcon_pkg'
[1.271s] Level 1:colcon.colcon_core.package_identification:_identify(src/Aquabot-Competitor/aquabot_examples/opencv_example) by extensions ['colcon_meta']
[1.271s] Level 1:colcon.colcon_core.package_identification:_identify(src/Aquabot-Competitor/aquabot_examples/opencv_example) by extension 'colcon_meta'
[1.271s] Level 1:colcon.colcon_core.package_identification:_identify(src/Aquabot-Competitor/aquabot_examples/opencv_example) by extensions ['ros']
[1.271s] Level 1:colcon.colcon_core.package_identification:_identify(src/Aquabot-Competitor/aquabot_examples/opencv_example) by extension 'ros'
[1.274s] DEBUG:colcon.colcon_core.package_identification:Package 'src/Aquabot-Competitor/aquabot_examples/opencv_example' with type 'ros.ament_cmake' and name 'opencv_example'
[1.274s] Level 1:colcon.colcon_core.package_identification:_identify(src/Aquabot-Competitor/aquabot_examples/package_example) by extensions ['ignore', 'ignore_ament_install']
[1.275s] Level 1:colcon.colcon_core.package_identification:_identify(src/Aquabot-Competitor/aquabot_examples/package_example) by extension 'ignore'
[1.275s] Level 1:colcon.colcon_core.package_identification:_identify(src/Aquabot-Competitor/aquabot_examples/package_example) by extension 'ignore_ament_install'
[1.275s] Level 1:colcon.colcon_core.package_identification:_identify(src/Aquabot-Competitor/aquabot_examples/package_example) by extensions ['colcon_pkg']
[1.275s] Level 1:colcon.colcon_core.package_identification:_identify(src/Aquabot-Competitor/aquabot_examples/package_example) by extension 'colcon_pkg'
[1.275s] Level 1:colcon.colcon_core.package_identification:_identify(src/Aquabot-Competitor/aquabot_examples/package_example) by extensions ['colcon_meta']
[1.275s] Level 1:colcon.colcon_core.package_identification:_identify(src/Aquabot-Competitor/aquabot_examples/package_example) by extension 'colcon_meta'
[1.275s] Level 1:colcon.colcon_core.package_identification:_identify(src/Aquabot-Competitor/aquabot_examples/package_example) by extensions ['ros']
[1.275s] Level 1:colcon.colcon_core.package_identification:_identify(src/Aquabot-Competitor/aquabot_examples/package_example) by extension 'ros'
[1.277s] DEBUG:colcon.colcon_core.package_identification:Package 'src/Aquabot-Competitor/aquabot_examples/package_example' with type 'ros.ament_cmake' and name 'package_example'
[1.283s] Level 1:colcon.colcon_core.package_identification:_identify(src/navigation) by extensions ['ignore', 'ignore_ament_install']
[1.283s] Level 1:colcon.colcon_core.package_identification:_identify(src/navigation) by extension 'ignore'
[1.283s] Level 1:colcon.colcon_core.package_identification:_identify(src/navigation) by extension 'ignore_ament_install'
[1.283s] Level 1:colcon.colcon_core.package_identification:_identify(src/navigation) by extensions ['colcon_pkg']
[1.284s] Level 1:colcon.colcon_core.package_identification:_identify(src/navigation) by extension 'colcon_pkg'
[1.284s] Level 1:colcon.colcon_core.package_identification:_identify(src/navigation) by extensions ['colcon_meta']
[1.284s] Level 1:colcon.colcon_core.package_identification:_identify(src/navigation) by extension 'colcon_meta'
[1.284s] Level 1:colcon.colcon_core.package_identification:_identify(src/navigation) by extensions ['ros']
[1.284s] Level 1:colcon.colcon_core.package_identification:_identify(src/navigation) by extension 'ros'
[1.296s] DEBUG:colcon.colcon_core.package_identification:Package 'src/navigation' with type 'ros.ament_cmake' and name 'navigation'
[1.308s] Level 1:colcon.colcon_core.package_identification:_identify(src/vrx) by extensions ['ignore', 'ignore_ament_install']
[1.309s] Level 1:colcon.colcon_core.package_identification:_identify(src/vrx) by extension 'ignore'
[1.309s] Level 1:colcon.colcon_core.package_identification:_identify(src/vrx) by extension 'ignore_ament_install'
[1.309s] Level 1:colcon.colcon_core.package_identification:_identify(src/vrx) by extensions ['colcon_pkg']
[1.309s] Level 1:colcon.colcon_core.package_identification:_identify(src/vrx) by extension 'colcon_pkg'
[1.309s] Level 1:colcon.colcon_core.package_identification:_identify(src/vrx) by extensions ['colcon_meta']
[1.309s] Level 1:colcon.colcon_core.package_identification:_identify(src/vrx) by extension 'colcon_meta'
[1.309s] Level 1:colcon.colcon_core.package_identification:_identify(src/vrx) by extensions ['ros']
[1.309s] Level 1:colcon.colcon_core.package_identification:_identify(src/vrx) by extension 'ros'
[1.310s] Level 1:colcon.colcon_core.package_identification:_identify(src/vrx) by extensions ['cmake', 'python']
[1.310s] Level 1:colcon.colcon_core.package_identification:_identify(src/vrx) by extension 'cmake'
[1.310s] Level 1:colcon.colcon_core.package_identification:_identify(src/vrx) by extension 'python'
[1.310s] Level 1:colcon.colcon_core.package_identification:_identify(src/vrx) by extensions ['python_setup_py']
[1.310s] Level 1:colcon.colcon_core.package_identification:_identify(src/vrx) by extension 'python_setup_py'
[1.317s] Level 1:colcon.colcon_core.package_identification:_identify(src/vrx/images) by extensions ['ignore', 'ignore_ament_install']
[1.317s] Level 1:colcon.colcon_core.package_identification:_identify(src/vrx/images) by extension 'ignore'
[1.318s] Level 1:colcon.colcon_core.package_identification:_identify(src/vrx/images) by extension 'ignore_ament_install'
[1.318s] Level 1:colcon.colcon_core.package_identification:_identify(src/vrx/images) by extensions ['colcon_pkg']
[1.318s] Level 1:colcon.colcon_core.package_identification:_identify(src/vrx/images) by extension 'colcon_pkg'
[1.318s] Level 1:colcon.colcon_core.package_identification:_identify(src/vrx/images) by extensions ['colcon_meta']
[1.318s] Level 1:colcon.colcon_core.package_identification:_identify(src/vrx/images) by extension 'colcon_meta'
[1.318s] Level 1:colcon.colcon_core.package_identification:_identify(src/vrx/images) by extensions ['ros']
[1.318s] Level 1:colcon.colcon_core.package_identification:_identify(src/vrx/images) by extension 'ros'
[1.318s] Level 1:colcon.colcon_core.package_identification:_identify(src/vrx/images) by extensions ['cmake', 'python']
[1.319s] Level 1:colcon.colcon_core.package_identification:_identify(src/vrx/images) by extension 'cmake'
[1.319s] Level 1:colcon.colcon_core.package_identification:_identify(src/vrx/images) by extension 'python'
[1.319s] Level 1:colcon.colcon_core.package_identification:_identify(src/vrx/images) by extensions ['python_setup_py']
[1.319s] Level 1:colcon.colcon_core.package_identification:_identify(src/vrx/images) by extension 'python_setup_py'
[1.319s] Level 1:colcon.colcon_core.package_identification:_identify(src/vrx/vrx_gz) by extensions ['ignore', 'ignore_ament_install']
[1.319s] Level 1:colcon.colcon_core.package_identification:_identify(src/vrx/vrx_gz) by extension 'ignore'
[1.319s] Level 1:colcon.colcon_core.package_identification:_identify(src/vrx/vrx_gz) by extension 'ignore_ament_install'
[1.320s] Level 1:colcon.colcon_core.package_identification:_identify(src/vrx/vrx_gz) by extensions ['colcon_pkg']
[1.320s] Level 1:colcon.colcon_core.package_identification:_identify(src/vrx/vrx_gz) by extension 'colcon_pkg'
[1.320s] Level 1:colcon.colcon_core.package_identification:_identify(src/vrx/vrx_gz) by extensions ['colcon_meta']
[1.320s] Level 1:colcon.colcon_core.package_identification:_identify(src/vrx/vrx_gz) by extension 'colcon_meta'
[1.320s] Level 1:colcon.colcon_core.package_identification:_identify(src/vrx/vrx_gz) by extensions ['ros']
[1.320s] Level 1:colcon.colcon_core.package_identification:_identify(src/vrx/vrx_gz) by extension 'ros'
[1.323s] DEBUG:colcon.colcon_core.package_identification:Package 'src/vrx/vrx_gz' with type 'ros.ament_cmake' and name 'vrx_gz'
[1.335s] Level 1:colcon.colcon_core.package_identification:_identify(src/vrx/vrx_ros) by extensions ['ignore', 'ignore_ament_install']
[1.335s] Level 1:colcon.colcon_core.package_identification:_identify(src/vrx/vrx_ros) by extension 'ignore'
[1.336s] Level 1:colcon.colcon_core.package_identification:_identify(src/vrx/vrx_ros) by extension 'ignore_ament_install'
[1.336s] Level 1:colcon.colcon_core.package_identification:_identify(src/vrx/vrx_ros) by extensions ['colcon_pkg']
[1.336s] Level 1:colcon.colcon_core.package_identification:_identify(src/vrx/vrx_ros) by extension 'colcon_pkg'
[1.336s] Level 1:colcon.colcon_core.package_identification:_identify(src/vrx/vrx_ros) by extensions ['colcon_meta']
[1.336s] Level 1:colcon.colcon_core.package_identification:_identify(src/vrx/vrx_ros) by extension 'colcon_meta'
[1.336s] Level 1:colcon.colcon_core.package_identification:_identify(src/vrx/vrx_ros) by extensions ['ros']
[1.336s] Level 1:colcon.colcon_core.package_identification:_identify(src/vrx/vrx_ros) by extension 'ros'
[1.352s] DEBUG:colcon.colcon_core.package_identification:Package 'src/vrx/vrx_ros' with type 'ros.ament_cmake' and name 'vrx_ros'
[1.360s] Level 1:colcon.colcon_core.package_identification:_identify(src/vrx/vrx_urdf) by extensions ['ignore', 'ignore_ament_install']
[1.360s] Level 1:colcon.colcon_core.package_identification:_identify(src/vrx/vrx_urdf) by extension 'ignore'
[1.360s] Level 1:colcon.colcon_core.package_identification:_identify(src/vrx/vrx_urdf) by extension 'ignore_ament_install'
[1.360s] Level 1:colcon.colcon_core.package_identification:_identify(src/vrx/vrx_urdf) by extensions ['colcon_pkg']
[1.360s] Level 1:colcon.colcon_core.package_identification:_identify(src/vrx/vrx_urdf) by extension 'colcon_pkg'
[1.361s] Level 1:colcon.colcon_core.package_identification:_identify(src/vrx/vrx_urdf) by extensions ['colcon_meta']
[1.361s] Level 1:colcon.colcon_core.package_identification:_identify(src/vrx/vrx_urdf) by extension 'colcon_meta'
[1.361s] Level 1:colcon.colcon_core.package_identification:_identify(src/vrx/vrx_urdf) by extensions ['ros']
[1.361s] Level 1:colcon.colcon_core.package_identification:_identify(src/vrx/vrx_urdf) by extension 'ros'
[1.361s] Level 1:colcon.colcon_core.package_identification:_identify(src/vrx/vrx_urdf) by extensions ['cmake', 'python']
[1.361s] Level 1:colcon.colcon_core.package_identification:_identify(src/vrx/vrx_urdf) by extension 'cmake'
[1.361s] Level 1:colcon.colcon_core.package_identification:_identify(src/vrx/vrx_urdf) by extension 'python'
[1.361s] Level 1:colcon.colcon_core.package_identification:_identify(src/vrx/vrx_urdf) by extensions ['python_setup_py']
[1.361s] Level 1:colcon.colcon_core.package_identification:_identify(src/vrx/vrx_urdf) by extension 'python_setup_py'
[1.362s] Level 1:colcon.colcon_core.package_identification:_identify(src/vrx/vrx_urdf/vrx_gazebo) by extensions ['ignore', 'ignore_ament_install']
[1.362s] Level 1:colcon.colcon_core.package_identification:_identify(src/vrx/vrx_urdf/vrx_gazebo) by extension 'ignore'
[1.362s] Level 1:colcon.colcon_core.package_identification:_identify(src/vrx/vrx_urdf/vrx_gazebo) by extension 'ignore_ament_install'
[1.363s] Level 1:colcon.colcon_core.package_identification:_identify(src/vrx/vrx_urdf/vrx_gazebo) by extensions ['colcon_pkg']
[1.363s] Level 1:colcon.colcon_core.package_identification:_identify(src/vrx/vrx_urdf/vrx_gazebo) by extension 'colcon_pkg'
[1.363s] Level 1:colcon.colcon_core.package_identification:_identify(src/vrx/vrx_urdf/vrx_gazebo) by extensions ['colcon_meta']
[1.363s] Level 1:colcon.colcon_core.package_identification:_identify(src/vrx/vrx_urdf/vrx_gazebo) by extension 'colcon_meta'
[1.363s] Level 1:colcon.colcon_core.package_identification:_identify(src/vrx/vrx_urdf/vrx_gazebo) by extensions ['ros']
[1.363s] Level 1:colcon.colcon_core.package_identification:_identify(src/vrx/vrx_urdf/vrx_gazebo) by extension 'ros'
[1.375s] DEBUG:colcon.colcon_core.package_identification:Package 'src/vrx/vrx_urdf/vrx_gazebo' with type 'ros.ament_cmake' and name 'vrx_gazebo'
[1.383s] Level 1:colcon.colcon_core.package_identification:_identify(src/vrx/vrx_urdf/wamv_description) by extensions ['ignore', 'ignore_ament_install']
[1.383s] Level 1:colcon.colcon_core.package_identification:_identify(src/vrx/vrx_urdf/wamv_description) by extension 'ignore'
[1.383s] Level 1:colcon.colcon_core.package_identification:_identify(src/vrx/vrx_urdf/wamv_description) by extension 'ignore_ament_install'
[1.383s] Level 1:colcon.colcon_core.package_identification:_identify(src/vrx/vrx_urdf/wamv_description) by extensions ['colcon_pkg']
[1.383s] Level 1:colcon.colcon_core.package_identification:_identify(src/vrx/vrx_urdf/wamv_description) by extension 'colcon_pkg'
[1.383s] Level 1:colcon.colcon_core.package_identification:_identify(src/vrx/vrx_urdf/wamv_description) by extensions ['colcon_meta']
[1.384s] Level 1:colcon.colcon_core.package_identification:_identify(src/vrx/vrx_urdf/wamv_description) by extension 'colcon_meta'
[1.384s] Level 1:colcon.colcon_core.package_identification:_identify(src/vrx/vrx_urdf/wamv_description) by extensions ['ros']
[1.384s] Level 1:colcon.colcon_core.package_identification:_identify(src/vrx/vrx_urdf/wamv_description) by extension 'ros'
[1.396s] DEBUG:colcon.colcon_core.package_identification:Package 'src/vrx/vrx_urdf/wamv_description' with type 'ros.ament_cmake' and name 'wamv_description'
[1.408s] Level 1:colcon.colcon_core.package_identification:_identify(src/vrx/vrx_urdf/wamv_gazebo) by extensions ['ignore', 'ignore_ament_install']
[1.408s] Level 1:colcon.colcon_core.package_identification:_identify(src/vrx/vrx_urdf/wamv_gazebo) by extension 'ignore'
[1.408s] Level 1:colcon.colcon_core.package_identification:_identify(src/vrx/vrx_urdf/wamv_gazebo) by extension 'ignore_ament_install'
[1.408s] Level 1:colcon.colcon_core.package_identification:_identify(src/vrx/vrx_urdf/wamv_gazebo) by extensions ['colcon_pkg']
[1.408s] Level 1:colcon.colcon_core.package_identification:_identify(src/vrx/vrx_urdf/wamv_gazebo) by extension 'colcon_pkg'
[1.409s] Level 1:colcon.colcon_core.package_identification:_identify(src/vrx/vrx_urdf/wamv_gazebo) by extensions ['colcon_meta']
[1.409s] Level 1:colcon.colcon_core.package_identification:_identify(src/vrx/vrx_urdf/wamv_gazebo) by extension 'colcon_meta'
[1.409s] Level 1:colcon.colcon_core.package_identification:_identify(src/vrx/vrx_urdf/wamv_gazebo) by extensions ['ros']
[1.409s] Level 1:colcon.colcon_core.package_identification:_identify(src/vrx/vrx_urdf/wamv_gazebo) by extension 'ros'
[1.411s] DEBUG:colcon.colcon_core.package_identification:Package 'src/vrx/vrx_urdf/wamv_gazebo' with type 'ros.ament_cmake' and name 'wamv_gazebo'
[1.411s] Level 1:colcon.colcon_core.package_discovery:discover_packages(recursive) using defaults
[1.411s] Level 1:colcon.colcon_core.package_discovery:discover_packages(ignore) discover
[1.411s] Level 1:colcon.colcon_core.package_discovery:discover_packages(ignore) using defaults
[1.411s] Level 1:colcon.colcon_core.package_discovery:discover_packages(path) discover
[1.411s] Level 1:colcon.colcon_core.package_discovery:discover_packages(path) using defaults
[1.623s] INFO:colcon.colcon_core.package_selection:Skipping not selected package 'aquabot_example' in 'src/Aquabot-Competitor/aquabot_examples/aquabot_example'
[1.623s] INFO:colcon.colcon_core.package_selection:Skipping not selected package 'aquabot_python' in 'src/Aquabot/aquabot_python'
[1.623s] INFO:colcon.colcon_core.package_selection:Skipping not selected package 'opencv_example' in 'src/Aquabot-Competitor/aquabot_examples/opencv_example'
[1.624s] INFO:colcon.colcon_core.package_selection:Skipping not selected package 'package_example' in 'src/Aquabot-Competitor/aquabot_examples/package_example'
[1.624s] INFO:colcon.colcon_core.package_selection:Skipping not selected package 'vrx_gazebo' in 'src/vrx/vrx_urdf/vrx_gazebo'
[1.624s] INFO:colcon.colcon_core.package_selection:Skipping not selected package 'vrx_ros' in 'src/vrx/vrx_ros'
[1.624s] INFO:colcon.colcon_core.package_selection:Skipping not selected package 'aquabot_description' in 'src/Aquabot/aquabot_urdf/aquabot_description'
[1.624s] INFO:colcon.colcon_core.package_selection:Skipping not selected package 'vrx_gz' in 'src/vrx/vrx_gz'
[1.624s] INFO:colcon.colcon_core.package_selection:Skipping not selected package 'wamv_description' in 'src/vrx/vrx_urdf/wamv_description'
[1.624s] INFO:colcon.colcon_core.package_selection:Skipping not selected package 'aquabot_gz' in 'src/Aquabot/aquabot_gz'
[1.624s] INFO:colcon.colcon_core.package_selection:Skipping not selected package 'wamv_gazebo' in 'src/vrx/vrx_urdf/wamv_gazebo'
[1.647s] Level 1:colcon.colcon_core.package_discovery:discover_packages(prefix_path) check parameters
[1.647s] Level 1:colcon.colcon_core.package_discovery:discover_packages(prefix_path) discover
[1.667s] WARNING:colcon.colcon_core.prefix_path.colcon:The path '/home/mls/vrx_ws/src/install' in the environment variable COLCON_PREFIX_PATH doesn't exist
[1.667s] WARNING:colcon.colcon_ros.prefix_path.ament:The path '/home/mls/vrx_ws/src/install' in the environment variable AMENT_PREFIX_PATH doesn't exist
[1.667s] WARNING:colcon.colcon_ros.prefix_path.catkin:The path '/home/mls/vrx_ws/src/install' in the environment variable CMAKE_PREFIX_PATH doesn't exist
[1.669s] DEBUG:colcon.colcon_installed_package_information.package_discovery:Found 12 installed packages in /home/mls/vrx_ws/install
[1.672s] DEBUG:colcon.colcon_installed_package_information.package_discovery:Found 327 installed packages in /opt/ros/humble
[1.676s] Level 1:colcon.colcon_core.package_discovery:discover_packages(prefix_path) using defaults
[1.873s] Level 5:colcon.colcon_core.verb:set package 'navigation' build argument 'cmake_args' from command line to 'None'
[1.873s] Level 5:colcon.colcon_core.verb:set package 'navigation' build argument 'cmake_target' from command line to 'None'
[1.874s] Level 5:colcon.colcon_core.verb:set package 'navigation' build argument 'cmake_target_skip_unavailable' from command line to 'False'
[1.874s] Level 5:colcon.colcon_core.verb:set package 'navigation' build argument 'cmake_clean_cache' from command line to 'False'
[1.874s] Level 5:colcon.colcon_core.verb:set package 'navigation' build argument 'cmake_clean_first' from command line to 'False'
[1.874s] Level 5:colcon.colcon_core.verb:set package 'navigation' build argument 'cmake_force_configure' from command line to 'False'
[1.874s] Level 5:colcon.colcon_core.verb:set package 'navigation' build argument 'ament_cmake_args' from command line to 'None'
[1.874s] Level 5:colcon.colcon_core.verb:set package 'navigation' build argument 'catkin_cmake_args' from command line to 'None'
[1.874s] Level 5:colcon.colcon_core.verb:set package 'navigation' build argument 'catkin_skip_building_tests' from command line to 'False'
[1.874s] DEBUG:colcon.colcon_core.verb:Building package 'navigation' with the following arguments: {'ament_cmake_args': None, 'build_base': '/home/mls/vrx_ws/build/navigation', 'catkin_cmake_args': None, 'catkin_skip_building_tests': False, 'cmake_args': None, 'cmake_clean_cache': False, 'cmake_clean_first': False, 'cmake_force_configure': False, 'cmake_target': None, 'cmake_target_skip_unavailable': False, 'install_base': '/home/mls/vrx_ws/install', 'merge_install': True, 'path': '/home/mls/vrx_ws/src/navigation', 'symlink_install': False, 'test_result_base': None}
[1.874s] INFO:colcon.colcon_core.executor:Executing jobs using 'parallel' executor
[1.876s] DEBUG:colcon.colcon_parallel_executor.executor.parallel:run_until_complete
[1.877s] INFO:colcon.colcon_ros.task.ament_cmake.build:Building ROS package in '/home/mls/vrx_ws/src/navigation' with build type 'ament_cmake'
[1.877s] INFO:colcon.colcon_cmake.task.cmake.build:Building CMake package in '/home/mls/vrx_ws/src/navigation'
[1.886s] INFO:colcon.colcon_core.plugin_system:Skipping extension 'colcon_core.shell.bat': Not used on non-Windows systems
[1.886s] INFO:colcon.colcon_core.shell:Skip shell extension 'powershell' for command environment: Not usable outside of PowerShell
[1.887s] DEBUG:colcon.colcon_core.shell:Skip shell extension 'dsv' for command environment
[1.935s] DEBUG:colcon.colcon_core.event_handler.log_command:Invoking command in '/home/mls/vrx_ws/build/navigation': CMAKE_PREFIX_PATH=${CMAKE_PREFIX_PATH}:/opt/ros/humble /usr/bin/cmake --build /home/mls/vrx_ws/build/navigation -- -j8 -l8
[28.700s] DEBUG:colcon.colcon_core.event_handler.log_command:Invoked command in '/home/mls/vrx_ws/build/navigation' returned '0': CMAKE_PREFIX_PATH=${CMAKE_PREFIX_PATH}:/opt/ros/humble /usr/bin/cmake --build /home/mls/vrx_ws/build/navigation -- -j8 -l8
[28.778s] DEBUG:colcon.colcon_core.event_handler.log_command:Invoking command in '/home/mls/vrx_ws/build/navigation': CMAKE_PREFIX_PATH=${CMAKE_PREFIX_PATH}:/opt/ros/humble /usr/bin/cmake --install /home/mls/vrx_ws/build/navigation
[28.828s] Level 1:colcon.colcon_core.environment:create_environment_scripts_only(navigation)
[28.830s] DEBUG:colcon.colcon_core.event_handler.log_command:Invoked command in '/home/mls/vrx_ws/build/navigation' returned '0': CMAKE_PREFIX_PATH=${CMAKE_PREFIX_PATH}:/opt/ros/humble /usr/bin/cmake --install /home/mls/vrx_ws/build/navigation
[28.899s] Level 1:colcon.colcon_core.environment:checking '/home/mls/vrx_ws/install' for CMake module files
[28.900s] Level 1:colcon.colcon_core.environment:checking '/home/mls/vrx_ws/install' for CMake config files
[28.901s] Level 1:colcon.colcon_core.shell:create_environment_hook('navigation', 'cmake_prefix_path')
[28.901s] INFO:colcon.colcon_core.shell:Creating environment hook '/home/mls/vrx_ws/install/share/navigation/hook/cmake_prefix_path.ps1'
[28.902s] INFO:colcon.colcon_core.shell:Creating environment descriptor '/home/mls/vrx_ws/install/share/navigation/hook/cmake_prefix_path.dsv'
[28.904s] INFO:colcon.colcon_core.shell:Creating environment hook '/home/mls/vrx_ws/install/share/navigation/hook/cmake_prefix_path.sh'
[28.905s] Level 1:colcon.colcon_core.environment:checking '/home/mls/vrx_ws/install/lib'
[28.906s] Level 1:colcon.colcon_core.shell:create_environment_hook('navigation', 'ld_library_path_lib')
[28.906s] INFO:colcon.colcon_core.shell:Creating environment hook '/home/mls/vrx_ws/install/share/navigation/hook/ld_library_path_lib.ps1'
[28.907s] INFO:colcon.colcon_core.shell:Creating environment descriptor '/home/mls/vrx_ws/install/share/navigation/hook/ld_library_path_lib.dsv'
[28.908s] INFO:colcon.colcon_core.shell:Creating environment hook '/home/mls/vrx_ws/install/share/navigation/hook/ld_library_path_lib.sh'
[28.909s] Level 1:colcon.colcon_core.environment:checking '/home/mls/vrx_ws/install/bin'
[28.909s] Level 1:colcon.colcon_core.environment:checking '/home/mls/vrx_ws/install/lib/pkgconfig/navigation.pc'
[28.909s] Level 1:colcon.colcon_core.environment:checking '/home/mls/vrx_ws/install/lib/python3.10/site-packages'
[28.910s] Level 1:colcon.colcon_core.environment:checking '/home/mls/vrx_ws/install/bin'
[28.911s] INFO:colcon.colcon_core.shell:Creating package script '/home/mls/vrx_ws/install/share/navigation/package.ps1'
[28.913s] INFO:colcon.colcon_core.shell:Creating package descriptor '/home/mls/vrx_ws/install/share/navigation/package.dsv'
[28.914s] INFO:colcon.colcon_core.shell:Creating package script '/home/mls/vrx_ws/install/share/navigation/package.sh'
[28.916s] INFO:colcon.colcon_core.shell:Creating package script '/home/mls/vrx_ws/install/share/navigation/package.bash'
[28.918s] INFO:colcon.colcon_core.shell:Creating package script '/home/mls/vrx_ws/install/share/navigation/package.zsh'
[28.919s] Level 1:colcon.colcon_core.environment:create_file_with_runtime_dependencies(/home/mls/vrx_ws/install/share/colcon-core/packages/navigation)
[28.973s] Level 1:colcon.colcon_core.environment:create_environment_scripts_only(navigation)
[28.974s] Level 1:colcon.colcon_core.environment:checking '/home/mls/vrx_ws/install' for CMake module files
[28.974s] Level 1:colcon.colcon_core.environment:checking '/home/mls/vrx_ws/install' for CMake config files
[28.975s] Level 1:colcon.colcon_core.shell:create_environment_hook('navigation', 'cmake_prefix_path')
[28.976s] INFO:colcon.colcon_core.shell:Creating environment hook '/home/mls/vrx_ws/install/share/navigation/hook/cmake_prefix_path.ps1'
[28.977s] INFO:colcon.colcon_core.shell:Creating environment descriptor '/home/mls/vrx_ws/install/share/navigation/hook/cmake_prefix_path.dsv'
[28.977s] INFO:colcon.colcon_core.shell:Creating environment hook '/home/mls/vrx_ws/install/share/navigation/hook/cmake_prefix_path.sh'
[28.979s] Level 1:colcon.colcon_core.environment:checking '/home/mls/vrx_ws/install/lib'
[28.979s] Level 1:colcon.colcon_core.shell:create_environment_hook('navigation', 'ld_library_path_lib')
[28.980s] INFO:colcon.colcon_core.shell:Creating environment hook '/home/mls/vrx_ws/install/share/navigation/hook/ld_library_path_lib.ps1'
[28.981s] INFO:colcon.colcon_core.shell:Creating environment descriptor '/home/mls/vrx_ws/install/share/navigation/hook/ld_library_path_lib.dsv'
[28.981s] INFO:colcon.colcon_core.shell:Creating environment hook '/home/mls/vrx_ws/install/share/navigation/hook/ld_library_path_lib.sh'
[28.983s] Level 1:colcon.colcon_core.environment:checking '/home/mls/vrx_ws/install/bin'
[28.983s] Level 1:colcon.colcon_core.environment:checking '/home/mls/vrx_ws/install/lib/pkgconfig/navigation.pc'
[28.983s] Level 1:colcon.colcon_core.environment:checking '/home/mls/vrx_ws/install/lib/python3.10/site-packages'
[28.984s] Level 1:colcon.colcon_core.environment:checking '/home/mls/vrx_ws/install/bin'
[28.985s] INFO:colcon.colcon_core.shell:Creating package script '/home/mls/vrx_ws/install/share/navigation/package.ps1'
[28.986s] INFO:colcon.colcon_core.shell:Creating package descriptor '/home/mls/vrx_ws/install/share/navigation/package.dsv'
[28.988s] INFO:colcon.colcon_core.shell:Creating package script '/home/mls/vrx_ws/install/share/navigation/package.sh'
[28.989s] INFO:colcon.colcon_core.shell:Creating package script '/home/mls/vrx_ws/install/share/navigation/package.bash'
[28.990s] INFO:colcon.colcon_core.shell:Creating package script '/home/mls/vrx_ws/install/share/navigation/package.zsh'
[28.991s] Level 1:colcon.colcon_core.environment:create_file_with_runtime_dependencies(/home/mls/vrx_ws/install/share/colcon-core/packages/navigation)
[28.991s] DEBUG:colcon.colcon_parallel_executor.executor.parallel:closing loop
[28.992s] DEBUG:colcon.colcon_parallel_executor.executor.parallel:loop closed
[28.992s] DEBUG:colcon.colcon_parallel_executor.executor.parallel:run_until_complete finished with '0'
[28.992s] DEBUG:colcon.colcon_core.event_reactor:joining thread
[29.003s] INFO:colcon.colcon_core.plugin_system:Skipping extension 'colcon_notification.desktop_notification.terminal_notifier': Not used on non-Darwin systems
[29.003s] INFO:colcon.colcon_core.plugin_system:Skipping extension 'colcon_notification.desktop_notification.win32': Not used on non-Windows systems
[29.003s] INFO:colcon.colcon_notification.desktop_notification:Sending desktop notification using 'notify2'
[29.028s] DEBUG:colcon.colcon_core.event_reactor:joined thread
[29.029s] INFO:colcon.colcon_core.shell:Creating prefix script '/home/mls/vrx_ws/install/local_setup.ps1'
[29.031s] INFO:colcon.colcon_core.shell:Creating prefix util module '/home/mls/vrx_ws/install/_local_setup_util_ps1.py'
[29.034s] INFO:colcon.colcon_core.shell:Creating prefix chain script '/home/mls/vrx_ws/install/setup.ps1'
[29.039s] INFO:colcon.colcon_core.shell:Creating prefix script '/home/mls/vrx_ws/install/local_setup.sh'
[29.041s] INFO:colcon.colcon_core.shell:Creating prefix util module '/home/mls/vrx_ws/install/_local_setup_util_sh.py'
[29.042s] INFO:colcon.colcon_core.shell:Creating prefix chain script '/home/mls/vrx_ws/install/setup.sh'
[29.045s] INFO:colcon.colcon_core.shell:Creating prefix script '/home/mls/vrx_ws/install/local_setup.bash'
[29.047s] INFO:colcon.colcon_core.shell:Creating prefix chain script '/home/mls/vrx_ws/install/setup.bash'
[29.050s] INFO:colcon.colcon_core.shell:Creating prefix script '/home/mls/vrx_ws/install/local_setup.zsh'
[29.052s] INFO:colcon.colcon_core.shell:Creating prefix chain script '/home/mls/vrx_ws/install/setup.zsh'
