[0.014s] Invoking command in '/home/mls/vrx_ws/build/wamv_gazebo': AMENT_PREFIX_PATH=/home/mls/vrx_ws/install:${AMENT_PREFIX_PATH} CMAKE_PREFIX_PATH=/home/mls/vrx_ws/install:/opt/ros/humble GZ_SIM_RESOURCE_PATH=/home/mls/vrx_ws/install/share/wamv_description/models:/home/mls/vrx_ws/install/share/vrx_gazebo/models:/home/mls/vrx_ws/install/share PYTHONPATH=/home/mls/vrx_ws/install/local/lib/python3.10/dist-packages:${PYTHONPATH} /usr/bin/cmake /home/mls/vrx_ws/src/vrx/vrx_urdf/wamv_gazebo -DCMAKE_INSTALL_PREFIX=/home/mls/vrx_ws/install
[0.171s] -- The C compiler identification is GNU 11.4.0
[0.288s] -- The CXX compiler identification is GNU 11.4.0
[0.304s] -- Detecting C compiler ABI info
[0.414s] -- Detecting C compiler ABI info - done
[0.437s] -- Check for working C compiler: /usr/bin/cc - skipped
[0.437s] -- Detecting C compile features
[0.438s] -- Detecting C compile features - done
[0.446s] -- Detecting CXX compiler ABI info
[0.627s] -- Detecting CXX compiler ABI info - done
[0.656s] -- Check for working CXX compiler: /usr/bin/c++ - skipped
[0.657s] -- Detecting CXX compile features
[0.658s] -- Detecting CXX compile features - done
[0.663s] -- Found ament_cmake: 1.3.10 (/opt/ros/humble/share/ament_cmake/cmake)
[1.029s] -- Found Python3: /usr/bin/python3 (found version "3.10.12") found components: Interpreter 
[1.249s] -- Found xacro: 2.0.8 (/opt/ros/humble/share/xacro/cmake)
[1.250s] -- Found wamv_description: 1.3.0 (/home/mls/vrx_ws/install/share/wamv_description/cmake)
[1.411s] -- Configuring done
[1.417s] -- Generating done
[1.419s] -- Build files have been written to: /home/mls/vrx_ws/build/wamv_gazebo
[1.428s] Invoked command in '/home/mls/vrx_ws/build/wamv_gazebo' returned '0': AMENT_PREFIX_PATH=/home/mls/vrx_ws/install:${AMENT_PREFIX_PATH} CMAKE_PREFIX_PATH=/home/mls/vrx_ws/install:/opt/ros/humble GZ_SIM_RESOURCE_PATH=/home/mls/vrx_ws/install/share/wamv_description/models:/home/mls/vrx_ws/install/share/vrx_gazebo/models:/home/mls/vrx_ws/install/share PYTHONPATH=/home/mls/vrx_ws/install/local/lib/python3.10/dist-packages:${PYTHONPATH} /usr/bin/cmake /home/mls/vrx_ws/src/vrx/vrx_urdf/wamv_gazebo -DCMAKE_INSTALL_PREFIX=/home/mls/vrx_ws/install
[1.431s] Invoking command in '/home/mls/vrx_ws/build/wamv_gazebo': AMENT_PREFIX_PATH=/home/mls/vrx_ws/install:${AMENT_PREFIX_PATH} CMAKE_PREFIX_PATH=/home/mls/vrx_ws/install:/opt/ros/humble GZ_SIM_RESOURCE_PATH=/home/mls/vrx_ws/install/share/wamv_description/models:/home/mls/vrx_ws/install/share/vrx_gazebo/models:/home/mls/vrx_ws/install/share PYTHONPATH=/home/mls/vrx_ws/install/local/lib/python3.10/dist-packages:${PYTHONPATH} /usr/bin/cmake --build /home/mls/vrx_ws/build/wamv_gazebo -- -j8 -l8
[1.516s] Invoked command in '/home/mls/vrx_ws/build/wamv_gazebo' returned '0': AMENT_PREFIX_PATH=/home/mls/vrx_ws/install:${AMENT_PREFIX_PATH} CMAKE_PREFIX_PATH=/home/mls/vrx_ws/install:/opt/ros/humble GZ_SIM_RESOURCE_PATH=/home/mls/vrx_ws/install/share/wamv_description/models:/home/mls/vrx_ws/install/share/vrx_gazebo/models:/home/mls/vrx_ws/install/share PYTHONPATH=/home/mls/vrx_ws/install/local/lib/python3.10/dist-packages:${PYTHONPATH} /usr/bin/cmake --build /home/mls/vrx_ws/build/wamv_gazebo -- -j8 -l8
[1.564s] Invoking command in '/home/mls/vrx_ws/build/wamv_gazebo': AMENT_PREFIX_PATH=/home/mls/vrx_ws/install:${AMENT_PREFIX_PATH} CMAKE_PREFIX_PATH=/home/mls/vrx_ws/install:/opt/ros/humble GZ_SIM_RESOURCE_PATH=/home/mls/vrx_ws/install/share/wamv_description/models:/home/mls/vrx_ws/install/share/vrx_gazebo/models:/home/mls/vrx_ws/install/share PYTHONPATH=/home/mls/vrx_ws/install/local/lib/python3.10/dist-packages:${PYTHONPATH} /usr/bin/cmake --install /home/mls/vrx_ws/build/wamv_gazebo
[1.580s] -- Install configuration: ""
[1.580s] -- Installing: /home/mls/vrx_ws/install/share/wamv_gazebo/models
[1.580s] -- Installing: /home/mls/vrx_ws/install/share/wamv_gazebo/models/gps
[1.580s] -- Installing: /home/mls/vrx_ws/install/share/wamv_gazebo/models/gps/mesh
[1.581s] -- Installing: /home/mls/vrx_ws/install/share/wamv_gazebo/models/gps/mesh/gps.dae
[1.581s] -- Installing: /home/mls/vrx_ws/install/share/wamv_gazebo/models/gps/mesh/gps.png
[1.582s] -- Installing: /home/mls/vrx_ws/install/share/wamv_gazebo/models/gps/model.config
[1.582s] -- Installing: /home/mls/vrx_ws/install/share/wamv_gazebo/urdf
[1.582s] -- Installing: /home/mls/vrx_ws/install/share/wamv_gazebo/urdf/wamv_gazebo.xacro
[1.582s] -- Installing: /home/mls/vrx_ws/install/share/wamv_gazebo/urdf/wamv_gazebo.urdf.xacro
[1.583s] -- Installing: /home/mls/vrx_ws/install/share/wamv_gazebo/urdf/dynamics
[1.583s] -- Installing: /home/mls/vrx_ws/install/share/wamv_gazebo/urdf/dynamics/wamv_gazebo_dynamics_plugin.xacro
[1.583s] -- Installing: /home/mls/vrx_ws/install/share/wamv_gazebo/urdf/thruster_layouts
[1.583s] -- Installing: /home/mls/vrx_ws/install/share/wamv_gazebo/urdf/thruster_layouts/wamv_gazebo_thruster_config.xacro
[1.584s] -- Installing: /home/mls/vrx_ws/install/share/wamv_gazebo/urdf/thruster_layouts/wamv_x_thrusters.xacro
[1.584s] -- Installing: /home/mls/vrx_ws/install/share/wamv_gazebo/urdf/thruster_layouts/wamv_t_thrusters.xacro
[1.584s] -- Installing: /home/mls/vrx_ws/install/share/wamv_gazebo/urdf/thruster_layouts/wamv_aft_thrusters.xacro
[1.584s] -- Installing: /home/mls/vrx_ws/install/share/wamv_gazebo/urdf/components
[1.584s] -- Installing: /home/mls/vrx_ws/install/share/wamv_gazebo/urdf/components/wamv_3d_lidar.xacro
[1.585s] -- Installing: /home/mls/vrx_ws/install/share/wamv_gazebo/urdf/components/wamv_p3d.xacro
[1.585s] -- Installing: /home/mls/vrx_ws/install/share/wamv_gazebo/urdf/components/wamv_planar_lidar.xacro
[1.585s] -- Installing: /home/mls/vrx_ws/install/share/wamv_gazebo/urdf/components/lidar.xacro
[1.585s] -- Installing: /home/mls/vrx_ws/install/share/wamv_gazebo/urdf/components/wamv_camera.xacro
[1.586s] -- Installing: /home/mls/vrx_ws/install/share/wamv_gazebo/urdf/components/wamv_imu.xacro
[1.586s] -- Installing: /home/mls/vrx_ws/install/share/wamv_gazebo/urdf/components/wamv_pinger.xacro
[1.586s] -- Installing: /home/mls/vrx_ws/install/share/wamv_gazebo/urdf/components/ball_shooter.xacro
[1.586s] -- Installing: /home/mls/vrx_ws/install/share/wamv_gazebo/urdf/components/wamv_gps.xacro
[1.587s] -- Installing: /home/mls/vrx_ws/install/share/wamv_gazebo/urdf/macros.xacro
[1.587s] -- Installing: /home/mls/vrx_ws/install/share/ament_index/resource_index/package_run_dependencies/wamv_gazebo
[1.587s] -- Installing: /home/mls/vrx_ws/install/share/ament_index/resource_index/parent_prefix_path/wamv_gazebo
[1.588s] -- Installing: /home/mls/vrx_ws/install/share/wamv_gazebo/environment/ament_prefix_path.sh
[1.588s] -- Installing: /home/mls/vrx_ws/install/share/wamv_gazebo/environment/ament_prefix_path.dsv
[1.589s] -- Installing: /home/mls/vrx_ws/install/share/wamv_gazebo/environment/path.sh
[1.589s] -- Installing: /home/mls/vrx_ws/install/share/wamv_gazebo/environment/path.dsv
[1.589s] -- Installing: /home/mls/vrx_ws/install/share/wamv_gazebo/local_setup.bash
[1.590s] -- Installing: /home/mls/vrx_ws/install/share/wamv_gazebo/local_setup.sh
[1.590s] -- Installing: /home/mls/vrx_ws/install/share/wamv_gazebo/local_setup.zsh
[1.590s] -- Installing: /home/mls/vrx_ws/install/share/wamv_gazebo/local_setup.dsv
[1.590s] -- Installing: /home/mls/vrx_ws/install/share/wamv_gazebo/package.dsv
[1.591s] -- Installing: /home/mls/vrx_ws/install/share/ament_index/resource_index/packages/wamv_gazebo
[1.591s] -- Installing: /home/mls/vrx_ws/install/share/wamv_gazebo/cmake/wamv_gazeboConfig.cmake
[1.591s] -- Installing: /home/mls/vrx_ws/install/share/wamv_gazebo/cmake/wamv_gazeboConfig-version.cmake
[1.592s] -- Installing: /home/mls/vrx_ws/install/share/wamv_gazebo/package.xml
[1.597s] Invoked command in '/home/mls/vrx_ws/build/wamv_gazebo' returned '0': AMENT_PREFIX_PATH=/home/mls/vrx_ws/install:${AMENT_PREFIX_PATH} CMAKE_PREFIX_PATH=/home/mls/vrx_ws/install:/opt/ros/humble GZ_SIM_RESOURCE_PATH=/home/mls/vrx_ws/install/share/wamv_description/models:/home/mls/vrx_ws/install/share/vrx_gazebo/models:/home/mls/vrx_ws/install/share PYTHONPATH=/home/mls/vrx_ws/install/local/lib/python3.10/dist-packages:${PYTHONPATH} /usr/bin/cmake --install /home/mls/vrx_ws/build/wamv_gazebo
