[0.039s] Invoking command in '/home/mls/vrx_ws/build/opencv_example': CMAKE_PREFIX_PATH=/opt/ros/humble /usr/bin/cmake /home/mls/vrx_ws/src/Aquabot-Competitor/aquabot_examples/opencv_example -DCMAKE_INSTALL_PREFIX=/home/mls/vrx_ws/install
[0.164s] -- The C compiler identification is GNU 11.4.0
[0.283s] -- The CXX compiler identification is GNU 11.4.0
[0.295s] -- Detecting C compiler ABI info
[0.437s] -- Detecting C compiler ABI info - done
[0.452s] -- Check for working C compiler: /usr/bin/cc - skipped
[0.453s] -- Detecting C compile features
[0.453s] -- Detecting C compile features - done
[0.460s] -- Detecting CXX compiler ABI info
[0.604s] -- Detecting CXX compiler ABI info - done
[0.628s] -- Check for working CXX compiler: /usr/bin/c++ - skipped
[0.629s] -- Detecting CXX compile features
[0.630s] -- Detecting CXX compile features - done
[0.635s] -- Found ament_cmake: 1.3.10 (/opt/ros/humble/share/ament_cmake/cmake)
[0.974s] -- Found Python3: /usr/bin/python3 (found version "3.10.12") found components: Interpreter 
[1.152s] -- Found rclcpp: 16.0.10 (/opt/ros/humble/share/rclcpp/cmake)
[1.219s] -- Found rosidl_generator_c: 3.1.5 (/opt/ros/humble/share/rosidl_generator_c/cmake)
[1.228s] -- Found rosidl_adapter: 3.1.5 (/opt/ros/humble/share/rosidl_adapter/cmake)
[1.242s] -- Found rosidl_generator_cpp: 3.1.5 (/opt/ros/humble/share/rosidl_generator_cpp/cmake)
[1.262s] -- Using all available rosidl_typesupport_c: rosidl_typesupport_fastrtps_c;rosidl_typesupport_introspection_c
[1.291s] -- Using all available rosidl_typesupport_cpp: rosidl_typesupport_fastrtps_cpp;rosidl_typesupport_introspection_cpp
[1.364s] -- Found rmw_implementation_cmake: 6.1.2 (/opt/ros/humble/share/rmw_implementation_cmake/cmake)
[1.369s] -- Found rmw_fastrtps_cpp: 6.2.7 (/opt/ros/humble/share/rmw_fastrtps_cpp/cmake)
[1.527s] -- Found OpenSSL: /usr/lib/x86_64-linux-gnu/libcrypto.so (found version "3.0.2")  
[1.598s] -- Found FastRTPS: /opt/ros/humble/include  
[1.699s] -- Using RMW implementation 'rmw_fastrtps_cpp' as default
[1.719s] -- Looking for pthread.h
[1.856s] -- Looking for pthread.h - found
[1.856s] -- Performing Test CMAKE_HAVE_LIBC_PTHREAD
[1.990s] -- Performing Test CMAKE_HAVE_LIBC_PTHREAD - Success
[1.993s] -- Found Threads: TRUE  
[2.135s] -- Found sensor_msgs: 4.2.4 (/opt/ros/humble/share/sensor_msgs/cmake)
[2.365s] -- Found cv_bridge: 3.2.1 (/opt/ros/humble/share/cv_bridge/cmake)
[2.492s] -- Found image_transport: 3.1.9 (/opt/ros/humble/share/image_transport/cmake)
[2.594s] -- Found OpenCV: /usr (found version "4.5.4") 
[2.665s] -- Found ament_lint_auto: 0.12.11 (/opt/ros/humble/share/ament_lint_auto/cmake)
[3.092s] -- Added test 'cppcheck' to perform static code analysis on C / C++ code
[3.100s] -- Configured cppcheck include dirs: 
[3.100s] -- Configured cppcheck exclude dirs and/or files: 
[3.100s] -- Added test 'flake8' to check Python code syntax and style conventions
[3.100s] -- Added test 'lint_cmake' to check CMake code style
[3.101s] -- Added test 'pep257' to check Python code against some of the docstring style conventions in PEP 257
[3.101s] -- Added test 'uncrustify' to check C / C++ code style
[3.101s] -- Configured uncrustify additional arguments: 
[3.101s] -- Added test 'xmllint' to check XML markup files
[3.103s] -- Configuring done
[3.153s] -- Generating done
[3.154s] -- Build files have been written to: /home/mls/vrx_ws/build/opencv_example
[3.179s] Invoked command in '/home/mls/vrx_ws/build/opencv_example' returned '0': CMAKE_PREFIX_PATH=/opt/ros/humble /usr/bin/cmake /home/mls/vrx_ws/src/Aquabot-Competitor/aquabot_examples/opencv_example -DCMAKE_INSTALL_PREFIX=/home/mls/vrx_ws/install
[3.185s] Invoking command in '/home/mls/vrx_ws/build/opencv_example': CMAKE_PREFIX_PATH=/opt/ros/humble /usr/bin/cmake --build /home/mls/vrx_ws/build/opencv_example -- -j8 -l8
[3.290s] [ 50%] [32mBuilding CXX object CMakeFiles/minimal_opencv_ros2_node.dir/src/minimal_opencv_ros2_node.cpp.o[0m
[3.301s] [ 50%] Built target ament_cmake_python_copy_opencv_example
[3.976s] running egg_info
[3.977s] creating opencv_example.egg-info
[3.978s] writing opencv_example.egg-info/PKG-INFO
[3.978s] writing dependency_links to opencv_example.egg-info/dependency_links.txt
[3.978s] writing top-level names to opencv_example.egg-info/top_level.txt
[3.978s] writing manifest file 'opencv_example.egg-info/SOURCES.txt'
[3.981s] reading manifest file 'opencv_example.egg-info/SOURCES.txt'
[3.982s] writing manifest file 'opencv_example.egg-info/SOURCES.txt'
[4.034s] [ 50%] Built target ament_cmake_python_build_opencv_example_egg
[16.438s] [100%] [32m[1mLinking CXX executable minimal_opencv_ros2_node[0m
[19.309s] [100%] Built target minimal_opencv_ros2_node
[19.326s] Invoked command in '/home/mls/vrx_ws/build/opencv_example' returned '0': CMAKE_PREFIX_PATH=/opt/ros/humble /usr/bin/cmake --build /home/mls/vrx_ws/build/opencv_example -- -j8 -l8
[19.365s] Invoking command in '/home/mls/vrx_ws/build/opencv_example': CMAKE_PREFIX_PATH=/opt/ros/humble /usr/bin/cmake --install /home/mls/vrx_ws/build/opencv_example
[19.376s] -- Install configuration: ""
[19.376s] -- Installing: /home/mls/vrx_ws/install/lib/opencv_example/minimal_opencv_ros2_node
[19.378s] -- Set runtime path of "/home/mls/vrx_ws/install/lib/opencv_example/minimal_opencv_ros2_node" to ""
[19.378s] -- Installing: /home/mls/vrx_ws/install/lib/opencv_example/minimal_opencv_subscriber.py
[19.379s] -- Installing: /home/mls/vrx_ws/install/lib/opencv_example/opencv_decoder.py
[19.379s] -- Installing: /home/mls/vrx_ws/install/share/opencv_example/environment/pythonpath.sh
[19.379s] -- Installing: /home/mls/vrx_ws/install/share/opencv_example/environment/pythonpath.dsv
[19.379s] -- Installing: /home/mls/vrx_ws/install/local/lib/python3.10/dist-packages/opencv_example-0.3.0-py3.10.egg-info
[19.380s] -- Installing: /home/mls/vrx_ws/install/local/lib/python3.10/dist-packages/opencv_example-0.3.0-py3.10.egg-info/top_level.txt
[19.380s] -- Installing: /home/mls/vrx_ws/install/local/lib/python3.10/dist-packages/opencv_example-0.3.0-py3.10.egg-info/PKG-INFO
[19.380s] -- Installing: /home/mls/vrx_ws/install/local/lib/python3.10/dist-packages/opencv_example-0.3.0-py3.10.egg-info/dependency_links.txt
[19.380s] -- Installing: /home/mls/vrx_ws/install/local/lib/python3.10/dist-packages/opencv_example-0.3.0-py3.10.egg-info/SOURCES.txt
[19.380s] -- Installing: /home/mls/vrx_ws/install/local/lib/python3.10/dist-packages/opencv_example
[19.381s] -- Installing: /home/mls/vrx_ws/install/local/lib/python3.10/dist-packages/opencv_example/__init__.py
[19.381s] -- Installing: /home/mls/vrx_ws/install/local/lib/python3.10/dist-packages/opencv_example/opencv_decoder_node.py
[19.381s] -- Installing: /home/mls/vrx_ws/install/local/lib/python3.10/dist-packages/opencv_example/minimal_image_subscriber_node.py
[19.813s] Listing '/home/mls/vrx_ws/install/local/lib/python3.10/dist-packages/opencv_example'...
[19.813s] Compiling '/home/mls/vrx_ws/install/local/lib/python3.10/dist-packages/opencv_example/__init__.py'...
[19.813s] Compiling '/home/mls/vrx_ws/install/local/lib/python3.10/dist-packages/opencv_example/minimal_image_subscriber_node.py'...
[19.813s] Compiling '/home/mls/vrx_ws/install/local/lib/python3.10/dist-packages/opencv_example/opencv_decoder_node.py'...
[19.819s] -- Installing: /home/mls/vrx_ws/install/share/ament_index/resource_index/package_run_dependencies/opencv_example
[19.819s] -- Installing: /home/mls/vrx_ws/install/share/ament_index/resource_index/parent_prefix_path/opencv_example
[19.819s] -- Installing: /home/mls/vrx_ws/install/share/opencv_example/environment/ament_prefix_path.sh
[19.820s] -- Installing: /home/mls/vrx_ws/install/share/opencv_example/environment/ament_prefix_path.dsv
[19.820s] -- Installing: /home/mls/vrx_ws/install/share/opencv_example/environment/path.sh
[19.820s] -- Installing: /home/mls/vrx_ws/install/share/opencv_example/environment/path.dsv
[19.820s] -- Installing: /home/mls/vrx_ws/install/share/opencv_example/local_setup.bash
[19.820s] -- Installing: /home/mls/vrx_ws/install/share/opencv_example/local_setup.sh
[19.821s] -- Installing: /home/mls/vrx_ws/install/share/opencv_example/local_setup.zsh
[19.821s] -- Installing: /home/mls/vrx_ws/install/share/opencv_example/local_setup.dsv
[19.821s] -- Installing: /home/mls/vrx_ws/install/share/opencv_example/package.dsv
[19.821s] -- Installing: /home/mls/vrx_ws/install/share/ament_index/resource_index/packages/opencv_example
[19.821s] -- Installing: /home/mls/vrx_ws/install/share/opencv_example/cmake/opencv_exampleConfig.cmake
[19.822s] -- Installing: /home/mls/vrx_ws/install/share/opencv_example/cmake/opencv_exampleConfig-version.cmake
[19.822s] -- Installing: /home/mls/vrx_ws/install/share/opencv_example/package.xml
[19.825s] Invoked command in '/home/mls/vrx_ws/build/opencv_example' returned '0': CMAKE_PREFIX_PATH=/opt/ros/humble /usr/bin/cmake --install /home/mls/vrx_ws/build/opencv_example
