[0.084s] Invoking command in '/home/mls/vrx_ws/build/vrx_ros': CMAKE_PREFIX_PATH=/opt/ros/humble /usr/bin/cmake --build /home/mls/vrx_ws/build/vrx_ros -- -j8 -l8
[0.312s] [ 50%] Built target optical_frame_publisher
[0.345s] [100%] Built target pose_tf_broadcaster
[0.392s] Invoked command in '/home/mls/vrx_ws/build/vrx_ros' returned '0': CMAKE_PREFIX_PATH=/opt/ros/humble /usr/bin/cmake --build /home/mls/vrx_ws/build/vrx_ros -- -j8 -l8
[0.553s] Invoking command in '/home/mls/vrx_ws/build/vrx_ros': CMAKE_PREFIX_PATH=/opt/ros/humble /usr/bin/cmake --install /home/mls/vrx_ws/build/vrx_ros
[0.593s] -- Install configuration: ""
[0.594s] -- Up-to-date: /home/mls/vrx_ws/install/lib/vrx_ros/optical_frame_publisher
[0.594s] -- Up-to-date: /home/mls/vrx_ws/install/lib/vrx_ros/pose_tf_broadcaster
[0.594s] -- Up-to-date: /home/mls/vrx_ws/install/share/vrx_ros/launch
[0.594s] -- Up-to-date: /home/mls/vrx_ws/install/share/vrx_ros/launch/monitor_sim.py
[0.595s] -- Up-to-date: /home/mls/vrx_ws/install/share/ament_index/resource_index/package_run_dependencies/vrx_ros
[0.595s] -- Up-to-date: /home/mls/vrx_ws/install/share/ament_index/resource_index/parent_prefix_path/vrx_ros
[0.597s] -- Up-to-date: /home/mls/vrx_ws/install/share/vrx_ros/environment/ament_prefix_path.sh
[0.601s] -- Up-to-date: /home/mls/vrx_ws/install/share/vrx_ros/environment/ament_prefix_path.dsv
[0.606s] -- Up-to-date: /home/mls/vrx_ws/install/share/vrx_ros/environment/path.sh
[0.607s] -- Up-to-date: /home/mls/vrx_ws/install/share/vrx_ros/environment/path.dsv
[0.607s] -- Up-to-date: /home/mls/vrx_ws/install/share/vrx_ros/local_setup.bash
[0.608s] -- Up-to-date: /home/mls/vrx_ws/install/share/vrx_ros/local_setup.sh
[0.608s] -- Up-to-date: /home/mls/vrx_ws/install/share/vrx_ros/local_setup.zsh
[0.613s] -- Up-to-date: /home/mls/vrx_ws/install/share/vrx_ros/local_setup.dsv
[0.613s] -- Installing: /home/mls/vrx_ws/install/share/vrx_ros/package.dsv
[0.613s] -- Up-to-date: /home/mls/vrx_ws/install/share/ament_index/resource_index/packages/vrx_ros
[0.613s] -- Up-to-date: /home/mls/vrx_ws/install/share/vrx_ros/cmake/vrx_rosConfig.cmake
[0.613s] -- Up-to-date: /home/mls/vrx_ws/install/share/vrx_ros/cmake/vrx_rosConfig-version.cmake
[0.614s] -- Up-to-date: /home/mls/vrx_ws/install/share/vrx_ros/package.xml
[0.685s] Invoked command in '/home/mls/vrx_ws/build/vrx_ros' returned '0': CMAKE_PREFIX_PATH=/opt/ros/humble /usr/bin/cmake --install /home/mls/vrx_ws/build/vrx_ros
