Traceback (most recent call last):
  File "/home/mls/vrx_ws/build/vrx_gz/ament_cmake_python/vrx_gz/setup.py", line 1, in <module>
    from setuptools import find_packages
  File "/usr/lib/python3/dist-packages/setuptools/__init__.py", line 16, in <module>
gmake[1]: *** [CMakeFiles/Makefile2:634: CMakeFiles/Surface.dir/all] Interrupt
gmake[1]: *** [CMakeFiles/Makefile2:688: CMakeFiles/WaveVisual.dir/all] Interrupt
    import setuptools.version
  File "/usr/lib/python3/dist-packages/setuptools/version.py", line 1, in <module>
    import pkg_resources
  File "/usr/lib/python3/dist-packages/pkg_resources/__init__.py", line 77, in <module>
    __import__('pkg_resources.extern.packaging.specifiers')
  File "/usr/lib/python3/dist-packages/pkg_resources/_vendor/packaging/specifiers.py", line 317, in <module>
    class Specifier(_IndividualSpecifier):
  File "/usr/lib/python3/dist-packages/pkg_resources/_vendor/packaging/specifiers.py", line 412, in Specifier
    _regex = re.compile(r"^\s*" + _regex_str + r"\s*$", re.VERBOSE | re.IGNORECASE)
  File "/usr/lib/python3.10/re.py", line 251, in compile
    return _compile(pattern, flags)
  File "/usr/lib/python3.10/re.py", line 303, in _compile
    p = sre_compile.compile(pattern, flags)
  File "/usr/lib/python3.10/sre_compile.py", line 788, in compile
    p = sre_parse.parse(p, flags)
  File "/usr/lib/python3.10/sre_parse.py", line 955, in parse
    p = _parse_sub(source, state, flags & SRE_FLAG_VERBOSE, 0)
  File "/usr/lib/python3.10/sre_parse.py", line 444, in _parse_sub
    itemsappend(_parse(source, state, verbose, nested + 1,
  File "/usr/lib/python3.10/sre_parse.py", line 846, in _parse
    state.closegroup(group, p)
  File "/usr/lib/python3.10/sre_parse.py", line 98, in closegroup
    self.groupwidths[gid] = p.getwidth()
  File "/usr/lib/python3.10/sre_parse.py", line 185, in getwidth
    l, h = av.getwidth()
  File "/usr/lib/python3.10/sre_parse.py", line 199, in getwidth
    i, j = av[2].getwidth()
  File "/usr/lib/python3.10/sre_parse.py", line 185, in getwidth
    l, h = av.getwidth()
  File "/usr/lib/python3.10/sre_parse.py", line 199, in getwidth
    i, j = av[2].getwidth()
  File "/usr/lib/python3.10/sre_parse.py", line 221, in getwidth
    self.width = min(lo, MAXREPEAT - 1), min(hi, MAXREPEAT)
KeyboardInterrupt
gmake[2]: *** [CMakeFiles/ament_cmake_python_build_vrx_gz_egg.dir/build.make:70: CMakeFiles/ament_cmake_python_build_vrx_gz_egg] Interrupt
gmake[1]: *** [CMakeFiles/Makefile2:766: CMakeFiles/ament_cmake_python_build_vrx_gz_egg.dir/all] Interrupt
gmake: *** [Makefile:146: all] Interrupt
