[  4%] Built target Waves
[  4%] Built target ament_cmake_python_copy_vrx_gz
[  8%] Built target ScoringPlugin
[ 16%] Built target PolyhedraBuoyancyDrag
[ 22%] Built target AcousticTrackingScoringPlugin
[ 29%] Built target StationkeepingScoringPlugin
[ 35%] Built target AcousticPerceptionScoringPlugin
[ 39%] Built target BallShooterPlugin
[ 43%] Built target AcousticPingerPlugin
[ 50%] Built target WayfindingScoringPlugin
[ 54%] Built target PlacardPlugin
[ 58%] Built target PerceptionScoringPlugin
[ 66%] Built target GymkhanaScoringPlugin
[ 66%] Built target NavigationScoringPlugin
[ 70%] Built target LightBuoyPlugin
[ 75%] Built target PublisherPlugin
[ 79%] Built target ScanDockScoringPlugin
[ 83%] Built target SimpleHydrodynamics
[ 87%] Built target USVWind
[ 91%] Built target WildlifeScoringPlugin
