[01m[K/home/mls/vrx_ws/src/navigation/src/navigation.cpp:[m[K In member function ‘[01m[Kvoid Navigation::imu_callback(const Imu&) const[m[K’:
[01m[K/home/mls/vrx_ws/src/navigation/src/navigation.cpp:41:57:[m[K [01;31m[Kerror: [m[Kcannot convert ‘[01m[Ktf2::Quaternion[m[K’ to ‘[01m[Kconst tf2::Matrix3x3&[m[K’
   41 |     auto freeAccImu = calculateFreeAcceleration(accImu, [01;31m[KqImu[m[K);
      |                                                         [01;31m[K^~~~[m[K
      |                                                         [01;31m[K|[m[K
      |                                                         [01;31m[Ktf2::Quaternion[m[K
[01m[K/home/mls/vrx_ws/src/navigation/src/navigation.cpp:54:51:[m[K [01;36m[Knote: [m[K  initializing argument 2 of ‘[01m[Kstd::vector<double, std::allocator<double> > Navigation::calculateFreeAcceleration(const std::vector<double, std::allocator<double> >&, const tf2::Matrix3x3&)[m[K’
   54 |                             [01;36m[Kconst tf2::Matrix3x3 &orientation[m[K) {
      |                             [01;36m[K~~~~~~~~~~~~~~~~~~~~~~^~~~~~~~~~~[m[K
[01m[K/home/mls/vrx_ws/src/navigation/src/navigation.cpp:[m[K In member function ‘[01m[Kstd::vector<double, std::allocator<double> > Navigation::calculateFreeAcceleration(const std::vector<double, std::allocator<double> >&, const tf2::Matrix3x3&)[m[K’:
[01m[K/home/mls/vrx_ws/src/navigation/src/navigation.cpp:66:27:[m[K [01;31m[Kerror: [m[K‘[01m[Krotation_matrix[m[K’ was not declared in this scope
   66 |         gravity_imu[i] += [01;31m[Krotation_matrix[m[K[j][i] * gravity_world[j];
      |                           [01;31m[K^~~~~~~~~~~~~~~[m[K
[01m[K/home/mls/vrx_ws/src/navigation/src/navigation.cpp:74:41:[m[K [01;31m[Kerror: [m[K‘[01m[KgravityVector[m[K’ was not declared in this scope
   74 |       freeAcceleration[i] = accImu[i] - [01;31m[KgravityVector[m[K[i];
      |                                         [01;31m[K^~~~~~~~~~~~~[m[K
[01m[K/home/mls/vrx_ws/src/navigation/src/navigation.cpp:77:12:[m[K [01;31m[Kerror: [m[K‘[01m[Kfree_accel[m[K’ was not declared in this scope
   77 |     return [01;31m[Kfree_accel[m[K;
      |            [01;31m[K^~~~~~~~~~[m[K
[01m[K/home/mls/vrx_ws/src/navigation/src/navigation.cpp:54:51:[m[K [01;35m[Kwarning: [m[Kunused parameter ‘[01m[Korientation[m[K’ [[01;35m[K]8;;https://gcc.gnu.org/onlinedocs/gcc/Warning-Options.html#index-Wunused-parameter-Wunused-parameter]8;;[m[K]
   54 |                             [01;35m[Kconst tf2::Matrix3x3 &orientation[m[K) {
      |                             [01;35m[K~~~~~~~~~~~~~~~~~~~~~~^~~~~~~~~~~[m[K
gmake[2]: *** [CMakeFiles/navigation.dir/build.make:76: CMakeFiles/navigation.dir/src/navigation.cpp.o] Error 1
gmake[1]: *** [CMakeFiles/Makefile2:137: CMakeFiles/navigation.dir/all] Error 2
gmake: *** [Makefile:146: all] Error 2
