[0.086s] Invoking command in '/home/mls/vrx_ws/build/opencv_example': CMAKE_PREFIX_PATH=/opt/ros/humble /usr/bin/cmake --build /home/mls/vrx_ws/build/opencv_example -- -j8 -l8
[0.309s] [  0%] Built target ament_cmake_python_copy_opencv_example
[0.312s] [100%] Built target minimal_opencv_ros2_node
[1.193s] running egg_info
[1.193s] writing opencv_example.egg-info/PKG-INFO
[1.193s] writing dependency_links to opencv_example.egg-info/dependency_links.txt
[1.194s] writing top-level names to opencv_example.egg-info/top_level.txt
[1.202s] reading manifest file 'opencv_example.egg-info/SOURCES.txt'
[1.204s] writing manifest file 'opencv_example.egg-info/SOURCES.txt'
[1.330s] [100%] Built target ament_cmake_python_build_opencv_example_egg
[1.406s] Invoked command in '/home/mls/vrx_ws/build/opencv_example' returned '0': CMAKE_PREFIX_PATH=/opt/ros/humble /usr/bin/cmake --build /home/mls/vrx_ws/build/opencv_example -- -j8 -l8
[1.586s] Invoking command in '/home/mls/vrx_ws/build/opencv_example': CMAKE_PREFIX_PATH=/opt/ros/humble /usr/bin/cmake --install /home/mls/vrx_ws/build/opencv_example
[1.615s] -- Install configuration: ""
[1.615s] -- Up-to-date: /home/mls/vrx_ws/install/lib/opencv_example/minimal_opencv_ros2_node
[1.616s] -- Up-to-date: /home/mls/vrx_ws/install/lib/opencv_example/minimal_opencv_subscriber.py
[1.616s] -- Up-to-date: /home/mls/vrx_ws/install/lib/opencv_example/opencv_decoder.py
[1.616s] -- Up-to-date: /home/mls/vrx_ws/install/share/opencv_example/environment/pythonpath.sh
[1.620s] -- Up-to-date: /home/mls/vrx_ws/install/share/opencv_example/environment/pythonpath.dsv
[1.620s] -- Up-to-date: /home/mls/vrx_ws/install/local/lib/python3.10/dist-packages/opencv_example-0.3.0-py3.10.egg-info
[1.620s] -- Installing: /home/mls/vrx_ws/install/local/lib/python3.10/dist-packages/opencv_example-0.3.0-py3.10.egg-info/top_level.txt
[1.625s] -- Installing: /home/mls/vrx_ws/install/local/lib/python3.10/dist-packages/opencv_example-0.3.0-py3.10.egg-info/PKG-INFO
[1.626s] -- Installing: /home/mls/vrx_ws/install/local/lib/python3.10/dist-packages/opencv_example-0.3.0-py3.10.egg-info/dependency_links.txt
[1.632s] -- Installing: /home/mls/vrx_ws/install/local/lib/python3.10/dist-packages/opencv_example-0.3.0-py3.10.egg-info/SOURCES.txt
[1.632s] -- Up-to-date: /home/mls/vrx_ws/install/local/lib/python3.10/dist-packages/opencv_example
[1.632s] -- Up-to-date: /home/mls/vrx_ws/install/local/lib/python3.10/dist-packages/opencv_example/__init__.py
[1.632s] -- Up-to-date: /home/mls/vrx_ws/install/local/lib/python3.10/dist-packages/opencv_example/opencv_decoder_node.py
[1.632s] -- Up-to-date: /home/mls/vrx_ws/install/local/lib/python3.10/dist-packages/opencv_example/minimal_image_subscriber_node.py
