[0.034s] Invoking command in '/home/mls/vrx_ws/build/wamv_description': AMENT_PREFIX_PATH=/home/mls/vrx_ws/install:${AMENT_PREFIX_PATH} CMAKE_PREFIX_PATH=/home/mls/vrx_ws/install:/opt/ros/humble GZ_SIM_RESOURCE_PATH=/home/mls/vrx_ws/install/share/vrx_gazebo/models:/home/mls/vrx_ws/install/share PYTHONPATH=/home/mls/vrx_ws/install/local/lib/python3.10/dist-packages:${PYTHONPATH} /usr/bin/cmake /home/mls/vrx_ws/src/vrx/vrx_urdf/wamv_description -DCMAKE_INSTALL_PREFIX=/home/mls/vrx_ws/install
[0.135s] -- The C compiler identification is GNU 11.4.0
[0.258s] -- The CXX compiler identification is GNU 11.4.0
[0.276s] -- Detecting C compiler ABI info
[0.428s] -- Detecting C compiler ABI info - done
[0.448s] -- Check for working C compiler: /usr/bin/cc - skipped
[0.449s] -- Detecting C compile features
[0.450s] -- Detecting C compile features - done
[0.458s] -- Detecting CXX compiler ABI info
[0.642s] -- Detecting CXX compiler ABI info - done
[0.672s] -- Check for working CXX compiler: /usr/bin/c++ - skipped
[0.673s] -- Detecting CXX compile features
[0.674s] -- Detecting CXX compile features - done
[0.679s] -- Found ament_cmake: 1.3.10 (/opt/ros/humble/share/ament_cmake/cmake)
[0.965s] -- Found Python3: /usr/bin/python3 (found version "3.10.12") found components: Interpreter 
[1.170s] -- Found xacro: 2.0.8 (/opt/ros/humble/share/xacro/cmake)
[1.183s] -- xacro: determining deps for: urdf/wamv_base.urdf.xacro ...
[1.542s] -- Configuring done
[1.550s] -- Generating done
[1.552s] -- Build files have been written to: /home/mls/vrx_ws/build/wamv_description
[1.561s] Invoked command in '/home/mls/vrx_ws/build/wamv_description' returned '0': AMENT_PREFIX_PATH=/home/mls/vrx_ws/install:${AMENT_PREFIX_PATH} CMAKE_PREFIX_PATH=/home/mls/vrx_ws/install:/opt/ros/humble GZ_SIM_RESOURCE_PATH=/home/mls/vrx_ws/install/share/vrx_gazebo/models:/home/mls/vrx_ws/install/share PYTHONPATH=/home/mls/vrx_ws/install/local/lib/python3.10/dist-packages:${PYTHONPATH} /usr/bin/cmake /home/mls/vrx_ws/src/vrx/vrx_urdf/wamv_description -DCMAKE_INSTALL_PREFIX=/home/mls/vrx_ws/install
[1.564s] Invoking command in '/home/mls/vrx_ws/build/wamv_description': AMENT_PREFIX_PATH=/home/mls/vrx_ws/install:${AMENT_PREFIX_PATH} CMAKE_PREFIX_PATH=/home/mls/vrx_ws/install:/opt/ros/humble GZ_SIM_RESOURCE_PATH=/home/mls/vrx_ws/install/share/vrx_gazebo/models:/home/mls/vrx_ws/install/share PYTHONPATH=/home/mls/vrx_ws/install/local/lib/python3.10/dist-packages:${PYTHONPATH} /usr/bin/cmake --build /home/mls/vrx_ws/build/wamv_description -- -j8 -l8
[1.641s] [100%] [34m[1mxacro: generating urdf/wamv_base.urdf from urdf/wamv_base.urdf.xacro[0m
[1.817s] [100%] Built target wamv_description__xacro_auto_generate
[1.836s] Invoked command in '/home/mls/vrx_ws/build/wamv_description' returned '0': AMENT_PREFIX_PATH=/home/mls/vrx_ws/install:${AMENT_PREFIX_PATH} CMAKE_PREFIX_PATH=/home/mls/vrx_ws/install:/opt/ros/humble GZ_SIM_RESOURCE_PATH=/home/mls/vrx_ws/install/share/vrx_gazebo/models:/home/mls/vrx_ws/install/share PYTHONPATH=/home/mls/vrx_ws/install/local/lib/python3.10/dist-packages:${PYTHONPATH} /usr/bin/cmake --build /home/mls/vrx_ws/build/wamv_description -- -j8 -l8
[1.871s] Invoking command in '/home/mls/vrx_ws/build/wamv_description': AMENT_PREFIX_PATH=/home/mls/vrx_ws/install:${AMENT_PREFIX_PATH} CMAKE_PREFIX_PATH=/home/mls/vrx_ws/install:/opt/ros/humble GZ_SIM_RESOURCE_PATH=/home/mls/vrx_ws/install/share/vrx_gazebo/models:/home/mls/vrx_ws/install/share PYTHONPATH=/home/mls/vrx_ws/install/local/lib/python3.10/dist-packages:${PYTHONPATH} /usr/bin/cmake --install /home/mls/vrx_ws/build/wamv_description
[1.884s] -- Install configuration: ""
[1.885s] -- Installing: /home/mls/vrx_ws/install/share/wamv_description/environment/resource_paths.dsv
[1.885s] -- Installing: /home/mls/vrx_ws/install/share/wamv_description/environment/resource_paths.sh
[1.885s] -- Installing: /home/mls/vrx_ws/install/share/wamv_description/urdf/wamv_base.urdf
[1.885s] -- Installing: /home/mls/vrx_ws/install/share/wamv_description/models
[1.886s] -- Installing: /home/mls/vrx_ws/install/share/wamv_description/models/WAM-V-Base
[1.886s] -- Installing: /home/mls/vrx_ws/install/share/wamv_description/models/WAM-V-Base/mesh
[1.886s] -- Installing: /home/mls/vrx_ws/install/share/wamv_description/models/WAM-V-Base/mesh/WAM-V_Metalness.png
[1.886s] -- Installing: /home/mls/vrx_ws/install/share/wamv_description/models/WAM-V-Base/mesh/WAM-V-Base.dae
[1.888s] -- Installing: /home/mls/vrx_ws/install/share/wamv_description/models/WAM-V-Base/mesh/WAM-V_Roughness.png
[1.894s] -- Installing: /home/mls/vrx_ws/install/share/wamv_description/models/WAM-V-Base/mesh/WAM-V_Albedo.png
[1.906s] -- Installing: /home/mls/vrx_ws/install/share/wamv_description/models/WAM-V-Base/mesh/WAM-V_Normal.png
[1.913s] -- Installing: /home/mls/vrx_ws/install/share/wamv_description/models/WAM-V-Base/mesh/WamV.png
[1.916s] -- Installing: /home/mls/vrx_ws/install/share/wamv_description/models/WAM-V-Base/model.config
[1.916s] -- Installing: /home/mls/vrx_ws/install/share/wamv_description/models/propeller
[1.916s] -- Installing: /home/mls/vrx_ws/install/share/wamv_description/models/propeller/mesh
[1.916s] -- Installing: /home/mls/vrx_ws/install/share/wamv_description/models/propeller/mesh/propeller.dae
[1.917s] -- Installing: /home/mls/vrx_ws/install/share/wamv_description/models/propeller/model.config
[1.917s] -- Installing: /home/mls/vrx_ws/install/share/wamv_description/models/engine
[1.917s] -- Installing: /home/mls/vrx_ws/install/share/wamv_description/models/engine/mesh
[1.917s] -- Installing: /home/mls/vrx_ws/install/share/wamv_description/models/engine/mesh/engine.dae
[1.918s] -- Installing: /home/mls/vrx_ws/install/share/wamv_description/models/engine/model.config
[1.918s] -- Up-to-date: /home/mls/vrx_ws/install/share/wamv_description/urdf
[1.918s] -- Installing: /home/mls/vrx_ws/install/share/wamv_description/urdf/battery.xacro
[1.918s] -- Installing: /home/mls/vrx_ws/install/share/wamv_description/urdf/wamv_base.urdf.xacro
[1.918s] -- Installing: /home/mls/vrx_ws/install/share/wamv_description/urdf/thrusters
[1.919s] -- Installing: /home/mls/vrx_ws/install/share/wamv_description/urdf/thrusters/engine.xacro
[1.919s] -- Installing: /home/mls/vrx_ws/install/share/wamv_description/urdf/cpu_cases.xacro
[1.919s] -- Installing: /home/mls/vrx_ws/install/share/ament_index/resource_index/package_run_dependencies/wamv_description
[1.919s] -- Installing: /home/mls/vrx_ws/install/share/ament_index/resource_index/parent_prefix_path/wamv_description
[1.919s] -- Installing: /home/mls/vrx_ws/install/share/wamv_description/environment/ament_prefix_path.sh
[1.920s] -- Installing: /home/mls/vrx_ws/install/share/wamv_description/environment/ament_prefix_path.dsv
[1.920s] -- Installing: /home/mls/vrx_ws/install/share/wamv_description/environment/path.sh
[1.920s] -- Installing: /home/mls/vrx_ws/install/share/wamv_description/environment/path.dsv
[1.920s] -- Installing: /home/mls/vrx_ws/install/share/wamv_description/local_setup.bash
[1.921s] -- Installing: /home/mls/vrx_ws/install/share/wamv_description/local_setup.sh
[1.921s] -- Installing: /home/mls/vrx_ws/install/share/wamv_description/local_setup.zsh
[1.921s] -- Installing: /home/mls/vrx_ws/install/share/wamv_description/local_setup.dsv
[1.921s] -- Installing: /home/mls/vrx_ws/install/share/wamv_description/package.dsv
[1.921s] -- Installing: /home/mls/vrx_ws/install/share/ament_index/resource_index/packages/wamv_description
[1.922s] -- Installing: /home/mls/vrx_ws/install/share/wamv_description/cmake/wamv_descriptionConfig.cmake
[1.922s] -- Installing: /home/mls/vrx_ws/install/share/wamv_description/cmake/wamv_descriptionConfig-version.cmake
[1.922s] -- Installing: /home/mls/vrx_ws/install/share/wamv_description/package.xml
[1.927s] Invoked command in '/home/mls/vrx_ws/build/wamv_description' returned '0': AMENT_PREFIX_PATH=/home/mls/vrx_ws/install:${AMENT_PREFIX_PATH} CMAKE_PREFIX_PATH=/home/mls/vrx_ws/install:/opt/ros/humble GZ_SIM_RESOURCE_PATH=/home/mls/vrx_ws/install/share/vrx_gazebo/models:/home/mls/vrx_ws/install/share PYTHONPATH=/home/mls/vrx_ws/install/local/lib/python3.10/dist-packages:${PYTHONPATH} /usr/bin/cmake --install /home/mls/vrx_ws/build/wamv_description
