[0.169s] Invoking command in '/home/mls/vrx_ws/build/package_example': CMAKE_PREFIX_PATH=/opt/ros/humble /usr/bin/cmake --build /home/mls/vrx_ws/build/package_example -- -j8 -l8
[0.426s] [  0%] Built target ament_cmake_python_copy_package_example
[0.476s] [35m[1mConsolidate compiler generated dependencies of target example_node_cpp[0m
[0.537s] [100%] Built target example_node_cpp
[1.420s] running egg_info
[1.427s] writing package_example.egg-info/PKG-INFO
[1.427s] writing dependency_links to package_example.egg-info/dependency_links.txt
[1.428s] writing top-level names to package_example.egg-info/top_level.txt
[1.437s] reading manifest file 'package_example.egg-info/SOURCES.txt'
[1.455s] writing manifest file 'package_example.egg-info/SOURCES.txt'
[1.727s] [100%] Built target ament_cmake_python_build_package_example_egg
[1.785s] Invoked command in '/home/mls/vrx_ws/build/package_example' returned '0': CMAKE_PREFIX_PATH=/opt/ros/humble /usr/bin/cmake --build /home/mls/vrx_ws/build/package_example -- -j8 -l8
[1.898s] Invoking command in '/home/mls/vrx_ws/build/package_example': CMAKE_PREFIX_PATH=/opt/ros/humble /usr/bin/cmake --install /home/mls/vrx_ws/build/package_example
[1.917s] -- Install configuration: ""
[1.943s] -- Up-to-date: /home/mls/vrx_ws/install/lib/package_example/example_node_cpp
[1.948s] -- Up-to-date: /home/mls/vrx_ws/install/lib/package_example/example_node.py
[1.949s] -- Up-to-date: /home/mls/vrx_ws/install/share/package_example/environment/pythonpath.sh
[1.951s] -- Up-to-date: /home/mls/vrx_ws/install/share/package_example/environment/pythonpath.dsv
[1.951s] -- Up-to-date: /home/mls/vrx_ws/install/local/lib/python3.10/dist-packages/package_example-0.3.0-py3.10.egg-info
[1.951s] -- Installing: /home/mls/vrx_ws/install/local/lib/python3.10/dist-packages/package_example-0.3.0-py3.10.egg-info/top_level.txt
[1.951s] -- Installing: /home/mls/vrx_ws/install/local/lib/python3.10/dist-packages/package_example-0.3.0-py3.10.egg-info/PKG-INFO
[1.952s] -- Installing: /home/mls/vrx_ws/install/local/lib/python3.10/dist-packages/package_example-0.3.0-py3.10.egg-info/dependency_links.txt
[1.952s] -- Installing: /home/mls/vrx_ws/install/local/lib/python3.10/dist-packages/package_example-0.3.0-py3.10.egg-info/SOURCES.txt
[1.952s] -- Up-to-date: /home/mls/vrx_ws/install/local/lib/python3.10/dist-packages/package_example
[1.952s] -- Up-to-date: /home/mls/vrx_ws/install/local/lib/python3.10/dist-packages/package_example/__init__.py
[1.952s] -- Up-to-date: /home/mls/vrx_ws/install/local/lib/python3.10/dist-packages/package_example/node.py
[2.059s] Listing '/home/mls/vrx_ws/install/local/lib/python3.10/dist-packages/package_example'...
[2.069s] -- Up-to-date: /home/mls/vrx_ws/install/share/ament_index/resource_index/package_run_dependencies/package_example
[2.070s] -- Up-to-date: /home/mls/vrx_ws/install/share/ament_index/resource_index/parent_prefix_path/package_example
[2.071s] -- Up-to-date: /home/mls/vrx_ws/install/share/package_example/environment/ament_prefix_path.sh
[2.071s] -- Up-to-date: /home/mls/vrx_ws/install/share/package_example/environment/ament_prefix_path.dsv
[2.072s] -- Up-to-date: /home/mls/vrx_ws/install/share/package_example/environment/path.sh
[2.072s] -- Up-to-date: /home/mls/vrx_ws/install/share/package_example/environment/path.dsv
[2.072s] -- Up-to-date: /home/mls/vrx_ws/install/share/package_example/local_setup.bash
[2.073s] -- Up-to-date: /home/mls/vrx_ws/install/share/package_example/local_setup.sh
[2.074s] -- Up-to-date: /home/mls/vrx_ws/install/share/package_example/local_setup.zsh
[2.074s] -- Up-to-date: /home/mls/vrx_ws/install/share/package_example/local_setup.dsv
[2.074s] -- Installing: /home/mls/vrx_ws/install/share/package_example/package.dsv
[2.093s] -- Up-to-date: /home/mls/vrx_ws/install/share/ament_index/resource_index/packages/package_example
[2.094s] -- Up-to-date: /home/mls/vrx_ws/install/share/package_example/cmake/package_exampleConfig.cmake
[2.094s] -- Up-to-date: /home/mls/vrx_ws/install/share/package_example/cmake/package_exampleConfig-version.cmake
[2.094s] -- Up-to-date: /home/mls/vrx_ws/install/share/package_example/package.xml
[2.167s] Invoked command in '/home/mls/vrx_ws/build/package_example' returned '0': CMAKE_PREFIX_PATH=/opt/ros/humble /usr/bin/cmake --install /home/mls/vrx_ws/build/package_example
