[0.249s] DEBUG:colcon:Command line arguments: ['/usr/bin/colcon', 'build', '--merge-install']
[0.250s] DEBUG:colcon:Parsed command line arguments: Namespace(log_base=None, log_level=None, verb_name='build', build_base='build', install_base='install', merge_install=True, symlink_install=False, test_result_base=None, continue_on_error=False, executor='parallel', parallel_workers=8, event_handlers=None, ignore_user_meta=False, metas=['./colcon.meta'], base_paths=['.'], packages_ignore=None, packages_ignore_regex=None, paths=None, packages_up_to=None, packages_up_to_regex=None, packages_above=None, packages_above_and_dependencies=None, packages_above_depth=None, packages_select_by_dep=None, packages_skip_by_dep=None, packages_skip_up_to=None, packages_select_build_failed=False, packages_skip_build_finished=False, packages_select_test_failures=False, packages_skip_test_passed=False, packages_select=None, packages_skip=None, packages_select_regex=None, packages_skip_regex=None, packages_start=None, packages_end=None, allow_overriding=[], cmake_args=None, cmake_target=None, cmake_target_skip_unavailable=False, cmake_clean_cache=False, cmake_clean_first=False, cmake_force_configure=False, ament_cmake_args=None, catkin_cmake_args=None, catkin_skip_building_tests=False, verb_parser=<colcon_defaults.argument_parser.defaults.DefaultArgumentsDecorator object at 0x7900f43446a0>, verb_extension=<colcon_core.verb.build.BuildVerb object at 0x7900f43440d0>, main=<bound method BuildVerb.main of <colcon_core.verb.build.BuildVerb object at 0x7900f43440d0>>)
[0.642s] Level 1:colcon.colcon_core.package_discovery:discover_packages(colcon_meta) check parameters
[0.642s] Level 1:colcon.colcon_core.package_discovery:discover_packages(recursive) check parameters
[0.642s] Level 1:colcon.colcon_core.package_discovery:discover_packages(ignore) check parameters
[0.642s] Level 1:colcon.colcon_core.package_discovery:discover_packages(path) check parameters
[0.642s] Level 1:colcon.colcon_core.package_discovery:discover_packages(colcon_meta) discover
[0.643s] Level 1:colcon.colcon_core.package_discovery:discover_packages(recursive) discover
[0.643s] INFO:colcon.colcon_core.package_discovery:Crawling recursively for packages in '/home/mls/vrx_ws'
[0.643s] Level 1:colcon.colcon_core.package_identification:_identify(.) by extensions ['ignore', 'ignore_ament_install']
[0.643s] Level 1:colcon.colcon_core.package_identification:_identify(.) by extension 'ignore'
[0.643s] Level 1:colcon.colcon_core.package_identification:_identify(.) by extension 'ignore_ament_install'
[0.643s] Level 1:colcon.colcon_core.package_identification:_identify(.) by extensions ['colcon_pkg']
[0.644s] Level 1:colcon.colcon_core.package_identification:_identify(.) by extension 'colcon_pkg'
[0.644s] Level 1:colcon.colcon_core.package_identification:_identify(.) by extensions ['colcon_meta']
[0.644s] Level 1:colcon.colcon_core.package_identification:_identify(.) by extension 'colcon_meta'
[0.644s] Level 1:colcon.colcon_core.package_identification:_identify(.) by extensions ['ros']
[0.644s] Level 1:colcon.colcon_core.package_identification:_identify(.) by extension 'ros'
[0.669s] Level 1:colcon.colcon_core.package_identification:_identify(.) by extensions ['cmake', 'python']
[0.669s] Level 1:colcon.colcon_core.package_identification:_identify(.) by extension 'cmake'
[0.669s] Level 1:colcon.colcon_core.package_identification:_identify(.) by extension 'python'
[0.669s] Level 1:colcon.colcon_core.package_identification:_identify(.) by extensions ['python_setup_py']
[0.669s] Level 1:colcon.colcon_core.package_identification:_identify(.) by extension 'python_setup_py'
[0.670s] Level 1:colcon.colcon_core.package_identification:_identify(build) by extensions ['ignore', 'ignore_ament_install']
[0.670s] Level 1:colcon.colcon_core.package_identification:_identify(build) by extension 'ignore'
[0.670s] Level 1:colcon.colcon_core.package_identification:_identify(build) ignored
[0.670s] Level 1:colcon.colcon_core.package_identification:_identify(install) by extensions ['ignore', 'ignore_ament_install']
[0.671s] Level 1:colcon.colcon_core.package_identification:_identify(install) by extension 'ignore'
[0.671s] Level 1:colcon.colcon_core.package_identification:_identify(install) ignored
[0.671s] Level 1:colcon.colcon_core.package_identification:_identify(log) by extensions ['ignore', 'ignore_ament_install']
[0.671s] Level 1:colcon.colcon_core.package_identification:_identify(log) by extension 'ignore'
[0.671s] Level 1:colcon.colcon_core.package_identification:_identify(log) ignored
[0.671s] Level 1:colcon.colcon_core.package_identification:_identify(src) by extensions ['ignore', 'ignore_ament_install']
[0.672s] Level 1:colcon.colcon_core.package_identification:_identify(src) by extension 'ignore'
[0.672s] Level 1:colcon.colcon_core.package_identification:_identify(src) by extension 'ignore_ament_install'
[0.672s] Level 1:colcon.colcon_core.package_identification:_identify(src) by extensions ['colcon_pkg']
[0.672s] Level 1:colcon.colcon_core.package_identification:_identify(src) by extension 'colcon_pkg'
[0.672s] Level 1:colcon.colcon_core.package_identification:_identify(src) by extensions ['colcon_meta']
[0.672s] Level 1:colcon.colcon_core.package_identification:_identify(src) by extension 'colcon_meta'
[0.672s] Level 1:colcon.colcon_core.package_identification:_identify(src) by extensions ['ros']
[0.672s] Level 1:colcon.colcon_core.package_identification:_identify(src) by extension 'ros'
[0.672s] Level 1:colcon.colcon_core.package_identification:_identify(src) by extensions ['cmake', 'python']
[0.672s] Level 1:colcon.colcon_core.package_identification:_identify(src) by extension 'cmake'
[0.673s] Level 1:colcon.colcon_core.package_identification:_identify(src) by extension 'python'
[0.673s] Level 1:colcon.colcon_core.package_identification:_identify(src) by extensions ['python_setup_py']
[0.673s] Level 1:colcon.colcon_core.package_identification:_identify(src) by extension 'python_setup_py'
[0.673s] Level 1:colcon.colcon_core.package_identification:_identify(src/Aquabot) by extensions ['ignore', 'ignore_ament_install']
[0.673s] Level 1:colcon.colcon_core.package_identification:_identify(src/Aquabot) by extension 'ignore'
[0.673s] Level 1:colcon.colcon_core.package_identification:_identify(src/Aquabot) by extension 'ignore_ament_install'
[0.674s] Level 1:colcon.colcon_core.package_identification:_identify(src/Aquabot) by extensions ['colcon_pkg']
[0.674s] Level 1:colcon.colcon_core.package_identification:_identify(src/Aquabot) by extension 'colcon_pkg'
[0.674s] Level 1:colcon.colcon_core.package_identification:_identify(src/Aquabot) by extensions ['colcon_meta']
[0.674s] Level 1:colcon.colcon_core.package_identification:_identify(src/Aquabot) by extension 'colcon_meta'
[0.674s] Level 1:colcon.colcon_core.package_identification:_identify(src/Aquabot) by extensions ['ros']
[0.674s] Level 1:colcon.colcon_core.package_identification:_identify(src/Aquabot) by extension 'ros'
[0.674s] Level 1:colcon.colcon_core.package_identification:_identify(src/Aquabot) by extensions ['cmake', 'python']
[0.674s] Level 1:colcon.colcon_core.package_identification:_identify(src/Aquabot) by extension 'cmake'
[0.674s] Level 1:colcon.colcon_core.package_identification:_identify(src/Aquabot) by extension 'python'
[0.674s] Level 1:colcon.colcon_core.package_identification:_identify(src/Aquabot) by extensions ['python_setup_py']
[0.674s] Level 1:colcon.colcon_core.package_identification:_identify(src/Aquabot) by extension 'python_setup_py'
[0.675s] Level 1:colcon.colcon_core.package_identification:_identify(src/Aquabot/aquabot_gz) by extensions ['ignore', 'ignore_ament_install']
[0.675s] Level 1:colcon.colcon_core.package_identification:_identify(src/Aquabot/aquabot_gz) by extension 'ignore'
[0.675s] Level 1:colcon.colcon_core.package_identification:_identify(src/Aquabot/aquabot_gz) by extension 'ignore_ament_install'
[0.675s] Level 1:colcon.colcon_core.package_identification:_identify(src/Aquabot/aquabot_gz) by extensions ['colcon_pkg']
[0.675s] Level 1:colcon.colcon_core.package_identification:_identify(src/Aquabot/aquabot_gz) by extension 'colcon_pkg'
[0.675s] Level 1:colcon.colcon_core.package_identification:_identify(src/Aquabot/aquabot_gz) by extensions ['colcon_meta']
[0.675s] Level 1:colcon.colcon_core.package_identification:_identify(src/Aquabot/aquabot_gz) by extension 'colcon_meta'
[0.675s] Level 1:colcon.colcon_core.package_identification:_identify(src/Aquabot/aquabot_gz) by extensions ['ros']
[0.675s] Level 1:colcon.colcon_core.package_identification:_identify(src/Aquabot/aquabot_gz) by extension 'ros'
[0.680s] DEBUG:colcon.colcon_core.package_identification:Package 'src/Aquabot/aquabot_gz' with type 'ros.ament_cmake' and name 'aquabot_gz'
[0.681s] Level 1:colcon.colcon_core.package_identification:_identify(src/Aquabot/aquabot_python) by extensions ['ignore', 'ignore_ament_install']
[0.681s] Level 1:colcon.colcon_core.package_identification:_identify(src/Aquabot/aquabot_python) by extension 'ignore'
[0.681s] Level 1:colcon.colcon_core.package_identification:_identify(src/Aquabot/aquabot_python) by extension 'ignore_ament_install'
[0.681s] Level 1:colcon.colcon_core.package_identification:_identify(src/Aquabot/aquabot_python) by extensions ['colcon_pkg']
[0.681s] Level 1:colcon.colcon_core.package_identification:_identify(src/Aquabot/aquabot_python) by extension 'colcon_pkg'
[0.681s] Level 1:colcon.colcon_core.package_identification:_identify(src/Aquabot/aquabot_python) by extensions ['colcon_meta']
[0.681s] Level 1:colcon.colcon_core.package_identification:_identify(src/Aquabot/aquabot_python) by extension 'colcon_meta'
[0.681s] Level 1:colcon.colcon_core.package_identification:_identify(src/Aquabot/aquabot_python) by extensions ['ros']
[0.681s] Level 1:colcon.colcon_core.package_identification:_identify(src/Aquabot/aquabot_python) by extension 'ros'
[0.682s] DEBUG:colcon.colcon_core.package_identification:Package 'src/Aquabot/aquabot_python' with type 'ros.ament_cmake' and name 'aquabot_python'
[0.683s] Level 1:colcon.colcon_core.package_identification:_identify(src/Aquabot/aquabot_urdf) by extensions ['ignore', 'ignore_ament_install']
[0.683s] Level 1:colcon.colcon_core.package_identification:_identify(src/Aquabot/aquabot_urdf) by extension 'ignore'
[0.683s] Level 1:colcon.colcon_core.package_identification:_identify(src/Aquabot/aquabot_urdf) by extension 'ignore_ament_install'
[0.683s] Level 1:colcon.colcon_core.package_identification:_identify(src/Aquabot/aquabot_urdf) by extensions ['colcon_pkg']
[0.683s] Level 1:colcon.colcon_core.package_identification:_identify(src/Aquabot/aquabot_urdf) by extension 'colcon_pkg'
[0.683s] Level 1:colcon.colcon_core.package_identification:_identify(src/Aquabot/aquabot_urdf) by extensions ['colcon_meta']
[0.683s] Level 1:colcon.colcon_core.package_identification:_identify(src/Aquabot/aquabot_urdf) by extension 'colcon_meta'
[0.683s] Level 1:colcon.colcon_core.package_identification:_identify(src/Aquabot/aquabot_urdf) by extensions ['ros']
[0.683s] Level 1:colcon.colcon_core.package_identification:_identify(src/Aquabot/aquabot_urdf) by extension 'ros'
[0.683s] Level 1:colcon.colcon_core.package_identification:_identify(src/Aquabot/aquabot_urdf) by extensions ['cmake', 'python']
[0.683s] Level 1:colcon.colcon_core.package_identification:_identify(src/Aquabot/aquabot_urdf) by extension 'cmake'
[0.684s] Level 1:colcon.colcon_core.package_identification:_identify(src/Aquabot/aquabot_urdf) by extension 'python'
[0.684s] Level 1:colcon.colcon_core.package_identification:_identify(src/Aquabot/aquabot_urdf) by extensions ['python_setup_py']
[0.684s] Level 1:colcon.colcon_core.package_identification:_identify(src/Aquabot/aquabot_urdf) by extension 'python_setup_py'
[0.684s] Level 1:colcon.colcon_core.package_identification:_identify(src/Aquabot/aquabot_urdf/aquabot_description) by extensions ['ignore', 'ignore_ament_install']
[0.684s] Level 1:colcon.colcon_core.package_identification:_identify(src/Aquabot/aquabot_urdf/aquabot_description) by extension 'ignore'
[0.684s] Level 1:colcon.colcon_core.package_identification:_identify(src/Aquabot/aquabot_urdf/aquabot_description) by extension 'ignore_ament_install'
[0.684s] Level 1:colcon.colcon_core.package_identification:_identify(src/Aquabot/aquabot_urdf/aquabot_description) by extensions ['colcon_pkg']
[0.684s] Level 1:colcon.colcon_core.package_identification:_identify(src/Aquabot/aquabot_urdf/aquabot_description) by extension 'colcon_pkg'
[0.684s] Level 1:colcon.colcon_core.package_identification:_identify(src/Aquabot/aquabot_urdf/aquabot_description) by extensions ['colcon_meta']
[0.684s] Level 1:colcon.colcon_core.package_identification:_identify(src/Aquabot/aquabot_urdf/aquabot_description) by extension 'colcon_meta'
[0.685s] Level 1:colcon.colcon_core.package_identification:_identify(src/Aquabot/aquabot_urdf/aquabot_description) by extensions ['ros']
[0.685s] Level 1:colcon.colcon_core.package_identification:_identify(src/Aquabot/aquabot_urdf/aquabot_description) by extension 'ros'
[0.686s] DEBUG:colcon.colcon_core.package_identification:Package 'src/Aquabot/aquabot_urdf/aquabot_description' with type 'ros.ament_cmake' and name 'aquabot_description'
[0.686s] Level 1:colcon.colcon_core.package_identification:_identify(src/Aquabot-Competitor) by extensions ['ignore', 'ignore_ament_install']
[0.686s] Level 1:colcon.colcon_core.package_identification:_identify(src/Aquabot-Competitor) by extension 'ignore'
[0.686s] Level 1:colcon.colcon_core.package_identification:_identify(src/Aquabot-Competitor) by extension 'ignore_ament_install'
[0.686s] Level 1:colcon.colcon_core.package_identification:_identify(src/Aquabot-Competitor) by extensions ['colcon_pkg']
[0.686s] Level 1:colcon.colcon_core.package_identification:_identify(src/Aquabot-Competitor) by extension 'colcon_pkg'
[0.686s] Level 1:colcon.colcon_core.package_identification:_identify(src/Aquabot-Competitor) by extensions ['colcon_meta']
[0.686s] Level 1:colcon.colcon_core.package_identification:_identify(src/Aquabot-Competitor) by extension 'colcon_meta'
[0.686s] Level 1:colcon.colcon_core.package_identification:_identify(src/Aquabot-Competitor) by extensions ['ros']
[0.687s] Level 1:colcon.colcon_core.package_identification:_identify(src/Aquabot-Competitor) by extension 'ros'
[0.687s] Level 1:colcon.colcon_core.package_identification:_identify(src/Aquabot-Competitor) by extensions ['cmake', 'python']
[0.687s] Level 1:colcon.colcon_core.package_identification:_identify(src/Aquabot-Competitor) by extension 'cmake'
[0.687s] Level 1:colcon.colcon_core.package_identification:_identify(src/Aquabot-Competitor) by extension 'python'
[0.687s] Level 1:colcon.colcon_core.package_identification:_identify(src/Aquabot-Competitor) by extensions ['python_setup_py']
[0.687s] Level 1:colcon.colcon_core.package_identification:_identify(src/Aquabot-Competitor) by extension 'python_setup_py'
[0.687s] Level 1:colcon.colcon_core.package_identification:_identify(src/Aquabot-Competitor/aquabot_examples) by extensions ['ignore', 'ignore_ament_install']
[0.688s] Level 1:colcon.colcon_core.package_identification:_identify(src/Aquabot-Competitor/aquabot_examples) by extension 'ignore'
[0.688s] Level 1:colcon.colcon_core.package_identification:_identify(src/Aquabot-Competitor/aquabot_examples) by extension 'ignore_ament_install'
[0.688s] Level 1:colcon.colcon_core.package_identification:_identify(src/Aquabot-Competitor/aquabot_examples) by extensions ['colcon_pkg']
[0.688s] Level 1:colcon.colcon_core.package_identification:_identify(src/Aquabot-Competitor/aquabot_examples) by extension 'colcon_pkg'
[0.688s] Level 1:colcon.colcon_core.package_identification:_identify(src/Aquabot-Competitor/aquabot_examples) by extensions ['colcon_meta']
[0.688s] Level 1:colcon.colcon_core.package_identification:_identify(src/Aquabot-Competitor/aquabot_examples) by extension 'colcon_meta'
[0.688s] Level 1:colcon.colcon_core.package_identification:_identify(src/Aquabot-Competitor/aquabot_examples) by extensions ['ros']
[0.688s] Level 1:colcon.colcon_core.package_identification:_identify(src/Aquabot-Competitor/aquabot_examples) by extension 'ros'
[0.688s] Level 1:colcon.colcon_core.package_identification:_identify(src/Aquabot-Competitor/aquabot_examples) by extensions ['cmake', 'python']
[0.688s] Level 1:colcon.colcon_core.package_identification:_identify(src/Aquabot-Competitor/aquabot_examples) by extension 'cmake'
[0.689s] Level 1:colcon.colcon_core.package_identification:_identify(src/Aquabot-Competitor/aquabot_examples) by extension 'python'
[0.689s] Level 1:colcon.colcon_core.package_identification:_identify(src/Aquabot-Competitor/aquabot_examples) by extensions ['python_setup_py']
[0.689s] Level 1:colcon.colcon_core.package_identification:_identify(src/Aquabot-Competitor/aquabot_examples) by extension 'python_setup_py'
[0.689s] Level 1:colcon.colcon_core.package_identification:_identify(src/Aquabot-Competitor/aquabot_examples/aquabot_example) by extensions ['ignore', 'ignore_ament_install']
[0.689s] Level 1:colcon.colcon_core.package_identification:_identify(src/Aquabot-Competitor/aquabot_examples/aquabot_example) by extension 'ignore'
[0.689s] Level 1:colcon.colcon_core.package_identification:_identify(src/Aquabot-Competitor/aquabot_examples/aquabot_example) by extension 'ignore_ament_install'
[0.689s] Level 1:colcon.colcon_core.package_identification:_identify(src/Aquabot-Competitor/aquabot_examples/aquabot_example) by extensions ['colcon_pkg']
[0.690s] Level 1:colcon.colcon_core.package_identification:_identify(src/Aquabot-Competitor/aquabot_examples/aquabot_example) by extension 'colcon_pkg'
[0.690s] Level 1:colcon.colcon_core.package_identification:_identify(src/Aquabot-Competitor/aquabot_examples/aquabot_example) by extensions ['colcon_meta']
[0.690s] Level 1:colcon.colcon_core.package_identification:_identify(src/Aquabot-Competitor/aquabot_examples/aquabot_example) by extension 'colcon_meta'
[0.690s] Level 1:colcon.colcon_core.package_identification:_identify(src/Aquabot-Competitor/aquabot_examples/aquabot_example) by extensions ['ros']
[0.690s] Level 1:colcon.colcon_core.package_identification:_identify(src/Aquabot-Competitor/aquabot_examples/aquabot_example) by extension 'ros'
[0.692s] DEBUG:colcon.colcon_core.package_identification:Package 'src/Aquabot-Competitor/aquabot_examples/aquabot_example' with type 'ros.ament_cmake' and name 'aquabot_example'
[0.693s] Level 1:colcon.colcon_core.package_identification:_identify(src/Aquabot-Competitor/aquabot_examples/opencv_example) by extensions ['ignore', 'ignore_ament_install']
[0.693s] Level 1:colcon.colcon_core.package_identification:_identify(src/Aquabot-Competitor/aquabot_examples/opencv_example) by extension 'ignore'
[0.693s] Level 1:colcon.colcon_core.package_identification:_identify(src/Aquabot-Competitor/aquabot_examples/opencv_example) by extension 'ignore_ament_install'
[0.693s] Level 1:colcon.colcon_core.package_identification:_identify(src/Aquabot-Competitor/aquabot_examples/opencv_example) by extensions ['colcon_pkg']
[0.693s] Level 1:colcon.colcon_core.package_identification:_identify(src/Aquabot-Competitor/aquabot_examples/opencv_example) by extension 'colcon_pkg'
[0.693s] Level 1:colcon.colcon_core.package_identification:_identify(src/Aquabot-Competitor/aquabot_examples/opencv_example) by extensions ['colcon_meta']
[0.694s] Level 1:colcon.colcon_core.package_identification:_identify(src/Aquabot-Competitor/aquabot_examples/opencv_example) by extension 'colcon_meta'
[0.694s] Level 1:colcon.colcon_core.package_identification:_identify(src/Aquabot-Competitor/aquabot_examples/opencv_example) by extensions ['ros']
[0.694s] Level 1:colcon.colcon_core.package_identification:_identify(src/Aquabot-Competitor/aquabot_examples/opencv_example) by extension 'ros'
[0.698s] DEBUG:colcon.colcon_core.package_identification:Package 'src/Aquabot-Competitor/aquabot_examples/opencv_example' with type 'ros.ament_cmake' and name 'opencv_example'
[0.698s] Level 1:colcon.colcon_core.package_identification:_identify(src/Aquabot-Competitor/aquabot_examples/package_example) by extensions ['ignore', 'ignore_ament_install']
[0.698s] Level 1:colcon.colcon_core.package_identification:_identify(src/Aquabot-Competitor/aquabot_examples/package_example) by extension 'ignore'
[0.699s] Level 1:colcon.colcon_core.package_identification:_identify(src/Aquabot-Competitor/aquabot_examples/package_example) by extension 'ignore_ament_install'
[0.699s] Level 1:colcon.colcon_core.package_identification:_identify(src/Aquabot-Competitor/aquabot_examples/package_example) by extensions ['colcon_pkg']
[0.699s] Level 1:colcon.colcon_core.package_identification:_identify(src/Aquabot-Competitor/aquabot_examples/package_example) by extension 'colcon_pkg'
[0.699s] Level 1:colcon.colcon_core.package_identification:_identify(src/Aquabot-Competitor/aquabot_examples/package_example) by extensions ['colcon_meta']
[0.699s] Level 1:colcon.colcon_core.package_identification:_identify(src/Aquabot-Competitor/aquabot_examples/package_example) by extension 'colcon_meta'
[0.700s] Level 1:colcon.colcon_core.package_identification:_identify(src/Aquabot-Competitor/aquabot_examples/package_example) by extensions ['ros']
[0.700s] Level 1:colcon.colcon_core.package_identification:_identify(src/Aquabot-Competitor/aquabot_examples/package_example) by extension 'ros'
[0.701s] DEBUG:colcon.colcon_core.package_identification:Package 'src/Aquabot-Competitor/aquabot_examples/package_example' with type 'ros.ament_cmake' and name 'package_example'
[0.702s] Level 1:colcon.colcon_core.package_identification:_identify(src/navigation) by extensions ['ignore', 'ignore_ament_install']
[0.702s] Level 1:colcon.colcon_core.package_identification:_identify(src/navigation) by extension 'ignore'
[0.702s] Level 1:colcon.colcon_core.package_identification:_identify(src/navigation) by extension 'ignore_ament_install'
[0.702s] Level 1:colcon.colcon_core.package_identification:_identify(src/navigation) by extensions ['colcon_pkg']
[0.702s] Level 1:colcon.colcon_core.package_identification:_identify(src/navigation) by extension 'colcon_pkg'
[0.702s] Level 1:colcon.colcon_core.package_identification:_identify(src/navigation) by extensions ['colcon_meta']
[0.702s] Level 1:colcon.colcon_core.package_identification:_identify(src/navigation) by extension 'colcon_meta'
[0.702s] Level 1:colcon.colcon_core.package_identification:_identify(src/navigation) by extensions ['ros']
[0.702s] Level 1:colcon.colcon_core.package_identification:_identify(src/navigation) by extension 'ros'
[0.704s] DEBUG:colcon.colcon_core.package_identification:Package 'src/navigation' with type 'ros.ament_cmake' and name 'navigation'
[0.704s] Level 1:colcon.colcon_core.package_identification:_identify(src/vrx) by extensions ['ignore', 'ignore_ament_install']
[0.704s] Level 1:colcon.colcon_core.package_identification:_identify(src/vrx) by extension 'ignore'
[0.704s] Level 1:colcon.colcon_core.package_identification:_identify(src/vrx) by extension 'ignore_ament_install'
[0.704s] Level 1:colcon.colcon_core.package_identification:_identify(src/vrx) by extensions ['colcon_pkg']
[0.704s] Level 1:colcon.colcon_core.package_identification:_identify(src/vrx) by extension 'colcon_pkg'
[0.705s] Level 1:colcon.colcon_core.package_identification:_identify(src/vrx) by extensions ['colcon_meta']
[0.705s] Level 1:colcon.colcon_core.package_identification:_identify(src/vrx) by extension 'colcon_meta'
[0.705s] Level 1:colcon.colcon_core.package_identification:_identify(src/vrx) by extensions ['ros']
[0.705s] Level 1:colcon.colcon_core.package_identification:_identify(src/vrx) by extension 'ros'
[0.705s] Level 1:colcon.colcon_core.package_identification:_identify(src/vrx) by extensions ['cmake', 'python']
[0.705s] Level 1:colcon.colcon_core.package_identification:_identify(src/vrx) by extension 'cmake'
[0.705s] Level 1:colcon.colcon_core.package_identification:_identify(src/vrx) by extension 'python'
[0.705s] Level 1:colcon.colcon_core.package_identification:_identify(src/vrx) by extensions ['python_setup_py']
[0.705s] Level 1:colcon.colcon_core.package_identification:_identify(src/vrx) by extension 'python_setup_py'
[0.705s] Level 1:colcon.colcon_core.package_identification:_identify(src/vrx/images) by extensions ['ignore', 'ignore_ament_install']
[0.706s] Level 1:colcon.colcon_core.package_identification:_identify(src/vrx/images) by extension 'ignore'
[0.706s] Level 1:colcon.colcon_core.package_identification:_identify(src/vrx/images) by extension 'ignore_ament_install'
[0.706s] Level 1:colcon.colcon_core.package_identification:_identify(src/vrx/images) by extensions ['colcon_pkg']
[0.706s] Level 1:colcon.colcon_core.package_identification:_identify(src/vrx/images) by extension 'colcon_pkg'
[0.706s] Level 1:colcon.colcon_core.package_identification:_identify(src/vrx/images) by extensions ['colcon_meta']
[0.706s] Level 1:colcon.colcon_core.package_identification:_identify(src/vrx/images) by extension 'colcon_meta'
[0.706s] Level 1:colcon.colcon_core.package_identification:_identify(src/vrx/images) by extensions ['ros']
[0.706s] Level 1:colcon.colcon_core.package_identification:_identify(src/vrx/images) by extension 'ros'
[0.706s] Level 1:colcon.colcon_core.package_identification:_identify(src/vrx/images) by extensions ['cmake', 'python']
[0.706s] Level 1:colcon.colcon_core.package_identification:_identify(src/vrx/images) by extension 'cmake'
[0.706s] Level 1:colcon.colcon_core.package_identification:_identify(src/vrx/images) by extension 'python'
[0.706s] Level 1:colcon.colcon_core.package_identification:_identify(src/vrx/images) by extensions ['python_setup_py']
[0.706s] Level 1:colcon.colcon_core.package_identification:_identify(src/vrx/images) by extension 'python_setup_py'
[0.707s] Level 1:colcon.colcon_core.package_identification:_identify(src/vrx/vrx_gz) by extensions ['ignore', 'ignore_ament_install']
[0.707s] Level 1:colcon.colcon_core.package_identification:_identify(src/vrx/vrx_gz) by extension 'ignore'
[0.707s] Level 1:colcon.colcon_core.package_identification:_identify(src/vrx/vrx_gz) by extension 'ignore_ament_install'
[0.707s] Level 1:colcon.colcon_core.package_identification:_identify(src/vrx/vrx_gz) by extensions ['colcon_pkg']
[0.707s] Level 1:colcon.colcon_core.package_identification:_identify(src/vrx/vrx_gz) by extension 'colcon_pkg'
[0.707s] Level 1:colcon.colcon_core.package_identification:_identify(src/vrx/vrx_gz) by extensions ['colcon_meta']
[0.707s] Level 1:colcon.colcon_core.package_identification:_identify(src/vrx/vrx_gz) by extension 'colcon_meta'
[0.707s] Level 1:colcon.colcon_core.package_identification:_identify(src/vrx/vrx_gz) by extensions ['ros']
[0.707s] Level 1:colcon.colcon_core.package_identification:_identify(src/vrx/vrx_gz) by extension 'ros'
[0.709s] DEBUG:colcon.colcon_core.package_identification:Package 'src/vrx/vrx_gz' with type 'ros.ament_cmake' and name 'vrx_gz'
[0.709s] Level 1:colcon.colcon_core.package_identification:_identify(src/vrx/vrx_ros) by extensions ['ignore', 'ignore_ament_install']
[0.709s] Level 1:colcon.colcon_core.package_identification:_identify(src/vrx/vrx_ros) by extension 'ignore'
[0.709s] Level 1:colcon.colcon_core.package_identification:_identify(src/vrx/vrx_ros) by extension 'ignore_ament_install'
[0.709s] Level 1:colcon.colcon_core.package_identification:_identify(src/vrx/vrx_ros) by extensions ['colcon_pkg']
[0.709s] Level 1:colcon.colcon_core.package_identification:_identify(src/vrx/vrx_ros) by extension 'colcon_pkg'
[0.709s] Level 1:colcon.colcon_core.package_identification:_identify(src/vrx/vrx_ros) by extensions ['colcon_meta']
[0.709s] Level 1:colcon.colcon_core.package_identification:_identify(src/vrx/vrx_ros) by extension 'colcon_meta'
[0.709s] Level 1:colcon.colcon_core.package_identification:_identify(src/vrx/vrx_ros) by extensions ['ros']
[0.709s] Level 1:colcon.colcon_core.package_identification:_identify(src/vrx/vrx_ros) by extension 'ros'
[0.711s] DEBUG:colcon.colcon_core.package_identification:Package 'src/vrx/vrx_ros' with type 'ros.ament_cmake' and name 'vrx_ros'
[0.712s] Level 1:colcon.colcon_core.package_identification:_identify(src/vrx/vrx_urdf) by extensions ['ignore', 'ignore_ament_install']
[0.712s] Level 1:colcon.colcon_core.package_identification:_identify(src/vrx/vrx_urdf) by extension 'ignore'
[0.712s] Level 1:colcon.colcon_core.package_identification:_identify(src/vrx/vrx_urdf) by extension 'ignore_ament_install'
[0.712s] Level 1:colcon.colcon_core.package_identification:_identify(src/vrx/vrx_urdf) by extensions ['colcon_pkg']
[0.712s] Level 1:colcon.colcon_core.package_identification:_identify(src/vrx/vrx_urdf) by extension 'colcon_pkg'
[0.712s] Level 1:colcon.colcon_core.package_identification:_identify(src/vrx/vrx_urdf) by extensions ['colcon_meta']
[0.712s] Level 1:colcon.colcon_core.package_identification:_identify(src/vrx/vrx_urdf) by extension 'colcon_meta'
[0.712s] Level 1:colcon.colcon_core.package_identification:_identify(src/vrx/vrx_urdf) by extensions ['ros']
[0.713s] Level 1:colcon.colcon_core.package_identification:_identify(src/vrx/vrx_urdf) by extension 'ros'
[0.713s] Level 1:colcon.colcon_core.package_identification:_identify(src/vrx/vrx_urdf) by extensions ['cmake', 'python']
[0.713s] Level 1:colcon.colcon_core.package_identification:_identify(src/vrx/vrx_urdf) by extension 'cmake'
[0.713s] Level 1:colcon.colcon_core.package_identification:_identify(src/vrx/vrx_urdf) by extension 'python'
[0.713s] Level 1:colcon.colcon_core.package_identification:_identify(src/vrx/vrx_urdf) by extensions ['python_setup_py']
[0.713s] Level 1:colcon.colcon_core.package_identification:_identify(src/vrx/vrx_urdf) by extension 'python_setup_py'
[0.713s] Level 1:colcon.colcon_core.package_identification:_identify(src/vrx/vrx_urdf/vrx_gazebo) by extensions ['ignore', 'ignore_ament_install']
[0.714s] Level 1:colcon.colcon_core.package_identification:_identify(src/vrx/vrx_urdf/vrx_gazebo) by extension 'ignore'
[0.714s] Level 1:colcon.colcon_core.package_identification:_identify(src/vrx/vrx_urdf/vrx_gazebo) by extension 'ignore_ament_install'
[0.714s] Level 1:colcon.colcon_core.package_identification:_identify(src/vrx/vrx_urdf/vrx_gazebo) by extensions ['colcon_pkg']
[0.714s] Level 1:colcon.colcon_core.package_identification:_identify(src/vrx/vrx_urdf/vrx_gazebo) by extension 'colcon_pkg'
[0.714s] Level 1:colcon.colcon_core.package_identification:_identify(src/vrx/vrx_urdf/vrx_gazebo) by extensions ['colcon_meta']
[0.714s] Level 1:colcon.colcon_core.package_identification:_identify(src/vrx/vrx_urdf/vrx_gazebo) by extension 'colcon_meta'
[0.714s] Level 1:colcon.colcon_core.package_identification:_identify(src/vrx/vrx_urdf/vrx_gazebo) by extensions ['ros']
[0.714s] Level 1:colcon.colcon_core.package_identification:_identify(src/vrx/vrx_urdf/vrx_gazebo) by extension 'ros'
[0.716s] DEBUG:colcon.colcon_core.package_identification:Package 'src/vrx/vrx_urdf/vrx_gazebo' with type 'ros.ament_cmake' and name 'vrx_gazebo'
[0.717s] Level 1:colcon.colcon_core.package_identification:_identify(src/vrx/vrx_urdf/wamv_description) by extensions ['ignore', 'ignore_ament_install']
[0.717s] Level 1:colcon.colcon_core.package_identification:_identify(src/vrx/vrx_urdf/wamv_description) by extension 'ignore'
[0.717s] Level 1:colcon.colcon_core.package_identification:_identify(src/vrx/vrx_urdf/wamv_description) by extension 'ignore_ament_install'
[0.717s] Level 1:colcon.colcon_core.package_identification:_identify(src/vrx/vrx_urdf/wamv_description) by extensions ['colcon_pkg']
[0.717s] Level 1:colcon.colcon_core.package_identification:_identify(src/vrx/vrx_urdf/wamv_description) by extension 'colcon_pkg'
[0.717s] Level 1:colcon.colcon_core.package_identification:_identify(src/vrx/vrx_urdf/wamv_description) by extensions ['colcon_meta']
[0.717s] Level 1:colcon.colcon_core.package_identification:_identify(src/vrx/vrx_urdf/wamv_description) by extension 'colcon_meta'
[0.717s] Level 1:colcon.colcon_core.package_identification:_identify(src/vrx/vrx_urdf/wamv_description) by extensions ['ros']
[0.717s] Level 1:colcon.colcon_core.package_identification:_identify(src/vrx/vrx_urdf/wamv_description) by extension 'ros'
[0.719s] DEBUG:colcon.colcon_core.package_identification:Package 'src/vrx/vrx_urdf/wamv_description' with type 'ros.ament_cmake' and name 'wamv_description'
[0.720s] Level 1:colcon.colcon_core.package_identification:_identify(src/vrx/vrx_urdf/wamv_gazebo) by extensions ['ignore', 'ignore_ament_install']
[0.720s] Level 1:colcon.colcon_core.package_identification:_identify(src/vrx/vrx_urdf/wamv_gazebo) by extension 'ignore'
[0.721s] Level 1:colcon.colcon_core.package_identification:_identify(src/vrx/vrx_urdf/wamv_gazebo) by extension 'ignore_ament_install'
[0.721s] Level 1:colcon.colcon_core.package_identification:_identify(src/vrx/vrx_urdf/wamv_gazebo) by extensions ['colcon_pkg']
[0.721s] Level 1:colcon.colcon_core.package_identification:_identify(src/vrx/vrx_urdf/wamv_gazebo) by extension 'colcon_pkg'
[0.721s] Level 1:colcon.colcon_core.package_identification:_identify(src/vrx/vrx_urdf/wamv_gazebo) by extensions ['colcon_meta']
[0.721s] Level 1:colcon.colcon_core.package_identification:_identify(src/vrx/vrx_urdf/wamv_gazebo) by extension 'colcon_meta'
[0.721s] Level 1:colcon.colcon_core.package_identification:_identify(src/vrx/vrx_urdf/wamv_gazebo) by extensions ['ros']
[0.721s] Level 1:colcon.colcon_core.package_identification:_identify(src/vrx/vrx_urdf/wamv_gazebo) by extension 'ros'
[0.724s] DEBUG:colcon.colcon_core.package_identification:Package 'src/vrx/vrx_urdf/wamv_gazebo' with type 'ros.ament_cmake' and name 'wamv_gazebo'
[0.724s] Level 1:colcon.colcon_core.package_discovery:discover_packages(recursive) using defaults
[0.724s] Level 1:colcon.colcon_core.package_discovery:discover_packages(ignore) discover
[0.724s] Level 1:colcon.colcon_core.package_discovery:discover_packages(ignore) using defaults
[0.724s] Level 1:colcon.colcon_core.package_discovery:discover_packages(path) discover
[0.724s] Level 1:colcon.colcon_core.package_discovery:discover_packages(path) using defaults
[0.795s] Level 1:colcon.colcon_core.package_discovery:discover_packages(prefix_path) check parameters
[0.795s] Level 1:colcon.colcon_core.package_discovery:discover_packages(prefix_path) discover
[0.803s] DEBUG:colcon.colcon_installed_package_information.package_discovery:Found 327 installed packages in /opt/ros/humble
[0.808s] Level 1:colcon.colcon_core.package_discovery:discover_packages(prefix_path) using defaults
[0.944s] Level 5:colcon.colcon_core.verb:set package 'aquabot_example' build argument 'cmake_args' from command line to 'None'
[0.945s] Level 5:colcon.colcon_core.verb:set package 'aquabot_example' build argument 'cmake_target' from command line to 'None'
[0.945s] Level 5:colcon.colcon_core.verb:set package 'aquabot_example' build argument 'cmake_target_skip_unavailable' from command line to 'False'
[0.945s] Level 5:colcon.colcon_core.verb:set package 'aquabot_example' build argument 'cmake_clean_cache' from command line to 'False'
[0.945s] Level 5:colcon.colcon_core.verb:set package 'aquabot_example' build argument 'cmake_clean_first' from command line to 'False'
[0.945s] Level 5:colcon.colcon_core.verb:set package 'aquabot_example' build argument 'cmake_force_configure' from command line to 'False'
[0.945s] Level 5:colcon.colcon_core.verb:set package 'aquabot_example' build argument 'ament_cmake_args' from command line to 'None'
[0.945s] Level 5:colcon.colcon_core.verb:set package 'aquabot_example' build argument 'catkin_cmake_args' from command line to 'None'
[0.945s] Level 5:colcon.colcon_core.verb:set package 'aquabot_example' build argument 'catkin_skip_building_tests' from command line to 'False'
[0.946s] DEBUG:colcon.colcon_core.verb:Building package 'aquabot_example' with the following arguments: {'ament_cmake_args': None, 'build_base': '/home/mls/vrx_ws/build/aquabot_example', 'catkin_cmake_args': None, 'catkin_skip_building_tests': False, 'cmake_args': None, 'cmake_clean_cache': False, 'cmake_clean_first': False, 'cmake_force_configure': False, 'cmake_target': None, 'cmake_target_skip_unavailable': False, 'install_base': '/home/mls/vrx_ws/install', 'merge_install': True, 'path': '/home/mls/vrx_ws/src/Aquabot-Competitor/aquabot_examples/aquabot_example', 'symlink_install': False, 'test_result_base': None}
[0.947s] Level 5:colcon.colcon_core.verb:set package 'aquabot_python' build argument 'cmake_args' from command line to 'None'
[0.948s] Level 5:colcon.colcon_core.verb:set package 'aquabot_python' build argument 'cmake_target' from command line to 'None'
[0.948s] Level 5:colcon.colcon_core.verb:set package 'aquabot_python' build argument 'cmake_target_skip_unavailable' from command line to 'False'
[0.948s] Level 5:colcon.colcon_core.verb:set package 'aquabot_python' build argument 'cmake_clean_cache' from command line to 'False'
[0.948s] Level 5:colcon.colcon_core.verb:set package 'aquabot_python' build argument 'cmake_clean_first' from command line to 'False'
[0.948s] Level 5:colcon.colcon_core.verb:set package 'aquabot_python' build argument 'cmake_force_configure' from command line to 'False'
[0.948s] Level 5:colcon.colcon_core.verb:set package 'aquabot_python' build argument 'ament_cmake_args' from command line to 'None'
[0.948s] Level 5:colcon.colcon_core.verb:set package 'aquabot_python' build argument 'catkin_cmake_args' from command line to 'None'
[0.949s] Level 5:colcon.colcon_core.verb:set package 'aquabot_python' build argument 'catkin_skip_building_tests' from command line to 'False'
[0.949s] DEBUG:colcon.colcon_core.verb:Building package 'aquabot_python' with the following arguments: {'ament_cmake_args': None, 'build_base': '/home/mls/vrx_ws/build/aquabot_python', 'catkin_cmake_args': None, 'catkin_skip_building_tests': False, 'cmake_args': None, 'cmake_clean_cache': False, 'cmake_clean_first': False, 'cmake_force_configure': False, 'cmake_target': None, 'cmake_target_skip_unavailable': False, 'install_base': '/home/mls/vrx_ws/install', 'merge_install': True, 'path': '/home/mls/vrx_ws/src/Aquabot/aquabot_python', 'symlink_install': False, 'test_result_base': None}
[0.950s] Level 5:colcon.colcon_core.verb:set package 'navigation' build argument 'cmake_args' from command line to 'None'
[0.950s] Level 5:colcon.colcon_core.verb:set package 'navigation' build argument 'cmake_target' from command line to 'None'
[0.950s] Level 5:colcon.colcon_core.verb:set package 'navigation' build argument 'cmake_target_skip_unavailable' from command line to 'False'
[0.950s] Level 5:colcon.colcon_core.verb:set package 'navigation' build argument 'cmake_clean_cache' from command line to 'False'
[0.950s] Level 5:colcon.colcon_core.verb:set package 'navigation' build argument 'cmake_clean_first' from command line to 'False'
[0.950s] Level 5:colcon.colcon_core.verb:set package 'navigation' build argument 'cmake_force_configure' from command line to 'False'
[0.950s] Level 5:colcon.colcon_core.verb:set package 'navigation' build argument 'ament_cmake_args' from command line to 'None'
[0.950s] Level 5:colcon.colcon_core.verb:set package 'navigation' build argument 'catkin_cmake_args' from command line to 'None'
[0.950s] Level 5:colcon.colcon_core.verb:set package 'navigation' build argument 'catkin_skip_building_tests' from command line to 'False'
[0.950s] DEBUG:colcon.colcon_core.verb:Building package 'navigation' with the following arguments: {'ament_cmake_args': None, 'build_base': '/home/mls/vrx_ws/build/navigation', 'catkin_cmake_args': None, 'catkin_skip_building_tests': False, 'cmake_args': None, 'cmake_clean_cache': False, 'cmake_clean_first': False, 'cmake_force_configure': False, 'cmake_target': None, 'cmake_target_skip_unavailable': False, 'install_base': '/home/mls/vrx_ws/install', 'merge_install': True, 'path': '/home/mls/vrx_ws/src/navigation', 'symlink_install': False, 'test_result_base': None}
[0.952s] Level 5:colcon.colcon_core.verb:set package 'opencv_example' build argument 'cmake_args' from command line to 'None'
[0.952s] Level 5:colcon.colcon_core.verb:set package 'opencv_example' build argument 'cmake_target' from command line to 'None'
[0.952s] Level 5:colcon.colcon_core.verb:set package 'opencv_example' build argument 'cmake_target_skip_unavailable' from command line to 'False'
[0.952s] Level 5:colcon.colcon_core.verb:set package 'opencv_example' build argument 'cmake_clean_cache' from command line to 'False'
[0.952s] Level 5:colcon.colcon_core.verb:set package 'opencv_example' build argument 'cmake_clean_first' from command line to 'False'
[0.952s] Level 5:colcon.colcon_core.verb:set package 'opencv_example' build argument 'cmake_force_configure' from command line to 'False'
[0.952s] Level 5:colcon.colcon_core.verb:set package 'opencv_example' build argument 'ament_cmake_args' from command line to 'None'
[0.952s] Level 5:colcon.colcon_core.verb:set package 'opencv_example' build argument 'catkin_cmake_args' from command line to 'None'
[0.952s] Level 5:colcon.colcon_core.verb:set package 'opencv_example' build argument 'catkin_skip_building_tests' from command line to 'False'
[0.952s] DEBUG:colcon.colcon_core.verb:Building package 'opencv_example' with the following arguments: {'ament_cmake_args': None, 'build_base': '/home/mls/vrx_ws/build/opencv_example', 'catkin_cmake_args': None, 'catkin_skip_building_tests': False, 'cmake_args': None, 'cmake_clean_cache': False, 'cmake_clean_first': False, 'cmake_force_configure': False, 'cmake_target': None, 'cmake_target_skip_unavailable': False, 'install_base': '/home/mls/vrx_ws/install', 'merge_install': True, 'path': '/home/mls/vrx_ws/src/Aquabot-Competitor/aquabot_examples/opencv_example', 'symlink_install': False, 'test_result_base': None}
[0.954s] Level 5:colcon.colcon_core.verb:set package 'package_example' build argument 'cmake_args' from command line to 'None'
[0.954s] Level 5:colcon.colcon_core.verb:set package 'package_example' build argument 'cmake_target' from command line to 'None'
[0.954s] Level 5:colcon.colcon_core.verb:set package 'package_example' build argument 'cmake_target_skip_unavailable' from command line to 'False'
[0.954s] Level 5:colcon.colcon_core.verb:set package 'package_example' build argument 'cmake_clean_cache' from command line to 'False'
[0.954s] Level 5:colcon.colcon_core.verb:set package 'package_example' build argument 'cmake_clean_first' from command line to 'False'
[0.954s] Level 5:colcon.colcon_core.verb:set package 'package_example' build argument 'cmake_force_configure' from command line to 'False'
[0.954s] Level 5:colcon.colcon_core.verb:set package 'package_example' build argument 'ament_cmake_args' from command line to 'None'
[0.954s] Level 5:colcon.colcon_core.verb:set package 'package_example' build argument 'catkin_cmake_args' from command line to 'None'
[0.954s] Level 5:colcon.colcon_core.verb:set package 'package_example' build argument 'catkin_skip_building_tests' from command line to 'False'
[0.954s] DEBUG:colcon.colcon_core.verb:Building package 'package_example' with the following arguments: {'ament_cmake_args': None, 'build_base': '/home/mls/vrx_ws/build/package_example', 'catkin_cmake_args': None, 'catkin_skip_building_tests': False, 'cmake_args': None, 'cmake_clean_cache': False, 'cmake_clean_first': False, 'cmake_force_configure': False, 'cmake_target': None, 'cmake_target_skip_unavailable': False, 'install_base': '/home/mls/vrx_ws/install', 'merge_install': True, 'path': '/home/mls/vrx_ws/src/Aquabot-Competitor/aquabot_examples/package_example', 'symlink_install': False, 'test_result_base': None}
[0.955s] Level 5:colcon.colcon_core.verb:set package 'vrx_gazebo' build argument 'cmake_args' from command line to 'None'
[0.955s] Level 5:colcon.colcon_core.verb:set package 'vrx_gazebo' build argument 'cmake_target' from command line to 'None'
[0.955s] Level 5:colcon.colcon_core.verb:set package 'vrx_gazebo' build argument 'cmake_target_skip_unavailable' from command line to 'False'
[0.955s] Level 5:colcon.colcon_core.verb:set package 'vrx_gazebo' build argument 'cmake_clean_cache' from command line to 'False'
[0.955s] Level 5:colcon.colcon_core.verb:set package 'vrx_gazebo' build argument 'cmake_clean_first' from command line to 'False'
[0.955s] Level 5:colcon.colcon_core.verb:set package 'vrx_gazebo' build argument 'cmake_force_configure' from command line to 'False'
[0.955s] Level 5:colcon.colcon_core.verb:set package 'vrx_gazebo' build argument 'ament_cmake_args' from command line to 'None'
[0.955s] Level 5:colcon.colcon_core.verb:set package 'vrx_gazebo' build argument 'catkin_cmake_args' from command line to 'None'
[0.956s] Level 5:colcon.colcon_core.verb:set package 'vrx_gazebo' build argument 'catkin_skip_building_tests' from command line to 'False'
[0.956s] DEBUG:colcon.colcon_core.verb:Building package 'vrx_gazebo' with the following arguments: {'ament_cmake_args': None, 'build_base': '/home/mls/vrx_ws/build/vrx_gazebo', 'catkin_cmake_args': None, 'catkin_skip_building_tests': False, 'cmake_args': None, 'cmake_clean_cache': False, 'cmake_clean_first': False, 'cmake_force_configure': False, 'cmake_target': None, 'cmake_target_skip_unavailable': False, 'install_base': '/home/mls/vrx_ws/install', 'merge_install': True, 'path': '/home/mls/vrx_ws/src/vrx/vrx_urdf/vrx_gazebo', 'symlink_install': False, 'test_result_base': None}
[0.957s] Level 5:colcon.colcon_core.verb:set package 'vrx_ros' build argument 'cmake_args' from command line to 'None'
[0.957s] Level 5:colcon.colcon_core.verb:set package 'vrx_ros' build argument 'cmake_target' from command line to 'None'
[0.957s] Level 5:colcon.colcon_core.verb:set package 'vrx_ros' build argument 'cmake_target_skip_unavailable' from command line to 'False'
[0.957s] Level 5:colcon.colcon_core.verb:set package 'vrx_ros' build argument 'cmake_clean_cache' from command line to 'False'
[0.957s] Level 5:colcon.colcon_core.verb:set package 'vrx_ros' build argument 'cmake_clean_first' from command line to 'False'
[0.957s] Level 5:colcon.colcon_core.verb:set package 'vrx_ros' build argument 'cmake_force_configure' from command line to 'False'
[0.957s] Level 5:colcon.colcon_core.verb:set package 'vrx_ros' build argument 'ament_cmake_args' from command line to 'None'
[0.957s] Level 5:colcon.colcon_core.verb:set package 'vrx_ros' build argument 'catkin_cmake_args' from command line to 'None'
[0.957s] Level 5:colcon.colcon_core.verb:set package 'vrx_ros' build argument 'catkin_skip_building_tests' from command line to 'False'
[0.957s] DEBUG:colcon.colcon_core.verb:Building package 'vrx_ros' with the following arguments: {'ament_cmake_args': None, 'build_base': '/home/mls/vrx_ws/build/vrx_ros', 'catkin_cmake_args': None, 'catkin_skip_building_tests': False, 'cmake_args': None, 'cmake_clean_cache': False, 'cmake_clean_first': False, 'cmake_force_configure': False, 'cmake_target': None, 'cmake_target_skip_unavailable': False, 'install_base': '/home/mls/vrx_ws/install', 'merge_install': True, 'path': '/home/mls/vrx_ws/src/vrx/vrx_ros', 'symlink_install': False, 'test_result_base': None}
[0.958s] Level 5:colcon.colcon_core.verb:set package 'aquabot_description' build argument 'cmake_args' from command line to 'None'
[0.959s] Level 5:colcon.colcon_core.verb:set package 'aquabot_description' build argument 'cmake_target' from command line to 'None'
[0.959s] Level 5:colcon.colcon_core.verb:set package 'aquabot_description' build argument 'cmake_target_skip_unavailable' from command line to 'False'
[0.959s] Level 5:colcon.colcon_core.verb:set package 'aquabot_description' build argument 'cmake_clean_cache' from command line to 'False'
[0.959s] Level 5:colcon.colcon_core.verb:set package 'aquabot_description' build argument 'cmake_clean_first' from command line to 'False'
[0.959s] Level 5:colcon.colcon_core.verb:set package 'aquabot_description' build argument 'cmake_force_configure' from command line to 'False'
[0.959s] Level 5:colcon.colcon_core.verb:set package 'aquabot_description' build argument 'ament_cmake_args' from command line to 'None'
[0.959s] Level 5:colcon.colcon_core.verb:set package 'aquabot_description' build argument 'catkin_cmake_args' from command line to 'None'
[0.959s] Level 5:colcon.colcon_core.verb:set package 'aquabot_description' build argument 'catkin_skip_building_tests' from command line to 'False'
[0.959s] DEBUG:colcon.colcon_core.verb:Building package 'aquabot_description' with the following arguments: {'ament_cmake_args': None, 'build_base': '/home/mls/vrx_ws/build/aquabot_description', 'catkin_cmake_args': None, 'catkin_skip_building_tests': False, 'cmake_args': None, 'cmake_clean_cache': False, 'cmake_clean_first': False, 'cmake_force_configure': False, 'cmake_target': None, 'cmake_target_skip_unavailable': False, 'install_base': '/home/mls/vrx_ws/install', 'merge_install': True, 'path': '/home/mls/vrx_ws/src/Aquabot/aquabot_urdf/aquabot_description', 'symlink_install': False, 'test_result_base': None}
[0.961s] Level 5:colcon.colcon_core.verb:set package 'vrx_gz' build argument 'cmake_args' from command line to 'None'
[0.961s] Level 5:colcon.colcon_core.verb:set package 'vrx_gz' build argument 'cmake_target' from command line to 'None'
[0.961s] Level 5:colcon.colcon_core.verb:set package 'vrx_gz' build argument 'cmake_target_skip_unavailable' from command line to 'False'
[0.961s] Level 5:colcon.colcon_core.verb:set package 'vrx_gz' build argument 'cmake_clean_cache' from command line to 'False'
[0.961s] Level 5:colcon.colcon_core.verb:set package 'vrx_gz' build argument 'cmake_clean_first' from command line to 'False'
[0.961s] Level 5:colcon.colcon_core.verb:set package 'vrx_gz' build argument 'cmake_force_configure' from command line to 'False'
[0.961s] Level 5:colcon.colcon_core.verb:set package 'vrx_gz' build argument 'ament_cmake_args' from command line to 'None'
[0.961s] Level 5:colcon.colcon_core.verb:set package 'vrx_gz' build argument 'catkin_cmake_args' from command line to 'None'
[0.961s] Level 5:colcon.colcon_core.verb:set package 'vrx_gz' build argument 'catkin_skip_building_tests' from command line to 'False'
[0.962s] DEBUG:colcon.colcon_core.verb:Building package 'vrx_gz' with the following arguments: {'ament_cmake_args': None, 'build_base': '/home/mls/vrx_ws/build/vrx_gz', 'catkin_cmake_args': None, 'catkin_skip_building_tests': False, 'cmake_args': None, 'cmake_clean_cache': False, 'cmake_clean_first': False, 'cmake_force_configure': False, 'cmake_target': None, 'cmake_target_skip_unavailable': False, 'install_base': '/home/mls/vrx_ws/install', 'merge_install': True, 'path': '/home/mls/vrx_ws/src/vrx/vrx_gz', 'symlink_install': False, 'test_result_base': None}
[0.962s] Level 5:colcon.colcon_core.verb:set package 'wamv_description' build argument 'cmake_args' from command line to 'None'
[0.962s] Level 5:colcon.colcon_core.verb:set package 'wamv_description' build argument 'cmake_target' from command line to 'None'
[0.963s] Level 5:colcon.colcon_core.verb:set package 'wamv_description' build argument 'cmake_target_skip_unavailable' from command line to 'False'
[0.963s] Level 5:colcon.colcon_core.verb:set package 'wamv_description' build argument 'cmake_clean_cache' from command line to 'False'
[0.963s] Level 5:colcon.colcon_core.verb:set package 'wamv_description' build argument 'cmake_clean_first' from command line to 'False'
[0.963s] Level 5:colcon.colcon_core.verb:set package 'wamv_description' build argument 'cmake_force_configure' from command line to 'False'
[0.963s] Level 5:colcon.colcon_core.verb:set package 'wamv_description' build argument 'ament_cmake_args' from command line to 'None'
[0.963s] Level 5:colcon.colcon_core.verb:set package 'wamv_description' build argument 'catkin_cmake_args' from command line to 'None'
[0.963s] Level 5:colcon.colcon_core.verb:set package 'wamv_description' build argument 'catkin_skip_building_tests' from command line to 'False'
[0.963s] DEBUG:colcon.colcon_core.verb:Building package 'wamv_description' with the following arguments: {'ament_cmake_args': None, 'build_base': '/home/mls/vrx_ws/build/wamv_description', 'catkin_cmake_args': None, 'catkin_skip_building_tests': False, 'cmake_args': None, 'cmake_clean_cache': False, 'cmake_clean_first': False, 'cmake_force_configure': False, 'cmake_target': None, 'cmake_target_skip_unavailable': False, 'install_base': '/home/mls/vrx_ws/install', 'merge_install': True, 'path': '/home/mls/vrx_ws/src/vrx/vrx_urdf/wamv_description', 'symlink_install': False, 'test_result_base': None}
[0.964s] Level 5:colcon.colcon_core.verb:set package 'aquabot_gz' build argument 'cmake_args' from command line to 'None'
[0.964s] Level 5:colcon.colcon_core.verb:set package 'aquabot_gz' build argument 'cmake_target' from command line to 'None'
[0.964s] Level 5:colcon.colcon_core.verb:set package 'aquabot_gz' build argument 'cmake_target_skip_unavailable' from command line to 'False'
[0.964s] Level 5:colcon.colcon_core.verb:set package 'aquabot_gz' build argument 'cmake_clean_cache' from command line to 'False'
[0.964s] Level 5:colcon.colcon_core.verb:set package 'aquabot_gz' build argument 'cmake_clean_first' from command line to 'False'
[0.964s] Level 5:colcon.colcon_core.verb:set package 'aquabot_gz' build argument 'cmake_force_configure' from command line to 'False'
[0.964s] Level 5:colcon.colcon_core.verb:set package 'aquabot_gz' build argument 'ament_cmake_args' from command line to 'None'
[0.964s] Level 5:colcon.colcon_core.verb:set package 'aquabot_gz' build argument 'catkin_cmake_args' from command line to 'None'
[0.964s] Level 5:colcon.colcon_core.verb:set package 'aquabot_gz' build argument 'catkin_skip_building_tests' from command line to 'False'
[0.965s] DEBUG:colcon.colcon_core.verb:Building package 'aquabot_gz' with the following arguments: {'ament_cmake_args': None, 'build_base': '/home/mls/vrx_ws/build/aquabot_gz', 'catkin_cmake_args': None, 'catkin_skip_building_tests': False, 'cmake_args': None, 'cmake_clean_cache': False, 'cmake_clean_first': False, 'cmake_force_configure': False, 'cmake_target': None, 'cmake_target_skip_unavailable': False, 'install_base': '/home/mls/vrx_ws/install', 'merge_install': True, 'path': '/home/mls/vrx_ws/src/Aquabot/aquabot_gz', 'symlink_install': False, 'test_result_base': None}
[0.965s] Level 5:colcon.colcon_core.verb:set package 'wamv_gazebo' build argument 'cmake_args' from command line to 'None'
[0.965s] Level 5:colcon.colcon_core.verb:set package 'wamv_gazebo' build argument 'cmake_target' from command line to 'None'
[0.965s] Level 5:colcon.colcon_core.verb:set package 'wamv_gazebo' build argument 'cmake_target_skip_unavailable' from command line to 'False'
[0.965s] Level 5:colcon.colcon_core.verb:set package 'wamv_gazebo' build argument 'cmake_clean_cache' from command line to 'False'
[0.965s] Level 5:colcon.colcon_core.verb:set package 'wamv_gazebo' build argument 'cmake_clean_first' from command line to 'False'
[0.966s] Level 5:colcon.colcon_core.verb:set package 'wamv_gazebo' build argument 'cmake_force_configure' from command line to 'False'
[0.966s] Level 5:colcon.colcon_core.verb:set package 'wamv_gazebo' build argument 'ament_cmake_args' from command line to 'None'
[0.966s] Level 5:colcon.colcon_core.verb:set package 'wamv_gazebo' build argument 'catkin_cmake_args' from command line to 'None'
[0.966s] Level 5:colcon.colcon_core.verb:set package 'wamv_gazebo' build argument 'catkin_skip_building_tests' from command line to 'False'
[0.966s] DEBUG:colcon.colcon_core.verb:Building package 'wamv_gazebo' with the following arguments: {'ament_cmake_args': None, 'build_base': '/home/mls/vrx_ws/build/wamv_gazebo', 'catkin_cmake_args': None, 'catkin_skip_building_tests': False, 'cmake_args': None, 'cmake_clean_cache': False, 'cmake_clean_first': False, 'cmake_force_configure': False, 'cmake_target': None, 'cmake_target_skip_unavailable': False, 'install_base': '/home/mls/vrx_ws/install', 'merge_install': True, 'path': '/home/mls/vrx_ws/src/vrx/vrx_urdf/wamv_gazebo', 'symlink_install': False, 'test_result_base': None}
[0.966s] INFO:colcon.colcon_core.executor:Executing jobs using 'parallel' executor
[0.969s] DEBUG:colcon.colcon_parallel_executor.executor.parallel:run_until_complete
[0.970s] INFO:colcon.colcon_ros.task.ament_cmake.build:Building ROS package in '/home/mls/vrx_ws/src/vrx/vrx_urdf/vrx_gazebo' with build type 'ament_cmake'
[0.970s] INFO:colcon.colcon_cmake.task.cmake.build:Building CMake package in '/home/mls/vrx_ws/src/vrx/vrx_urdf/vrx_gazebo'
[0.975s] INFO:colcon.colcon_core.plugin_system:Skipping extension 'colcon_core.shell.bat': Not used on non-Windows systems
[0.976s] INFO:colcon.colcon_core.shell:Skip shell extension 'powershell' for command environment: Not usable outside of PowerShell
[0.976s] DEBUG:colcon.colcon_core.shell:Skip shell extension 'dsv' for command environment
[0.983s] INFO:colcon.colcon_ros.task.ament_cmake.build:Building ROS package in '/home/mls/vrx_ws/src/vrx/vrx_ros' with build type 'ament_cmake'
[0.984s] INFO:colcon.colcon_cmake.task.cmake.build:Building CMake package in '/home/mls/vrx_ws/src/vrx/vrx_ros'
[0.984s] INFO:colcon.colcon_core.shell:Skip shell extension 'powershell' for command environment: Not usable outside of PowerShell
[0.985s] DEBUG:colcon.colcon_core.shell:Skip shell extension 'dsv' for command environment
[0.992s] INFO:colcon.colcon_ros.task.ament_cmake.build:Building ROS package in '/home/mls/vrx_ws/src/Aquabot-Competitor/aquabot_examples/aquabot_example' with build type 'ament_cmake'
[0.992s] INFO:colcon.colcon_cmake.task.cmake.build:Building CMake package in '/home/mls/vrx_ws/src/Aquabot-Competitor/aquabot_examples/aquabot_example'
[0.993s] INFO:colcon.colcon_core.shell:Skip shell extension 'powershell' for command environment: Not usable outside of PowerShell
[0.993s] DEBUG:colcon.colcon_core.shell:Skip shell extension 'dsv' for command environment
[1.001s] INFO:colcon.colcon_ros.task.ament_cmake.build:Building ROS package in '/home/mls/vrx_ws/src/Aquabot/aquabot_python' with build type 'ament_cmake'
[1.001s] INFO:colcon.colcon_cmake.task.cmake.build:Building CMake package in '/home/mls/vrx_ws/src/Aquabot/aquabot_python'
[1.002s] INFO:colcon.colcon_core.shell:Skip shell extension 'powershell' for command environment: Not usable outside of PowerShell
[1.003s] DEBUG:colcon.colcon_core.shell:Skip shell extension 'dsv' for command environment
[1.011s] INFO:colcon.colcon_ros.task.ament_cmake.build:Building ROS package in '/home/mls/vrx_ws/src/navigation' with build type 'ament_cmake'
[1.011s] INFO:colcon.colcon_cmake.task.cmake.build:Building CMake package in '/home/mls/vrx_ws/src/navigation'
[1.012s] INFO:colcon.colcon_core.shell:Skip shell extension 'powershell' for command environment: Not usable outside of PowerShell
[1.012s] DEBUG:colcon.colcon_core.shell:Skip shell extension 'dsv' for command environment
[1.023s] INFO:colcon.colcon_ros.task.ament_cmake.build:Building ROS package in '/home/mls/vrx_ws/src/Aquabot-Competitor/aquabot_examples/opencv_example' with build type 'ament_cmake'
[1.024s] INFO:colcon.colcon_cmake.task.cmake.build:Building CMake package in '/home/mls/vrx_ws/src/Aquabot-Competitor/aquabot_examples/opencv_example'
[1.025s] INFO:colcon.colcon_core.shell:Skip shell extension 'powershell' for command environment: Not usable outside of PowerShell
[1.025s] DEBUG:colcon.colcon_core.shell:Skip shell extension 'dsv' for command environment
[1.036s] INFO:colcon.colcon_ros.task.ament_cmake.build:Building ROS package in '/home/mls/vrx_ws/src/Aquabot-Competitor/aquabot_examples/package_example' with build type 'ament_cmake'
[1.036s] INFO:colcon.colcon_cmake.task.cmake.build:Building CMake package in '/home/mls/vrx_ws/src/Aquabot-Competitor/aquabot_examples/package_example'
[1.036s] INFO:colcon.colcon_core.shell:Skip shell extension 'powershell' for command environment: Not usable outside of PowerShell
[1.037s] DEBUG:colcon.colcon_core.shell:Skip shell extension 'dsv' for command environment
[1.058s] DEBUG:colcon.colcon_core.event_handler.log_command:Invoking command in '/home/mls/vrx_ws/build/vrx_gazebo': CMAKE_PREFIX_PATH=/opt/ros/humble /usr/bin/cmake --build /home/mls/vrx_ws/build/vrx_gazebo -- -j8 -l8
[1.069s] DEBUG:colcon.colcon_core.event_handler.log_command:Invoking command in '/home/mls/vrx_ws/build/vrx_ros': CMAKE_PREFIX_PATH=/opt/ros/humble /usr/bin/cmake --build /home/mls/vrx_ws/build/vrx_ros -- -j8 -l8
[1.079s] DEBUG:colcon.colcon_core.event_handler.log_command:Invoking command in '/home/mls/vrx_ws/build/aquabot_example': CMAKE_PREFIX_PATH=/opt/ros/humble /usr/bin/cmake --build /home/mls/vrx_ws/build/aquabot_example -- -j8 -l8
[1.083s] DEBUG:colcon.colcon_core.event_handler.log_command:Invoking command in '/home/mls/vrx_ws/build/aquabot_python': CMAKE_PREFIX_PATH=/opt/ros/humble /usr/bin/cmake --build /home/mls/vrx_ws/build/aquabot_python -- -j8 -l8
[1.099s] DEBUG:colcon.colcon_core.event_handler.log_command:Invoking command in '/home/mls/vrx_ws/build/navigation': CMAKE_PREFIX_PATH=/opt/ros/humble /usr/bin/cmake --build /home/mls/vrx_ws/build/navigation -- -j8 -l8
[1.110s] DEBUG:colcon.colcon_core.event_handler.log_command:Invoking command in '/home/mls/vrx_ws/build/opencv_example': CMAKE_PREFIX_PATH=/opt/ros/humble /usr/bin/cmake --build /home/mls/vrx_ws/build/opencv_example -- -j8 -l8
[1.119s] DEBUG:colcon.colcon_core.event_handler.log_command:Invoking command in '/home/mls/vrx_ws/build/package_example': CMAKE_PREFIX_PATH=/opt/ros/humble /usr/bin/cmake --build /home/mls/vrx_ws/build/package_example -- -j8 -l8
[1.358s] DEBUG:colcon.colcon_core.event_handler.log_command:Invoked command in '/home/mls/vrx_ws/build/aquabot_example' returned '0': CMAKE_PREFIX_PATH=/opt/ros/humble /usr/bin/cmake --build /home/mls/vrx_ws/build/aquabot_example -- -j8 -l8
[1.375s] DEBUG:colcon.colcon_core.event_handler.log_command:Invoked command in '/home/mls/vrx_ws/build/vrx_ros' returned '0': CMAKE_PREFIX_PATH=/opt/ros/humble /usr/bin/cmake --build /home/mls/vrx_ws/build/vrx_ros -- -j8 -l8
[1.525s] DEBUG:colcon.colcon_core.event_handler.log_command:Invoking command in '/home/mls/vrx_ws/build/aquabot_example': CMAKE_PREFIX_PATH=/opt/ros/humble /usr/bin/cmake --install /home/mls/vrx_ws/build/aquabot_example
[1.536s] DEBUG:colcon.colcon_core.event_handler.log_command:Invoking command in '/home/mls/vrx_ws/build/vrx_ros': CMAKE_PREFIX_PATH=/opt/ros/humble /usr/bin/cmake --install /home/mls/vrx_ws/build/vrx_ros
[1.591s] Level 1:colcon.colcon_core.environment:create_environment_scripts_only(aquabot_example)
[1.597s] DEBUG:colcon.colcon_core.event_handler.log_command:Invoked command in '/home/mls/vrx_ws/build/aquabot_example' returned '0': CMAKE_PREFIX_PATH=/opt/ros/humble /usr/bin/cmake --install /home/mls/vrx_ws/build/aquabot_example
[1.604s] Level 1:colcon.colcon_core.environment:checking '/home/mls/vrx_ws/install' for CMake module files
[1.605s] Level 1:colcon.colcon_core.environment:checking '/home/mls/vrx_ws/install' for CMake config files
[1.607s] Level 1:colcon.colcon_core.shell:create_environment_hook('aquabot_example', 'cmake_prefix_path')
[1.610s] INFO:colcon.colcon_core.shell:Creating environment hook '/home/mls/vrx_ws/install/share/aquabot_example/hook/cmake_prefix_path.ps1'
[1.612s] INFO:colcon.colcon_core.shell:Creating environment descriptor '/home/mls/vrx_ws/install/share/aquabot_example/hook/cmake_prefix_path.dsv'
[1.613s] INFO:colcon.colcon_core.shell:Creating environment hook '/home/mls/vrx_ws/install/share/aquabot_example/hook/cmake_prefix_path.sh'
[1.618s] Level 1:colcon.colcon_core.environment:checking '/home/mls/vrx_ws/install/lib'
[1.618s] Level 1:colcon.colcon_core.shell:create_environment_hook('aquabot_example', 'ld_library_path_lib')
[1.619s] INFO:colcon.colcon_core.shell:Creating environment hook '/home/mls/vrx_ws/install/share/aquabot_example/hook/ld_library_path_lib.ps1'
[1.621s] INFO:colcon.colcon_core.shell:Creating environment descriptor '/home/mls/vrx_ws/install/share/aquabot_example/hook/ld_library_path_lib.dsv'
[1.623s] INFO:colcon.colcon_core.shell:Creating environment hook '/home/mls/vrx_ws/install/share/aquabot_example/hook/ld_library_path_lib.sh'
[1.624s] Level 1:colcon.colcon_core.environment:checking '/home/mls/vrx_ws/install/bin'
[1.624s] Level 1:colcon.colcon_core.environment:checking '/home/mls/vrx_ws/install/lib/pkgconfig/aquabot_example.pc'
[1.625s] Level 1:colcon.colcon_core.environment:checking '/home/mls/vrx_ws/install/lib/python3.10/site-packages'
[1.626s] Level 1:colcon.colcon_core.environment:checking '/home/mls/vrx_ws/install/bin'
[1.627s] INFO:colcon.colcon_core.shell:Creating package script '/home/mls/vrx_ws/install/share/aquabot_example/package.ps1'
[1.630s] INFO:colcon.colcon_core.shell:Creating package descriptor '/home/mls/vrx_ws/install/share/aquabot_example/package.dsv'
[1.633s] INFO:colcon.colcon_core.shell:Creating package script '/home/mls/vrx_ws/install/share/aquabot_example/package.sh'
[1.636s] INFO:colcon.colcon_core.shell:Creating package script '/home/mls/vrx_ws/install/share/aquabot_example/package.bash'
[1.647s] INFO:colcon.colcon_core.shell:Creating package script '/home/mls/vrx_ws/install/share/aquabot_example/package.zsh'
[1.649s] Level 1:colcon.colcon_core.environment:create_file_with_runtime_dependencies(/home/mls/vrx_ws/install/share/colcon-core/packages/aquabot_example)
[1.663s] Level 1:colcon.colcon_core.environment:create_environment_scripts_only(vrx_ros)
[1.664s] Level 1:colcon.colcon_core.environment:checking '/home/mls/vrx_ws/install' for CMake module files
[1.668s] DEBUG:colcon.colcon_core.event_handler.log_command:Invoked command in '/home/mls/vrx_ws/build/vrx_ros' returned '0': CMAKE_PREFIX_PATH=/opt/ros/humble /usr/bin/cmake --install /home/mls/vrx_ws/build/vrx_ros
[1.669s] Level 1:colcon.colcon_core.environment:checking '/home/mls/vrx_ws/install' for CMake config files
[1.671s] Level 1:colcon.colcon_core.shell:create_environment_hook('vrx_ros', 'cmake_prefix_path')
[1.674s] INFO:colcon.colcon_core.shell:Creating environment hook '/home/mls/vrx_ws/install/share/vrx_ros/hook/cmake_prefix_path.ps1'
[1.678s] INFO:colcon.colcon_core.shell:Creating environment descriptor '/home/mls/vrx_ws/install/share/vrx_ros/hook/cmake_prefix_path.dsv'
[1.682s] INFO:colcon.colcon_core.shell:Creating environment hook '/home/mls/vrx_ws/install/share/vrx_ros/hook/cmake_prefix_path.sh'
[1.690s] Level 1:colcon.colcon_core.environment:checking '/home/mls/vrx_ws/install/lib'
[1.691s] Level 1:colcon.colcon_core.shell:create_environment_hook('vrx_ros', 'ld_library_path_lib')
[1.692s] INFO:colcon.colcon_core.shell:Creating environment hook '/home/mls/vrx_ws/install/share/vrx_ros/hook/ld_library_path_lib.ps1'
[1.693s] INFO:colcon.colcon_core.shell:Creating environment descriptor '/home/mls/vrx_ws/install/share/vrx_ros/hook/ld_library_path_lib.dsv'
[1.695s] INFO:colcon.colcon_core.shell:Creating environment hook '/home/mls/vrx_ws/install/share/vrx_ros/hook/ld_library_path_lib.sh'
[1.702s] Level 1:colcon.colcon_core.environment:checking '/home/mls/vrx_ws/install/bin'
[1.702s] Level 1:colcon.colcon_core.environment:checking '/home/mls/vrx_ws/install/lib/pkgconfig/vrx_ros.pc'
[1.703s] Level 1:colcon.colcon_core.environment:checking '/home/mls/vrx_ws/install/lib/python3.10/site-packages'
[1.703s] Level 1:colcon.colcon_core.environment:checking '/home/mls/vrx_ws/install/bin'
[1.708s] INFO:colcon.colcon_core.shell:Creating package script '/home/mls/vrx_ws/install/share/vrx_ros/package.ps1'
[1.710s] INFO:colcon.colcon_core.shell:Creating package descriptor '/home/mls/vrx_ws/install/share/vrx_ros/package.dsv'
[1.711s] INFO:colcon.colcon_core.shell:Creating package script '/home/mls/vrx_ws/install/share/vrx_ros/package.sh'
[1.713s] INFO:colcon.colcon_core.shell:Creating package script '/home/mls/vrx_ws/install/share/vrx_ros/package.bash'
[1.715s] INFO:colcon.colcon_core.shell:Creating package script '/home/mls/vrx_ws/install/share/vrx_ros/package.zsh'
[1.717s] Level 1:colcon.colcon_core.environment:create_file_with_runtime_dependencies(/home/mls/vrx_ws/install/share/colcon-core/packages/vrx_ros)
[1.772s] Level 1:colcon.colcon_core.environment:create_environment_scripts_only(aquabot_example)
[1.773s] Level 1:colcon.colcon_core.environment:checking '/home/mls/vrx_ws/install' for CMake module files
[1.774s] Level 1:colcon.colcon_core.environment:checking '/home/mls/vrx_ws/install' for CMake config files
[1.775s] Level 1:colcon.colcon_core.shell:create_environment_hook('aquabot_example', 'cmake_prefix_path')
[1.776s] INFO:colcon.colcon_core.shell:Creating environment hook '/home/mls/vrx_ws/install/share/aquabot_example/hook/cmake_prefix_path.ps1'
[1.777s] INFO:colcon.colcon_core.shell:Creating environment descriptor '/home/mls/vrx_ws/install/share/aquabot_example/hook/cmake_prefix_path.dsv'
[1.778s] INFO:colcon.colcon_core.shell:Creating environment hook '/home/mls/vrx_ws/install/share/aquabot_example/hook/cmake_prefix_path.sh'
[1.780s] Level 1:colcon.colcon_core.environment:checking '/home/mls/vrx_ws/install/lib'
[1.780s] Level 1:colcon.colcon_core.shell:create_environment_hook('aquabot_example', 'ld_library_path_lib')
[1.781s] INFO:colcon.colcon_core.shell:Creating environment hook '/home/mls/vrx_ws/install/share/aquabot_example/hook/ld_library_path_lib.ps1'
[1.782s] INFO:colcon.colcon_core.shell:Creating environment descriptor '/home/mls/vrx_ws/install/share/aquabot_example/hook/ld_library_path_lib.dsv'
[1.783s] INFO:colcon.colcon_core.shell:Creating environment hook '/home/mls/vrx_ws/install/share/aquabot_example/hook/ld_library_path_lib.sh'
[1.784s] Level 1:colcon.colcon_core.environment:checking '/home/mls/vrx_ws/install/bin'
[1.784s] Level 1:colcon.colcon_core.environment:checking '/home/mls/vrx_ws/install/lib/pkgconfig/aquabot_example.pc'
[1.785s] Level 1:colcon.colcon_core.environment:checking '/home/mls/vrx_ws/install/lib/python3.10/site-packages'
[1.785s] Level 1:colcon.colcon_core.environment:checking '/home/mls/vrx_ws/install/bin'
[1.787s] INFO:colcon.colcon_core.shell:Creating package script '/home/mls/vrx_ws/install/share/aquabot_example/package.ps1'
[1.789s] INFO:colcon.colcon_core.shell:Creating package descriptor '/home/mls/vrx_ws/install/share/aquabot_example/package.dsv'
[1.792s] INFO:colcon.colcon_core.shell:Creating package script '/home/mls/vrx_ws/install/share/aquabot_example/package.sh'
[1.795s] INFO:colcon.colcon_core.shell:Creating package script '/home/mls/vrx_ws/install/share/aquabot_example/package.bash'
[1.796s] INFO:colcon.colcon_core.shell:Creating package script '/home/mls/vrx_ws/install/share/aquabot_example/package.zsh'
[1.797s] Level 1:colcon.colcon_core.environment:create_file_with_runtime_dependencies(/home/mls/vrx_ws/install/share/colcon-core/packages/aquabot_example)
[1.844s] Level 1:colcon.colcon_core.environment:create_environment_scripts_only(vrx_ros)
[1.845s] Level 1:colcon.colcon_core.environment:checking '/home/mls/vrx_ws/install' for CMake module files
[1.846s] Level 1:colcon.colcon_core.environment:checking '/home/mls/vrx_ws/install' for CMake config files
[1.847s] Level 1:colcon.colcon_core.shell:create_environment_hook('vrx_ros', 'cmake_prefix_path')
[1.848s] INFO:colcon.colcon_core.shell:Creating environment hook '/home/mls/vrx_ws/install/share/vrx_ros/hook/cmake_prefix_path.ps1'
[1.849s] INFO:colcon.colcon_core.shell:Creating environment descriptor '/home/mls/vrx_ws/install/share/vrx_ros/hook/cmake_prefix_path.dsv'
[1.850s] INFO:colcon.colcon_core.shell:Creating environment hook '/home/mls/vrx_ws/install/share/vrx_ros/hook/cmake_prefix_path.sh'
[1.851s] Level 1:colcon.colcon_core.environment:checking '/home/mls/vrx_ws/install/lib'
[1.852s] Level 1:colcon.colcon_core.shell:create_environment_hook('vrx_ros', 'ld_library_path_lib')
[1.856s] INFO:colcon.colcon_core.shell:Creating environment hook '/home/mls/vrx_ws/install/share/vrx_ros/hook/ld_library_path_lib.ps1'
[1.858s] INFO:colcon.colcon_core.shell:Creating environment descriptor '/home/mls/vrx_ws/install/share/vrx_ros/hook/ld_library_path_lib.dsv'
[1.859s] INFO:colcon.colcon_core.shell:Creating environment hook '/home/mls/vrx_ws/install/share/vrx_ros/hook/ld_library_path_lib.sh'
[1.861s] Level 1:colcon.colcon_core.environment:checking '/home/mls/vrx_ws/install/bin'
[1.861s] Level 1:colcon.colcon_core.environment:checking '/home/mls/vrx_ws/install/lib/pkgconfig/vrx_ros.pc'
[1.862s] Level 1:colcon.colcon_core.environment:checking '/home/mls/vrx_ws/install/lib/python3.10/site-packages'
[1.863s] Level 1:colcon.colcon_core.environment:checking '/home/mls/vrx_ws/install/bin'
[1.864s] INFO:colcon.colcon_core.shell:Creating package script '/home/mls/vrx_ws/install/share/vrx_ros/package.ps1'
[1.865s] INFO:colcon.colcon_core.shell:Creating package descriptor '/home/mls/vrx_ws/install/share/vrx_ros/package.dsv'
[1.866s] INFO:colcon.colcon_core.shell:Creating package script '/home/mls/vrx_ws/install/share/vrx_ros/package.sh'
[1.868s] INFO:colcon.colcon_core.shell:Creating package script '/home/mls/vrx_ws/install/share/vrx_ros/package.bash'
[1.869s] INFO:colcon.colcon_core.shell:Creating package script '/home/mls/vrx_ws/install/share/vrx_ros/package.zsh'
[1.870s] Level 1:colcon.colcon_core.environment:create_file_with_runtime_dependencies(/home/mls/vrx_ws/install/share/colcon-core/packages/vrx_ros)
[1.871s] INFO:colcon.colcon_ros.task.ament_cmake.build:Building ROS package in '/home/mls/vrx_ws/src/vrx/vrx_gz' with build type 'ament_cmake'
[1.872s] INFO:colcon.colcon_cmake.task.cmake.build:Building CMake package in '/home/mls/vrx_ws/src/vrx/vrx_gz'
[1.873s] INFO:colcon.colcon_core.shell:Skip shell extension 'powershell' for command environment: Not usable outside of PowerShell
[1.874s] DEBUG:colcon.colcon_core.shell:Skip shell extension 'dsv' for command environment
[1.908s] DEBUG:colcon.colcon_core.event_handler.log_command:Invoking command in '/home/mls/vrx_ws/build/vrx_gz': AMENT_PREFIX_PATH=/home/mls/vrx_ws/install:${AMENT_PREFIX_PATH} CMAKE_PREFIX_PATH=/home/mls/vrx_ws/install:/opt/ros/humble LD_LIBRARY_PATH=/home/mls/vrx_ws/install/lib:${LD_LIBRARY_PATH} /usr/bin/cmake --build /home/mls/vrx_ws/build/vrx_gz -- -j8 -l8
[2.430s] DEBUG:colcon.colcon_core.event_handler.log_command:Invoked command in '/home/mls/vrx_ws/build/opencv_example' returned '0': CMAKE_PREFIX_PATH=/opt/ros/humble /usr/bin/cmake --build /home/mls/vrx_ws/build/opencv_example -- -j8 -l8
[2.610s] DEBUG:colcon.colcon_core.event_handler.log_command:Invoking command in '/home/mls/vrx_ws/build/opencv_example': CMAKE_PREFIX_PATH=/opt/ros/humble /usr/bin/cmake --install /home/mls/vrx_ws/build/opencv_example
[2.639s] DEBUG:colcon.colcon_core.event_handler.log_command:Invoked command in '/home/mls/vrx_ws/build/package_example' returned '0': CMAKE_PREFIX_PATH=/opt/ros/humble /usr/bin/cmake --build /home/mls/vrx_ws/build/package_example -- -j8 -l8
[2.770s] DEBUG:colcon.colcon_parallel_executor.executor.parallel:run_until_complete was interrupted
[2.772s] DEBUG:colcon.colcon_parallel_executor.executor.parallel:run_until_complete again
[3.036s] DEBUG:colcon.colcon_parallel_executor.executor.parallel:run_until_complete finished
[3.036s] DEBUG:colcon.colcon_parallel_executor.executor.parallel:closing loop
[3.036s] DEBUG:colcon.colcon_parallel_executor.executor.parallel:loop closed
[3.037s] DEBUG:colcon.colcon_core.event_reactor:joining thread
[3.050s] INFO:colcon.colcon_core.plugin_system:Skipping extension 'colcon_notification.desktop_notification.terminal_notifier': Not used on non-Darwin systems
[3.050s] INFO:colcon.colcon_core.plugin_system:Skipping extension 'colcon_notification.desktop_notification.win32': Not used on non-Windows systems
[3.050s] INFO:colcon.colcon_notification.desktop_notification:Sending desktop notification using 'notify2'
[3.072s] DEBUG:colcon.colcon_core.event_reactor:joined thread
[3.073s] INFO:colcon.colcon_core.shell:Creating prefix script '/home/mls/vrx_ws/install/local_setup.ps1'
[3.074s] INFO:colcon.colcon_core.shell:Creating prefix util module '/home/mls/vrx_ws/install/_local_setup_util_ps1.py'
[3.078s] INFO:colcon.colcon_core.shell:Creating prefix chain script '/home/mls/vrx_ws/install/setup.ps1'
[3.080s] INFO:colcon.colcon_core.shell:Creating prefix script '/home/mls/vrx_ws/install/local_setup.sh'
[3.082s] INFO:colcon.colcon_core.shell:Creating prefix util module '/home/mls/vrx_ws/install/_local_setup_util_sh.py'
[3.084s] INFO:colcon.colcon_core.shell:Creating prefix chain script '/home/mls/vrx_ws/install/setup.sh'
[3.086s] INFO:colcon.colcon_core.shell:Creating prefix script '/home/mls/vrx_ws/install/local_setup.bash'
[3.088s] INFO:colcon.colcon_core.shell:Creating prefix chain script '/home/mls/vrx_ws/install/setup.bash'
[3.091s] INFO:colcon.colcon_core.shell:Creating prefix script '/home/mls/vrx_ws/install/local_setup.zsh'
[3.092s] INFO:colcon.colcon_core.shell:Creating prefix chain script '/home/mls/vrx_ws/install/setup.zsh'
